[ 2018-01-09T15:03:32+08:00 ] 127.0.0.1 /Index/getCateList/cate/29/uid/0.html
INFO: [ app_init ] --START--
INFO: Run Behavior\BuildLiteBehavior [ RunTime:0.000016s ]
INFO: [ app_init ] --END-- [ RunTime:0.002124s ]
INFO: [ app_begin ] --START--
INFO: Run Behavior\ReadHtmlCacheBehavior [ RunTime:0.000995s ]
INFO: [ app_begin ] --END-- [ RunTime:0.001046s ]
SQL: SHOW COLUMNS FROM `ytt_user` [ RunTime:0.0912s ]
SQL: SELECT `dwxk_adsense_id` FROM `ytt_user` WHERE `id` = 0 LIMIT 1   [ RunTime:0.0874s ]
SQL: SELECT `ParentID` FROM `ytt_user` WHERE `id` = 0 LIMIT 1   [ RunTime:0.0870s ]
SQL: SHOW COLUMNS FROM `ytt_items` [ RunTime:0.0866s ]
SQL: SELECT COUNT(*) AS tp_count FROM `ytt_items` WHERE `pass` = 1 AND `cate_id` = 29 LIMIT 1   [ RunTime:0.1381s ]
SQL: SHOW COLUMNS FROM `ytt_items_cate` [ RunTime:0.0858s ]
SQL: SELECT `name` FROM `ytt_items_cate` WHERE `id` = 29 LIMIT 1   [ RunTime:0.0867s ]
INFO: [ view_parse ] --START--
INFO: [ template_filter ] --START--
INFO: Run Behavior\ContentReplaceBehavior [ RunTime:0.000256s ]
INFO: [ template_filter ] --END-- [ RunTime:0.000342s ]
INFO: Run Behavior\ParseTemplateBehavior [ RunTime:0.036412s ]
INFO: [ view_parse ] --END-- [ RunTime:0.036510s ]
INFO: [ view_filter ] --START--
INFO: Run Behavior\WriteHtmlCacheBehavior [ RunTime:0.001370s ]
INFO: [ view_filter ] --END-- [ RunTime:0.001435s ]

[ 2018-01-09T15:03:34+08:00 ] 127.0.0.1 /Index/getCateList/cate/29/uid/0.html
INFO: [ app_init ] --START--
INFO: Run Behavior\BuildLiteBehavior [ RunTime:0.000012s ]
INFO: [ app_init ] --END-- [ RunTime:0.000385s ]
INFO: [ app_begin ] --START--
INFO: Run Behavior\ReadHtmlCacheBehavior [ RunTime:0.000445s ]
INFO: [ app_begin ] --END-- [ RunTime:0.000493s ]
SQL: SHOW COLUMNS FROM `ytt_user` [ RunTime:0.0881s ]
SQL: SELECT `dwxk_adsense_id` FROM `ytt_user` WHERE `id` = 0 LIMIT 1   [ RunTime:0.1147s ]
SQL: SELECT `ParentID` FROM `ytt_user` WHERE `id` = 0 LIMIT 1   [ RunTime:0.0895s ]
SQL: SHOW COLUMNS FROM `ytt_items` [ RunTime:0.0967s ]
SQL: SELECT COUNT(*) AS tp_count FROM `ytt_items` WHERE `pass` = 1 AND `cate_id` = 29 LIMIT 1   [ RunTime:0.1196s ]
SQL: SHOW COLUMNS FROM `ytt_items_cate` [ RunTime:0.0888s ]
SQL: SELECT `name` FROM `ytt_items_cate` WHERE `id` = 29 LIMIT 1   [ RunTime:0.0868s ]
INFO: [ view_parse ] --START--
INFO: [ template_filter ] --START--
INFO: Run Behavior\ContentReplaceBehavior [ RunTime:0.000140s ]
INFO: [ template_filter ] --END-- [ RunTime:0.000187s ]
INFO: Run Behavior\ParseTemplateBehavior [ RunTime:0.013764s ]
INFO: [ view_parse ] --END-- [ RunTime:0.013814s ]
INFO: [ view_filter ] --START--
INFO: Run Behavior\WriteHtmlCacheBehavior [ RunTime:0.000481s ]
INFO: [ view_filter ] --END-- [ RunTime:0.000520s ]
INFO: [ app_end ] --START--
INFO: Run Behavior\ShowPageTraceBehavior [ RunTime:0.008046s ]
INFO: [ app_end ] --END-- [ RunTime:0.008110s ]

[ 2018-01-09T15:03:40+08:00 ] 127.0.0.1 /Item/index/id/1634744/uid/0/type/tdk.html
INFO: [ app_init ] --START--
INFO: Run Behavior\BuildLiteBehavior [ RunTime:0.000019s ]
INFO: [ app_init ] --END-- [ RunTime:0.000561s ]
INFO: [ app_begin ] --START--
INFO: Run Behavior\ReadHtmlCacheBehavior [ RunTime:0.000484s ]
INFO: [ app_begin ] --END-- [ RunTime:0.000533s ]
NOTIC: [2] Invalid argument supplied for foreach() D:\www\online_team\www.taodianke.com\Application\Common\Org\OpenSearch.class.php 第 92 行.
SQL: SHOW COLUMNS FROM `ytt_user` [ RunTime:0.0879s ]
SQL: SELECT * FROM `ytt_user` WHERE `id` = 0 LIMIT 1   [ RunTime:0.0935s ]
SQL: SHOW COLUMNS FROM `ytt_items` [ RunTime:0.0880s ]
SQL: SELECT * FROM `ytt_items` WHERE `num_iid` = '562755257348' LIMIT 1   [ RunTime:0.0946s ]
INFO: [ view_parse ] --START--
INFO: [ template_filter ] --START--
INFO: Run Behavior\ContentReplaceBehavior [ RunTime:0.000303s ]
INFO: [ template_filter ] --END-- [ RunTime:0.000425s ]
NOTIC: [8] Undefined index: intro D:\www\online_team\www.taodianke.com\Application\Runtime\Cache\Store\7618e5396c8bc57b2eb063680575ed40.php 第 34 行.
INFO: Run Behavior\ParseTemplateBehavior [ RunTime:0.029920s ]
INFO: [ view_parse ] --END-- [ RunTime:0.030064s ]
INFO: [ view_filter ] --START--
INFO: Run Behavior\WriteHtmlCacheBehavior [ RunTime:0.000723s ]
INFO: [ view_filter ] --END-- [ RunTime:0.000791s ]
INFO: [ app_end ] --START--
INFO: Run Behavior\ShowPageTraceBehavior [ RunTime:0.001305s ]
INFO: [ app_end ] --END-- [ RunTime:0.001395s ]

