[ 2018-01-18T14:24:59+08:00 ] 127.0.0.1 /Public/static/Touch/images/bind-mobile-header.png
INFO: [ app_init ] --START--
INFO: Run Behavior\BuildLiteBehavior [ RunTime:0.000022s ]
INFO: [ app_init ] --END-- [ RunTime:0.001027s ]
ERR: 无法加载模块:Public

[ 2018-01-18T14:25:00+08:00 ] 127.0.0.1 /Public/static/Touch/images/bind-mobile-header.png
INFO: [ app_init ] --START--
INFO: Run Behavior\BuildLiteBehavior [ RunTime:0.000018s ]
INFO: [ app_init ] --END-- [ RunTime:0.000752s ]
ERR: 无法加载模块:Public

[ 2018-01-18T14:25:01+08:00 ] 127.0.0.1 /Public/static/Touch/images/bind-mobile-header.png
INFO: [ app_init ] --START--
INFO: Run Behavior\BuildLiteBehavior [ RunTime:0.000020s ]
INFO: [ app_init ] --END-- [ RunTime:0.000777s ]
ERR: 无法加载模块:Public

[ 2018-01-18T14:25:20+08:00 ] 127.0.0.1 /Public/static/Touch/images/bind-mobile-header.png
INFO: [ app_init ] --START--
INFO: Run Behavior\BuildLiteBehavior [ RunTime:0.000019s ]
INFO: [ app_init ] --END-- [ RunTime:0.000783s ]
ERR: 无法加载模块:Public

[ 2018-01-18T14:25:39+08:00 ] 127.0.0.1 /Public/static/Touch/images/bind-mobile-header.png
INFO: [ app_init ] --START--
INFO: Run Behavior\BuildLiteBehavior [ RunTime:0.000012s ]
INFO: [ app_init ] --END-- [ RunTime:0.000498s ]
ERR: 无法加载模块:Public

[ 2018-01-18T14:25:41+08:00 ] 127.0.0.1 /Public/static/Touch/images/bind-mobile-header.png
INFO: [ app_init ] --START--
INFO: Run Behavior\BuildLiteBehavior [ RunTime:0.000021s ]
INFO: [ app_init ] --END-- [ RunTime:0.000813s ]
ERR: 无法加载模块:Public

