[ 2018-04-20T09:23:56+08:00 ] 127.0.0.1 /Item/detail/id/562670695960
INFO: [ app_init ] --START--
INFO: Run Behavior\BuildLiteBehavior [ RunTime:0.000018s ]
INFO: [ app_init ] --END-- [ RunTime:0.002908s ]
ERR: 无法加载模块:Item

[ 2018-04-20T09:24:24+08:00 ] 127.0.0.1 /%22https:////img.alicdn.com//imgextra//i2//1756933560//TB2Im7rhnnI8KJjSszgXXc8ApXa_!!1756933560.png/%22
INFO: [ app_init ] --START--
INFO: Run Behavior\BuildLiteBehavior [ RunTime:0.000019s ]
INFO: [ app_init ] --END-- [ RunTime:0.000743s ]
ERR: 无法加载模块:"https:

[ 2018-04-20T09:24:24+08:00 ] 127.0.0.1 /%22https:////img.alicdn.com//imgextra//i3//1756933560//TB2c1szhf2H8KJjy0FcXXaDlFXa_!!1756933560.png/%22
INFO: [ app_init ] --START--
INFO: Run Behavior\BuildLiteBehavior [ RunTime:0.000013s ]
INFO: [ app_init ] --END-- [ RunTime:0.000564s ]
ERR: 无法加载模块:"https:

[ 2018-04-20T09:24:24+08:00 ] 127.0.0.1 /%22https:////img.alicdn.com//imgextra//i3//1756933560//TB2SE7Dhm_I8KJjy0FoXXaFnVXa_!!1756933560.png/%22
INFO: [ app_init ] --START--
INFO: Run Behavior\BuildLiteBehavior [ RunTime:0.000015s ]
INFO: [ app_init ] --END-- [ RunTime:0.000948s ]
ERR: 无法加载模块:"https:

[ 2018-04-20T09:24:24+08:00 ] 127.0.0.1 /%22https:////img.alicdn.com//imgextra//i2//1756933560//TB2oZcubPgy_uJjSZR0XXaK5pXa_!!1756933560.png/%22
INFO: [ app_init ] --START--
INFO: Run Behavior\BuildLiteBehavior [ RunTime:0.000019s ]
INFO: [ app_init ] --END-- [ RunTime:0.000607s ]
ERR: 无法加载模块:"https:

[ 2018-04-20T09:24:24+08:00 ] 127.0.0.1 /%22https:////img.alicdn.com//imgextra//i4//1756933560//TB2hW3_hbYI8KJjy0FaXXbAiVXa_!!1756933560.png/%22
INFO: [ app_init ] --START--
INFO: Run Behavior\BuildLiteBehavior [ RunTime:0.000013s ]
INFO: [ app_init ] --END-- [ RunTime:0.000479s ]
ERR: 无法加载模块:"https:

[ 2018-04-20T09:24:24+08:00 ] 127.0.0.1 /%22https:////img.alicdn.com//imgextra//i4//1756933560//TB2rho2hfDH8KJjy1XcXXcpdXXa_!!1756933560.png/%22
INFO: [ app_init ] --START--
INFO: Run Behavior\BuildLiteBehavior [ RunTime:0.000015s ]
INFO: [ app_init ] --END-- [ RunTime:0.000664s ]
ERR: 无法加载模块:"https:

[ 2018-04-20T09:24:24+08:00 ] 127.0.0.1 /%22https:////img.alicdn.com//imgextra//i4//1756933560//TB2LSsAbQfb_uJkHFqDXXXVIVXa_!!1756933560.png/%22
INFO: [ app_init ] --START--
INFO: Run Behavior\BuildLiteBehavior [ RunTime:0.000012s ]
INFO: [ app_init ] --END-- [ RunTime:0.000483s ]
ERR: 无法加载模块:"https:

[ 2018-04-20T09:24:24+08:00 ] 127.0.0.1 /%22https:////img.alicdn.com//imgextra//i2//1756933560//TB2AAcjhhTI8KJjSspiXXbM4FXa_!!1756933560.png/%22
INFO: [ app_init ] --START--
INFO: Run Behavior\BuildLiteBehavior [ RunTime:0.000015s ]
INFO: [ app_init ] --END-- [ RunTime:0.000773s ]
ERR: 无法加载模块:"https:

[ 2018-04-20T09:24:24+08:00 ] 127.0.0.1 /%22https:////img.alicdn.com//imgextra//i1//1756933560//TB2TRIkbQfb_uJkSne1XXbE4XXa_!!1756933560.png/%22
INFO: [ app_init ] --START--
INFO: Run Behavior\BuildLiteBehavior [ RunTime:0.000014s ]
INFO: [ app_init ] --END-- [ RunTime:0.000530s ]
ERR: 无法加载模块:"https:

[ 2018-04-20T09:24:24+08:00 ] 127.0.0.1 /%22https:////img.alicdn.com//imgextra//i1//1756933560//TB2H.gWhhPI8KJjSspoXXX6MFXa_!!1756933560.png/%22
INFO: [ app_init ] --START--
INFO: Run Behavior\BuildLiteBehavior [ RunTime:0.000013s ]
INFO: [ app_init ] --END-- [ RunTime:0.000574s ]
ERR: 无法加载模块:"https:

[ 2018-04-20T09:24:24+08:00 ] 127.0.0.1 /%22https:////img.alicdn.com//imgextra//i3//1756933560//TB2txwhhmYH8KJjSspdXXcRgVXa_!!1756933560.png/%22
INFO: [ app_init ] --START--
INFO: Run Behavior\BuildLiteBehavior [ RunTime:0.000013s ]
INFO: [ app_init ] --END-- [ RunTime:0.000516s ]
ERR: 无法加载模块:"https:

[ 2018-04-20T09:24:24+08:00 ] 127.0.0.1 /%22https:////img.alicdn.com//imgextra//i2//1756933560//TB2rUEubQfb_uJkHFJHXXb4vFXa_!!1756933560.png/%22
INFO: [ app_init ] --START--
INFO: Run Behavior\BuildLiteBehavior [ RunTime:0.000021s ]
INFO: [ app_init ] --END-- [ RunTime:0.001007s ]
ERR: 无法加载模块:"https:

[ 2018-04-20T09:24:24+08:00 ] 127.0.0.1 /%22https:////img.alicdn.com//imgextra//i3//1756933560//TB2SogOhcnI8KJjSsziXXb8QpXa_!!1756933560.png/%22
INFO: [ app_init ] --START--
INFO: Run Behavior\BuildLiteBehavior [ RunTime:0.000013s ]
INFO: [ app_init ] --END-- [ RunTime:0.000488s ]
ERR: 无法加载模块:"https:

[ 2018-04-20T14:53:48+08:00 ] 127.0.0.1 /Index/getAdvert
INFO: [ app_init ] --START--
INFO: Run Behavior\BuildLiteBehavior [ RunTime:0.000020s ]
INFO: [ app_init ] --END-- [ RunTime:0.002595s ]
ERR: 无法加载模块:Index

[ 2018-04-20T14:54:00+08:00 ] 127.0.0.1 /AppApiIndex/getAdvert
INFO: [ app_init ] --START--
INFO: Run Behavior\BuildLiteBehavior [ RunTime:0.000017s ]
INFO: [ app_init ] --END-- [ RunTime:0.000573s ]
ERR: 无法加载模块:AppApiIndex

