[ 2017-12-23T16:34:44+08:00 ] 127.0.0.1 /
INFO: [ app_init ] --START--
INFO: Run Behavior\BuildLiteBehavior [ RunTime:0.000019s ]
INFO: [ app_init ] --END-- [ RunTime:0.002669s ]
INFO: [ app_begin ] --START--
INFO: Run Behavior\ReadHtmlCacheBehavior [ RunTime:0.001115s ]
INFO: [ app_begin ] --END-- [ RunTime:0.001191s ]
SQL: SHOW COLUMNS FROM `ytt_user` [ RunTime:0.0983s ]
SQL: SELECT `dwxk_adsense_id` FROM `ytt_user` WHERE `id` = 0 LIMIT 1   [ RunTime:0.0894s ]
SQL: SELECT `ParentID` FROM `ytt_user` WHERE `id` = 0 LIMIT 1   [ RunTime:0.0894s ]
SQL: SHOW COLUMNS FROM `ytt_items_cate` [ RunTime:0.0898s ]
SQL: SELECT id as cate_id,`name`,cateimg as img FROM `ytt_items_cate` WHERE `status` = 1 AND `pid` = 18 ORDER BY ordid asc,id desc  [ RunTime:0.0900s ]
SQL: SHOW COLUMNS FROM `ytt_items` [ RunTime:0.0914s ]
SQL: SELECT COUNT(*) AS tp_count FROM `ytt_items` LIMIT 1   [ RunTime:0.1073s ]
INFO: [ view_parse ] --START--
INFO: [ template_filter ] --START--
INFO: Run Behavior\ContentReplaceBehavior [ RunTime:0.002047s ]
INFO: [ template_filter ] --END-- [ RunTime:0.002120s ]
INFO: Run Behavior\ParseTemplateBehavior [ RunTime:0.061852s ]
INFO: [ view_parse ] --END-- [ RunTime:0.061972s ]
INFO: [ view_filter ] --START--
INFO: Run Behavior\WriteHtmlCacheBehavior [ RunTime:0.001433s ]
INFO: [ view_filter ] --END-- [ RunTime:0.001475s ]
INFO: [ app_end ] --START--
INFO: Run Behavior\ShowPageTraceBehavior [ RunTime:0.001220s ]
INFO: [ app_end ] --END-- [ RunTime:0.001262s ]

[ 2017-12-23T16:35:05+08:00 ] 127.0.0.1 /
INFO: [ app_init ] --START--
INFO: Run Behavior\BuildLiteBehavior [ RunTime:0.000022s ]
INFO: [ app_init ] --END-- [ RunTime:0.000922s ]
INFO: [ app_begin ] --START--
INFO: Run Behavior\ReadHtmlCacheBehavior [ RunTime:0.000466s ]
INFO: [ app_begin ] --END-- [ RunTime:0.000519s ]

[ 2017-12-23T16:35:22+08:00 ] 127.0.0.1 /
INFO: [ app_init ] --START--
INFO: Run Behavior\BuildLiteBehavior [ RunTime:0.000020s ]
INFO: [ app_init ] --END-- [ RunTime:0.000830s ]
INFO: [ app_begin ] --START--
INFO: Run Behavior\ReadHtmlCacheBehavior [ RunTime:0.000820s ]
INFO: [ app_begin ] --END-- [ RunTime:0.000909s ]

[ 2017-12-23T16:35:23+08:00 ] 127.0.0.1 /
INFO: [ app_init ] --START--
INFO: Run Behavior\BuildLiteBehavior [ RunTime:0.000013s ]
INFO: [ app_init ] --END-- [ RunTime:0.000482s ]
INFO: [ app_begin ] --START--
INFO: Run Behavior\ReadHtmlCacheBehavior [ RunTime:0.000638s ]
INFO: [ app_begin ] --END-- [ RunTime:0.000687s ]

[ 2017-12-23T16:35:24+08:00 ] 127.0.0.1 /
INFO: [ app_init ] --START--
INFO: Run Behavior\BuildLiteBehavior [ RunTime:0.000013s ]
INFO: [ app_init ] --END-- [ RunTime:0.000471s ]
INFO: [ app_begin ] --START--
INFO: Run Behavior\ReadHtmlCacheBehavior [ RunTime:0.000572s ]
INFO: [ app_begin ] --END-- [ RunTime:0.000630s ]

