[ 2018-04-28T15:05:17+08:00 ] 127.0.0.1 /Touch
INFO: [ app_init ] --START--
INFO: Run Behavior\BuildLiteBehavior [ RunTime:0.000014s ]
INFO: [ app_init ] --END-- [ RunTime:0.000692s ]
INFO: [ app_begin ] --START--
INFO: Run Behavior\ReadHtmlCacheBehavior [ RunTime:0.000793s ]
INFO: [ app_begin ] --END-- [ RunTime:0.000848s ]
SQL: SHOW COLUMNS FROM `ytt_user` [ RunTime:0.0967s ]
SQL: SELECT `dwxk_adsense_id` FROM `ytt_user` WHERE `id` = 0 LIMIT 1   [ RunTime:0.0892s ]
SQL: SELECT `ParentID` FROM `ytt_user` WHERE `id` = 0 LIMIT 1   [ RunTime:0.0938s ]
SQL: SHOW COLUMNS FROM `ytt_items_cate` [ RunTime:0.0913s ]
SQL: SELECT id as cate_id,`name`,cateimg as img FROM `ytt_items_cate` WHERE `status` = 1 AND `pid` = 18 ORDER BY ordid asc,id desc  [ RunTime:0.0926s ]
SQL: SHOW COLUMNS FROM `ytt_items` [ RunTime:0.0926s ]
SQL: SELECT COUNT(*) AS tp_count FROM `ytt_items` LIMIT 1   [ RunTime:0.1002s ]
INFO: [ view_parse ] --START--
INFO: [ template_filter ] --START--
INFO: Run Behavior\ContentReplaceBehavior [ RunTime:0.000410s ]
INFO: [ template_filter ] --END-- [ RunTime:0.000526s ]
INFO: Run Behavior\ParseTemplateBehavior [ RunTime:0.053557s ]
INFO: [ view_parse ] --END-- [ RunTime:0.053653s ]
INFO: [ view_filter ] --START--
INFO: Run Behavior\WriteHtmlCacheBehavior [ RunTime:0.001146s ]
INFO: [ view_filter ] --END-- [ RunTime:0.001214s ]
INFO: [ app_end ] --START--
INFO: Run Behavior\ShowPageTraceBehavior [ RunTime:0.001449s ]
INFO: [ app_end ] --END-- [ RunTime:0.001527s ]

[ 2018-04-28T15:05:19+08:00 ] 127.0.0.1 /Touch/Item/index/id/170444/uid/0/type/tdk.html
INFO: [ app_init ] --START--
INFO: Run Behavior\BuildLiteBehavior [ RunTime:0.000013s ]
INFO: [ app_init ] --END-- [ RunTime:0.000590s ]
INFO: [ app_begin ] --START--
INFO: Run Behavior\ReadHtmlCacheBehavior [ RunTime:0.001202s ]
INFO: [ app_begin ] --END-- [ RunTime:0.001277s ]
SQL: SHOW COLUMNS FROM `ytt_items` [ RunTime:0.0866s ]
SQL: SELECT * FROM `ytt_items` WHERE `id` = 170444 LIMIT 1   [ RunTime:0.0863s ]
INFO: [ view_parse ] --START--
INFO: [ template_filter ] --START--
INFO: Run Behavior\ContentReplaceBehavior [ RunTime:0.000125s ]
INFO: [ template_filter ] --END-- [ RunTime:0.000285s ]
INFO: Run Behavior\ParseTemplateBehavior [ RunTime:0.029903s ]
INFO: [ view_parse ] --END-- [ RunTime:0.030086s ]
INFO: [ view_filter ] --START--
INFO: Run Behavior\WriteHtmlCacheBehavior [ RunTime:0.002227s ]
INFO: [ view_filter ] --END-- [ RunTime:0.002359s ]

[ 2018-04-28T15:05:24+08:00 ] 127.0.0.1 /Touch/Index/index/uid/0.html
INFO: [ app_init ] --START--
INFO: Run Behavior\BuildLiteBehavior [ RunTime:0.000015s ]
INFO: [ app_init ] --END-- [ RunTime:0.000611s ]
INFO: [ app_begin ] --START--
INFO: Run Behavior\ReadHtmlCacheBehavior [ RunTime:0.000819s ]
INFO: [ app_begin ] --END-- [ RunTime:0.000870s ]
SQL: SHOW COLUMNS FROM `ytt_user` [ RunTime:0.1637s ]
SQL: SELECT `dwxk_adsense_id` FROM `ytt_user` WHERE `id` = 0 LIMIT 1   [ RunTime:0.0942s ]
SQL: SELECT `ParentID` FROM `ytt_user` WHERE `id` = 0 LIMIT 1   [ RunTime:0.0898s ]
SQL: SHOW COLUMNS FROM `ytt_items` [ RunTime:0.0947s ]
SQL: SELECT COUNT(*) AS tp_count FROM `ytt_items` LIMIT 1   [ RunTime:0.1014s ]
INFO: [ view_parse ] --START--
INFO: [ template_filter ] --START--
INFO: Run Behavior\ContentReplaceBehavior [ RunTime:0.000382s ]
INFO: [ template_filter ] --END-- [ RunTime:0.000481s ]
INFO: Run Behavior\ParseTemplateBehavior [ RunTime:0.040208s ]
INFO: [ view_parse ] --END-- [ RunTime:0.040332s ]
INFO: [ view_filter ] --START--
INFO: Run Behavior\WriteHtmlCacheBehavior [ RunTime:0.001355s ]
INFO: [ view_filter ] --END-- [ RunTime:0.001441s ]
INFO: [ app_end ] --START--
INFO: Run Behavior\ShowPageTraceBehavior [ RunTime:0.002309s ]
INFO: [ app_end ] --END-- [ RunTime:0.002421s ]

[ 2018-04-28T15:06:04+08:00 ] 127.0.0.1 /Touch/item/index/num_iid/527556734900/uid/1235/kou_ling/%EF%BF%A5jcz10HRuJoV%EF%BF%A5/type/tdk.html
INFO: [ app_init ] --START--
INFO: Run Behavior\BuildLiteBehavior [ RunTime:0.000028s ]
INFO: [ app_init ] --END-- [ RunTime:0.001029s ]
INFO: [ app_begin ] --START--
INFO: Run Behavior\ReadHtmlCacheBehavior [ RunTime:0.000823s ]
INFO: [ app_begin ] --END-- [ RunTime:0.000877s ]
NOTIC: [2] Invalid argument supplied for foreach() D:\www\online_team\www.taodianke.com\Application\Common\Org\OpenSearch.class.php 第 92 行.
SQL: SHOW COLUMNS FROM `ytt_user` [ RunTime:0.0857s ]
SQL: SELECT * FROM `ytt_user` WHERE `id` = 1235 LIMIT 1   [ RunTime:0.0860s ]
SQL: SHOW COLUMNS FROM `ytt_items` [ RunTime:0.0867s ]
SQL: SELECT * FROM `ytt_items` WHERE `num_iid` = '527556734900' LIMIT 1   [ RunTime:0.0881s ]
INFO: [ view_parse ] --START--
INFO: [ template_filter ] --START--
INFO: Run Behavior\ContentReplaceBehavior [ RunTime:0.000083s ]
INFO: [ template_filter ] --END-- [ RunTime:0.000172s ]
NOTIC: [8] Undefined variable: version D:\www\online_team\www.taodianke.com\Application\Runtime\Cache\Touch\c8aaf2a735fb5128656bdf27aa130afe.php 第 6 行.
NOTIC: [8] Undefined variable: version D:\www\online_team\www.taodianke.com\Application\Runtime\Cache\Touch\c8aaf2a735fb5128656bdf27aa130afe.php 第 7 行.
NOTIC: [8] Undefined variable: version D:\www\online_team\www.taodianke.com\Application\Runtime\Cache\Touch\c8aaf2a735fb5128656bdf27aa130afe.php 第 8 行.
NOTIC: [8] Undefined variable: version D:\www\online_team\www.taodianke.com\Application\Runtime\Cache\Touch\c8aaf2a735fb5128656bdf27aa130afe.php 第 9 行.
NOTIC: [8] Undefined variable: version D:\www\online_team\www.taodianke.com\Application\Runtime\Cache\Touch\c8aaf2a735fb5128656bdf27aa130afe.php 第 10 行.
NOTIC: [8] Undefined variable: version D:\www\online_team\www.taodianke.com\Application\Runtime\Cache\Touch\c8aaf2a735fb5128656bdf27aa130afe.php 第 11 行.
INFO: Run Behavior\ParseTemplateBehavior [ RunTime:0.008659s ]
INFO: [ view_parse ] --END-- [ RunTime:0.008714s ]
INFO: [ view_filter ] --START--
INFO: Run Behavior\WriteHtmlCacheBehavior [ RunTime:0.000522s ]
INFO: [ view_filter ] --END-- [ RunTime:0.000557s ]

[ 2018-04-28T15:06:51+08:00 ] 127.0.0.1 /Touch/item/index/num_iid/527556734900/uid/1235/kou_ling/%EF%BF%A5jcz10HRuJoV%EF%BF%A5/type/tdk.html
INFO: [ app_init ] --START--
INFO: Run Behavior\BuildLiteBehavior [ RunTime:0.000024s ]
INFO: [ app_init ] --END-- [ RunTime:0.000824s ]
INFO: [ app_begin ] --START--
INFO: Run Behavior\ReadHtmlCacheBehavior [ RunTime:0.000943s ]
INFO: [ app_begin ] --END-- [ RunTime:0.001008s ]
NOTIC: [2] Invalid argument supplied for foreach() D:\www\online_team\www.taodianke.com\Application\Common\Org\OpenSearch.class.php 第 92 行.

[ 2018-04-28T15:07:35+08:00 ] 127.0.0.1 /Touch/item/index/num_iid/527556734900/uid/1235/kou_ling/%EF%BF%A5jcz10HRuJoV%EF%BF%A5/type/tdk.html
INFO: [ app_init ] --START--
INFO: Run Behavior\BuildLiteBehavior [ RunTime:0.000020s ]
INFO: [ app_init ] --END-- [ RunTime:0.000629s ]
INFO: [ app_begin ] --START--
INFO: Run Behavior\ReadHtmlCacheBehavior [ RunTime:0.000866s ]
INFO: [ app_begin ] --END-- [ RunTime:0.000928s ]
NOTIC: [2] Invalid argument supplied for foreach() D:\www\online_team\www.taodianke.com\Application\Common\Org\OpenSearch.class.php 第 92 行.
SQL: SHOW COLUMNS FROM `ytt_user` [ RunTime:0.0875s ]
SQL: SELECT * FROM `ytt_user` WHERE `id` = 1235 LIMIT 1   [ RunTime:0.0929s ]
SQL: SHOW COLUMNS FROM `ytt_items` [ RunTime:0.0866s ]
SQL: SELECT * FROM `ytt_items` WHERE `num_iid` = '527556734900' LIMIT 1   [ RunTime:0.0892s ]

[ 2018-04-28T15:09:04+08:00 ] 127.0.0.1 /Touch/item/index/num_iid/527556734900/uid/1235/kou_ling/%EF%BF%A5jcz10HRuJoV%EF%BF%A5/type/tdk.html
INFO: [ app_init ] --START--
INFO: Run Behavior\BuildLiteBehavior [ RunTime:0.000017s ]
INFO: [ app_init ] --END-- [ RunTime:0.000797s ]
INFO: [ app_begin ] --START--
INFO: Run Behavior\ReadHtmlCacheBehavior [ RunTime:0.000849s ]
INFO: [ app_begin ] --END-- [ RunTime:0.000902s ]
NOTIC: [2] Invalid argument supplied for foreach() D:\www\online_team\www.taodianke.com\Application\Common\Org\OpenSearch.class.php 第 92 行.
SQL: SHOW COLUMNS FROM `ytt_user` [ RunTime:0.0951s ]
SQL: SELECT * FROM `ytt_user` WHERE `id` = 1235 LIMIT 1   [ RunTime:0.0951s ]
NOTIC: [2] Invalid argument supplied for foreach() D:\www\online_team\www.taodianke.com\Application\Common\Org\OpenSearch.class.php 第 92 行.
NOTIC: [8] Undefined index: last_query_dataoke_time D:\www\online_team\www.taodianke.com\Application\Touch\Controller\ItemController.class.php 第 157 行.
SQL: SHOW COLUMNS FROM `ytt_items` [ RunTime:0.0946s ]
SQL: SELECT `coupon_type` FROM `ytt_items` WHERE `dataoke_id` = 7876175 LIMIT 1   [ RunTime:0.0958s ]
SQL: UPDATE `ytt_items` SET `coupon_rate`='0',`coupon_price`='29',`quan`='20.00',`price`='49.00',`commission`='8.7',`commission_rate`='3000',`last_query_dataoke_time`='1524899343' WHERE `dataoke_id` = 7876175 [ RunTime:0.1300s ]
INFO: [ view_parse ] --START--
INFO: [ template_filter ] --START--
INFO: Run Behavior\ContentReplaceBehavior [ RunTime:0.000425s ]
INFO: [ template_filter ] --END-- [ RunTime:0.000624s ]
INFO: Run Behavior\ParseTemplateBehavior [ RunTime:0.038699s ]
INFO: [ view_parse ] --END-- [ RunTime:0.038846s ]
INFO: [ view_filter ] --START--
INFO: Run Behavior\WriteHtmlCacheBehavior [ RunTime:0.001147s ]
INFO: [ view_filter ] --END-- [ RunTime:0.001213s ]
INFO: [ app_end ] --START--
INFO: Run Behavior\ShowPageTraceBehavior [ RunTime:0.002428s ]
INFO: [ app_end ] --END-- [ RunTime:0.002532s ]

[ 2018-04-28T15:11:14+08:00 ] 127.0.0.1 /Touch/Item/index/id/170444/uid/0/type/tdk.html
INFO: [ app_init ] --START--
INFO: Run Behavior\BuildLiteBehavior [ RunTime:0.000014s ]
INFO: [ app_init ] --END-- [ RunTime:0.000726s ]
INFO: [ app_begin ] --START--
INFO: Run Behavior\ReadHtmlCacheBehavior [ RunTime:0.000711s ]
INFO: [ app_begin ] --END-- [ RunTime:0.000771s ]
NOTIC: [2] Invalid argument supplied for foreach() D:\www\online_team\www.taodianke.com\Application\Common\Org\OpenSearch.class.php 第 92 行.
SQL: SHOW COLUMNS FROM `ytt_user` [ RunTime:0.0861s ]
SQL: SELECT * FROM `ytt_user` WHERE `id` = 0 LIMIT 1   [ RunTime:0.0900s ]
NOTIC: [2] Invalid argument supplied for foreach() D:\www\online_team\www.taodianke.com\Application\Common\Org\OpenSearch.class.php 第 92 行.
NOTIC: [8] Undefined index: last_query_dataoke_time D:\www\online_team\www.taodianke.com\Application\Touch\Controller\ItemController.class.php 第 168 行.
SQL: SHOW COLUMNS FROM `ytt_items` [ RunTime:0.0919s ]
SQL: SELECT `coupon_type` FROM `ytt_items` WHERE `dataoke_id` = 7876175 LIMIT 1   [ RunTime:0.0848s ]
SQL: UPDATE `ytt_items` SET `coupon_rate`='0',`coupon_price`='29',`quan`='20.00',`price`='49.00',`commission`='8.7',`commission_rate`='3000',`last_query_dataoke_time`='1524899473' WHERE `dataoke_id` = 7876175 [ RunTime:0.0853s ]
INFO: [ view_parse ] --START--
INFO: [ template_filter ] --START--
INFO: Run Behavior\ContentReplaceBehavior [ RunTime:0.000265s ]
INFO: [ template_filter ] --END-- [ RunTime:0.000392s ]
INFO: Run Behavior\ParseTemplateBehavior [ RunTime:0.037647s ]
INFO: [ view_parse ] --END-- [ RunTime:0.037777s ]
INFO: [ view_filter ] --START--
INFO: Run Behavior\WriteHtmlCacheBehavior [ RunTime:0.001064s ]
INFO: [ view_filter ] --END-- [ RunTime:0.001130s ]
INFO: [ app_end ] --START--
INFO: Run Behavior\ShowPageTraceBehavior [ RunTime:0.001475s ]
INFO: [ app_end ] --END-- [ RunTime:0.001547s ]

