[ 2018-01-06T15:40:42+08:00 ] 127.0.0.1 /
INFO: [ app_init ] --START--
INFO: Run Behavior\BuildLiteBehavior [ RunTime:0.000012s ]
INFO: [ app_init ] --END-- [ RunTime:0.000536s ]
INFO: [ app_begin ] --START--
INFO: Run Behavior\ReadHtmlCacheBehavior [ RunTime:0.000849s ]
INFO: [ app_begin ] --END-- [ RunTime:0.000951s ]
SQL: SHOW COLUMNS FROM `ytt_user` [ RunTime:0.0865s ]
SQL: SELECT `dwxk_adsense_id` FROM `ytt_user` WHERE `id` = 0 LIMIT 1   [ RunTime:0.0854s ]
SQL: SELECT `ParentID` FROM `ytt_user` WHERE `id` = 0 LIMIT 1   [ RunTime:0.1444s ]
SQL: SHOW COLUMNS FROM `ytt_items` [ RunTime:0.0863s ]
SQL: SELECT COUNT(*) AS tp_count FROM `ytt_items` LIMIT 1   [ RunTime:0.1164s ]
INFO: [ view_parse ] --START--
INFO: [ template_filter ] --START--
INFO: Run Behavior\ContentReplaceBehavior [ RunTime:0.000346s ]
INFO: [ template_filter ] --END-- [ RunTime:0.000451s ]
INFO: Run Behavior\ParseTemplateBehavior [ RunTime:0.030284s ]
INFO: [ view_parse ] --END-- [ RunTime:0.030376s ]
INFO: [ view_filter ] --START--
INFO: Run Behavior\WriteHtmlCacheBehavior [ RunTime:0.000623s ]
INFO: [ view_filter ] --END-- [ RunTime:0.000672s ]
INFO: [ app_end ] --START--
INFO: Run Behavior\ShowPageTraceBehavior [ RunTime:0.000617s ]
INFO: [ app_end ] --END-- [ RunTime:0.000657s ]

[ 2018-01-06T15:40:49+08:00 ] 127.0.0.1 /
INFO: [ app_init ] --START--
INFO: Run Behavior\BuildLiteBehavior [ RunTime:0.000018s ]
INFO: [ app_init ] --END-- [ RunTime:0.000733s ]
INFO: [ app_begin ] --START--
INFO: Run Behavior\ReadHtmlCacheBehavior [ RunTime:0.000842s ]
INFO: [ app_begin ] --END-- [ RunTime:0.000931s ]
SQL: SHOW COLUMNS FROM `ytt_user` [ RunTime:0.0867s ]
SQL: SELECT `dwxk_adsense_id` FROM `ytt_user` WHERE `id` = 0 LIMIT 1   [ RunTime:0.0861s ]
SQL: SELECT `ParentID` FROM `ytt_user` WHERE `id` = 0 LIMIT 1   [ RunTime:0.0858s ]
SQL: SHOW COLUMNS FROM `ytt_items` [ RunTime:0.0872s ]
SQL: SELECT COUNT(*) AS tp_count FROM `ytt_items` LIMIT 1   [ RunTime:0.1032s ]
INFO: [ view_parse ] --START--
INFO: [ template_filter ] --START--
INFO: Run Behavior\ContentReplaceBehavior [ RunTime:0.000191s ]
INFO: [ template_filter ] --END-- [ RunTime:0.000242s ]
INFO: Run Behavior\ParseTemplateBehavior [ RunTime:0.013993s ]
INFO: [ view_parse ] --END-- [ RunTime:0.014058s ]
INFO: [ view_filter ] --START--
INFO: Run Behavior\WriteHtmlCacheBehavior [ RunTime:0.000439s ]
INFO: [ view_filter ] --END-- [ RunTime:0.000482s ]
INFO: [ app_end ] --START--
INFO: Run Behavior\ShowPageTraceBehavior [ RunTime:0.001084s ]
INFO: [ app_end ] --END-- [ RunTime:0.001262s ]

