[ 2017-12-24T11:46:58+08:00 ] 127.0.0.1 /Admin/index/test
INFO: [ app_init ] --START--
INFO: Run Behavior\BuildLiteBehavior [ RunTime:0.000017s ]
INFO: [ app_init ] --END-- [ RunTime:0.002314s ]
INFO: [ app_begin ] --START--
INFO: Run Behavior\ReadHtmlCacheBehavior [ RunTime:0.000731s ]
INFO: [ app_begin ] --END-- [ RunTime:0.000779s ]
NOTIC: [2048] Declaration of Admin\Controller\CommonController::_arraySort() should be compatible with Common\Controller\CommonBaseController::_arraySort($arr, $keys, $type = 'asc') D:\www\online_team\www.taodianke.com\Application\Admin\Controller\CommonController.class.php 第 10 行.

[ 2017-12-24T11:47:20+08:00 ] 127.0.0.1 /Admin/index/test
INFO: [ app_init ] --START--
INFO: Run Behavior\BuildLiteBehavior [ RunTime:0.000015s ]
INFO: [ app_init ] --END-- [ RunTime:0.000456s ]
INFO: [ app_begin ] --START--
INFO: Run Behavior\ReadHtmlCacheBehavior [ RunTime:0.000572s ]
INFO: [ app_begin ] --END-- [ RunTime:0.000646s ]
NOTIC: [2048] Declaration of Admin\Controller\CommonController::_arraySort() should be compatible with Common\Controller\CommonBaseController::_arraySort($arr, $keys, $type = 'asc') D:\www\online_team\www.taodianke.com\Application\Admin\Controller\CommonController.class.php 第 10 行.

[ 2017-12-24T11:47:21+08:00 ] 127.0.0.1 /Admin/index/test
INFO: [ app_init ] --START--
INFO: Run Behavior\BuildLiteBehavior [ RunTime:0.000013s ]
INFO: [ app_init ] --END-- [ RunTime:0.000351s ]
INFO: [ app_begin ] --START--
INFO: Run Behavior\ReadHtmlCacheBehavior [ RunTime:0.000432s ]
INFO: [ app_begin ] --END-- [ RunTime:0.000495s ]
NOTIC: [2048] Declaration of Admin\Controller\CommonController::_arraySort() should be compatible with Common\Controller\CommonBaseController::_arraySort($arr, $keys, $type = 'asc') D:\www\online_team\www.taodianke.com\Application\Admin\Controller\CommonController.class.php 第 10 行.

[ 2017-12-24T11:47:22+08:00 ] 127.0.0.1 /Admin/index/test
INFO: [ app_init ] --START--
INFO: Run Behavior\BuildLiteBehavior [ RunTime:0.000010s ]
INFO: [ app_init ] --END-- [ RunTime:0.000238s ]
INFO: [ app_begin ] --START--
INFO: Run Behavior\ReadHtmlCacheBehavior [ RunTime:0.000419s ]
INFO: [ app_begin ] --END-- [ RunTime:0.000483s ]
NOTIC: [2048] Declaration of Admin\Controller\CommonController::_arraySort() should be compatible with Common\Controller\CommonBaseController::_arraySort($arr, $keys, $type = 'asc') D:\www\online_team\www.taodianke.com\Application\Admin\Controller\CommonController.class.php 第 10 行.

[ 2017-12-24T11:47:54+08:00 ] 127.0.0.1 /Admin/index/test
INFO: [ app_init ] --START--
INFO: Run Behavior\BuildLiteBehavior [ RunTime:0.000022s ]
INFO: [ app_init ] --END-- [ RunTime:0.000542s ]
INFO: [ app_begin ] --START--
INFO: Run Behavior\ReadHtmlCacheBehavior [ RunTime:0.000744s ]
INFO: [ app_begin ] --END-- [ RunTime:0.000856s ]
NOTIC: [2048] Declaration of Admin\Controller\CommonController::_arraySort() should be compatible with Common\Controller\CommonBaseController::_arraySort($arr, $keys, $type = 'asc') D:\www\online_team\www.taodianke.com\Application\Admin\Controller\CommonController.class.php 第 10 行.
INFO: [ app_end ] --START--
INFO: Run Behavior\ShowPageTraceBehavior [ RunTime:0.001014s ]
INFO: [ app_end ] --END-- [ RunTime:0.001073s ]

[ 2017-12-24T11:47:55+08:00 ] 127.0.0.1 /Admin/index/test
INFO: [ app_init ] --START--
INFO: Run Behavior\BuildLiteBehavior [ RunTime:0.000019s ]
INFO: [ app_init ] --END-- [ RunTime:0.000358s ]
INFO: [ app_begin ] --START--
INFO: Run Behavior\ReadHtmlCacheBehavior [ RunTime:0.000446s ]
INFO: [ app_begin ] --END-- [ RunTime:0.000500s ]
NOTIC: [2048] Declaration of Admin\Controller\CommonController::_arraySort() should be compatible with Common\Controller\CommonBaseController::_arraySort($arr, $keys, $type = 'asc') D:\www\online_team\www.taodianke.com\Application\Admin\Controller\CommonController.class.php 第 10 行.
INFO: [ app_end ] --START--
INFO: Run Behavior\ShowPageTraceBehavior [ RunTime:0.000499s ]
INFO: [ app_end ] --END-- [ RunTime:0.000552s ]

[ 2017-12-24T11:47:56+08:00 ] 127.0.0.1 /Admin/index/test
INFO: [ app_init ] --START--
INFO: Run Behavior\BuildLiteBehavior [ RunTime:0.000009s ]
INFO: [ app_init ] --END-- [ RunTime:0.000239s ]
INFO: [ app_begin ] --START--
INFO: Run Behavior\ReadHtmlCacheBehavior [ RunTime:0.000531s ]
INFO: [ app_begin ] --END-- [ RunTime:0.000593s ]
NOTIC: [2048] Declaration of Admin\Controller\CommonController::_arraySort() should be compatible with Common\Controller\CommonBaseController::_arraySort($arr, $keys, $type = 'asc') D:\www\online_team\www.taodianke.com\Application\Admin\Controller\CommonController.class.php 第 10 行.
INFO: [ app_end ] --START--
INFO: Run Behavior\ShowPageTraceBehavior [ RunTime:0.000642s ]
INFO: [ app_end ] --END-- [ RunTime:0.000710s ]

[ 2017-12-24T11:47:56+08:00 ] 127.0.0.1 /Admin/index/test
INFO: [ app_init ] --START--
INFO: Run Behavior\BuildLiteBehavior [ RunTime:0.000013s ]
INFO: [ app_init ] --END-- [ RunTime:0.000322s ]
INFO: [ app_begin ] --START--
INFO: Run Behavior\ReadHtmlCacheBehavior [ RunTime:0.000499s ]
INFO: [ app_begin ] --END-- [ RunTime:0.000564s ]
NOTIC: [2048] Declaration of Admin\Controller\CommonController::_arraySort() should be compatible with Common\Controller\CommonBaseController::_arraySort($arr, $keys, $type = 'asc') D:\www\online_team\www.taodianke.com\Application\Admin\Controller\CommonController.class.php 第 10 行.
INFO: [ app_end ] --START--
INFO: Run Behavior\ShowPageTraceBehavior [ RunTime:0.000601s ]
INFO: [ app_end ] --END-- [ RunTime:0.000690s ]

[ 2017-12-24T11:47:56+08:00 ] 127.0.0.1 /Admin/index/test
INFO: [ app_init ] --START--
INFO: Run Behavior\BuildLiteBehavior [ RunTime:0.000012s ]
INFO: [ app_init ] --END-- [ RunTime:0.000289s ]
INFO: [ app_begin ] --START--
INFO: Run Behavior\ReadHtmlCacheBehavior [ RunTime:0.000357s ]
INFO: [ app_begin ] --END-- [ RunTime:0.000405s ]
NOTIC: [2048] Declaration of Admin\Controller\CommonController::_arraySort() should be compatible with Common\Controller\CommonBaseController::_arraySort($arr, $keys, $type = 'asc') D:\www\online_team\www.taodianke.com\Application\Admin\Controller\CommonController.class.php 第 10 行.
INFO: [ app_end ] --START--
INFO: Run Behavior\ShowPageTraceBehavior [ RunTime:0.000614s ]
INFO: [ app_end ] --END-- [ RunTime:0.000676s ]

[ 2017-12-24T11:48:10+08:00 ] 127.0.0.1 /Admin/index/test
INFO: [ app_init ] --START--
INFO: Run Behavior\BuildLiteBehavior [ RunTime:0.000026s ]
INFO: [ app_init ] --END-- [ RunTime:0.000605s ]
INFO: [ app_begin ] --START--
INFO: Run Behavior\ReadHtmlCacheBehavior [ RunTime:0.000555s ]
INFO: [ app_begin ] --END-- [ RunTime:0.000626s ]
NOTIC: [2048] Declaration of Admin\Controller\CommonController::_arraySort() should be compatible with Common\Controller\CommonBaseController::_arraySort($arr, $keys, $type = 'asc') D:\www\online_team\www.taodianke.com\Application\Admin\Controller\CommonController.class.php 第 10 行.
INFO: [ app_end ] --START--
INFO: Run Behavior\ShowPageTraceBehavior [ RunTime:0.000686s ]
INFO: [ app_end ] --END-- [ RunTime:0.000770s ]

[ 2017-12-24T11:48:10+08:00 ] 127.0.0.1 /Admin/index/test
INFO: [ app_init ] --START--
INFO: Run Behavior\BuildLiteBehavior [ RunTime:0.000013s ]
INFO: [ app_init ] --END-- [ RunTime:0.000375s ]
INFO: [ app_begin ] --START--
INFO: Run Behavior\ReadHtmlCacheBehavior [ RunTime:0.000435s ]
INFO: [ app_begin ] --END-- [ RunTime:0.000490s ]
NOTIC: [2048] Declaration of Admin\Controller\CommonController::_arraySort() should be compatible with Common\Controller\CommonBaseController::_arraySort($arr, $keys, $type = 'asc') D:\www\online_team\www.taodianke.com\Application\Admin\Controller\CommonController.class.php 第 10 行.
INFO: [ app_end ] --START--
INFO: Run Behavior\ShowPageTraceBehavior [ RunTime:0.000490s ]
INFO: [ app_end ] --END-- [ RunTime:0.000539s ]

[ 2017-12-24T11:54:16+08:00 ] 127.0.0.1 /Admin/index/test
INFO: [ app_init ] --START--
INFO: Run Behavior\BuildLiteBehavior [ RunTime:0.000019s ]
INFO: [ app_init ] --END-- [ RunTime:0.000521s ]
INFO: [ app_begin ] --START--
INFO: Run Behavior\ReadHtmlCacheBehavior [ RunTime:0.000394s ]
INFO: [ app_begin ] --END-- [ RunTime:0.000442s ]
NOTIC: [2048] Declaration of Admin\Controller\CommonController::_arraySort() should be compatible with Common\Controller\CommonBaseController::_arraySort($arr, $keys, $type = 'asc') D:\www\online_team\www.taodianke.com\Application\Admin\Controller\CommonController.class.php 第 10 行.
INFO: [ app_end ] --START--
INFO: Run Behavior\ShowPageTraceBehavior [ RunTime:0.000596s ]
INFO: [ app_end ] --END-- [ RunTime:0.000653s ]

[ 2017-12-24T11:54:17+08:00 ] 127.0.0.1 /Admin/index/test
INFO: [ app_init ] --START--
INFO: Run Behavior\BuildLiteBehavior [ RunTime:0.000024s ]
INFO: [ app_init ] --END-- [ RunTime:0.000606s ]
INFO: [ app_begin ] --START--
INFO: Run Behavior\ReadHtmlCacheBehavior [ RunTime:0.000624s ]
INFO: [ app_begin ] --END-- [ RunTime:0.000701s ]
NOTIC: [2048] Declaration of Admin\Controller\CommonController::_arraySort() should be compatible with Common\Controller\CommonBaseController::_arraySort($arr, $keys, $type = 'asc') D:\www\online_team\www.taodianke.com\Application\Admin\Controller\CommonController.class.php 第 10 行.
INFO: [ app_end ] --START--
INFO: Run Behavior\ShowPageTraceBehavior [ RunTime:0.000486s ]
INFO: [ app_end ] --END-- [ RunTime:0.000537s ]

[ 2017-12-24T11:54:18+08:00 ] 127.0.0.1 /Admin/index/test
INFO: [ app_init ] --START--
INFO: Run Behavior\BuildLiteBehavior [ RunTime:0.000019s ]
INFO: [ app_init ] --END-- [ RunTime:0.000527s ]
INFO: [ app_begin ] --START--
INFO: Run Behavior\ReadHtmlCacheBehavior [ RunTime:0.000364s ]
INFO: [ app_begin ] --END-- [ RunTime:0.000413s ]
NOTIC: [2048] Declaration of Admin\Controller\CommonController::_arraySort() should be compatible with Common\Controller\CommonBaseController::_arraySort($arr, $keys, $type = 'asc') D:\www\online_team\www.taodianke.com\Application\Admin\Controller\CommonController.class.php 第 10 行.
INFO: [ app_end ] --START--
INFO: Run Behavior\ShowPageTraceBehavior [ RunTime:0.000477s ]
INFO: [ app_end ] --END-- [ RunTime:0.000529s ]

[ 2017-12-24T11:54:19+08:00 ] 127.0.0.1 /Admin/index/test
INFO: [ app_init ] --START--
INFO: Run Behavior\BuildLiteBehavior [ RunTime:0.000014s ]
INFO: [ app_init ] --END-- [ RunTime:0.000374s ]
INFO: [ app_begin ] --START--
INFO: Run Behavior\ReadHtmlCacheBehavior [ RunTime:0.000447s ]
INFO: [ app_begin ] --END-- [ RunTime:0.000517s ]
NOTIC: [2048] Declaration of Admin\Controller\CommonController::_arraySort() should be compatible with Common\Controller\CommonBaseController::_arraySort($arr, $keys, $type = 'asc') D:\www\online_team\www.taodianke.com\Application\Admin\Controller\CommonController.class.php 第 10 行.
INFO: [ app_end ] --START--
INFO: Run Behavior\ShowPageTraceBehavior [ RunTime:0.000673s ]
INFO: [ app_end ] --END-- [ RunTime:0.000740s ]

[ 2017-12-24T11:54:20+08:00 ] 127.0.0.1 /Admin/index/test
INFO: [ app_init ] --START--
INFO: Run Behavior\BuildLiteBehavior [ RunTime:0.000025s ]
INFO: [ app_init ] --END-- [ RunTime:0.000551s ]
INFO: [ app_begin ] --START--
INFO: Run Behavior\ReadHtmlCacheBehavior [ RunTime:0.000373s ]
INFO: [ app_begin ] --END-- [ RunTime:0.000422s ]
NOTIC: [2048] Declaration of Admin\Controller\CommonController::_arraySort() should be compatible with Common\Controller\CommonBaseController::_arraySort($arr, $keys, $type = 'asc') D:\www\online_team\www.taodianke.com\Application\Admin\Controller\CommonController.class.php 第 10 行.
INFO: [ app_end ] --START--
INFO: Run Behavior\ShowPageTraceBehavior [ RunTime:0.000478s ]
INFO: [ app_end ] --END-- [ RunTime:0.000530s ]

[ 2017-12-24T11:54:33+08:00 ] 127.0.0.1 /Admin/index/test
INFO: [ app_init ] --START--
INFO: Run Behavior\BuildLiteBehavior [ RunTime:0.000014s ]
INFO: [ app_init ] --END-- [ RunTime:0.000426s ]
INFO: [ app_begin ] --START--
INFO: Run Behavior\ReadHtmlCacheBehavior [ RunTime:0.000442s ]
INFO: [ app_begin ] --END-- [ RunTime:0.000498s ]
NOTIC: [2048] Declaration of Admin\Controller\CommonController::_arraySort() should be compatible with Common\Controller\CommonBaseController::_arraySort($arr, $keys, $type = 'asc') D:\www\online_team\www.taodianke.com\Application\Admin\Controller\CommonController.class.php 第 10 行.
INFO: [ app_end ] --START--
INFO: Run Behavior\ShowPageTraceBehavior [ RunTime:0.000644s ]
INFO: [ app_end ] --END-- [ RunTime:0.000705s ]

[ 2017-12-24T11:55:17+08:00 ] 127.0.0.1 /Admin/index/test
INFO: [ app_init ] --START--
INFO: Run Behavior\BuildLiteBehavior [ RunTime:0.000010s ]
INFO: [ app_init ] --END-- [ RunTime:0.000243s ]
INFO: [ app_begin ] --START--
INFO: Run Behavior\ReadHtmlCacheBehavior [ RunTime:0.000357s ]
INFO: [ app_begin ] --END-- [ RunTime:0.000403s ]
NOTIC: [2048] Declaration of Admin\Controller\CommonController::_arraySort() should be compatible with Common\Controller\CommonBaseController::_arraySort($arr, $keys, $type = 'asc') D:\www\online_team\www.taodianke.com\Application\Admin\Controller\CommonController.class.php 第 10 行.
INFO: [ app_end ] --START--
INFO: Run Behavior\ShowPageTraceBehavior [ RunTime:0.000573s ]
INFO: [ app_end ] --END-- [ RunTime:0.000629s ]

[ 2017-12-24T11:55:18+08:00 ] 127.0.0.1 /Admin/index/test
INFO: [ app_init ] --START--
INFO: Run Behavior\BuildLiteBehavior [ RunTime:0.000011s ]
INFO: [ app_init ] --END-- [ RunTime:0.000270s ]
INFO: [ app_begin ] --START--
INFO: Run Behavior\ReadHtmlCacheBehavior [ RunTime:0.000363s ]
INFO: [ app_begin ] --END-- [ RunTime:0.000422s ]
NOTIC: [2048] Declaration of Admin\Controller\CommonController::_arraySort() should be compatible with Common\Controller\CommonBaseController::_arraySort($arr, $keys, $type = 'asc') D:\www\online_team\www.taodianke.com\Application\Admin\Controller\CommonController.class.php 第 10 行.
INFO: [ app_end ] --START--
INFO: Run Behavior\ShowPageTraceBehavior [ RunTime:0.000480s ]
INFO: [ app_end ] --END-- [ RunTime:0.000532s ]

[ 2017-12-24T11:55:20+08:00 ] 127.0.0.1 /Admin/index/test
INFO: [ app_init ] --START--
INFO: Run Behavior\BuildLiteBehavior [ RunTime:0.000011s ]
INFO: [ app_init ] --END-- [ RunTime:0.000276s ]
INFO: [ app_begin ] --START--
INFO: Run Behavior\ReadHtmlCacheBehavior [ RunTime:0.000511s ]
INFO: [ app_begin ] --END-- [ RunTime:0.000578s ]
NOTIC: [2048] Declaration of Admin\Controller\CommonController::_arraySort() should be compatible with Common\Controller\CommonBaseController::_arraySort($arr, $keys, $type = 'asc') D:\www\online_team\www.taodianke.com\Application\Admin\Controller\CommonController.class.php 第 10 行.
INFO: [ app_end ] --START--
INFO: Run Behavior\ShowPageTraceBehavior [ RunTime:0.000493s ]
INFO: [ app_end ] --END-- [ RunTime:0.000545s ]

[ 2017-12-24T11:55:20+08:00 ] 127.0.0.1 /Admin/index/test
INFO: [ app_init ] --START--
INFO: Run Behavior\BuildLiteBehavior [ RunTime:0.000016s ]
INFO: [ app_init ] --END-- [ RunTime:0.000371s ]
INFO: [ app_begin ] --START--
INFO: Run Behavior\ReadHtmlCacheBehavior [ RunTime:0.000792s ]
INFO: [ app_begin ] --END-- [ RunTime:0.000892s ]
NOTIC: [2048] Declaration of Admin\Controller\CommonController::_arraySort() should be compatible with Common\Controller\CommonBaseController::_arraySort($arr, $keys, $type = 'asc') D:\www\online_team\www.taodianke.com\Application\Admin\Controller\CommonController.class.php 第 10 行.
INFO: [ app_end ] --START--
INFO: Run Behavior\ShowPageTraceBehavior [ RunTime:0.000519s ]
INFO: [ app_end ] --END-- [ RunTime:0.000578s ]

[ 2017-12-24T11:55:39+08:00 ] 127.0.0.1 /Admin/index/test
INFO: [ app_init ] --START--
INFO: Run Behavior\BuildLiteBehavior [ RunTime:0.000017s ]
INFO: [ app_init ] --END-- [ RunTime:0.000461s ]
INFO: [ app_begin ] --START--
INFO: Run Behavior\ReadHtmlCacheBehavior [ RunTime:0.000585s ]
INFO: [ app_begin ] --END-- [ RunTime:0.000666s ]
NOTIC: [2048] Declaration of Admin\Controller\CommonController::_arraySort() should be compatible with Common\Controller\CommonBaseController::_arraySort($arr, $keys, $type = 'asc') D:\www\online_team\www.taodianke.com\Application\Admin\Controller\CommonController.class.php 第 10 行.
INFO: [ app_end ] --START--
INFO: Run Behavior\ShowPageTraceBehavior [ RunTime:0.000603s ]
INFO: [ app_end ] --END-- [ RunTime:0.000673s ]

[ 2017-12-24T11:55:39+08:00 ] 127.0.0.1 /Admin/index/test
INFO: [ app_init ] --START--
INFO: Run Behavior\BuildLiteBehavior [ RunTime:0.000012s ]
INFO: [ app_init ] --END-- [ RunTime:0.000316s ]
INFO: [ app_begin ] --START--
INFO: Run Behavior\ReadHtmlCacheBehavior [ RunTime:0.000548s ]
INFO: [ app_begin ] --END-- [ RunTime:0.000656s ]
NOTIC: [2048] Declaration of Admin\Controller\CommonController::_arraySort() should be compatible with Common\Controller\CommonBaseController::_arraySort($arr, $keys, $type = 'asc') D:\www\online_team\www.taodianke.com\Application\Admin\Controller\CommonController.class.php 第 10 行.
INFO: [ app_end ] --START--
INFO: Run Behavior\ShowPageTraceBehavior [ RunTime:0.001285s ]
INFO: [ app_end ] --END-- [ RunTime:0.001422s ]

[ 2017-12-24T11:55:40+08:00 ] 127.0.0.1 /Admin/index/test
INFO: [ app_init ] --START--
INFO: Run Behavior\BuildLiteBehavior [ RunTime:0.000013s ]
INFO: [ app_init ] --END-- [ RunTime:0.000331s ]
INFO: [ app_begin ] --START--
INFO: Run Behavior\ReadHtmlCacheBehavior [ RunTime:0.000539s ]
INFO: [ app_begin ] --END-- [ RunTime:0.000605s ]
NOTIC: [2048] Declaration of Admin\Controller\CommonController::_arraySort() should be compatible with Common\Controller\CommonBaseController::_arraySort($arr, $keys, $type = 'asc') D:\www\online_team\www.taodianke.com\Application\Admin\Controller\CommonController.class.php 第 10 行.
INFO: [ app_end ] --START--
INFO: Run Behavior\ShowPageTraceBehavior [ RunTime:0.001976s ]
INFO: [ app_end ] --END-- [ RunTime:0.002180s ]

[ 2017-12-24T11:55:41+08:00 ] 127.0.0.1 /Admin/index/test
INFO: [ app_init ] --START--
INFO: Run Behavior\BuildLiteBehavior [ RunTime:0.000023s ]
INFO: [ app_init ] --END-- [ RunTime:0.000573s ]
INFO: [ app_begin ] --START--
INFO: Run Behavior\ReadHtmlCacheBehavior [ RunTime:0.000433s ]
INFO: [ app_begin ] --END-- [ RunTime:0.000487s ]
NOTIC: [2048] Declaration of Admin\Controller\CommonController::_arraySort() should be compatible with Common\Controller\CommonBaseController::_arraySort($arr, $keys, $type = 'asc') D:\www\online_team\www.taodianke.com\Application\Admin\Controller\CommonController.class.php 第 10 行.
INFO: [ app_end ] --START--
INFO: Run Behavior\ShowPageTraceBehavior [ RunTime:0.001238s ]
INFO: [ app_end ] --END-- [ RunTime:0.001445s ]

[ 2017-12-24T11:55:41+08:00 ] 127.0.0.1 /Admin/index/test
INFO: [ app_init ] --START--
INFO: Run Behavior\BuildLiteBehavior [ RunTime:0.000014s ]
INFO: [ app_init ] --END-- [ RunTime:0.000368s ]
INFO: [ app_begin ] --START--
INFO: Run Behavior\ReadHtmlCacheBehavior [ RunTime:0.000545s ]
INFO: [ app_begin ] --END-- [ RunTime:0.000611s ]
NOTIC: [2048] Declaration of Admin\Controller\CommonController::_arraySort() should be compatible with Common\Controller\CommonBaseController::_arraySort($arr, $keys, $type = 'asc') D:\www\online_team\www.taodianke.com\Application\Admin\Controller\CommonController.class.php 第 10 行.
INFO: [ app_end ] --START--
INFO: Run Behavior\ShowPageTraceBehavior [ RunTime:0.000973s ]
INFO: [ app_end ] --END-- [ RunTime:0.001076s ]

[ 2017-12-24T11:55:43+08:00 ] 127.0.0.1 /Admin/index/test
INFO: [ app_init ] --START--
INFO: Run Behavior\BuildLiteBehavior [ RunTime:0.000018s ]
INFO: [ app_init ] --END-- [ RunTime:0.000430s ]
INFO: [ app_begin ] --START--
INFO: Run Behavior\ReadHtmlCacheBehavior [ RunTime:0.000547s ]
INFO: [ app_begin ] --END-- [ RunTime:0.000622s ]
NOTIC: [2048] Declaration of Admin\Controller\CommonController::_arraySort() should be compatible with Common\Controller\CommonBaseController::_arraySort($arr, $keys, $type = 'asc') D:\www\online_team\www.taodianke.com\Application\Admin\Controller\CommonController.class.php 第 10 行.
INFO: [ app_end ] --START--
INFO: Run Behavior\ShowPageTraceBehavior [ RunTime:0.000461s ]
INFO: [ app_end ] --END-- [ RunTime:0.000515s ]

[ 2017-12-24T11:55:59+08:00 ] 127.0.0.1 /Admin/index/test
INFO: [ app_init ] --START--
INFO: Run Behavior\BuildLiteBehavior [ RunTime:0.000014s ]
INFO: [ app_init ] --END-- [ RunTime:0.000377s ]
INFO: [ app_begin ] --START--
INFO: Run Behavior\ReadHtmlCacheBehavior [ RunTime:0.000365s ]
INFO: [ app_begin ] --END-- [ RunTime:0.000415s ]
NOTIC: [2048] Declaration of Admin\Controller\CommonController::_arraySort() should be compatible with Common\Controller\CommonBaseController::_arraySort($arr, $keys, $type = 'asc') D:\www\online_team\www.taodianke.com\Application\Admin\Controller\CommonController.class.php 第 10 行.
INFO: [ app_end ] --START--
INFO: Run Behavior\ShowPageTraceBehavior [ RunTime:0.000477s ]
INFO: [ app_end ] --END-- [ RunTime:0.000528s ]

[ 2017-12-24T11:56:00+08:00 ] 127.0.0.1 /Admin/index/test
INFO: [ app_init ] --START--
INFO: Run Behavior\BuildLiteBehavior [ RunTime:0.000020s ]
INFO: [ app_init ] --END-- [ RunTime:0.000463s ]
INFO: [ app_begin ] --START--
INFO: Run Behavior\ReadHtmlCacheBehavior [ RunTime:0.000462s ]
INFO: [ app_begin ] --END-- [ RunTime:0.000529s ]
NOTIC: [2048] Declaration of Admin\Controller\CommonController::_arraySort() should be compatible with Common\Controller\CommonBaseController::_arraySort($arr, $keys, $type = 'asc') D:\www\online_team\www.taodianke.com\Application\Admin\Controller\CommonController.class.php 第 10 行.
INFO: [ app_end ] --START--
INFO: Run Behavior\ShowPageTraceBehavior [ RunTime:0.001464s ]
INFO: [ app_end ] --END-- [ RunTime:0.001668s ]

[ 2017-12-24T11:56:01+08:00 ] 127.0.0.1 /Admin/index/test
INFO: [ app_init ] --START--
INFO: Run Behavior\BuildLiteBehavior [ RunTime:0.000015s ]
INFO: [ app_init ] --END-- [ RunTime:0.000383s ]
INFO: [ app_begin ] --START--
INFO: Run Behavior\ReadHtmlCacheBehavior [ RunTime:0.000366s ]
INFO: [ app_begin ] --END-- [ RunTime:0.000414s ]
NOTIC: [2048] Declaration of Admin\Controller\CommonController::_arraySort() should be compatible with Common\Controller\CommonBaseController::_arraySort($arr, $keys, $type = 'asc') D:\www\online_team\www.taodianke.com\Application\Admin\Controller\CommonController.class.php 第 10 行.
INFO: [ app_end ] --START--
INFO: Run Behavior\ShowPageTraceBehavior [ RunTime:0.000490s ]
INFO: [ app_end ] --END-- [ RunTime:0.000540s ]

[ 2017-12-24T11:56:02+08:00 ] 127.0.0.1 /Admin/index/test
INFO: [ app_init ] --START--
INFO: Run Behavior\BuildLiteBehavior [ RunTime:0.000017s ]
INFO: [ app_init ] --END-- [ RunTime:0.000465s ]
INFO: [ app_begin ] --START--
INFO: Run Behavior\ReadHtmlCacheBehavior [ RunTime:0.000374s ]
INFO: [ app_begin ] --END-- [ RunTime:0.000433s ]
NOTIC: [2048] Declaration of Admin\Controller\CommonController::_arraySort() should be compatible with Common\Controller\CommonBaseController::_arraySort($arr, $keys, $type = 'asc') D:\www\online_team\www.taodianke.com\Application\Admin\Controller\CommonController.class.php 第 10 行.
INFO: [ app_end ] --START--
INFO: Run Behavior\ShowPageTraceBehavior [ RunTime:0.000511s ]
INFO: [ app_end ] --END-- [ RunTime:0.000563s ]

[ 2017-12-24T11:56:19+08:00 ] 127.0.0.1 /Admin/index/test
INFO: [ app_init ] --START--
INFO: Run Behavior\BuildLiteBehavior [ RunTime:0.000015s ]
INFO: [ app_init ] --END-- [ RunTime:0.000396s ]
INFO: [ app_begin ] --START--
INFO: Run Behavior\ReadHtmlCacheBehavior [ RunTime:0.000638s ]
INFO: [ app_begin ] --END-- [ RunTime:0.000748s ]
NOTIC: [2048] Declaration of Admin\Controller\CommonController::_arraySort() should be compatible with Common\Controller\CommonBaseController::_arraySort($arr, $keys, $type = 'asc') D:\www\online_team\www.taodianke.com\Application\Admin\Controller\CommonController.class.php 第 10 行.
INFO: [ app_end ] --START--
INFO: Run Behavior\ShowPageTraceBehavior [ RunTime:0.000814s ]
INFO: [ app_end ] --END-- [ RunTime:0.000898s ]

[ 2017-12-24T11:56:21+08:00 ] 127.0.0.1 /Admin/index/test
INFO: [ app_init ] --START--
INFO: Run Behavior\BuildLiteBehavior [ RunTime:0.000016s ]
INFO: [ app_init ] --END-- [ RunTime:0.000425s ]
INFO: [ app_begin ] --START--
INFO: Run Behavior\ReadHtmlCacheBehavior [ RunTime:0.000681s ]
INFO: [ app_begin ] --END-- [ RunTime:0.000765s ]
NOTIC: [2048] Declaration of Admin\Controller\CommonController::_arraySort() should be compatible with Common\Controller\CommonBaseController::_arraySort($arr, $keys, $type = 'asc') D:\www\online_team\www.taodianke.com\Application\Admin\Controller\CommonController.class.php 第 10 行.
INFO: [ app_end ] --START--
INFO: Run Behavior\ShowPageTraceBehavior [ RunTime:0.002436s ]
INFO: [ app_end ] --END-- [ RunTime:0.002664s ]

[ 2017-12-24T11:56:21+08:00 ] 127.0.0.1 /Admin/index/test
INFO: [ app_init ] --START--
INFO: Run Behavior\BuildLiteBehavior [ RunTime:0.000013s ]
INFO: [ app_init ] --END-- [ RunTime:0.000294s ]
INFO: [ app_begin ] --START--
INFO: Run Behavior\ReadHtmlCacheBehavior [ RunTime:0.000422s ]
INFO: [ app_begin ] --END-- [ RunTime:0.000477s ]
NOTIC: [2048] Declaration of Admin\Controller\CommonController::_arraySort() should be compatible with Common\Controller\CommonBaseController::_arraySort($arr, $keys, $type = 'asc') D:\www\online_team\www.taodianke.com\Application\Admin\Controller\CommonController.class.php 第 10 行.
INFO: [ app_end ] --START--
INFO: Run Behavior\ShowPageTraceBehavior [ RunTime:0.000621s ]
INFO: [ app_end ] --END-- [ RunTime:0.000701s ]

[ 2017-12-24T11:56:21+08:00 ] 127.0.0.1 /Admin/index/test
INFO: [ app_init ] --START--
INFO: Run Behavior\BuildLiteBehavior [ RunTime:0.000016s ]
INFO: [ app_init ] --END-- [ RunTime:0.000285s ]
INFO: [ app_begin ] --START--
INFO: Run Behavior\ReadHtmlCacheBehavior [ RunTime:0.000355s ]
INFO: [ app_begin ] --END-- [ RunTime:0.000403s ]
NOTIC: [2048] Declaration of Admin\Controller\CommonController::_arraySort() should be compatible with Common\Controller\CommonBaseController::_arraySort($arr, $keys, $type = 'asc') D:\www\online_team\www.taodianke.com\Application\Admin\Controller\CommonController.class.php 第 10 行.
INFO: [ app_end ] --START--
INFO: Run Behavior\ShowPageTraceBehavior [ RunTime:0.000477s ]
INFO: [ app_end ] --END-- [ RunTime:0.000527s ]

[ 2017-12-24T11:56:21+08:00 ] 127.0.0.1 /Admin/index/test
INFO: [ app_init ] --START--
INFO: Run Behavior\BuildLiteBehavior [ RunTime:0.000017s ]
INFO: [ app_init ] --END-- [ RunTime:0.000423s ]
INFO: [ app_begin ] --START--
INFO: Run Behavior\ReadHtmlCacheBehavior [ RunTime:0.000564s ]
INFO: [ app_begin ] --END-- [ RunTime:0.000632s ]
NOTIC: [2048] Declaration of Admin\Controller\CommonController::_arraySort() should be compatible with Common\Controller\CommonBaseController::_arraySort($arr, $keys, $type = 'asc') D:\www\online_team\www.taodianke.com\Application\Admin\Controller\CommonController.class.php 第 10 行.
INFO: [ app_end ] --START--
INFO: Run Behavior\ShowPageTraceBehavior [ RunTime:0.000663s ]
INFO: [ app_end ] --END-- [ RunTime:0.000738s ]

[ 2017-12-24T11:56:22+08:00 ] 127.0.0.1 /Admin/index/test
INFO: [ app_init ] --START--
INFO: Run Behavior\BuildLiteBehavior [ RunTime:0.000010s ]
INFO: [ app_init ] --END-- [ RunTime:0.000250s ]
INFO: [ app_begin ] --START--
INFO: Run Behavior\ReadHtmlCacheBehavior [ RunTime:0.000356s ]
INFO: [ app_begin ] --END-- [ RunTime:0.000405s ]
NOTIC: [2048] Declaration of Admin\Controller\CommonController::_arraySort() should be compatible with Common\Controller\CommonBaseController::_arraySort($arr, $keys, $type = 'asc') D:\www\online_team\www.taodianke.com\Application\Admin\Controller\CommonController.class.php 第 10 行.
INFO: [ app_end ] --START--
INFO: Run Behavior\ShowPageTraceBehavior [ RunTime:0.000486s ]
INFO: [ app_end ] --END-- [ RunTime:0.000538s ]

[ 2017-12-24T11:56:47+08:00 ] 127.0.0.1 /Admin/index/test
INFO: [ app_init ] --START--
INFO: Run Behavior\BuildLiteBehavior [ RunTime:0.000016s ]
INFO: [ app_init ] --END-- [ RunTime:0.000409s ]
INFO: [ app_begin ] --START--
INFO: Run Behavior\ReadHtmlCacheBehavior [ RunTime:0.000452s ]
INFO: [ app_begin ] --END-- [ RunTime:0.000509s ]
NOTIC: [2048] Declaration of Admin\Controller\CommonController::_arraySort() should be compatible with Common\Controller\CommonBaseController::_arraySort($arr, $keys, $type = 'asc') D:\www\online_team\www.taodianke.com\Application\Admin\Controller\CommonController.class.php 第 10 行.
INFO: [ app_end ] --START--
INFO: Run Behavior\ShowPageTraceBehavior [ RunTime:0.000478s ]
INFO: [ app_end ] --END-- [ RunTime:0.000531s ]

[ 2017-12-24T11:56:48+08:00 ] 127.0.0.1 /Admin/index/test
INFO: [ app_init ] --START--
INFO: Run Behavior\BuildLiteBehavior [ RunTime:0.000014s ]
INFO: [ app_init ] --END-- [ RunTime:0.000330s ]
INFO: [ app_begin ] --START--
INFO: Run Behavior\ReadHtmlCacheBehavior [ RunTime:0.000419s ]
INFO: [ app_begin ] --END-- [ RunTime:0.000467s ]
NOTIC: [2048] Declaration of Admin\Controller\CommonController::_arraySort() should be compatible with Common\Controller\CommonBaseController::_arraySort($arr, $keys, $type = 'asc') D:\www\online_team\www.taodianke.com\Application\Admin\Controller\CommonController.class.php 第 10 行.
INFO: [ app_end ] --START--
INFO: Run Behavior\ShowPageTraceBehavior [ RunTime:0.000586s ]
INFO: [ app_end ] --END-- [ RunTime:0.000659s ]

[ 2017-12-24T11:56:48+08:00 ] 127.0.0.1 /Admin/index/test
INFO: [ app_init ] --START--
INFO: Run Behavior\BuildLiteBehavior [ RunTime:0.000018s ]
INFO: [ app_init ] --END-- [ RunTime:0.000457s ]
INFO: [ app_begin ] --START--
INFO: Run Behavior\ReadHtmlCacheBehavior [ RunTime:0.000402s ]
INFO: [ app_begin ] --END-- [ RunTime:0.000456s ]
NOTIC: [2048] Declaration of Admin\Controller\CommonController::_arraySort() should be compatible with Common\Controller\CommonBaseController::_arraySort($arr, $keys, $type = 'asc') D:\www\online_team\www.taodianke.com\Application\Admin\Controller\CommonController.class.php 第 10 行.
INFO: [ app_end ] --START--
INFO: Run Behavior\ShowPageTraceBehavior [ RunTime:0.000546s ]
INFO: [ app_end ] --END-- [ RunTime:0.000606s ]

[ 2017-12-24T11:56:59+08:00 ] 127.0.0.1 /Admin/index/test
INFO: [ app_init ] --START--
INFO: Run Behavior\BuildLiteBehavior [ RunTime:0.000013s ]
INFO: [ app_init ] --END-- [ RunTime:0.000411s ]
INFO: [ app_begin ] --START--
INFO: Run Behavior\ReadHtmlCacheBehavior [ RunTime:0.000583s ]
INFO: [ app_begin ] --END-- [ RunTime:0.000648s ]
NOTIC: [2048] Declaration of Admin\Controller\CommonController::_arraySort() should be compatible with Common\Controller\CommonBaseController::_arraySort($arr, $keys, $type = 'asc') D:\www\online_team\www.taodianke.com\Application\Admin\Controller\CommonController.class.php 第 10 行.
INFO: [ app_end ] --START--
INFO: Run Behavior\ShowPageTraceBehavior [ RunTime:0.000575s ]
INFO: [ app_end ] --END-- [ RunTime:0.000645s ]

[ 2017-12-24T11:57:00+08:00 ] 127.0.0.1 /Admin/index/test
INFO: [ app_init ] --START--
INFO: Run Behavior\BuildLiteBehavior [ RunTime:0.000012s ]
INFO: [ app_init ] --END-- [ RunTime:0.000275s ]
INFO: [ app_begin ] --START--
INFO: Run Behavior\ReadHtmlCacheBehavior [ RunTime:0.000717s ]
INFO: [ app_begin ] --END-- [ RunTime:0.000828s ]
NOTIC: [2048] Declaration of Admin\Controller\CommonController::_arraySort() should be compatible with Common\Controller\CommonBaseController::_arraySort($arr, $keys, $type = 'asc') D:\www\online_team\www.taodianke.com\Application\Admin\Controller\CommonController.class.php 第 10 行.
INFO: [ app_end ] --START--
INFO: Run Behavior\ShowPageTraceBehavior [ RunTime:0.000551s ]
INFO: [ app_end ] --END-- [ RunTime:0.000608s ]

[ 2017-12-24T11:57:00+08:00 ] 127.0.0.1 /Admin/index/test
INFO: [ app_init ] --START--
INFO: Run Behavior\BuildLiteBehavior [ RunTime:0.000016s ]
INFO: [ app_init ] --END-- [ RunTime:0.000402s ]
INFO: [ app_begin ] --START--
INFO: Run Behavior\ReadHtmlCacheBehavior [ RunTime:0.000347s ]
INFO: [ app_begin ] --END-- [ RunTime:0.000393s ]
NOTIC: [2048] Declaration of Admin\Controller\CommonController::_arraySort() should be compatible with Common\Controller\CommonBaseController::_arraySort($arr, $keys, $type = 'asc') D:\www\online_team\www.taodianke.com\Application\Admin\Controller\CommonController.class.php 第 10 行.
INFO: [ app_end ] --START--
INFO: Run Behavior\ShowPageTraceBehavior [ RunTime:0.000601s ]
INFO: [ app_end ] --END-- [ RunTime:0.000663s ]

[ 2017-12-24T11:57:00+08:00 ] 127.0.0.1 /Admin/index/test
INFO: [ app_init ] --START--
INFO: Run Behavior\BuildLiteBehavior [ RunTime:0.000012s ]
INFO: [ app_init ] --END-- [ RunTime:0.000339s ]
INFO: [ app_begin ] --START--
INFO: Run Behavior\ReadHtmlCacheBehavior [ RunTime:0.000373s ]
INFO: [ app_begin ] --END-- [ RunTime:0.000419s ]
NOTIC: [2048] Declaration of Admin\Controller\CommonController::_arraySort() should be compatible with Common\Controller\CommonBaseController::_arraySort($arr, $keys, $type = 'asc') D:\www\online_team\www.taodianke.com\Application\Admin\Controller\CommonController.class.php 第 10 行.
INFO: [ app_end ] --START--
INFO: Run Behavior\ShowPageTraceBehavior [ RunTime:0.000480s ]
INFO: [ app_end ] --END-- [ RunTime:0.000530s ]

[ 2017-12-24T11:57:01+08:00 ] 127.0.0.1 /Admin/index/test
INFO: [ app_init ] --START--
INFO: Run Behavior\BuildLiteBehavior [ RunTime:0.000009s ]
INFO: [ app_init ] --END-- [ RunTime:0.000263s ]
INFO: [ app_begin ] --START--
INFO: Run Behavior\ReadHtmlCacheBehavior [ RunTime:0.000610s ]
INFO: [ app_begin ] --END-- [ RunTime:0.000711s ]
NOTIC: [2048] Declaration of Admin\Controller\CommonController::_arraySort() should be compatible with Common\Controller\CommonBaseController::_arraySort($arr, $keys, $type = 'asc') D:\www\online_team\www.taodianke.com\Application\Admin\Controller\CommonController.class.php 第 10 行.
INFO: [ app_end ] --START--
INFO: Run Behavior\ShowPageTraceBehavior [ RunTime:0.000826s ]
INFO: [ app_end ] --END-- [ RunTime:0.000893s ]

[ 2017-12-24T11:57:01+08:00 ] 127.0.0.1 /Admin/index/test
INFO: [ app_init ] --START--
INFO: Run Behavior\BuildLiteBehavior [ RunTime:0.000020s ]
INFO: [ app_init ] --END-- [ RunTime:0.000463s ]
INFO: [ app_begin ] --START--
INFO: Run Behavior\ReadHtmlCacheBehavior [ RunTime:0.000455s ]
INFO: [ app_begin ] --END-- [ RunTime:0.000511s ]
NOTIC: [2048] Declaration of Admin\Controller\CommonController::_arraySort() should be compatible with Common\Controller\CommonBaseController::_arraySort($arr, $keys, $type = 'asc') D:\www\online_team\www.taodianke.com\Application\Admin\Controller\CommonController.class.php 第 10 行.
INFO: [ app_end ] --START--
INFO: Run Behavior\ShowPageTraceBehavior [ RunTime:0.000628s ]
INFO: [ app_end ] --END-- [ RunTime:0.000702s ]

[ 2017-12-24T11:57:01+08:00 ] 127.0.0.1 /Admin/index/test
INFO: [ app_init ] --START--
INFO: Run Behavior\BuildLiteBehavior [ RunTime:0.000021s ]
INFO: [ app_init ] --END-- [ RunTime:0.000394s ]
INFO: [ app_begin ] --START--
INFO: Run Behavior\ReadHtmlCacheBehavior [ RunTime:0.000381s ]
INFO: [ app_begin ] --END-- [ RunTime:0.000443s ]
NOTIC: [2048] Declaration of Admin\Controller\CommonController::_arraySort() should be compatible with Common\Controller\CommonBaseController::_arraySort($arr, $keys, $type = 'asc') D:\www\online_team\www.taodianke.com\Application\Admin\Controller\CommonController.class.php 第 10 行.
INFO: [ app_end ] --START--
INFO: Run Behavior\ShowPageTraceBehavior [ RunTime:0.000520s ]
INFO: [ app_end ] --END-- [ RunTime:0.000577s ]

[ 2017-12-24T11:57:01+08:00 ] 127.0.0.1 /Admin/index/test
INFO: [ app_init ] --START--
INFO: Run Behavior\BuildLiteBehavior [ RunTime:0.000017s ]
INFO: [ app_init ] --END-- [ RunTime:0.000413s ]
INFO: [ app_begin ] --START--
INFO: Run Behavior\ReadHtmlCacheBehavior [ RunTime:0.000396s ]
INFO: [ app_begin ] --END-- [ RunTime:0.000445s ]
NOTIC: [2048] Declaration of Admin\Controller\CommonController::_arraySort() should be compatible with Common\Controller\CommonBaseController::_arraySort($arr, $keys, $type = 'asc') D:\www\online_team\www.taodianke.com\Application\Admin\Controller\CommonController.class.php 第 10 行.
INFO: [ app_end ] --START--
INFO: Run Behavior\ShowPageTraceBehavior [ RunTime:0.000492s ]
INFO: [ app_end ] --END-- [ RunTime:0.000545s ]

[ 2017-12-24T11:57:04+08:00 ] 127.0.0.1 /Admin/index/test
INFO: [ app_init ] --START--
INFO: Run Behavior\BuildLiteBehavior [ RunTime:0.000016s ]
INFO: [ app_init ] --END-- [ RunTime:0.000413s ]
INFO: [ app_begin ] --START--
INFO: Run Behavior\ReadHtmlCacheBehavior [ RunTime:0.000351s ]
INFO: [ app_begin ] --END-- [ RunTime:0.000399s ]
NOTIC: [2048] Declaration of Admin\Controller\CommonController::_arraySort() should be compatible with Common\Controller\CommonBaseController::_arraySort($arr, $keys, $type = 'asc') D:\www\online_team\www.taodianke.com\Application\Admin\Controller\CommonController.class.php 第 10 行.
INFO: [ app_end ] --START--
INFO: Run Behavior\ShowPageTraceBehavior [ RunTime:0.000523s ]
INFO: [ app_end ] --END-- [ RunTime:0.000584s ]

[ 2017-12-24T11:57:04+08:00 ] 127.0.0.1 /Admin/index/test
INFO: [ app_init ] --START--
INFO: Run Behavior\BuildLiteBehavior [ RunTime:0.000010s ]
INFO: [ app_init ] --END-- [ RunTime:0.000253s ]
INFO: [ app_begin ] --START--
INFO: Run Behavior\ReadHtmlCacheBehavior [ RunTime:0.000462s ]
INFO: [ app_begin ] --END-- [ RunTime:0.000552s ]
NOTIC: [2048] Declaration of Admin\Controller\CommonController::_arraySort() should be compatible with Common\Controller\CommonBaseController::_arraySort($arr, $keys, $type = 'asc') D:\www\online_team\www.taodianke.com\Application\Admin\Controller\CommonController.class.php 第 10 行.
INFO: [ app_end ] --START--
INFO: Run Behavior\ShowPageTraceBehavior [ RunTime:0.000658s ]
INFO: [ app_end ] --END-- [ RunTime:0.000736s ]

[ 2017-12-24T11:57:05+08:00 ] 127.0.0.1 /Admin/index/test
INFO: [ app_init ] --START--
INFO: Run Behavior\BuildLiteBehavior [ RunTime:0.000017s ]
INFO: [ app_init ] --END-- [ RunTime:0.000438s ]
INFO: [ app_begin ] --START--
INFO: Run Behavior\ReadHtmlCacheBehavior [ RunTime:0.000676s ]
INFO: [ app_begin ] --END-- [ RunTime:0.000764s ]
NOTIC: [2048] Declaration of Admin\Controller\CommonController::_arraySort() should be compatible with Common\Controller\CommonBaseController::_arraySort($arr, $keys, $type = 'asc') D:\www\online_team\www.taodianke.com\Application\Admin\Controller\CommonController.class.php 第 10 行.
INFO: [ app_end ] --START--
INFO: Run Behavior\ShowPageTraceBehavior [ RunTime:0.000489s ]
INFO: [ app_end ] --END-- [ RunTime:0.000541s ]

[ 2017-12-24T11:57:05+08:00 ] 127.0.0.1 /Admin/index/test
INFO: [ app_init ] --START--
INFO: Run Behavior\BuildLiteBehavior [ RunTime:0.000009s ]
INFO: [ app_init ] --END-- [ RunTime:0.000237s ]
INFO: [ app_begin ] --START--
INFO: Run Behavior\ReadHtmlCacheBehavior [ RunTime:0.000502s ]
INFO: [ app_begin ] --END-- [ RunTime:0.000562s ]
NOTIC: [2048] Declaration of Admin\Controller\CommonController::_arraySort() should be compatible with Common\Controller\CommonBaseController::_arraySort($arr, $keys, $type = 'asc') D:\www\online_team\www.taodianke.com\Application\Admin\Controller\CommonController.class.php 第 10 行.
INFO: [ app_end ] --START--
INFO: Run Behavior\ShowPageTraceBehavior [ RunTime:0.000626s ]
INFO: [ app_end ] --END-- [ RunTime:0.000698s ]

[ 2017-12-24T11:58:12+08:00 ] 127.0.0.1 /Admin/index/test
INFO: [ app_init ] --START--
INFO: Run Behavior\BuildLiteBehavior [ RunTime:0.000011s ]
INFO: [ app_init ] --END-- [ RunTime:0.000485s ]
INFO: [ app_begin ] --START--
INFO: Run Behavior\ReadHtmlCacheBehavior [ RunTime:0.000354s ]
INFO: [ app_begin ] --END-- [ RunTime:0.000397s ]
NOTIC: [2048] Declaration of Admin\Controller\CommonController::_arraySort() should be compatible with Common\Controller\CommonBaseController::_arraySort($arr, $keys, $type = 'asc') D:\www\online_team\www.taodianke.com\Application\Admin\Controller\CommonController.class.php 第 10 行.

[ 2017-12-24T11:58:15+08:00 ] 127.0.0.1 /Admin/index/test
INFO: [ app_init ] --START--
INFO: Run Behavior\BuildLiteBehavior [ RunTime:0.000019s ]
INFO: [ app_init ] --END-- [ RunTime:0.000407s ]
INFO: [ app_begin ] --START--
INFO: Run Behavior\ReadHtmlCacheBehavior [ RunTime:0.000783s ]
INFO: [ app_begin ] --END-- [ RunTime:0.000891s ]
NOTIC: [2048] Declaration of Admin\Controller\CommonController::_arraySort() should be compatible with Common\Controller\CommonBaseController::_arraySort($arr, $keys, $type = 'asc') D:\www\online_team\www.taodianke.com\Application\Admin\Controller\CommonController.class.php 第 10 行.

[ 2017-12-24T11:58:22+08:00 ] 127.0.0.1 /Admin/index/test
INFO: [ app_init ] --START--
INFO: Run Behavior\BuildLiteBehavior [ RunTime:0.000018s ]
INFO: [ app_init ] --END-- [ RunTime:0.000608s ]
INFO: [ app_begin ] --START--
INFO: Run Behavior\ReadHtmlCacheBehavior [ RunTime:0.000964s ]
INFO: [ app_begin ] --END-- [ RunTime:0.001078s ]
NOTIC: [2048] Declaration of Admin\Controller\CommonController::_arraySort() should be compatible with Common\Controller\CommonBaseController::_arraySort($arr, $keys, $type = 'asc') D:\www\online_team\www.taodianke.com\Application\Admin\Controller\CommonController.class.php 第 10 行.
INFO: [ app_end ] --START--
INFO: Run Behavior\ShowPageTraceBehavior [ RunTime:0.000548s ]
INFO: [ app_end ] --END-- [ RunTime:0.000601s ]

[ 2017-12-24T11:58:54+08:00 ] 127.0.0.1 /Admin/index/test
INFO: [ app_init ] --START--
INFO: Run Behavior\BuildLiteBehavior [ RunTime:0.000013s ]
INFO: [ app_init ] --END-- [ RunTime:0.000371s ]
INFO: [ app_begin ] --START--
INFO: Run Behavior\ReadHtmlCacheBehavior [ RunTime:0.000615s ]
INFO: [ app_begin ] --END-- [ RunTime:0.000694s ]
NOTIC: [2048] Declaration of Admin\Controller\CommonController::_arraySort() should be compatible with Common\Controller\CommonBaseController::_arraySort($arr, $keys, $type = 'asc') D:\www\online_team\www.taodianke.com\Application\Admin\Controller\CommonController.class.php 第 10 行.
INFO: [ app_end ] --START--
INFO: Run Behavior\ShowPageTraceBehavior [ RunTime:0.000593s ]
INFO: [ app_end ] --END-- [ RunTime:0.000652s ]

[ 2017-12-24T11:58:56+08:00 ] 127.0.0.1 /Admin/index/test
INFO: [ app_init ] --START--
INFO: Run Behavior\BuildLiteBehavior [ RunTime:0.000011s ]
INFO: [ app_init ] --END-- [ RunTime:0.000269s ]
INFO: [ app_begin ] --START--
INFO: Run Behavior\ReadHtmlCacheBehavior [ RunTime:0.000363s ]
INFO: [ app_begin ] --END-- [ RunTime:0.000433s ]
NOTIC: [2048] Declaration of Admin\Controller\CommonController::_arraySort() should be compatible with Common\Controller\CommonBaseController::_arraySort($arr, $keys, $type = 'asc') D:\www\online_team\www.taodianke.com\Application\Admin\Controller\CommonController.class.php 第 10 行.
INFO: [ app_end ] --START--
INFO: Run Behavior\ShowPageTraceBehavior [ RunTime:0.000488s ]
INFO: [ app_end ] --END-- [ RunTime:0.000546s ]

[ 2017-12-24T11:58:57+08:00 ] 127.0.0.1 /Admin/index/test
INFO: [ app_init ] --START--
INFO: Run Behavior\BuildLiteBehavior [ RunTime:0.000018s ]
INFO: [ app_init ] --END-- [ RunTime:0.000408s ]
INFO: [ app_begin ] --START--
INFO: Run Behavior\ReadHtmlCacheBehavior [ RunTime:0.000427s ]
INFO: [ app_begin ] --END-- [ RunTime:0.000489s ]
NOTIC: [2048] Declaration of Admin\Controller\CommonController::_arraySort() should be compatible with Common\Controller\CommonBaseController::_arraySort($arr, $keys, $type = 'asc') D:\www\online_team\www.taodianke.com\Application\Admin\Controller\CommonController.class.php 第 10 行.
INFO: [ app_end ] --START--
INFO: Run Behavior\ShowPageTraceBehavior [ RunTime:0.001405s ]
INFO: [ app_end ] --END-- [ RunTime:0.001564s ]

[ 2017-12-24T12:00:31+08:00 ] 127.0.0.1 /Admin/index/test
INFO: [ app_init ] --START--
INFO: Run Behavior\BuildLiteBehavior [ RunTime:0.000009s ]
INFO: [ app_init ] --END-- [ RunTime:0.000275s ]
INFO: [ app_begin ] --START--
INFO: Run Behavior\ReadHtmlCacheBehavior [ RunTime:0.000521s ]
INFO: [ app_begin ] --END-- [ RunTime:0.000587s ]
NOTIC: [2048] Declaration of Admin\Controller\CommonController::_arraySort() should be compatible with Common\Controller\CommonBaseController::_arraySort($arr, $keys, $type = 'asc') D:\www\online_team\www.taodianke.com\Application\Admin\Controller\CommonController.class.php 第 10 行.
INFO: [ app_end ] --START--
INFO: Run Behavior\ShowPageTraceBehavior [ RunTime:0.000578s ]
INFO: [ app_end ] --END-- [ RunTime:0.000665s ]

