[ 2018-05-05T15:29:49+08:00 ] 127.0.0.1 /Admin/TopLine/newItemsList.html
INFO: [ app_init ] --START--
INFO: Run Behavior\BuildLiteBehavior [ RunTime:0.000023s ]
INFO: [ app_init ] --END-- [ RunTime:0.001593s ]
INFO: [ app_begin ] --START--
INFO: Run Behavior\ReadHtmlCacheBehavior [ RunTime:0.001824s ]
INFO: [ app_begin ] --END-- [ RunTime:0.001917s ]
NOTIC: [2048] Declaration of Admin\Controller\CommonController::_arraySort() should be compatible with Common\Controller\CommonBaseController::_arraySort($arr, $keys, $type = 'asc') D:\www\online_team\www.taodianke.com\Application\Admin\Controller\CommonController.class.php 第 11 行.

[ 2018-05-05T15:29:49+08:00 ] 127.0.0.1 /Admin/Public/index.html
INFO: [ app_init ] --START--
INFO: Run Behavior\BuildLiteBehavior [ RunTime:0.000022s ]
INFO: [ app_init ] --END-- [ RunTime:0.000930s ]
INFO: [ app_begin ] --START--
INFO: Run Behavior\ReadHtmlCacheBehavior [ RunTime:0.001445s ]
INFO: [ app_begin ] --END-- [ RunTime:0.001535s ]
NOTIC: [2048] Declaration of Admin\Controller\CommonController::_arraySort() should be compatible with Common\Controller\CommonBaseController::_arraySort($arr, $keys, $type = 'asc') D:\www\online_team\www.taodianke.com\Application\Admin\Controller\CommonController.class.php 第 11 行.
NOTIC: [2048] Declaration of Admin\Controller\PublicController::logout() should be compatible with Admin\Controller\CommonController::logOut($result) D:\www\online_team\www.taodianke.com\Application\Admin\Controller\PublicController.class.php 第 8 行.
NOTIC: [8] Undefined index:  D:\www\online_team\www.taodianke.com\Application\Admin\Controller\CommonController.class.php 第 38 行.

[ 2018-05-05T15:29:50+08:00 ] 127.0.0.1 /Admin/Public/login.html
INFO: [ app_init ] --START--
INFO: Run Behavior\BuildLiteBehavior [ RunTime:0.000013s ]
INFO: [ app_init ] --END-- [ RunTime:0.000625s ]
INFO: [ app_begin ] --START--
INFO: Run Behavior\ReadHtmlCacheBehavior [ RunTime:0.001452s ]
INFO: [ app_begin ] --END-- [ RunTime:0.002160s ]
NOTIC: [2048] Declaration of Admin\Controller\CommonController::_arraySort() should be compatible with Common\Controller\CommonBaseController::_arraySort($arr, $keys, $type = 'asc') D:\www\online_team\www.taodianke.com\Application\Admin\Controller\CommonController.class.php 第 11 行.
NOTIC: [2048] Declaration of Admin\Controller\PublicController::logout() should be compatible with Admin\Controller\CommonController::logOut($result) D:\www\online_team\www.taodianke.com\Application\Admin\Controller\PublicController.class.php 第 8 行.
NOTIC: [8] Undefined index:  D:\www\online_team\www.taodianke.com\Application\Admin\Controller\CommonController.class.php 第 38 行.
INFO: [ view_parse ] --START--
INFO: [ template_filter ] --START--
INFO: Run Behavior\ContentReplaceBehavior [ RunTime:0.000125s ]
INFO: [ template_filter ] --END-- [ RunTime:0.000187s ]
NOTIC: [8] Undefined variable: error D:\www\online_team\www.taodianke.com\Application\Runtime\Cache\Admin\f49cdd4d12a292a7a26acfc7109ea2ab.php 第 44 行.
NOTIC: [8] Undefined variable: success D:\www\online_team\www.taodianke.com\Application\Runtime\Cache\Admin\f49cdd4d12a292a7a26acfc7109ea2ab.php 第 48 行.
INFO: Run Behavior\ParseTemplateBehavior [ RunTime:0.017371s ]
INFO: [ view_parse ] --END-- [ RunTime:0.017442s ]
INFO: [ view_filter ] --START--
INFO: Run Behavior\WriteHtmlCacheBehavior [ RunTime:0.001439s ]
INFO: [ view_filter ] --END-- [ RunTime:0.001496s ]
INFO: [ app_end ] --START--
INFO: Run Behavior\ShowPageTraceBehavior [ RunTime:0.002826s ]
INFO: [ app_end ] --END-- [ RunTime:0.002902s ]

[ 2018-05-05T15:29:54+08:00 ] 127.0.0.1 /Admin/Public/login.html
INFO: [ app_init ] --START--
INFO: Run Behavior\BuildLiteBehavior [ RunTime:0.000323s ]
INFO: [ app_init ] --END-- [ RunTime:0.001446s ]
INFO: [ app_begin ] --START--
INFO: Run Behavior\ReadHtmlCacheBehavior [ RunTime:0.001592s ]
INFO: [ app_begin ] --END-- [ RunTime:0.001703s ]
NOTIC: [2048] Declaration of Admin\Controller\CommonController::_arraySort() should be compatible with Common\Controller\CommonBaseController::_arraySort($arr, $keys, $type = 'asc') D:\www\online_team\www.taodianke.com\Application\Admin\Controller\CommonController.class.php 第 11 行.
NOTIC: [2048] Declaration of Admin\Controller\PublicController::logout() should be compatible with Admin\Controller\CommonController::logOut($result) D:\www\online_team\www.taodianke.com\Application\Admin\Controller\PublicController.class.php 第 8 行.
NOTIC: [8] Undefined index:  D:\www\online_team\www.taodianke.com\Application\Admin\Controller\CommonController.class.php 第 38 行.
NOTIC: [2] file_put_contents(/tmp/temai.log): failed to open stream: No such file or directory D:\www\online_team\www.taodianke.com\Application\Admin\Controller\PublicController.class.php 第 34 行.
SQL: SHOW COLUMNS FROM `ytt_tmuser` [ RunTime:0.0857s ]
SQL: SELECT `id`,`name`,`pid`,`sale_account_ids`,`top_line_account_ids`,`group_id` FROM `ytt_tmuser` WHERE `name` = 'daipingshan' AND `password` = 'a0df1932fb37930fb0ca5d9b82e7f58b' LIMIT 1   [ RunTime:0.0856s ]

[ 2018-05-05T15:29:54+08:00 ] 127.0.0.1 /Admin/Index/index.html
INFO: [ app_init ] --START--
INFO: Run Behavior\BuildLiteBehavior [ RunTime:0.000025s ]
INFO: [ app_init ] --END-- [ RunTime:0.000980s ]
INFO: [ app_begin ] --START--
INFO: Run Behavior\ReadHtmlCacheBehavior [ RunTime:0.001091s ]
INFO: [ app_begin ] --END-- [ RunTime:0.001155s ]
NOTIC: [2048] Declaration of Admin\Controller\CommonController::_arraySort() should be compatible with Common\Controller\CommonBaseController::_arraySort($arr, $keys, $type = 'asc') D:\www\online_team\www.taodianke.com\Application\Admin\Controller\CommonController.class.php 第 11 行.
SQL: SHOW COLUMNS FROM `ytt_illegal_article` [ RunTime:0.0880s ]
SQL: SELECT COUNT(*) AS tp_count FROM `ytt_illegal_article` LIMIT 1   [ RunTime:0.0852s ]
SQL: SELECT * FROM `ytt_illegal_article` ORDER BY id desc LIMIT 0,50   [ RunTime:0.0898s ]
INFO: [ view_parse ] --START--
INFO: [ template_filter ] --START--
INFO: Run Behavior\ContentReplaceBehavior [ RunTime:0.000093s ]
INFO: [ template_filter ] --END-- [ RunTime:0.000137s ]
NOTIC: [8] Undefined variable: user D:\www\online_team\www.taodianke.com\Application\Runtime\Cache\Admin\09262a5e25a9c944119ad09ddf7fbe92.php 第 52 行.
NOTIC: [8] Undefined variable: user D:\www\online_team\www.taodianke.com\Application\Runtime\Cache\Admin\09262a5e25a9c944119ad09ddf7fbe92.php 第 53 行.
NOTIC: [8] Undefined index: son_menu D:\www\online_team\www.taodianke.com\Application\Runtime\Cache\Admin\09262a5e25a9c944119ad09ddf7fbe92.php 第 87 行.
NOTIC: [8] Undefined index: son_menu D:\www\online_team\www.taodianke.com\Application\Runtime\Cache\Admin\09262a5e25a9c944119ad09ddf7fbe92.php 第 87 行.
INFO: Run Behavior\ParseTemplateBehavior [ RunTime:0.014648s ]
INFO: [ view_parse ] --END-- [ RunTime:0.014708s ]
INFO: [ view_filter ] --START--
INFO: Run Behavior\WriteHtmlCacheBehavior [ RunTime:0.001443s ]
INFO: [ view_filter ] --END-- [ RunTime:0.001514s ]
INFO: [ app_end ] --START--
INFO: Run Behavior\ShowPageTraceBehavior [ RunTime:0.001200s ]
INFO: [ app_end ] --END-- [ RunTime:0.001263s ]

[ 2018-05-05T15:29:58+08:00 ] 127.0.0.1 /Admin/TopLine/index.html
INFO: [ app_init ] --START--
INFO: Run Behavior\BuildLiteBehavior [ RunTime:0.000013s ]
INFO: [ app_init ] --END-- [ RunTime:0.000664s ]
INFO: [ app_begin ] --START--
INFO: Run Behavior\ReadHtmlCacheBehavior [ RunTime:0.001333s ]
INFO: [ app_begin ] --END-- [ RunTime:0.001418s ]
NOTIC: [2048] Declaration of Admin\Controller\CommonController::_arraySort() should be compatible with Common\Controller\CommonBaseController::_arraySort($arr, $keys, $type = 'asc') D:\www\online_team\www.taodianke.com\Application\Admin\Controller\CommonController.class.php 第 11 行.
SQL: SHOW COLUMNS FROM `ytt_top_line_account` [ RunTime:0.0864s ]
SQL: SELECT * FROM `ytt_top_line_account`  [ RunTime:0.0883s ]
INFO: [ view_parse ] --START--
INFO: [ template_filter ] --START--
INFO: Run Behavior\ContentReplaceBehavior [ RunTime:0.000244s ]
INFO: [ template_filter ] --END-- [ RunTime:0.000343s ]
NOTIC: [8] Undefined variable: user D:\www\online_team\www.taodianke.com\Application\Runtime\Cache\Admin\99b9e62c0ce4f9200a308a053412d1ce.php 第 52 行.
NOTIC: [8] Undefined variable: user D:\www\online_team\www.taodianke.com\Application\Runtime\Cache\Admin\99b9e62c0ce4f9200a308a053412d1ce.php 第 53 行.
NOTIC: [8] Undefined index: son_menu D:\www\online_team\www.taodianke.com\Application\Runtime\Cache\Admin\99b9e62c0ce4f9200a308a053412d1ce.php 第 87 行.
NOTIC: [8] Undefined index: son_menu D:\www\online_team\www.taodianke.com\Application\Runtime\Cache\Admin\99b9e62c0ce4f9200a308a053412d1ce.php 第 87 行.
NOTIC: [8] Undefined variable: error D:\www\online_team\www.taodianke.com\Application\Runtime\Cache\Admin\99b9e62c0ce4f9200a308a053412d1ce.php 第 109 行.
NOTIC: [8] Undefined variable: success D:\www\online_team\www.taodianke.com\Application\Runtime\Cache\Admin\99b9e62c0ce4f9200a308a053412d1ce.php 第 113 行.
INFO: Run Behavior\ParseTemplateBehavior [ RunTime:0.035328s ]
INFO: [ view_parse ] --END-- [ RunTime:0.035399s ]
INFO: [ view_filter ] --START--
INFO: Run Behavior\WriteHtmlCacheBehavior [ RunTime:0.001548s ]
INFO: [ view_filter ] --END-- [ RunTime:0.001677s ]
INFO: [ app_end ] --START--
INFO: Run Behavior\ShowPageTraceBehavior [ RunTime:0.001966s ]
INFO: [ app_end ] --END-- [ RunTime:0.002062s ]

[ 2018-05-05T15:30:07+08:00 ] 127.0.0.1 /Admin/Sale/index.html
INFO: [ app_init ] --START--
INFO: Run Behavior\BuildLiteBehavior [ RunTime:0.000014s ]
INFO: [ app_init ] --END-- [ RunTime:0.000688s ]
INFO: [ app_begin ] --START--
INFO: Run Behavior\ReadHtmlCacheBehavior [ RunTime:0.001025s ]
INFO: [ app_begin ] --END-- [ RunTime:0.001084s ]
NOTIC: [2048] Declaration of Admin\Controller\CommonController::_arraySort() should be compatible with Common\Controller\CommonBaseController::_arraySort($arr, $keys, $type = 'asc') D:\www\online_team\www.taodianke.com\Application\Admin\Controller\CommonController.class.php 第 11 行.
SQL: SHOW COLUMNS FROM `ytt_sale_account` [ RunTime:0.0926s ]
SQL: SELECT * FROM `ytt_sale_account`  [ RunTime:0.0902s ]
INFO: [ view_parse ] --START--
INFO: [ template_filter ] --START--
INFO: Run Behavior\ContentReplaceBehavior [ RunTime:0.000285s ]
INFO: [ template_filter ] --END-- [ RunTime:0.000370s ]
NOTIC: [8] Undefined variable: user D:\www\online_team\www.taodianke.com\Application\Runtime\Cache\Admin\965a390a989916e2be40332e2605dbde.php 第 52 行.
NOTIC: [8] Undefined variable: user D:\www\online_team\www.taodianke.com\Application\Runtime\Cache\Admin\965a390a989916e2be40332e2605dbde.php 第 53 行.
NOTIC: [8] Undefined index: son_menu D:\www\online_team\www.taodianke.com\Application\Runtime\Cache\Admin\965a390a989916e2be40332e2605dbde.php 第 87 行.
NOTIC: [8] Undefined index: son_menu D:\www\online_team\www.taodianke.com\Application\Runtime\Cache\Admin\965a390a989916e2be40332e2605dbde.php 第 87 行.
NOTIC: [8] Undefined variable: error D:\www\online_team\www.taodianke.com\Application\Runtime\Cache\Admin\965a390a989916e2be40332e2605dbde.php 第 109 行.
NOTIC: [8] Undefined variable: success D:\www\online_team\www.taodianke.com\Application\Runtime\Cache\Admin\965a390a989916e2be40332e2605dbde.php 第 113 行.
INFO: Run Behavior\ParseTemplateBehavior [ RunTime:0.043813s ]
INFO: [ view_parse ] --END-- [ RunTime:0.043942s ]
INFO: [ view_filter ] --START--
INFO: Run Behavior\WriteHtmlCacheBehavior [ RunTime:0.002352s ]
INFO: [ view_filter ] --END-- [ RunTime:0.002450s ]
INFO: [ app_end ] --START--
INFO: Run Behavior\ShowPageTraceBehavior [ RunTime:0.001340s ]
INFO: [ app_end ] --END-- [ RunTime:0.001455s ]

[ 2018-05-05T15:30:35+08:00 ] 127.0.0.1 /Admin/Sale/updateAccount.html
INFO: [ app_init ] --START--
INFO: Run Behavior\BuildLiteBehavior [ RunTime:0.000014s ]
INFO: [ app_init ] --END-- [ RunTime:0.000674s ]
INFO: [ app_begin ] --START--
INFO: Run Behavior\ReadHtmlCacheBehavior [ RunTime:0.001023s ]
INFO: [ app_begin ] --END-- [ RunTime:0.001076s ]
NOTIC: [2048] Declaration of Admin\Controller\CommonController::_arraySort() should be compatible with Common\Controller\CommonBaseController::_arraySort($arr, $keys, $type = 'asc') D:\www\online_team\www.taodianke.com\Application\Admin\Controller\CommonController.class.php 第 11 行.
SQL: SHOW COLUMNS FROM `ytt_sale_account` [ RunTime:0.1075s ]
SQL: UPDATE `ytt_sale_account` SET `username`='52时尚',`cookie`='PHPSESSID=80900i5lrt42iqk9dc5a3toth6; acw_tc=AQAAALjrfmJDTwQA8W+WPa33VPTnLpo2',`update_time`='1525505434' WHERE `id` = 1 [ RunTime:0.0941s ]
NOTIC: [2] unlink(D:\www\online_team\www.taodianke.com/Application/Runtime/Temp/4df910466d477895b5961c8b83adb555.php): No such file or directory D:\www\online_team\www.taodianke.com\framework\Library\Think\Cache\Driver\File.class.php 第 158 行.
NOTIC: [2] unlink(D:\www\online_team\www.taodianke.com/Application/Runtime/Temp/276dd243fed17b458eec3b30640c5737.php): No such file or directory D:\www\online_team\www.taodianke.com\framework\Library\Think\Cache\Driver\File.class.php 第 158 行.

[ 2018-05-05T15:30:39+08:00 ] 127.0.0.1 /Admin/Sale/index.html
INFO: [ app_init ] --START--
INFO: Run Behavior\BuildLiteBehavior [ RunTime:0.000020s ]
INFO: [ app_init ] --END-- [ RunTime:0.000899s ]
INFO: [ app_begin ] --START--
INFO: Run Behavior\ReadHtmlCacheBehavior [ RunTime:0.000976s ]
INFO: [ app_begin ] --END-- [ RunTime:0.001042s ]
NOTIC: [2048] Declaration of Admin\Controller\CommonController::_arraySort() should be compatible with Common\Controller\CommonBaseController::_arraySort($arr, $keys, $type = 'asc') D:\www\online_team\www.taodianke.com\Application\Admin\Controller\CommonController.class.php 第 11 行.
SQL: SHOW COLUMNS FROM `ytt_sale_account` [ RunTime:0.1130s ]
SQL: SELECT * FROM `ytt_sale_account`  [ RunTime:0.0946s ]
INFO: [ view_parse ] --START--
INFO: [ template_filter ] --START--
INFO: Run Behavior\ContentReplaceBehavior [ RunTime:0.000269s ]
INFO: [ template_filter ] --END-- [ RunTime:0.000357s ]
NOTIC: [8] Undefined variable: user D:\www\online_team\www.taodianke.com\Application\Runtime\Cache\Admin\965a390a989916e2be40332e2605dbde.php 第 52 行.
NOTIC: [8] Undefined variable: user D:\www\online_team\www.taodianke.com\Application\Runtime\Cache\Admin\965a390a989916e2be40332e2605dbde.php 第 53 行.
NOTIC: [8] Undefined index: son_menu D:\www\online_team\www.taodianke.com\Application\Runtime\Cache\Admin\965a390a989916e2be40332e2605dbde.php 第 87 行.
NOTIC: [8] Undefined index: son_menu D:\www\online_team\www.taodianke.com\Application\Runtime\Cache\Admin\965a390a989916e2be40332e2605dbde.php 第 87 行.
NOTIC: [8] Undefined variable: error D:\www\online_team\www.taodianke.com\Application\Runtime\Cache\Admin\965a390a989916e2be40332e2605dbde.php 第 109 行.
NOTIC: [8] Undefined variable: success D:\www\online_team\www.taodianke.com\Application\Runtime\Cache\Admin\965a390a989916e2be40332e2605dbde.php 第 113 行.
INFO: Run Behavior\ParseTemplateBehavior [ RunTime:0.044123s ]
INFO: [ view_parse ] --END-- [ RunTime:0.044223s ]
INFO: [ view_filter ] --START--
INFO: Run Behavior\WriteHtmlCacheBehavior [ RunTime:0.001405s ]
INFO: [ view_filter ] --END-- [ RunTime:0.001464s ]
INFO: [ app_end ] --START--
INFO: Run Behavior\ShowPageTraceBehavior [ RunTime:0.001696s ]
INFO: [ app_end ] --END-- [ RunTime:0.001765s ]

[ 2018-05-05T15:30:44+08:00 ] 127.0.0.1 /Admin/Sale/itemsList.html
INFO: [ app_init ] --START--
INFO: Run Behavior\BuildLiteBehavior [ RunTime:0.000022s ]
INFO: [ app_init ] --END-- [ RunTime:0.000887s ]
INFO: [ app_begin ] --START--
INFO: Run Behavior\ReadHtmlCacheBehavior [ RunTime:0.001227s ]
INFO: [ app_begin ] --END-- [ RunTime:0.001299s ]
NOTIC: [2048] Declaration of Admin\Controller\CommonController::_arraySort() should be compatible with Common\Controller\CommonBaseController::_arraySort($arr, $keys, $type = 'asc') D:\www\online_team\www.taodianke.com\Application\Admin\Controller\CommonController.class.php 第 11 行.
INFO: [ view_parse ] --START--
INFO: [ template_filter ] --START--
INFO: Run Behavior\ContentReplaceBehavior [ RunTime:0.000180s ]
INFO: [ template_filter ] --END-- [ RunTime:0.000227s ]
NOTIC: [8] Undefined variable: user D:\www\online_team\www.taodianke.com\Application\Runtime\Cache\Admin\a84dced89d5d71b09291dedb691d7c6d.php 第 52 行.
NOTIC: [8] Undefined variable: user D:\www\online_team\www.taodianke.com\Application\Runtime\Cache\Admin\a84dced89d5d71b09291dedb691d7c6d.php 第 53 行.
NOTIC: [8] Undefined index: son_menu D:\www\online_team\www.taodianke.com\Application\Runtime\Cache\Admin\a84dced89d5d71b09291dedb691d7c6d.php 第 87 行.
NOTIC: [8] Undefined index: son_menu D:\www\online_team\www.taodianke.com\Application\Runtime\Cache\Admin\a84dced89d5d71b09291dedb691d7c6d.php 第 87 行.
NOTIC: [8] Undefined variable: error D:\www\online_team\www.taodianke.com\Application\Runtime\Cache\Admin\a84dced89d5d71b09291dedb691d7c6d.php 第 119 行.
NOTIC: [8] Undefined variable: success D:\www\online_team\www.taodianke.com\Application\Runtime\Cache\Admin\a84dced89d5d71b09291dedb691d7c6d.php 第 123 行.
INFO: Run Behavior\ParseTemplateBehavior [ RunTime:0.029761s ]
INFO: [ view_parse ] --END-- [ RunTime:0.029826s ]
INFO: [ view_filter ] --START--
INFO: Run Behavior\WriteHtmlCacheBehavior [ RunTime:0.001038s ]
INFO: [ view_filter ] --END-- [ RunTime:0.001097s ]
INFO: [ app_end ] --START--
INFO: Run Behavior\ShowPageTraceBehavior [ RunTime:0.002159s ]
INFO: [ app_end ] --END-- [ RunTime:0.002254s ]

[ 2018-05-05T15:32:02+08:00 ] 127.0.0.1 /Admin/Sale/addItemCache.html
INFO: [ app_init ] --START--
INFO: Run Behavior\BuildLiteBehavior [ RunTime:0.000016s ]
INFO: [ app_init ] --END-- [ RunTime:0.000859s ]
INFO: [ app_begin ] --START--
INFO: Run Behavior\ReadHtmlCacheBehavior [ RunTime:0.001042s ]
INFO: [ app_begin ] --END-- [ RunTime:0.001112s ]
NOTIC: [2048] Declaration of Admin\Controller\CommonController::_arraySort() should be compatible with Common\Controller\CommonBaseController::_arraySort($arr, $keys, $type = 'asc') D:\www\online_team\www.taodianke.com\Application\Admin\Controller\CommonController.class.php 第 11 行.
SQL: SHOW COLUMNS FROM `ytt_sale_account` [ RunTime:0.0856s ]
SQL: SELECT `cookie` FROM `ytt_sale_account` WHERE `id` = 1 LIMIT 1   [ RunTime:0.0857s ]

[ 2018-05-05T15:32:07+08:00 ] 127.0.0.1 /Admin/Sale/itemsList.html
INFO: [ app_init ] --START--
INFO: Run Behavior\BuildLiteBehavior [ RunTime:0.000014s ]
INFO: [ app_init ] --END-- [ RunTime:0.000600s ]
INFO: [ app_begin ] --START--
INFO: Run Behavior\ReadHtmlCacheBehavior [ RunTime:0.001011s ]
INFO: [ app_begin ] --END-- [ RunTime:0.001075s ]
NOTIC: [2048] Declaration of Admin\Controller\CommonController::_arraySort() should be compatible with Common\Controller\CommonBaseController::_arraySort($arr, $keys, $type = 'asc') D:\www\online_team\www.taodianke.com\Application\Admin\Controller\CommonController.class.php 第 11 行.
INFO: [ view_parse ] --START--
INFO: [ template_filter ] --START--
INFO: Run Behavior\ContentReplaceBehavior [ RunTime:0.000231s ]
INFO: [ template_filter ] --END-- [ RunTime:0.000292s ]
NOTIC: [8] Undefined variable: user D:\www\online_team\www.taodianke.com\Application\Runtime\Cache\Admin\a84dced89d5d71b09291dedb691d7c6d.php 第 52 行.
NOTIC: [8] Undefined variable: user D:\www\online_team\www.taodianke.com\Application\Runtime\Cache\Admin\a84dced89d5d71b09291dedb691d7c6d.php 第 53 行.
NOTIC: [8] Undefined index: son_menu D:\www\online_team\www.taodianke.com\Application\Runtime\Cache\Admin\a84dced89d5d71b09291dedb691d7c6d.php 第 87 行.
NOTIC: [8] Undefined index: son_menu D:\www\online_team\www.taodianke.com\Application\Runtime\Cache\Admin\a84dced89d5d71b09291dedb691d7c6d.php 第 87 行.
NOTIC: [8] Undefined variable: error D:\www\online_team\www.taodianke.com\Application\Runtime\Cache\Admin\a84dced89d5d71b09291dedb691d7c6d.php 第 119 行.
NOTIC: [8] Undefined variable: success D:\www\online_team\www.taodianke.com\Application\Runtime\Cache\Admin\a84dced89d5d71b09291dedb691d7c6d.php 第 123 行.
INFO: Run Behavior\ParseTemplateBehavior [ RunTime:0.038970s ]
INFO: [ view_parse ] --END-- [ RunTime:0.039051s ]
INFO: [ view_filter ] --START--
INFO: Run Behavior\WriteHtmlCacheBehavior [ RunTime:0.001217s ]
INFO: [ view_filter ] --END-- [ RunTime:0.001288s ]
INFO: [ app_end ] --START--
INFO: Run Behavior\ShowPageTraceBehavior [ RunTime:0.001728s ]
INFO: [ app_end ] --END-- [ RunTime:0.001816s ]

[ 2018-05-05T15:32:10+08:00 ] 127.0.0.1 /Admin/Sale/cartList.html
INFO: [ app_init ] --START--
INFO: Run Behavior\BuildLiteBehavior [ RunTime:0.000026s ]
INFO: [ app_init ] --END-- [ RunTime:0.001064s ]
INFO: [ app_begin ] --START--
INFO: Run Behavior\ReadHtmlCacheBehavior [ RunTime:0.001859s ]
INFO: [ app_begin ] --END-- [ RunTime:0.001951s ]
NOTIC: [2048] Declaration of Admin\Controller\CommonController::_arraySort() should be compatible with Common\Controller\CommonBaseController::_arraySort($arr, $keys, $type = 'asc') D:\www\online_team\www.taodianke.com\Application\Admin\Controller\CommonController.class.php 第 11 行.
INFO: [ view_parse ] --START--
INFO: [ template_filter ] --START--
INFO: Run Behavior\ContentReplaceBehavior [ RunTime:0.000193s ]
INFO: [ template_filter ] --END-- [ RunTime:0.000245s ]
INFO: Run Behavior\ParseTemplateBehavior [ RunTime:0.017022s ]
INFO: [ view_parse ] --END-- [ RunTime:0.017069s ]
INFO: [ view_filter ] --START--
INFO: Run Behavior\WriteHtmlCacheBehavior [ RunTime:0.000775s ]
INFO: [ view_filter ] --END-- [ RunTime:0.000808s ]
INFO: [ app_end ] --START--
INFO: Run Behavior\ShowPageTraceBehavior [ RunTime:0.000967s ]
INFO: [ app_end ] --END-- [ RunTime:0.001008s ]

[ 2018-05-05T15:33:47+08:00 ] 127.0.0.1 /Admin/Sale/addItemCache.html
INFO: [ app_init ] --START--
INFO: Run Behavior\BuildLiteBehavior [ RunTime:0.000020s ]
INFO: [ app_init ] --END-- [ RunTime:0.000668s ]
INFO: [ app_begin ] --START--
INFO: Run Behavior\ReadHtmlCacheBehavior [ RunTime:0.000922s ]
INFO: [ app_begin ] --END-- [ RunTime:0.000983s ]
NOTIC: [2048] Declaration of Admin\Controller\CommonController::_arraySort() should be compatible with Common\Controller\CommonBaseController::_arraySort($arr, $keys, $type = 'asc') D:\www\online_team\www.taodianke.com\Application\Admin\Controller\CommonController.class.php 第 11 行.

[ 2018-05-05T15:43:29+08:00 ] 127.0.0.1 /Admin/Sale/itemsList.html
INFO: [ app_init ] --START--
INFO: Run Behavior\BuildLiteBehavior [ RunTime:0.000028s ]
INFO: [ app_init ] --END-- [ RunTime:0.001302s ]
INFO: [ app_begin ] --START--
INFO: Run Behavior\ReadHtmlCacheBehavior [ RunTime:0.001476s ]
INFO: [ app_begin ] --END-- [ RunTime:0.001563s ]
NOTIC: [2048] Declaration of Admin\Controller\CommonController::_arraySort() should be compatible with Common\Controller\CommonBaseController::_arraySort($arr, $keys, $type = 'asc') D:\www\online_team\www.taodianke.com\Application\Admin\Controller\CommonController.class.php 第 11 行.

[ 2018-05-05T15:46:44+08:00 ] 127.0.0.1 /Admin/Sale/itemsList.html
INFO: [ app_init ] --START--
INFO: Run Behavior\BuildLiteBehavior [ RunTime:0.000020s ]
INFO: [ app_init ] --END-- [ RunTime:0.000647s ]
INFO: [ app_begin ] --START--
INFO: Run Behavior\ReadHtmlCacheBehavior [ RunTime:0.001108s ]
INFO: [ app_begin ] --END-- [ RunTime:0.001173s ]
NOTIC: [2048] Declaration of Admin\Controller\CommonController::_arraySort() should be compatible with Common\Controller\CommonBaseController::_arraySort($arr, $keys, $type = 'asc') D:\www\online_team\www.taodianke.com\Application\Admin\Controller\CommonController.class.php 第 11 行.

[ 2018-05-05T15:47:03+08:00 ] 127.0.0.1 /Admin/Sale/itemsList.html
INFO: [ app_init ] --START--
INFO: Run Behavior\BuildLiteBehavior [ RunTime:0.000024s ]
INFO: [ app_init ] --END-- [ RunTime:0.001062s ]
INFO: [ app_begin ] --START--
INFO: Run Behavior\ReadHtmlCacheBehavior [ RunTime:0.001028s ]
INFO: [ app_begin ] --END-- [ RunTime:0.001099s ]
NOTIC: [2048] Declaration of Admin\Controller\CommonController::_arraySort() should be compatible with Common\Controller\CommonBaseController::_arraySort($arr, $keys, $type = 'asc') D:\www\online_team\www.taodianke.com\Application\Admin\Controller\CommonController.class.php 第 11 行.

[ 2018-05-05T15:47:11+08:00 ] 127.0.0.1 /Admin/Sale/itemsList.html
INFO: [ app_init ] --START--
INFO: Run Behavior\BuildLiteBehavior [ RunTime:0.000013s ]
INFO: [ app_init ] --END-- [ RunTime:0.000710s ]
INFO: [ app_begin ] --START--
INFO: Run Behavior\ReadHtmlCacheBehavior [ RunTime:0.001057s ]
INFO: [ app_begin ] --END-- [ RunTime:0.001126s ]
NOTIC: [2048] Declaration of Admin\Controller\CommonController::_arraySort() should be compatible with Common\Controller\CommonBaseController::_arraySort($arr, $keys, $type = 'asc') D:\www\online_team\www.taodianke.com\Application\Admin\Controller\CommonController.class.php 第 11 行.
INFO: [ view_parse ] --START--
INFO: [ template_filter ] --START--
INFO: Run Behavior\ContentReplaceBehavior [ RunTime:0.000266s ]
INFO: [ template_filter ] --END-- [ RunTime:0.000335s ]
NOTIC: [8] Undefined variable: user D:\www\online_team\www.taodianke.com\Application\Runtime\Cache\Admin\a84dced89d5d71b09291dedb691d7c6d.php 第 52 行.
NOTIC: [8] Undefined variable: user D:\www\online_team\www.taodianke.com\Application\Runtime\Cache\Admin\a84dced89d5d71b09291dedb691d7c6d.php 第 53 行.
NOTIC: [8] Undefined index: son_menu D:\www\online_team\www.taodianke.com\Application\Runtime\Cache\Admin\a84dced89d5d71b09291dedb691d7c6d.php 第 87 行.
NOTIC: [8] Undefined index: son_menu D:\www\online_team\www.taodianke.com\Application\Runtime\Cache\Admin\a84dced89d5d71b09291dedb691d7c6d.php 第 87 行.
NOTIC: [8] Undefined variable: error D:\www\online_team\www.taodianke.com\Application\Runtime\Cache\Admin\a84dced89d5d71b09291dedb691d7c6d.php 第 119 行.
NOTIC: [8] Undefined variable: success D:\www\online_team\www.taodianke.com\Application\Runtime\Cache\Admin\a84dced89d5d71b09291dedb691d7c6d.php 第 123 行.
INFO: Run Behavior\ParseTemplateBehavior [ RunTime:0.032168s ]
INFO: [ view_parse ] --END-- [ RunTime:0.032264s ]
INFO: [ view_filter ] --START--
INFO: Run Behavior\WriteHtmlCacheBehavior [ RunTime:0.000974s ]
INFO: [ view_filter ] --END-- [ RunTime:0.001017s ]
INFO: [ app_end ] --START--
INFO: Run Behavior\ShowPageTraceBehavior [ RunTime:0.001617s ]
INFO: [ app_end ] --END-- [ RunTime:0.001706s ]

[ 2018-05-05T15:47:15+08:00 ] 127.0.0.1 /Admin/Sale/addItemCache.html
INFO: [ app_init ] --START--
INFO: Run Behavior\BuildLiteBehavior [ RunTime:0.000016s ]
INFO: [ app_init ] --END-- [ RunTime:0.000668s ]
INFO: [ app_begin ] --START--
INFO: Run Behavior\ReadHtmlCacheBehavior [ RunTime:0.000995s ]
INFO: [ app_begin ] --END-- [ RunTime:0.001065s ]
NOTIC: [2048] Declaration of Admin\Controller\CommonController::_arraySort() should be compatible with Common\Controller\CommonBaseController::_arraySort($arr, $keys, $type = 'asc') D:\www\online_team\www.taodianke.com\Application\Admin\Controller\CommonController.class.php 第 11 行.

[ 2018-05-05T15:47:24+08:00 ] 127.0.0.1 /Admin/Sale/addItemCache.html
INFO: [ app_init ] --START--
INFO: Run Behavior\BuildLiteBehavior [ RunTime:0.000013s ]
INFO: [ app_init ] --END-- [ RunTime:0.000597s ]
INFO: [ app_begin ] --START--
INFO: Run Behavior\ReadHtmlCacheBehavior [ RunTime:0.000986s ]
INFO: [ app_begin ] --END-- [ RunTime:0.001069s ]
NOTIC: [2048] Declaration of Admin\Controller\CommonController::_arraySort() should be compatible with Common\Controller\CommonBaseController::_arraySort($arr, $keys, $type = 'asc') D:\www\online_team\www.taodianke.com\Application\Admin\Controller\CommonController.class.php 第 11 行.

