[ 2018-04-11T09:13:57+08:00 ] 127.0.0.1 /Admin/TopLineArticle/test
INFO: [ app_init ] --START--
INFO: Run Behavior\BuildLiteBehavior [ RunTime:0.000016s ]
INFO: [ app_init ] --END-- [ RunTime:0.002048s ]
INFO: [ app_begin ] --START--
INFO: Run Behavior\ReadHtmlCacheBehavior [ RunTime:0.001635s ]
INFO: [ app_begin ] --END-- [ RunTime:0.001726s ]
NOTIC: [2048] Declaration of Admin\Controller\CommonController::_arraySort() should be compatible with Common\Controller\CommonBaseController::_arraySort($arr, $keys, $type = 'asc') D:\www\online_team\www.taodianke.com\Application\Admin\Controller\CommonController.class.php 第 11 行.
NOTIC: [8] Undefined index:  D:\www\online_team\www.taodianke.com\Application\Admin\Controller\CommonController.class.php 第 38 行.
INFO: [ app_end ] --START--
INFO: Run Behavior\ShowPageTraceBehavior [ RunTime:0.002992s ]
INFO: [ app_end ] --END-- [ RunTime:0.003174s ]

[ 2018-04-11T09:14:00+08:00 ] 127.0.0.1 /Admin/TopLineArticle/test
INFO: [ app_init ] --START--
INFO: Run Behavior\BuildLiteBehavior [ RunTime:0.000013s ]
INFO: [ app_init ] --END-- [ RunTime:0.000561s ]
INFO: [ app_begin ] --START--
INFO: Run Behavior\ReadHtmlCacheBehavior [ RunTime:0.000645s ]
INFO: [ app_begin ] --END-- [ RunTime:0.000697s ]
NOTIC: [2048] Declaration of Admin\Controller\CommonController::_arraySort() should be compatible with Common\Controller\CommonBaseController::_arraySort($arr, $keys, $type = 'asc') D:\www\online_team\www.taodianke.com\Application\Admin\Controller\CommonController.class.php 第 11 行.
NOTIC: [8] Undefined index:  D:\www\online_team\www.taodianke.com\Application\Admin\Controller\CommonController.class.php 第 38 行.
INFO: [ app_end ] --START--
INFO: Run Behavior\ShowPageTraceBehavior [ RunTime:0.000818s ]
INFO: [ app_end ] --END-- [ RunTime:0.000881s ]

[ 2018-04-11T09:39:03+08:00 ] 127.0.0.1 /Admin/TopLineArticle/test
INFO: [ app_init ] --START--
INFO: Run Behavior\BuildLiteBehavior [ RunTime:0.000013s ]
INFO: [ app_init ] --END-- [ RunTime:0.000597s ]
INFO: [ app_begin ] --START--
INFO: Run Behavior\ReadHtmlCacheBehavior [ RunTime:0.001046s ]
INFO: [ app_begin ] --END-- [ RunTime:0.001127s ]
NOTIC: [2048] Declaration of Admin\Controller\CommonController::_arraySort() should be compatible with Common\Controller\CommonBaseController::_arraySort($arr, $keys, $type = 'asc') D:\www\online_team\www.taodianke.com\Application\Admin\Controller\CommonController.class.php 第 11 行.
NOTIC: [8] Undefined index:  D:\www\online_team\www.taodianke.com\Application\Admin\Controller\CommonController.class.php 第 38 行.
INFO: [ app_end ] --START--
INFO: Run Behavior\ShowPageTraceBehavior [ RunTime:0.003716s ]
INFO: [ app_end ] --END-- [ RunTime:0.003969s ]

[ 2018-04-11T09:44:01+08:00 ] 127.0.0.1 /Admin/TopLineArticle/test
INFO: [ app_init ] --START--
INFO: Run Behavior\BuildLiteBehavior [ RunTime:0.000024s ]
INFO: [ app_init ] --END-- [ RunTime:0.001239s ]
INFO: [ app_begin ] --START--
INFO: Run Behavior\ReadHtmlCacheBehavior [ RunTime:0.001055s ]
INFO: [ app_begin ] --END-- [ RunTime:0.001130s ]
NOTIC: [2048] Declaration of Admin\Controller\CommonController::_arraySort() should be compatible with Common\Controller\CommonBaseController::_arraySort($arr, $keys, $type = 'asc') D:\www\online_team\www.taodianke.com\Application\Admin\Controller\CommonController.class.php 第 11 行.
NOTIC: [8] Undefined index:  D:\www\online_team\www.taodianke.com\Application\Admin\Controller\CommonController.class.php 第 38 行.
INFO: [ app_end ] --START--
INFO: Run Behavior\ShowPageTraceBehavior [ RunTime:0.002788s ]
INFO: [ app_end ] --END-- [ RunTime:0.002941s ]

[ 2018-04-11T09:44:03+08:00 ] 127.0.0.1 /Admin/TopLineArticle/test
INFO: [ app_init ] --START--
INFO: Run Behavior\BuildLiteBehavior [ RunTime:0.000014s ]
INFO: [ app_init ] --END-- [ RunTime:0.000540s ]
INFO: [ app_begin ] --START--
INFO: Run Behavior\ReadHtmlCacheBehavior [ RunTime:0.000927s ]
INFO: [ app_begin ] --END-- [ RunTime:0.001012s ]
NOTIC: [2048] Declaration of Admin\Controller\CommonController::_arraySort() should be compatible with Common\Controller\CommonBaseController::_arraySort($arr, $keys, $type = 'asc') D:\www\online_team\www.taodianke.com\Application\Admin\Controller\CommonController.class.php 第 11 行.
NOTIC: [8] Undefined index:  D:\www\online_team\www.taodianke.com\Application\Admin\Controller\CommonController.class.php 第 38 行.
INFO: [ app_end ] --START--
INFO: Run Behavior\ShowPageTraceBehavior [ RunTime:0.000981s ]
INFO: [ app_end ] --END-- [ RunTime:0.001062s ]

[ 2018-04-11T09:44:04+08:00 ] 127.0.0.1 /Admin/TopLineArticle/test
INFO: [ app_init ] --START--
INFO: Run Behavior\BuildLiteBehavior [ RunTime:0.000013s ]
INFO: [ app_init ] --END-- [ RunTime:0.000545s ]
INFO: [ app_begin ] --START--
INFO: Run Behavior\ReadHtmlCacheBehavior [ RunTime:0.000943s ]
INFO: [ app_begin ] --END-- [ RunTime:0.001015s ]
NOTIC: [2048] Declaration of Admin\Controller\CommonController::_arraySort() should be compatible with Common\Controller\CommonBaseController::_arraySort($arr, $keys, $type = 'asc') D:\www\online_team\www.taodianke.com\Application\Admin\Controller\CommonController.class.php 第 11 行.
NOTIC: [8] Undefined index:  D:\www\online_team\www.taodianke.com\Application\Admin\Controller\CommonController.class.php 第 38 行.
INFO: [ app_end ] --START--
INFO: Run Behavior\ShowPageTraceBehavior [ RunTime:0.000782s ]
INFO: [ app_end ] --END-- [ RunTime:0.000833s ]

[ 2018-04-11T09:44:05+08:00 ] 127.0.0.1 /Admin/TopLineArticle/test
INFO: [ app_init ] --START--
INFO: Run Behavior\BuildLiteBehavior [ RunTime:0.000013s ]
INFO: [ app_init ] --END-- [ RunTime:0.000495s ]
INFO: [ app_begin ] --START--
INFO: Run Behavior\ReadHtmlCacheBehavior [ RunTime:0.000641s ]
INFO: [ app_begin ] --END-- [ RunTime:0.000693s ]
NOTIC: [2048] Declaration of Admin\Controller\CommonController::_arraySort() should be compatible with Common\Controller\CommonBaseController::_arraySort($arr, $keys, $type = 'asc') D:\www\online_team\www.taodianke.com\Application\Admin\Controller\CommonController.class.php 第 11 行.
NOTIC: [8] Undefined index:  D:\www\online_team\www.taodianke.com\Application\Admin\Controller\CommonController.class.php 第 38 行.
INFO: [ app_end ] --START--
INFO: Run Behavior\ShowPageTraceBehavior [ RunTime:0.000665s ]
INFO: [ app_end ] --END-- [ RunTime:0.000713s ]

[ 2018-04-11T09:44:21+08:00 ] 127.0.0.1 /Admin/TopLineArticle/test
INFO: [ app_init ] --START--
INFO: Run Behavior\BuildLiteBehavior [ RunTime:0.000013s ]
INFO: [ app_init ] --END-- [ RunTime:0.000537s ]
INFO: [ app_begin ] --START--
INFO: Run Behavior\ReadHtmlCacheBehavior [ RunTime:0.000666s ]
INFO: [ app_begin ] --END-- [ RunTime:0.000726s ]
NOTIC: [2048] Declaration of Admin\Controller\CommonController::_arraySort() should be compatible with Common\Controller\CommonBaseController::_arraySort($arr, $keys, $type = 'asc') D:\www\online_team\www.taodianke.com\Application\Admin\Controller\CommonController.class.php 第 11 行.
NOTIC: [8] Undefined index:  D:\www\online_team\www.taodianke.com\Application\Admin\Controller\CommonController.class.php 第 38 行.
INFO: [ app_end ] --START--
INFO: Run Behavior\ShowPageTraceBehavior [ RunTime:0.000698s ]
INFO: [ app_end ] --END-- [ RunTime:0.000749s ]

[ 2018-04-11T09:44:22+08:00 ] 127.0.0.1 /Admin/TopLineArticle/test
INFO: [ app_init ] --START--
INFO: Run Behavior\BuildLiteBehavior [ RunTime:0.000013s ]
INFO: [ app_init ] --END-- [ RunTime:0.000531s ]
INFO: [ app_begin ] --START--
INFO: Run Behavior\ReadHtmlCacheBehavior [ RunTime:0.000620s ]
INFO: [ app_begin ] --END-- [ RunTime:0.000673s ]
NOTIC: [2048] Declaration of Admin\Controller\CommonController::_arraySort() should be compatible with Common\Controller\CommonBaseController::_arraySort($arr, $keys, $type = 'asc') D:\www\online_team\www.taodianke.com\Application\Admin\Controller\CommonController.class.php 第 11 行.
NOTIC: [8] Undefined index:  D:\www\online_team\www.taodianke.com\Application\Admin\Controller\CommonController.class.php 第 38 行.
INFO: [ app_end ] --START--
INFO: Run Behavior\ShowPageTraceBehavior [ RunTime:0.000922s ]
INFO: [ app_end ] --END-- [ RunTime:0.000988s ]

[ 2018-04-11T09:44:23+08:00 ] 127.0.0.1 /Admin/TopLineArticle/test
INFO: [ app_init ] --START--
INFO: Run Behavior\BuildLiteBehavior [ RunTime:0.000012s ]
INFO: [ app_init ] --END-- [ RunTime:0.000509s ]
INFO: [ app_begin ] --START--
INFO: Run Behavior\ReadHtmlCacheBehavior [ RunTime:0.000691s ]
INFO: [ app_begin ] --END-- [ RunTime:0.000759s ]
NOTIC: [2048] Declaration of Admin\Controller\CommonController::_arraySort() should be compatible with Common\Controller\CommonBaseController::_arraySort($arr, $keys, $type = 'asc') D:\www\online_team\www.taodianke.com\Application\Admin\Controller\CommonController.class.php 第 11 行.
NOTIC: [8] Undefined index:  D:\www\online_team\www.taodianke.com\Application\Admin\Controller\CommonController.class.php 第 38 行.
INFO: [ app_end ] --START--
INFO: Run Behavior\ShowPageTraceBehavior [ RunTime:0.000677s ]
INFO: [ app_end ] --END-- [ RunTime:0.000723s ]

[ 2018-04-11T09:44:23+08:00 ] 127.0.0.1 /Admin/TopLineArticle/test
INFO: [ app_init ] --START--
INFO: Run Behavior\BuildLiteBehavior [ RunTime:0.000023s ]
INFO: [ app_init ] --END-- [ RunTime:0.000714s ]
INFO: [ app_begin ] --START--
INFO: Run Behavior\ReadHtmlCacheBehavior [ RunTime:0.000610s ]
INFO: [ app_begin ] --END-- [ RunTime:0.000660s ]
NOTIC: [2048] Declaration of Admin\Controller\CommonController::_arraySort() should be compatible with Common\Controller\CommonBaseController::_arraySort($arr, $keys, $type = 'asc') D:\www\online_team\www.taodianke.com\Application\Admin\Controller\CommonController.class.php 第 11 行.
NOTIC: [8] Undefined index:  D:\www\online_team\www.taodianke.com\Application\Admin\Controller\CommonController.class.php 第 38 行.
INFO: [ app_end ] --START--
INFO: Run Behavior\ShowPageTraceBehavior [ RunTime:0.001115s ]
INFO: [ app_end ] --END-- [ RunTime:0.001203s ]

[ 2018-04-11T09:44:24+08:00 ] 127.0.0.1 /Admin/TopLineArticle/test
INFO: [ app_init ] --START--
INFO: Run Behavior\BuildLiteBehavior [ RunTime:0.000014s ]
INFO: [ app_init ] --END-- [ RunTime:0.000537s ]
INFO: [ app_begin ] --START--
INFO: Run Behavior\ReadHtmlCacheBehavior [ RunTime:0.000656s ]
INFO: [ app_begin ] --END-- [ RunTime:0.000708s ]
NOTIC: [2048] Declaration of Admin\Controller\CommonController::_arraySort() should be compatible with Common\Controller\CommonBaseController::_arraySort($arr, $keys, $type = 'asc') D:\www\online_team\www.taodianke.com\Application\Admin\Controller\CommonController.class.php 第 11 行.
NOTIC: [8] Undefined index:  D:\www\online_team\www.taodianke.com\Application\Admin\Controller\CommonController.class.php 第 38 行.
INFO: [ app_end ] --START--
INFO: Run Behavior\ShowPageTraceBehavior [ RunTime:0.001087s ]
INFO: [ app_end ] --END-- [ RunTime:0.001170s ]

[ 2018-04-11T09:44:24+08:00 ] 127.0.0.1 /Admin/TopLineArticle/test
INFO: [ app_init ] --START--
INFO: Run Behavior\BuildLiteBehavior [ RunTime:0.000014s ]
INFO: [ app_init ] --END-- [ RunTime:0.000551s ]
INFO: [ app_begin ] --START--
INFO: Run Behavior\ReadHtmlCacheBehavior [ RunTime:0.001234s ]
INFO: [ app_begin ] --END-- [ RunTime:0.001342s ]
NOTIC: [2048] Declaration of Admin\Controller\CommonController::_arraySort() should be compatible with Common\Controller\CommonBaseController::_arraySort($arr, $keys, $type = 'asc') D:\www\online_team\www.taodianke.com\Application\Admin\Controller\CommonController.class.php 第 11 行.
NOTIC: [8] Undefined index:  D:\www\online_team\www.taodianke.com\Application\Admin\Controller\CommonController.class.php 第 38 行.
INFO: [ app_end ] --START--
INFO: Run Behavior\ShowPageTraceBehavior [ RunTime:0.000950s ]
INFO: [ app_end ] --END-- [ RunTime:0.001014s ]

[ 2018-04-11T09:44:24+08:00 ] 127.0.0.1 /Admin/TopLineArticle/test
INFO: [ app_init ] --START--
INFO: Run Behavior\BuildLiteBehavior [ RunTime:0.000017s ]
INFO: [ app_init ] --END-- [ RunTime:0.000786s ]
INFO: [ app_begin ] --START--
INFO: Run Behavior\ReadHtmlCacheBehavior [ RunTime:0.000600s ]
INFO: [ app_begin ] --END-- [ RunTime:0.000649s ]
NOTIC: [2048] Declaration of Admin\Controller\CommonController::_arraySort() should be compatible with Common\Controller\CommonBaseController::_arraySort($arr, $keys, $type = 'asc') D:\www\online_team\www.taodianke.com\Application\Admin\Controller\CommonController.class.php 第 11 行.
NOTIC: [8] Undefined index:  D:\www\online_team\www.taodianke.com\Application\Admin\Controller\CommonController.class.php 第 38 行.
INFO: [ app_end ] --START--
INFO: Run Behavior\ShowPageTraceBehavior [ RunTime:0.000675s ]
INFO: [ app_end ] --END-- [ RunTime:0.000718s ]

[ 2018-04-11T09:44:25+08:00 ] 127.0.0.1 /Admin/TopLineArticle/test
INFO: [ app_init ] --START--
INFO: Run Behavior\BuildLiteBehavior [ RunTime:0.000027s ]
INFO: [ app_init ] --END-- [ RunTime:0.000779s ]
INFO: [ app_begin ] --START--
INFO: Run Behavior\ReadHtmlCacheBehavior [ RunTime:0.000719s ]
INFO: [ app_begin ] --END-- [ RunTime:0.000773s ]
NOTIC: [2048] Declaration of Admin\Controller\CommonController::_arraySort() should be compatible with Common\Controller\CommonBaseController::_arraySort($arr, $keys, $type = 'asc') D:\www\online_team\www.taodianke.com\Application\Admin\Controller\CommonController.class.php 第 11 行.
NOTIC: [8] Undefined index:  D:\www\online_team\www.taodianke.com\Application\Admin\Controller\CommonController.class.php 第 38 行.
INFO: [ app_end ] --START--
INFO: Run Behavior\ShowPageTraceBehavior [ RunTime:0.000806s ]
INFO: [ app_end ] --END-- [ RunTime:0.000854s ]

[ 2018-04-11T09:44:25+08:00 ] 127.0.0.1 /Admin/TopLineArticle/test
INFO: [ app_init ] --START--
INFO: Run Behavior\BuildLiteBehavior [ RunTime:0.000015s ]
INFO: [ app_init ] --END-- [ RunTime:0.000593s ]
INFO: [ app_begin ] --START--
INFO: Run Behavior\ReadHtmlCacheBehavior [ RunTime:0.000836s ]
INFO: [ app_begin ] --END-- [ RunTime:0.000903s ]
NOTIC: [2048] Declaration of Admin\Controller\CommonController::_arraySort() should be compatible with Common\Controller\CommonBaseController::_arraySort($arr, $keys, $type = 'asc') D:\www\online_team\www.taodianke.com\Application\Admin\Controller\CommonController.class.php 第 11 行.
NOTIC: [8] Undefined index:  D:\www\online_team\www.taodianke.com\Application\Admin\Controller\CommonController.class.php 第 38 行.
INFO: [ app_end ] --START--
INFO: Run Behavior\ShowPageTraceBehavior [ RunTime:0.001226s ]
INFO: [ app_end ] --END-- [ RunTime:0.001321s ]

[ 2018-04-11T09:44:25+08:00 ] 127.0.0.1 /Admin/TopLineArticle/test
INFO: [ app_init ] --START--
INFO: Run Behavior\BuildLiteBehavior [ RunTime:0.000012s ]
INFO: [ app_init ] --END-- [ RunTime:0.000599s ]
INFO: [ app_begin ] --START--
INFO: Run Behavior\ReadHtmlCacheBehavior [ RunTime:0.000831s ]
INFO: [ app_begin ] --END-- [ RunTime:0.000899s ]
NOTIC: [2048] Declaration of Admin\Controller\CommonController::_arraySort() should be compatible with Common\Controller\CommonBaseController::_arraySort($arr, $keys, $type = 'asc') D:\www\online_team\www.taodianke.com\Application\Admin\Controller\CommonController.class.php 第 11 行.
NOTIC: [8] Undefined index:  D:\www\online_team\www.taodianke.com\Application\Admin\Controller\CommonController.class.php 第 38 行.
INFO: [ app_end ] --START--
INFO: Run Behavior\ShowPageTraceBehavior [ RunTime:0.000905s ]
INFO: [ app_end ] --END-- [ RunTime:0.000971s ]

[ 2018-04-11T09:44:25+08:00 ] 127.0.0.1 /Admin/TopLineArticle/test
INFO: [ app_init ] --START--
INFO: Run Behavior\BuildLiteBehavior [ RunTime:0.000014s ]
INFO: [ app_init ] --END-- [ RunTime:0.000676s ]
INFO: [ app_begin ] --START--
INFO: Run Behavior\ReadHtmlCacheBehavior [ RunTime:0.000606s ]
INFO: [ app_begin ] --END-- [ RunTime:0.000656s ]
NOTIC: [2048] Declaration of Admin\Controller\CommonController::_arraySort() should be compatible with Common\Controller\CommonBaseController::_arraySort($arr, $keys, $type = 'asc') D:\www\online_team\www.taodianke.com\Application\Admin\Controller\CommonController.class.php 第 11 行.
NOTIC: [8] Undefined index:  D:\www\online_team\www.taodianke.com\Application\Admin\Controller\CommonController.class.php 第 38 行.
INFO: [ app_end ] --START--
INFO: Run Behavior\ShowPageTraceBehavior [ RunTime:0.000768s ]
INFO: [ app_end ] --END-- [ RunTime:0.000818s ]

[ 2018-04-11T09:44:25+08:00 ] 127.0.0.1 /Admin/TopLineArticle/test
INFO: [ app_init ] --START--
INFO: Run Behavior\BuildLiteBehavior [ RunTime:0.000018s ]
INFO: [ app_init ] --END-- [ RunTime:0.000501s ]
INFO: [ app_begin ] --START--
INFO: Run Behavior\ReadHtmlCacheBehavior [ RunTime:0.000606s ]
INFO: [ app_begin ] --END-- [ RunTime:0.000660s ]
NOTIC: [2048] Declaration of Admin\Controller\CommonController::_arraySort() should be compatible with Common\Controller\CommonBaseController::_arraySort($arr, $keys, $type = 'asc') D:\www\online_team\www.taodianke.com\Application\Admin\Controller\CommonController.class.php 第 11 行.
NOTIC: [8] Undefined index:  D:\www\online_team\www.taodianke.com\Application\Admin\Controller\CommonController.class.php 第 38 行.
INFO: [ app_end ] --START--
INFO: Run Behavior\ShowPageTraceBehavior [ RunTime:0.000993s ]
INFO: [ app_end ] --END-- [ RunTime:0.001070s ]

[ 2018-04-11T09:44:26+08:00 ] 127.0.0.1 /Admin/TopLineArticle/test
INFO: [ app_init ] --START--
INFO: Run Behavior\BuildLiteBehavior [ RunTime:0.000012s ]
INFO: [ app_init ] --END-- [ RunTime:0.000508s ]
INFO: [ app_begin ] --START--
INFO: Run Behavior\ReadHtmlCacheBehavior [ RunTime:0.001021s ]
INFO: [ app_begin ] --END-- [ RunTime:0.001111s ]
NOTIC: [2048] Declaration of Admin\Controller\CommonController::_arraySort() should be compatible with Common\Controller\CommonBaseController::_arraySort($arr, $keys, $type = 'asc') D:\www\online_team\www.taodianke.com\Application\Admin\Controller\CommonController.class.php 第 11 行.
NOTIC: [8] Undefined index:  D:\www\online_team\www.taodianke.com\Application\Admin\Controller\CommonController.class.php 第 38 行.
INFO: [ app_end ] --START--
INFO: Run Behavior\ShowPageTraceBehavior [ RunTime:0.000659s ]
INFO: [ app_end ] --END-- [ RunTime:0.000705s ]

[ 2018-04-11T09:44:26+08:00 ] 127.0.0.1 /Admin/TopLineArticle/test
INFO: [ app_init ] --START--
INFO: Run Behavior\BuildLiteBehavior [ RunTime:0.000012s ]
INFO: [ app_init ] --END-- [ RunTime:0.000491s ]
INFO: [ app_begin ] --START--
INFO: Run Behavior\ReadHtmlCacheBehavior [ RunTime:0.000820s ]
INFO: [ app_begin ] --END-- [ RunTime:0.000890s ]
NOTIC: [2048] Declaration of Admin\Controller\CommonController::_arraySort() should be compatible with Common\Controller\CommonBaseController::_arraySort($arr, $keys, $type = 'asc') D:\www\online_team\www.taodianke.com\Application\Admin\Controller\CommonController.class.php 第 11 行.
NOTIC: [8] Undefined index:  D:\www\online_team\www.taodianke.com\Application\Admin\Controller\CommonController.class.php 第 38 行.
INFO: [ app_end ] --START--
INFO: Run Behavior\ShowPageTraceBehavior [ RunTime:0.000672s ]
INFO: [ app_end ] --END-- [ RunTime:0.000717s ]

[ 2018-04-11T09:44:26+08:00 ] 127.0.0.1 /Admin/TopLineArticle/test
INFO: [ app_init ] --START--
INFO: Run Behavior\BuildLiteBehavior [ RunTime:0.000018s ]
INFO: [ app_init ] --END-- [ RunTime:0.000846s ]
INFO: [ app_begin ] --START--
INFO: Run Behavior\ReadHtmlCacheBehavior [ RunTime:0.000677s ]
INFO: [ app_begin ] --END-- [ RunTime:0.000731s ]
NOTIC: [2048] Declaration of Admin\Controller\CommonController::_arraySort() should be compatible with Common\Controller\CommonBaseController::_arraySort($arr, $keys, $type = 'asc') D:\www\online_team\www.taodianke.com\Application\Admin\Controller\CommonController.class.php 第 11 行.
NOTIC: [8] Undefined index:  D:\www\online_team\www.taodianke.com\Application\Admin\Controller\CommonController.class.php 第 38 行.
INFO: [ app_end ] --START--
INFO: Run Behavior\ShowPageTraceBehavior [ RunTime:0.000709s ]
INFO: [ app_end ] --END-- [ RunTime:0.000756s ]

[ 2018-04-11T09:50:23+08:00 ] 127.0.0.1 /Admin/TopLineArticle/test
INFO: [ app_init ] --START--
INFO: Run Behavior\BuildLiteBehavior [ RunTime:0.000020s ]
INFO: [ app_init ] --END-- [ RunTime:0.000715s ]
INFO: [ app_begin ] --START--
INFO: Run Behavior\ReadHtmlCacheBehavior [ RunTime:0.000696s ]
INFO: [ app_begin ] --END-- [ RunTime:0.000749s ]
NOTIC: [2048] Declaration of Admin\Controller\CommonController::_arraySort() should be compatible with Common\Controller\CommonBaseController::_arraySort($arr, $keys, $type = 'asc') D:\www\online_team\www.taodianke.com\Application\Admin\Controller\CommonController.class.php 第 11 行.
NOTIC: [8] Undefined index:  D:\www\online_team\www.taodianke.com\Application\Admin\Controller\CommonController.class.php 第 38 行.
INFO: [ app_end ] --START--
INFO: Run Behavior\ShowPageTraceBehavior [ RunTime:0.001019s ]
INFO: [ app_end ] --END-- [ RunTime:0.001083s ]

[ 2018-04-11T09:52:45+08:00 ] 127.0.0.1 /Admin/TopLineArticle/test
INFO: [ app_init ] --START--
INFO: Run Behavior\BuildLiteBehavior [ RunTime:0.000014s ]
INFO: [ app_init ] --END-- [ RunTime:0.000693s ]
INFO: [ app_begin ] --START--
INFO: Run Behavior\ReadHtmlCacheBehavior [ RunTime:0.000701s ]
INFO: [ app_begin ] --END-- [ RunTime:0.000752s ]
NOTIC: [2048] Declaration of Admin\Controller\CommonController::_arraySort() should be compatible with Common\Controller\CommonBaseController::_arraySort($arr, $keys, $type = 'asc') D:\www\online_team\www.taodianke.com\Application\Admin\Controller\CommonController.class.php 第 11 行.
NOTIC: [8] Undefined index:  D:\www\online_team\www.taodianke.com\Application\Admin\Controller\CommonController.class.php 第 38 行.
INFO: [ app_end ] --START--
INFO: Run Behavior\ShowPageTraceBehavior [ RunTime:0.001008s ]
INFO: [ app_end ] --END-- [ RunTime:0.001065s ]

[ 2018-04-11T09:53:00+08:00 ] 127.0.0.1 /Admin/TopLineArticle/test
INFO: [ app_init ] --START--
INFO: Run Behavior\BuildLiteBehavior [ RunTime:0.000016s ]
INFO: [ app_init ] --END-- [ RunTime:0.000890s ]
INFO: [ app_begin ] --START--
INFO: Run Behavior\ReadHtmlCacheBehavior [ RunTime:0.000963s ]
INFO: [ app_begin ] --END-- [ RunTime:0.001058s ]
NOTIC: [2048] Declaration of Admin\Controller\CommonController::_arraySort() should be compatible with Common\Controller\CommonBaseController::_arraySort($arr, $keys, $type = 'asc') D:\www\online_team\www.taodianke.com\Application\Admin\Controller\CommonController.class.php 第 11 行.
NOTIC: [8] Undefined index:  D:\www\online_team\www.taodianke.com\Application\Admin\Controller\CommonController.class.php 第 38 行.
INFO: [ app_end ] --START--
INFO: Run Behavior\ShowPageTraceBehavior [ RunTime:0.001286s ]
INFO: [ app_end ] --END-- [ RunTime:0.001379s ]

[ 2018-04-11T09:54:00+08:00 ] 127.0.0.1 /Admin/TopLineArticle/test
INFO: [ app_init ] --START--
INFO: Run Behavior\BuildLiteBehavior [ RunTime:0.000015s ]
INFO: [ app_init ] --END-- [ RunTime:0.000646s ]
INFO: [ app_begin ] --START--
INFO: Run Behavior\ReadHtmlCacheBehavior [ RunTime:0.000669s ]
INFO: [ app_begin ] --END-- [ RunTime:0.000723s ]
NOTIC: [2048] Declaration of Admin\Controller\CommonController::_arraySort() should be compatible with Common\Controller\CommonBaseController::_arraySort($arr, $keys, $type = 'asc') D:\www\online_team\www.taodianke.com\Application\Admin\Controller\CommonController.class.php 第 11 行.
NOTIC: [8] Undefined index:  D:\www\online_team\www.taodianke.com\Application\Admin\Controller\CommonController.class.php 第 38 行.
INFO: [ app_end ] --START--
INFO: Run Behavior\ShowPageTraceBehavior [ RunTime:0.004428s ]
INFO: [ app_end ] --END-- [ RunTime:0.004693s ]

[ 2018-04-11T09:54:22+08:00 ] 127.0.0.1 /Admin/TopLineArticle/test
INFO: [ app_init ] --START--
INFO: Run Behavior\BuildLiteBehavior [ RunTime:0.000013s ]
INFO: [ app_init ] --END-- [ RunTime:0.000531s ]
INFO: [ app_begin ] --START--
INFO: Run Behavior\ReadHtmlCacheBehavior [ RunTime:0.000610s ]
INFO: [ app_begin ] --END-- [ RunTime:0.000661s ]
NOTIC: [2048] Declaration of Admin\Controller\CommonController::_arraySort() should be compatible with Common\Controller\CommonBaseController::_arraySort($arr, $keys, $type = 'asc') D:\www\online_team\www.taodianke.com\Application\Admin\Controller\CommonController.class.php 第 11 行.
NOTIC: [8] Undefined index:  D:\www\online_team\www.taodianke.com\Application\Admin\Controller\CommonController.class.php 第 38 行.
INFO: [ app_end ] --START--
INFO: Run Behavior\ShowPageTraceBehavior [ RunTime:0.001014s ]
INFO: [ app_end ] --END-- [ RunTime:0.001093s ]

[ 2018-04-11T09:55:52+08:00 ] 127.0.0.1 /Admin/TopLineArticle/test
INFO: [ app_init ] --START--
INFO: Run Behavior\BuildLiteBehavior [ RunTime:0.000015s ]
INFO: [ app_init ] --END-- [ RunTime:0.000719s ]
INFO: [ app_begin ] --START--
INFO: Run Behavior\ReadHtmlCacheBehavior [ RunTime:0.000744s ]
INFO: [ app_begin ] --END-- [ RunTime:0.000798s ]
NOTIC: [2048] Declaration of Admin\Controller\CommonController::_arraySort() should be compatible with Common\Controller\CommonBaseController::_arraySort($arr, $keys, $type = 'asc') D:\www\online_team\www.taodianke.com\Application\Admin\Controller\CommonController.class.php 第 11 行.
NOTIC: [8] Undefined index:  D:\www\online_team\www.taodianke.com\Application\Admin\Controller\CommonController.class.php 第 38 行.
INFO: [ app_end ] --START--
INFO: Run Behavior\ShowPageTraceBehavior [ RunTime:0.001101s ]
INFO: [ app_end ] --END-- [ RunTime:0.001182s ]

[ 2018-04-11T09:57:06+08:00 ] 127.0.0.1 /Admin/TopLineArticle/test
INFO: [ app_init ] --START--
INFO: Run Behavior\BuildLiteBehavior [ RunTime:0.000015s ]
INFO: [ app_init ] --END-- [ RunTime:0.000709s ]
INFO: [ app_begin ] --START--
INFO: Run Behavior\ReadHtmlCacheBehavior [ RunTime:0.000635s ]
INFO: [ app_begin ] --END-- [ RunTime:0.000686s ]
NOTIC: [2048] Declaration of Admin\Controller\CommonController::_arraySort() should be compatible with Common\Controller\CommonBaseController::_arraySort($arr, $keys, $type = 'asc') D:\www\online_team\www.taodianke.com\Application\Admin\Controller\CommonController.class.php 第 11 行.
NOTIC: [8] Undefined index:  D:\www\online_team\www.taodianke.com\Application\Admin\Controller\CommonController.class.php 第 38 行.
INFO: [ app_end ] --START--
INFO: Run Behavior\ShowPageTraceBehavior [ RunTime:0.002494s ]
INFO: [ app_end ] --END-- [ RunTime:0.002681s ]

[ 2018-04-11T09:58:27+08:00 ] 127.0.0.1 /Admin/TopLineArticle/test
INFO: [ app_init ] --START--
INFO: Run Behavior\BuildLiteBehavior [ RunTime:0.000013s ]
INFO: [ app_init ] --END-- [ RunTime:0.000673s ]
INFO: [ app_begin ] --START--
INFO: Run Behavior\ReadHtmlCacheBehavior [ RunTime:0.000679s ]
INFO: [ app_begin ] --END-- [ RunTime:0.000730s ]
NOTIC: [2048] Declaration of Admin\Controller\CommonController::_arraySort() should be compatible with Common\Controller\CommonBaseController::_arraySort($arr, $keys, $type = 'asc') D:\www\online_team\www.taodianke.com\Application\Admin\Controller\CommonController.class.php 第 11 行.
NOTIC: [8] Undefined index:  D:\www\online_team\www.taodianke.com\Application\Admin\Controller\CommonController.class.php 第 38 行.
INFO: [ app_end ] --START--
INFO: Run Behavior\ShowPageTraceBehavior [ RunTime:0.004997s ]
INFO: [ app_end ] --END-- [ RunTime:0.005280s ]

[ 2018-04-11T10:03:12+08:00 ] 127.0.0.1 /Admin/TopLineArticle/test
INFO: [ app_init ] --START--
INFO: Run Behavior\BuildLiteBehavior [ RunTime:0.000013s ]
INFO: [ app_init ] --END-- [ RunTime:0.000583s ]
INFO: [ app_begin ] --START--
INFO: Run Behavior\ReadHtmlCacheBehavior [ RunTime:0.000705s ]
INFO: [ app_begin ] --END-- [ RunTime:0.000761s ]
NOTIC: [2048] Declaration of Admin\Controller\CommonController::_arraySort() should be compatible with Common\Controller\CommonBaseController::_arraySort($arr, $keys, $type = 'asc') D:\www\online_team\www.taodianke.com\Application\Admin\Controller\CommonController.class.php 第 11 行.
NOTIC: [8] Undefined index:  D:\www\online_team\www.taodianke.com\Application\Admin\Controller\CommonController.class.php 第 38 行.
INFO: [ app_end ] --START--
INFO: Run Behavior\ShowPageTraceBehavior [ RunTime:0.000936s ]
INFO: [ app_end ] --END-- [ RunTime:0.001008s ]

[ 2018-04-11T10:03:33+08:00 ] 127.0.0.1 /Admin/TopLineArticle/test
INFO: [ app_init ] --START--
INFO: Run Behavior\BuildLiteBehavior [ RunTime:0.000014s ]
INFO: [ app_init ] --END-- [ RunTime:0.000640s ]
INFO: [ app_begin ] --START--
INFO: Run Behavior\ReadHtmlCacheBehavior [ RunTime:0.000615s ]
INFO: [ app_begin ] --END-- [ RunTime:0.000669s ]
NOTIC: [2048] Declaration of Admin\Controller\CommonController::_arraySort() should be compatible with Common\Controller\CommonBaseController::_arraySort($arr, $keys, $type = 'asc') D:\www\online_team\www.taodianke.com\Application\Admin\Controller\CommonController.class.php 第 11 行.
NOTIC: [8] Undefined index:  D:\www\online_team\www.taodianke.com\Application\Admin\Controller\CommonController.class.php 第 38 行.
INFO: [ app_end ] --START--
INFO: Run Behavior\ShowPageTraceBehavior [ RunTime:0.001939s ]
INFO: [ app_end ] --END-- [ RunTime:0.002101s ]

[ 2018-04-11T10:04:14+08:00 ] 127.0.0.1 /Admin/TopLineArticle/test
INFO: [ app_init ] --START--
INFO: Run Behavior\BuildLiteBehavior [ RunTime:0.000030s ]
INFO: [ app_init ] --END-- [ RunTime:0.001055s ]
INFO: [ app_begin ] --START--
INFO: Run Behavior\ReadHtmlCacheBehavior [ RunTime:0.000887s ]
INFO: [ app_begin ] --END-- [ RunTime:0.000962s ]
NOTIC: [2048] Declaration of Admin\Controller\CommonController::_arraySort() should be compatible with Common\Controller\CommonBaseController::_arraySort($arr, $keys, $type = 'asc') D:\www\online_team\www.taodianke.com\Application\Admin\Controller\CommonController.class.php 第 11 行.
NOTIC: [8] Undefined index:  D:\www\online_team\www.taodianke.com\Application\Admin\Controller\CommonController.class.php 第 38 行.

[ 2018-04-11T10:07:24+08:00 ] 127.0.0.1 /Admin/TopLineArticle/test
INFO: [ app_init ] --START--
INFO: Run Behavior\BuildLiteBehavior [ RunTime:0.000013s ]
INFO: [ app_init ] --END-- [ RunTime:0.000604s ]
INFO: [ app_begin ] --START--
INFO: Run Behavior\ReadHtmlCacheBehavior [ RunTime:0.000734s ]
INFO: [ app_begin ] --END-- [ RunTime:0.000800s ]
NOTIC: [2048] Declaration of Admin\Controller\CommonController::_arraySort() should be compatible with Common\Controller\CommonBaseController::_arraySort($arr, $keys, $type = 'asc') D:\www\online_team\www.taodianke.com\Application\Admin\Controller\CommonController.class.php 第 11 行.
NOTIC: [8] Undefined index:  D:\www\online_team\www.taodianke.com\Application\Admin\Controller\CommonController.class.php 第 38 行.
INFO: [ app_end ] --START--
INFO: Run Behavior\ShowPageTraceBehavior [ RunTime:0.001135s ]
INFO: [ app_end ] --END-- [ RunTime:0.001205s ]

[ 2018-04-11T10:07:26+08:00 ] 127.0.0.1 /Admin/TopLineArticle/test
INFO: [ app_init ] --START--
INFO: Run Behavior\BuildLiteBehavior [ RunTime:0.000011s ]
INFO: [ app_init ] --END-- [ RunTime:0.000491s ]
INFO: [ app_begin ] --START--
INFO: Run Behavior\ReadHtmlCacheBehavior [ RunTime:0.000617s ]
INFO: [ app_begin ] --END-- [ RunTime:0.000672s ]
NOTIC: [2048] Declaration of Admin\Controller\CommonController::_arraySort() should be compatible with Common\Controller\CommonBaseController::_arraySort($arr, $keys, $type = 'asc') D:\www\online_team\www.taodianke.com\Application\Admin\Controller\CommonController.class.php 第 11 行.
NOTIC: [8] Undefined index:  D:\www\online_team\www.taodianke.com\Application\Admin\Controller\CommonController.class.php 第 38 行.
INFO: [ app_end ] --START--
INFO: Run Behavior\ShowPageTraceBehavior [ RunTime:0.000904s ]
INFO: [ app_end ] --END-- [ RunTime:0.000966s ]

[ 2018-04-11T10:07:27+08:00 ] 127.0.0.1 /Admin/TopLineArticle/test
INFO: [ app_init ] --START--
INFO: Run Behavior\BuildLiteBehavior [ RunTime:0.000015s ]
INFO: [ app_init ] --END-- [ RunTime:0.000612s ]
INFO: [ app_begin ] --START--
INFO: Run Behavior\ReadHtmlCacheBehavior [ RunTime:0.000711s ]
INFO: [ app_begin ] --END-- [ RunTime:0.000780s ]
NOTIC: [2048] Declaration of Admin\Controller\CommonController::_arraySort() should be compatible with Common\Controller\CommonBaseController::_arraySort($arr, $keys, $type = 'asc') D:\www\online_team\www.taodianke.com\Application\Admin\Controller\CommonController.class.php 第 11 行.
NOTIC: [8] Undefined index:  D:\www\online_team\www.taodianke.com\Application\Admin\Controller\CommonController.class.php 第 38 行.
INFO: [ app_end ] --START--
INFO: Run Behavior\ShowPageTraceBehavior [ RunTime:0.001765s ]
INFO: [ app_end ] --END-- [ RunTime:0.001892s ]

[ 2018-04-11T10:07:28+08:00 ] 127.0.0.1 /Admin/TopLineArticle/test
INFO: [ app_init ] --START--
INFO: Run Behavior\BuildLiteBehavior [ RunTime:0.000017s ]
INFO: [ app_init ] --END-- [ RunTime:0.000652s ]
INFO: [ app_begin ] --START--
INFO: Run Behavior\ReadHtmlCacheBehavior [ RunTime:0.000918s ]
INFO: [ app_begin ] --END-- [ RunTime:0.001032s ]
NOTIC: [2048] Declaration of Admin\Controller\CommonController::_arraySort() should be compatible with Common\Controller\CommonBaseController::_arraySort($arr, $keys, $type = 'asc') D:\www\online_team\www.taodianke.com\Application\Admin\Controller\CommonController.class.php 第 11 行.
NOTIC: [8] Undefined index:  D:\www\online_team\www.taodianke.com\Application\Admin\Controller\CommonController.class.php 第 38 行.
INFO: [ app_end ] --START--
INFO: Run Behavior\ShowPageTraceBehavior [ RunTime:0.000907s ]
INFO: [ app_end ] --END-- [ RunTime:0.000971s ]

[ 2018-04-11T10:21:10+08:00 ] 127.0.0.1 /Admin/TopLineArticle/test
INFO: [ app_init ] --START--
INFO: Run Behavior\BuildLiteBehavior [ RunTime:0.000013s ]
INFO: [ app_init ] --END-- [ RunTime:0.000570s ]
INFO: [ app_begin ] --START--
INFO: Run Behavior\ReadHtmlCacheBehavior [ RunTime:0.000699s ]
INFO: [ app_begin ] --END-- [ RunTime:0.000752s ]
NOTIC: [2048] Declaration of Admin\Controller\CommonController::_arraySort() should be compatible with Common\Controller\CommonBaseController::_arraySort($arr, $keys, $type = 'asc') D:\www\online_team\www.taodianke.com\Application\Admin\Controller\CommonController.class.php 第 11 行.
NOTIC: [8] Undefined index:  D:\www\online_team\www.taodianke.com\Application\Admin\Controller\CommonController.class.php 第 38 行.
INFO: [ app_end ] --START--
INFO: Run Behavior\ShowPageTraceBehavior [ RunTime:0.001332s ]
INFO: [ app_end ] --END-- [ RunTime:0.001413s ]

[ 2018-04-11T10:26:11+08:00 ] 127.0.0.1 /Admin/TopLineArticle/test
INFO: [ app_init ] --START--
INFO: Run Behavior\BuildLiteBehavior [ RunTime:0.000013s ]
INFO: [ app_init ] --END-- [ RunTime:0.000572s ]
INFO: [ app_begin ] --START--
INFO: Run Behavior\ReadHtmlCacheBehavior [ RunTime:0.000746s ]
INFO: [ app_begin ] --END-- [ RunTime:0.000802s ]
NOTIC: [2048] Declaration of Admin\Controller\CommonController::_arraySort() should be compatible with Common\Controller\CommonBaseController::_arraySort($arr, $keys, $type = 'asc') D:\www\online_team\www.taodianke.com\Application\Admin\Controller\CommonController.class.php 第 11 行.
NOTIC: [8] Undefined index:  D:\www\online_team\www.taodianke.com\Application\Admin\Controller\CommonController.class.php 第 38 行.
INFO: [ app_end ] --START--
INFO: Run Behavior\ShowPageTraceBehavior [ RunTime:0.001222s ]
INFO: [ app_end ] --END-- [ RunTime:0.001319s ]

[ 2018-04-11T10:28:47+08:00 ] 127.0.0.1 /Admin/TopLineArticle/test
INFO: [ app_init ] --START--
INFO: Run Behavior\BuildLiteBehavior [ RunTime:0.000023s ]
INFO: [ app_init ] --END-- [ RunTime:0.000975s ]
INFO: [ app_begin ] --START--
INFO: Run Behavior\ReadHtmlCacheBehavior [ RunTime:0.000688s ]
INFO: [ app_begin ] --END-- [ RunTime:0.000739s ]
NOTIC: [2048] Declaration of Admin\Controller\CommonController::_arraySort() should be compatible with Common\Controller\CommonBaseController::_arraySort($arr, $keys, $type = 'asc') D:\www\online_team\www.taodianke.com\Application\Admin\Controller\CommonController.class.php 第 11 行.
NOTIC: [8] Undefined index:  D:\www\online_team\www.taodianke.com\Application\Admin\Controller\CommonController.class.php 第 38 行.
INFO: [ app_end ] --START--
INFO: Run Behavior\ShowPageTraceBehavior [ RunTime:0.001984s ]
INFO: [ app_end ] --END-- [ RunTime:0.002111s ]

[ 2018-04-11T10:29:44+08:00 ] 127.0.0.1 /Admin/TopLineArticle/test
INFO: [ app_init ] --START--
INFO: Run Behavior\BuildLiteBehavior [ RunTime:0.000020s ]
INFO: [ app_init ] --END-- [ RunTime:0.000676s ]
INFO: [ app_begin ] --START--
INFO: Run Behavior\ReadHtmlCacheBehavior [ RunTime:0.000605s ]
INFO: [ app_begin ] --END-- [ RunTime:0.000655s ]
NOTIC: [2048] Declaration of Admin\Controller\CommonController::_arraySort() should be compatible with Common\Controller\CommonBaseController::_arraySort($arr, $keys, $type = 'asc') D:\www\online_team\www.taodianke.com\Application\Admin\Controller\CommonController.class.php 第 11 行.
NOTIC: [8] Undefined index:  D:\www\online_team\www.taodianke.com\Application\Admin\Controller\CommonController.class.php 第 38 行.
INFO: [ app_end ] --START--
INFO: Run Behavior\ShowPageTraceBehavior [ RunTime:0.001414s ]
INFO: [ app_end ] --END-- [ RunTime:0.001506s ]

[ 2018-04-11T10:51:55+08:00 ] 127.0.0.1 /Admin/TopLineArticle/test
INFO: [ app_init ] --START--
INFO: Run Behavior\BuildLiteBehavior [ RunTime:0.000020s ]
INFO: [ app_init ] --END-- [ RunTime:0.000690s ]
INFO: [ app_begin ] --START--
INFO: Run Behavior\ReadHtmlCacheBehavior [ RunTime:0.001397s ]
INFO: [ app_begin ] --END-- [ RunTime:0.001490s ]
NOTIC: [2048] Declaration of Admin\Controller\CommonController::_arraySort() should be compatible with Common\Controller\CommonBaseController::_arraySort($arr, $keys, $type = 'asc') D:\www\online_team\www.taodianke.com\Application\Admin\Controller\CommonController.class.php 第 11 行.
NOTIC: [8] Undefined index:  D:\www\online_team\www.taodianke.com\Application\Admin\Controller\CommonController.class.php 第 38 行.
INFO: [ app_end ] --START--
INFO: Run Behavior\ShowPageTraceBehavior [ RunTime:0.002935s ]
INFO: [ app_end ] --END-- [ RunTime:0.003088s ]

[ 2018-04-11T10:51:58+08:00 ] 127.0.0.1 /Admin/TopLineArticle/test
INFO: [ app_init ] --START--
INFO: Run Behavior\BuildLiteBehavior [ RunTime:0.000015s ]
INFO: [ app_init ] --END-- [ RunTime:0.000711s ]
INFO: [ app_begin ] --START--
INFO: Run Behavior\ReadHtmlCacheBehavior [ RunTime:0.000637s ]
INFO: [ app_begin ] --END-- [ RunTime:0.000691s ]
NOTIC: [2048] Declaration of Admin\Controller\CommonController::_arraySort() should be compatible with Common\Controller\CommonBaseController::_arraySort($arr, $keys, $type = 'asc') D:\www\online_team\www.taodianke.com\Application\Admin\Controller\CommonController.class.php 第 11 行.
NOTIC: [8] Undefined index:  D:\www\online_team\www.taodianke.com\Application\Admin\Controller\CommonController.class.php 第 38 行.
INFO: [ app_end ] --START--
INFO: Run Behavior\ShowPageTraceBehavior [ RunTime:0.001047s ]
INFO: [ app_end ] --END-- [ RunTime:0.001117s ]

[ 2018-04-11T10:52:01+08:00 ] 127.0.0.1 /Admin/TopLineArticle/test
INFO: [ app_init ] --START--
INFO: Run Behavior\BuildLiteBehavior [ RunTime:0.000014s ]
INFO: [ app_init ] --END-- [ RunTime:0.000603s ]
INFO: [ app_begin ] --START--
INFO: Run Behavior\ReadHtmlCacheBehavior [ RunTime:0.000841s ]
INFO: [ app_begin ] --END-- [ RunTime:0.000918s ]
NOTIC: [2048] Declaration of Admin\Controller\CommonController::_arraySort() should be compatible with Common\Controller\CommonBaseController::_arraySort($arr, $keys, $type = 'asc') D:\www\online_team\www.taodianke.com\Application\Admin\Controller\CommonController.class.php 第 11 行.
NOTIC: [8] Undefined index:  D:\www\online_team\www.taodianke.com\Application\Admin\Controller\CommonController.class.php 第 38 行.
INFO: [ app_end ] --START--
INFO: Run Behavior\ShowPageTraceBehavior [ RunTime:0.002111s ]
INFO: [ app_end ] --END-- [ RunTime:0.002258s ]

[ 2018-04-11T10:52:03+08:00 ] 127.0.0.1 /Admin/TopLineArticle/test
INFO: [ app_init ] --START--
INFO: Run Behavior\BuildLiteBehavior [ RunTime:0.000016s ]
INFO: [ app_init ] --END-- [ RunTime:0.000725s ]
INFO: [ app_begin ] --START--
INFO: Run Behavior\ReadHtmlCacheBehavior [ RunTime:0.000990s ]
INFO: [ app_begin ] --END-- [ RunTime:0.001068s ]
NOTIC: [2048] Declaration of Admin\Controller\CommonController::_arraySort() should be compatible with Common\Controller\CommonBaseController::_arraySort($arr, $keys, $type = 'asc') D:\www\online_team\www.taodianke.com\Application\Admin\Controller\CommonController.class.php 第 11 行.
NOTIC: [8] Undefined index:  D:\www\online_team\www.taodianke.com\Application\Admin\Controller\CommonController.class.php 第 38 行.
INFO: [ app_end ] --START--
INFO: Run Behavior\ShowPageTraceBehavior [ RunTime:0.002738s ]
INFO: [ app_end ] --END-- [ RunTime:0.002945s ]

[ 2018-04-11T10:52:04+08:00 ] 127.0.0.1 /Admin/TopLineArticle/test
INFO: [ app_init ] --START--
INFO: Run Behavior\BuildLiteBehavior [ RunTime:0.000014s ]
INFO: [ app_init ] --END-- [ RunTime:0.000517s ]
INFO: [ app_begin ] --START--
INFO: Run Behavior\ReadHtmlCacheBehavior [ RunTime:0.000611s ]
INFO: [ app_begin ] --END-- [ RunTime:0.000671s ]
NOTIC: [2048] Declaration of Admin\Controller\CommonController::_arraySort() should be compatible with Common\Controller\CommonBaseController::_arraySort($arr, $keys, $type = 'asc') D:\www\online_team\www.taodianke.com\Application\Admin\Controller\CommonController.class.php 第 11 行.
NOTIC: [8] Undefined index:  D:\www\online_team\www.taodianke.com\Application\Admin\Controller\CommonController.class.php 第 38 行.
INFO: [ app_end ] --START--
INFO: Run Behavior\ShowPageTraceBehavior [ RunTime:0.001046s ]
INFO: [ app_end ] --END-- [ RunTime:0.001114s ]

[ 2018-04-11T10:59:03+08:00 ] 127.0.0.1 /Admin/TopLineArticle/test
INFO: [ app_init ] --START--
INFO: Run Behavior\BuildLiteBehavior [ RunTime:0.000014s ]
INFO: [ app_init ] --END-- [ RunTime:0.000606s ]
INFO: [ app_begin ] --START--
INFO: Run Behavior\ReadHtmlCacheBehavior [ RunTime:0.000717s ]
INFO: [ app_begin ] --END-- [ RunTime:0.000787s ]
NOTIC: [2048] Declaration of Admin\Controller\CommonController::_arraySort() should be compatible with Common\Controller\CommonBaseController::_arraySort($arr, $keys, $type = 'asc') D:\www\online_team\www.taodianke.com\Application\Admin\Controller\CommonController.class.php 第 11 行.
NOTIC: [8] Undefined index:  D:\www\online_team\www.taodianke.com\Application\Admin\Controller\CommonController.class.php 第 38 行.
INFO: [ app_end ] --START--
INFO: Run Behavior\ShowPageTraceBehavior [ RunTime:0.000928s ]
INFO: [ app_end ] --END-- [ RunTime:0.000984s ]

[ 2018-04-11T10:59:04+08:00 ] 127.0.0.1 /Admin/TopLineArticle/test
INFO: [ app_init ] --START--
INFO: Run Behavior\BuildLiteBehavior [ RunTime:0.000013s ]
INFO: [ app_init ] --END-- [ RunTime:0.000520s ]
INFO: [ app_begin ] --START--
INFO: Run Behavior\ReadHtmlCacheBehavior [ RunTime:0.000602s ]
INFO: [ app_begin ] --END-- [ RunTime:0.000654s ]
NOTIC: [2048] Declaration of Admin\Controller\CommonController::_arraySort() should be compatible with Common\Controller\CommonBaseController::_arraySort($arr, $keys, $type = 'asc') D:\www\online_team\www.taodianke.com\Application\Admin\Controller\CommonController.class.php 第 11 行.
NOTIC: [8] Undefined index:  D:\www\online_team\www.taodianke.com\Application\Admin\Controller\CommonController.class.php 第 38 行.
INFO: [ app_end ] --START--
INFO: Run Behavior\ShowPageTraceBehavior [ RunTime:0.003919s ]
INFO: [ app_end ] --END-- [ RunTime:0.004234s ]

[ 2018-04-11T10:59:06+08:00 ] 127.0.0.1 /Admin/TopLineArticle/test
INFO: [ app_init ] --START--
INFO: Run Behavior\BuildLiteBehavior [ RunTime:0.000020s ]
INFO: [ app_init ] --END-- [ RunTime:0.000654s ]
INFO: [ app_begin ] --START--
INFO: Run Behavior\ReadHtmlCacheBehavior [ RunTime:0.000607s ]
INFO: [ app_begin ] --END-- [ RunTime:0.000665s ]
NOTIC: [2048] Declaration of Admin\Controller\CommonController::_arraySort() should be compatible with Common\Controller\CommonBaseController::_arraySort($arr, $keys, $type = 'asc') D:\www\online_team\www.taodianke.com\Application\Admin\Controller\CommonController.class.php 第 11 行.
NOTIC: [8] Undefined index:  D:\www\online_team\www.taodianke.com\Application\Admin\Controller\CommonController.class.php 第 38 行.
INFO: [ app_end ] --START--
INFO: Run Behavior\ShowPageTraceBehavior [ RunTime:0.002040s ]
INFO: [ app_end ] --END-- [ RunTime:0.002183s ]

[ 2018-04-11T10:59:07+08:00 ] 127.0.0.1 /Admin/TopLineArticle/test
INFO: [ app_init ] --START--
INFO: Run Behavior\BuildLiteBehavior [ RunTime:0.000014s ]
INFO: [ app_init ] --END-- [ RunTime:0.000530s ]
INFO: [ app_begin ] --START--
INFO: Run Behavior\ReadHtmlCacheBehavior [ RunTime:0.000620s ]
INFO: [ app_begin ] --END-- [ RunTime:0.000671s ]
NOTIC: [2048] Declaration of Admin\Controller\CommonController::_arraySort() should be compatible with Common\Controller\CommonBaseController::_arraySort($arr, $keys, $type = 'asc') D:\www\online_team\www.taodianke.com\Application\Admin\Controller\CommonController.class.php 第 11 行.
NOTIC: [8] Undefined index:  D:\www\online_team\www.taodianke.com\Application\Admin\Controller\CommonController.class.php 第 38 行.
INFO: [ app_end ] --START--
INFO: Run Behavior\ShowPageTraceBehavior [ RunTime:0.001252s ]
INFO: [ app_end ] --END-- [ RunTime:0.001339s ]

[ 2018-04-11T10:59:08+08:00 ] 127.0.0.1 /Admin/TopLineArticle/test
INFO: [ app_init ] --START--
INFO: Run Behavior\BuildLiteBehavior [ RunTime:0.000018s ]
INFO: [ app_init ] --END-- [ RunTime:0.000553s ]
INFO: [ app_begin ] --START--
INFO: Run Behavior\ReadHtmlCacheBehavior [ RunTime:0.000685s ]
INFO: [ app_begin ] --END-- [ RunTime:0.000753s ]
NOTIC: [2048] Declaration of Admin\Controller\CommonController::_arraySort() should be compatible with Common\Controller\CommonBaseController::_arraySort($arr, $keys, $type = 'asc') D:\www\online_team\www.taodianke.com\Application\Admin\Controller\CommonController.class.php 第 11 行.
NOTIC: [8] Undefined index:  D:\www\online_team\www.taodianke.com\Application\Admin\Controller\CommonController.class.php 第 38 行.
INFO: [ app_end ] --START--
INFO: Run Behavior\ShowPageTraceBehavior [ RunTime:0.001107s ]
INFO: [ app_end ] --END-- [ RunTime:0.001197s ]

[ 2018-04-11T10:59:10+08:00 ] 127.0.0.1 /Admin/TopLineArticle/test
INFO: [ app_init ] --START--
INFO: Run Behavior\BuildLiteBehavior [ RunTime:0.000012s ]
INFO: [ app_init ] --END-- [ RunTime:0.000568s ]
INFO: [ app_begin ] --START--
INFO: Run Behavior\ReadHtmlCacheBehavior [ RunTime:0.000635s ]
INFO: [ app_begin ] --END-- [ RunTime:0.000685s ]
NOTIC: [2048] Declaration of Admin\Controller\CommonController::_arraySort() should be compatible with Common\Controller\CommonBaseController::_arraySort($arr, $keys, $type = 'asc') D:\www\online_team\www.taodianke.com\Application\Admin\Controller\CommonController.class.php 第 11 行.
NOTIC: [8] Undefined index:  D:\www\online_team\www.taodianke.com\Application\Admin\Controller\CommonController.class.php 第 38 行.
INFO: [ app_end ] --START--
INFO: Run Behavior\ShowPageTraceBehavior [ RunTime:0.001687s ]
INFO: [ app_end ] --END-- [ RunTime:0.001814s ]

[ 2018-04-11T10:59:11+08:00 ] 127.0.0.1 /Admin/TopLineArticle/test
INFO: [ app_init ] --START--
INFO: Run Behavior\BuildLiteBehavior [ RunTime:0.000036s ]
INFO: [ app_init ] --END-- [ RunTime:0.001492s ]
INFO: [ app_begin ] --START--
INFO: Run Behavior\ReadHtmlCacheBehavior [ RunTime:0.000831s ]
INFO: [ app_begin ] --END-- [ RunTime:0.000899s ]
NOTIC: [2048] Declaration of Admin\Controller\CommonController::_arraySort() should be compatible with Common\Controller\CommonBaseController::_arraySort($arr, $keys, $type = 'asc') D:\www\online_team\www.taodianke.com\Application\Admin\Controller\CommonController.class.php 第 11 行.
NOTIC: [8] Undefined index:  D:\www\online_team\www.taodianke.com\Application\Admin\Controller\CommonController.class.php 第 38 行.
INFO: [ app_end ] --START--
INFO: Run Behavior\ShowPageTraceBehavior [ RunTime:0.002692s ]
INFO: [ app_end ] --END-- [ RunTime:0.002846s ]

[ 2018-04-11T11:00:35+08:00 ] 127.0.0.1 /Admin/TopLineArticle/test
INFO: [ app_init ] --START--
INFO: Run Behavior\BuildLiteBehavior [ RunTime:0.000016s ]
INFO: [ app_init ] --END-- [ RunTime:0.000580s ]
INFO: [ app_begin ] --START--
INFO: Run Behavior\ReadHtmlCacheBehavior [ RunTime:0.000634s ]
INFO: [ app_begin ] --END-- [ RunTime:0.000707s ]
NOTIC: [2048] Declaration of Admin\Controller\CommonController::_arraySort() should be compatible with Common\Controller\CommonBaseController::_arraySort($arr, $keys, $type = 'asc') D:\www\online_team\www.taodianke.com\Application\Admin\Controller\CommonController.class.php 第 11 行.
NOTIC: [8] Undefined index:  D:\www\online_team\www.taodianke.com\Application\Admin\Controller\CommonController.class.php 第 38 行.
INFO: [ app_end ] --START--
INFO: Run Behavior\ShowPageTraceBehavior [ RunTime:0.001644s ]
INFO: [ app_end ] --END-- [ RunTime:0.001764s ]

[ 2018-04-11T11:00:36+08:00 ] 127.0.0.1 /Admin/TopLineArticle/test
INFO: [ app_init ] --START--
INFO: Run Behavior\BuildLiteBehavior [ RunTime:0.000022s ]
INFO: [ app_init ] --END-- [ RunTime:0.000902s ]
INFO: [ app_begin ] --START--
INFO: Run Behavior\ReadHtmlCacheBehavior [ RunTime:0.000971s ]
INFO: [ app_begin ] --END-- [ RunTime:0.001050s ]
NOTIC: [2048] Declaration of Admin\Controller\CommonController::_arraySort() should be compatible with Common\Controller\CommonBaseController::_arraySort($arr, $keys, $type = 'asc') D:\www\online_team\www.taodianke.com\Application\Admin\Controller\CommonController.class.php 第 11 行.
NOTIC: [8] Undefined index:  D:\www\online_team\www.taodianke.com\Application\Admin\Controller\CommonController.class.php 第 38 行.
INFO: [ app_end ] --START--
INFO: Run Behavior\ShowPageTraceBehavior [ RunTime:0.001698s ]
INFO: [ app_end ] --END-- [ RunTime:0.001829s ]

[ 2018-04-11T11:00:38+08:00 ] 127.0.0.1 /Admin/TopLineArticle/test
INFO: [ app_init ] --START--
INFO: Run Behavior\BuildLiteBehavior [ RunTime:0.000014s ]
INFO: [ app_init ] --END-- [ RunTime:0.000647s ]
INFO: [ app_begin ] --START--
INFO: Run Behavior\ReadHtmlCacheBehavior [ RunTime:0.000610s ]
INFO: [ app_begin ] --END-- [ RunTime:0.000664s ]
NOTIC: [2048] Declaration of Admin\Controller\CommonController::_arraySort() should be compatible with Common\Controller\CommonBaseController::_arraySort($arr, $keys, $type = 'asc') D:\www\online_team\www.taodianke.com\Application\Admin\Controller\CommonController.class.php 第 11 行.
NOTIC: [8] Undefined index:  D:\www\online_team\www.taodianke.com\Application\Admin\Controller\CommonController.class.php 第 38 行.
INFO: [ app_end ] --START--
INFO: Run Behavior\ShowPageTraceBehavior [ RunTime:0.002065s ]
INFO: [ app_end ] --END-- [ RunTime:0.002204s ]

[ 2018-04-11T11:00:43+08:00 ] 127.0.0.1 /Admin/TopLineArticle/test
INFO: [ app_init ] --START--
INFO: Run Behavior\BuildLiteBehavior [ RunTime:0.000012s ]
INFO: [ app_init ] --END-- [ RunTime:0.000505s ]
INFO: [ app_begin ] --START--
INFO: Run Behavior\ReadHtmlCacheBehavior [ RunTime:0.000788s ]
INFO: [ app_begin ] --END-- [ RunTime:0.000855s ]
NOTIC: [2048] Declaration of Admin\Controller\CommonController::_arraySort() should be compatible with Common\Controller\CommonBaseController::_arraySort($arr, $keys, $type = 'asc') D:\www\online_team\www.taodianke.com\Application\Admin\Controller\CommonController.class.php 第 11 行.
NOTIC: [8] Undefined index:  D:\www\online_team\www.taodianke.com\Application\Admin\Controller\CommonController.class.php 第 38 行.
INFO: [ app_end ] --START--
INFO: Run Behavior\ShowPageTraceBehavior [ RunTime:0.001685s ]
INFO: [ app_end ] --END-- [ RunTime:0.001804s ]

[ 2018-04-11T11:00:50+08:00 ] 127.0.0.1 /Admin/TopLineArticle/test
INFO: [ app_init ] --START--
INFO: Run Behavior\BuildLiteBehavior [ RunTime:0.000013s ]
INFO: [ app_init ] --END-- [ RunTime:0.000595s ]
INFO: [ app_begin ] --START--
INFO: Run Behavior\ReadHtmlCacheBehavior [ RunTime:0.001228s ]
INFO: [ app_begin ] --END-- [ RunTime:0.001343s ]
NOTIC: [2048] Declaration of Admin\Controller\CommonController::_arraySort() should be compatible with Common\Controller\CommonBaseController::_arraySort($arr, $keys, $type = 'asc') D:\www\online_team\www.taodianke.com\Application\Admin\Controller\CommonController.class.php 第 11 行.
NOTIC: [8] Undefined index:  D:\www\online_team\www.taodianke.com\Application\Admin\Controller\CommonController.class.php 第 38 行.
INFO: [ app_end ] --START--
INFO: Run Behavior\ShowPageTraceBehavior [ RunTime:0.001018s ]
INFO: [ app_end ] --END-- [ RunTime:0.001086s ]

[ 2018-04-11T11:00:51+08:00 ] 127.0.0.1 /Admin/TopLineArticle/test
INFO: [ app_init ] --START--
INFO: Run Behavior\BuildLiteBehavior [ RunTime:0.000018s ]
INFO: [ app_init ] --END-- [ RunTime:0.000776s ]
INFO: [ app_begin ] --START--
INFO: Run Behavior\ReadHtmlCacheBehavior [ RunTime:0.000679s ]
INFO: [ app_begin ] --END-- [ RunTime:0.000732s ]
NOTIC: [2048] Declaration of Admin\Controller\CommonController::_arraySort() should be compatible with Common\Controller\CommonBaseController::_arraySort($arr, $keys, $type = 'asc') D:\www\online_team\www.taodianke.com\Application\Admin\Controller\CommonController.class.php 第 11 行.
NOTIC: [8] Undefined index:  D:\www\online_team\www.taodianke.com\Application\Admin\Controller\CommonController.class.php 第 38 行.
INFO: [ app_end ] --START--
INFO: Run Behavior\ShowPageTraceBehavior [ RunTime:0.001442s ]
INFO: [ app_end ] --END-- [ RunTime:0.001535s ]

[ 2018-04-11T11:00:52+08:00 ] 127.0.0.1 /Admin/TopLineArticle/test
INFO: [ app_init ] --START--
INFO: Run Behavior\BuildLiteBehavior [ RunTime:0.000017s ]
INFO: [ app_init ] --END-- [ RunTime:0.000628s ]
INFO: [ app_begin ] --START--
INFO: Run Behavior\ReadHtmlCacheBehavior [ RunTime:0.000634s ]
INFO: [ app_begin ] --END-- [ RunTime:0.000684s ]
NOTIC: [2048] Declaration of Admin\Controller\CommonController::_arraySort() should be compatible with Common\Controller\CommonBaseController::_arraySort($arr, $keys, $type = 'asc') D:\www\online_team\www.taodianke.com\Application\Admin\Controller\CommonController.class.php 第 11 行.
NOTIC: [8] Undefined index:  D:\www\online_team\www.taodianke.com\Application\Admin\Controller\CommonController.class.php 第 38 行.
INFO: [ app_end ] --START--
INFO: Run Behavior\ShowPageTraceBehavior [ RunTime:0.001933s ]
INFO: [ app_end ] --END-- [ RunTime:0.002061s ]

[ 2018-04-11T11:00:54+08:00 ] 127.0.0.1 /Admin/TopLineArticle/test
INFO: [ app_init ] --START--
INFO: Run Behavior\BuildLiteBehavior [ RunTime:0.000013s ]
INFO: [ app_init ] --END-- [ RunTime:0.000614s ]
INFO: [ app_begin ] --START--
INFO: Run Behavior\ReadHtmlCacheBehavior [ RunTime:0.000651s ]
INFO: [ app_begin ] --END-- [ RunTime:0.000703s ]
NOTIC: [2048] Declaration of Admin\Controller\CommonController::_arraySort() should be compatible with Common\Controller\CommonBaseController::_arraySort($arr, $keys, $type = 'asc') D:\www\online_team\www.taodianke.com\Application\Admin\Controller\CommonController.class.php 第 11 行.
NOTIC: [8] Undefined index:  D:\www\online_team\www.taodianke.com\Application\Admin\Controller\CommonController.class.php 第 38 行.
INFO: [ app_end ] --START--
INFO: Run Behavior\ShowPageTraceBehavior [ RunTime:0.004589s ]
INFO: [ app_end ] --END-- [ RunTime:0.004940s ]

[ 2018-04-11T11:00:55+08:00 ] 127.0.0.1 /Admin/TopLineArticle/test
INFO: [ app_init ] --START--
INFO: Run Behavior\BuildLiteBehavior [ RunTime:0.000014s ]
INFO: [ app_init ] --END-- [ RunTime:0.000549s ]
INFO: [ app_begin ] --START--
INFO: Run Behavior\ReadHtmlCacheBehavior [ RunTime:0.000913s ]
INFO: [ app_begin ] --END-- [ RunTime:0.000989s ]
NOTIC: [2048] Declaration of Admin\Controller\CommonController::_arraySort() should be compatible with Common\Controller\CommonBaseController::_arraySort($arr, $keys, $type = 'asc') D:\www\online_team\www.taodianke.com\Application\Admin\Controller\CommonController.class.php 第 11 行.
NOTIC: [8] Undefined index:  D:\www\online_team\www.taodianke.com\Application\Admin\Controller\CommonController.class.php 第 38 行.
INFO: [ app_end ] --START--
INFO: Run Behavior\ShowPageTraceBehavior [ RunTime:0.002767s ]
INFO: [ app_end ] --END-- [ RunTime:0.002967s ]

[ 2018-04-11T11:01:13+08:00 ] 127.0.0.1 /Admin/TopLineArticle/test
INFO: [ app_init ] --START--
INFO: Run Behavior\BuildLiteBehavior [ RunTime:0.000021s ]
INFO: [ app_init ] --END-- [ RunTime:0.000888s ]
INFO: [ app_begin ] --START--
INFO: Run Behavior\ReadHtmlCacheBehavior [ RunTime:0.000698s ]
INFO: [ app_begin ] --END-- [ RunTime:0.000762s ]
NOTIC: [2048] Declaration of Admin\Controller\CommonController::_arraySort() should be compatible with Common\Controller\CommonBaseController::_arraySort($arr, $keys, $type = 'asc') D:\www\online_team\www.taodianke.com\Application\Admin\Controller\CommonController.class.php 第 11 行.
NOTIC: [8] Undefined index:  D:\www\online_team\www.taodianke.com\Application\Admin\Controller\CommonController.class.php 第 38 行.
INFO: [ app_end ] --START--
INFO: Run Behavior\ShowPageTraceBehavior [ RunTime:0.002808s ]
INFO: [ app_end ] --END-- [ RunTime:0.002928s ]

[ 2018-04-11T11:01:17+08:00 ] 127.0.0.1 /Admin/TopLineArticle/test
INFO: [ app_init ] --START--
INFO: Run Behavior\BuildLiteBehavior [ RunTime:0.000013s ]
INFO: [ app_init ] --END-- [ RunTime:0.000527s ]
INFO: [ app_begin ] --START--
INFO: Run Behavior\ReadHtmlCacheBehavior [ RunTime:0.000669s ]
INFO: [ app_begin ] --END-- [ RunTime:0.000725s ]
NOTIC: [2048] Declaration of Admin\Controller\CommonController::_arraySort() should be compatible with Common\Controller\CommonBaseController::_arraySort($arr, $keys, $type = 'asc') D:\www\online_team\www.taodianke.com\Application\Admin\Controller\CommonController.class.php 第 11 行.
NOTIC: [8] Undefined index:  D:\www\online_team\www.taodianke.com\Application\Admin\Controller\CommonController.class.php 第 38 行.
INFO: [ app_end ] --START--
INFO: Run Behavior\ShowPageTraceBehavior [ RunTime:0.000959s ]
INFO: [ app_end ] --END-- [ RunTime:0.001033s ]

[ 2018-04-11T11:01:40+08:00 ] 127.0.0.1 /Admin/TopLineArticle/test
INFO: [ app_init ] --START--
INFO: Run Behavior\BuildLiteBehavior [ RunTime:0.000015s ]
INFO: [ app_init ] --END-- [ RunTime:0.000592s ]
INFO: [ app_begin ] --START--
INFO: Run Behavior\ReadHtmlCacheBehavior [ RunTime:0.000673s ]
INFO: [ app_begin ] --END-- [ RunTime:0.000725s ]
NOTIC: [2048] Declaration of Admin\Controller\CommonController::_arraySort() should be compatible with Common\Controller\CommonBaseController::_arraySort($arr, $keys, $type = 'asc') D:\www\online_team\www.taodianke.com\Application\Admin\Controller\CommonController.class.php 第 11 行.
NOTIC: [8] Undefined index:  D:\www\online_team\www.taodianke.com\Application\Admin\Controller\CommonController.class.php 第 38 行.
INFO: [ app_end ] --START--
INFO: Run Behavior\ShowPageTraceBehavior [ RunTime:0.001518s ]
INFO: [ app_end ] --END-- [ RunTime:0.001607s ]

[ 2018-04-11T11:40:54+08:00 ] 127.0.0.1 /Admin/TopLineArticle/test
INFO: [ app_init ] --START--
INFO: Run Behavior\BuildLiteBehavior [ RunTime:0.000022s ]
INFO: [ app_init ] --END-- [ RunTime:0.001018s ]
INFO: [ app_begin ] --START--
INFO: Run Behavior\ReadHtmlCacheBehavior [ RunTime:0.000715s ]
INFO: [ app_begin ] --END-- [ RunTime:0.000770s ]
NOTIC: [2048] Declaration of Admin\Controller\CommonController::_arraySort() should be compatible with Common\Controller\CommonBaseController::_arraySort($arr, $keys, $type = 'asc') D:\www\online_team\www.taodianke.com\Application\Admin\Controller\CommonController.class.php 第 11 行.
NOTIC: [8] Undefined index:  D:\www\online_team\www.taodianke.com\Application\Admin\Controller\CommonController.class.php 第 38 行.
INFO: [ app_end ] --START--
INFO: Run Behavior\ShowPageTraceBehavior [ RunTime:0.001017s ]
INFO: [ app_end ] --END-- [ RunTime:0.001075s ]

[ 2018-04-11T11:40:56+08:00 ] 127.0.0.1 /Admin/TopLineArticle/test
INFO: [ app_init ] --START--
INFO: Run Behavior\BuildLiteBehavior [ RunTime:0.000017s ]
INFO: [ app_init ] --END-- [ RunTime:0.000773s ]
INFO: [ app_begin ] --START--
INFO: Run Behavior\ReadHtmlCacheBehavior [ RunTime:0.000602s ]
INFO: [ app_begin ] --END-- [ RunTime:0.000653s ]
NOTIC: [2048] Declaration of Admin\Controller\CommonController::_arraySort() should be compatible with Common\Controller\CommonBaseController::_arraySort($arr, $keys, $type = 'asc') D:\www\online_team\www.taodianke.com\Application\Admin\Controller\CommonController.class.php 第 11 行.
NOTIC: [8] Undefined index:  D:\www\online_team\www.taodianke.com\Application\Admin\Controller\CommonController.class.php 第 38 行.
INFO: [ app_end ] --START--
INFO: Run Behavior\ShowPageTraceBehavior [ RunTime:0.002333s ]
INFO: [ app_end ] --END-- [ RunTime:0.002492s ]

[ 2018-04-11T11:40:57+08:00 ] 127.0.0.1 /Admin/TopLineArticle/test
INFO: [ app_init ] --START--
INFO: Run Behavior\BuildLiteBehavior [ RunTime:0.000014s ]
INFO: [ app_init ] --END-- [ RunTime:0.000538s ]
INFO: [ app_begin ] --START--
INFO: Run Behavior\ReadHtmlCacheBehavior [ RunTime:0.000750s ]
INFO: [ app_begin ] --END-- [ RunTime:0.000817s ]
NOTIC: [2048] Declaration of Admin\Controller\CommonController::_arraySort() should be compatible with Common\Controller\CommonBaseController::_arraySort($arr, $keys, $type = 'asc') D:\www\online_team\www.taodianke.com\Application\Admin\Controller\CommonController.class.php 第 11 行.
NOTIC: [8] Undefined index:  D:\www\online_team\www.taodianke.com\Application\Admin\Controller\CommonController.class.php 第 38 行.
INFO: [ app_end ] --START--
INFO: Run Behavior\ShowPageTraceBehavior [ RunTime:0.001016s ]
INFO: [ app_end ] --END-- [ RunTime:0.001079s ]

[ 2018-04-11T11:40:58+08:00 ] 127.0.0.1 /Admin/TopLineArticle/test
INFO: [ app_init ] --START--
INFO: Run Behavior\BuildLiteBehavior [ RunTime:0.000019s ]
INFO: [ app_init ] --END-- [ RunTime:0.000741s ]
INFO: [ app_begin ] --START--
INFO: Run Behavior\ReadHtmlCacheBehavior [ RunTime:0.000637s ]
INFO: [ app_begin ] --END-- [ RunTime:0.000696s ]
NOTIC: [2048] Declaration of Admin\Controller\CommonController::_arraySort() should be compatible with Common\Controller\CommonBaseController::_arraySort($arr, $keys, $type = 'asc') D:\www\online_team\www.taodianke.com\Application\Admin\Controller\CommonController.class.php 第 11 行.
NOTIC: [8] Undefined index:  D:\www\online_team\www.taodianke.com\Application\Admin\Controller\CommonController.class.php 第 38 行.
INFO: [ app_end ] --START--
INFO: Run Behavior\ShowPageTraceBehavior [ RunTime:0.001314s ]
INFO: [ app_end ] --END-- [ RunTime:0.001405s ]

[ 2018-04-11T11:41:12+08:00 ] 127.0.0.1 /Admin/TopLineArticle/test
INFO: [ app_init ] --START--
INFO: Run Behavior\BuildLiteBehavior [ RunTime:0.000014s ]
INFO: [ app_init ] --END-- [ RunTime:0.000552s ]
INFO: [ app_begin ] --START--
INFO: Run Behavior\ReadHtmlCacheBehavior [ RunTime:0.000603s ]
INFO: [ app_begin ] --END-- [ RunTime:0.000654s ]
NOTIC: [2048] Declaration of Admin\Controller\CommonController::_arraySort() should be compatible with Common\Controller\CommonBaseController::_arraySort($arr, $keys, $type = 'asc') D:\www\online_team\www.taodianke.com\Application\Admin\Controller\CommonController.class.php 第 11 行.
NOTIC: [8] Undefined index:  D:\www\online_team\www.taodianke.com\Application\Admin\Controller\CommonController.class.php 第 38 行.
INFO: [ app_end ] --START--
INFO: Run Behavior\ShowPageTraceBehavior [ RunTime:0.002765s ]
INFO: [ app_end ] --END-- [ RunTime:0.003008s ]

[ 2018-04-11T11:41:14+08:00 ] 127.0.0.1 /Admin/TopLineArticle/test
INFO: [ app_init ] --START--
INFO: Run Behavior\BuildLiteBehavior [ RunTime:0.000014s ]
INFO: [ app_init ] --END-- [ RunTime:0.000534s ]
INFO: [ app_begin ] --START--
INFO: Run Behavior\ReadHtmlCacheBehavior [ RunTime:0.000622s ]
INFO: [ app_begin ] --END-- [ RunTime:0.000675s ]
NOTIC: [2048] Declaration of Admin\Controller\CommonController::_arraySort() should be compatible with Common\Controller\CommonBaseController::_arraySort($arr, $keys, $type = 'asc') D:\www\online_team\www.taodianke.com\Application\Admin\Controller\CommonController.class.php 第 11 行.
NOTIC: [8] Undefined index:  D:\www\online_team\www.taodianke.com\Application\Admin\Controller\CommonController.class.php 第 38 行.
INFO: [ app_end ] --START--
INFO: Run Behavior\ShowPageTraceBehavior [ RunTime:0.001967s ]
INFO: [ app_end ] --END-- [ RunTime:0.002095s ]

[ 2018-04-11T11:41:15+08:00 ] 127.0.0.1 /Admin/TopLineArticle/test
INFO: [ app_init ] --START--
INFO: Run Behavior\BuildLiteBehavior [ RunTime:0.000013s ]
INFO: [ app_init ] --END-- [ RunTime:0.000518s ]
INFO: [ app_begin ] --START--
INFO: Run Behavior\ReadHtmlCacheBehavior [ RunTime:0.000964s ]
INFO: [ app_begin ] --END-- [ RunTime:0.001049s ]
NOTIC: [2048] Declaration of Admin\Controller\CommonController::_arraySort() should be compatible with Common\Controller\CommonBaseController::_arraySort($arr, $keys, $type = 'asc') D:\www\online_team\www.taodianke.com\Application\Admin\Controller\CommonController.class.php 第 11 行.
NOTIC: [8] Undefined index:  D:\www\online_team\www.taodianke.com\Application\Admin\Controller\CommonController.class.php 第 38 行.
INFO: [ app_end ] --START--
INFO: Run Behavior\ShowPageTraceBehavior [ RunTime:0.002637s ]
INFO: [ app_end ] --END-- [ RunTime:0.002911s ]

[ 2018-04-11T11:41:16+08:00 ] 127.0.0.1 /Admin/TopLineArticle/test
INFO: [ app_init ] --START--
INFO: Run Behavior\BuildLiteBehavior [ RunTime:0.000012s ]
INFO: [ app_init ] --END-- [ RunTime:0.000492s ]
INFO: [ app_begin ] --START--
INFO: Run Behavior\ReadHtmlCacheBehavior [ RunTime:0.000731s ]
INFO: [ app_begin ] --END-- [ RunTime:0.000799s ]
NOTIC: [2048] Declaration of Admin\Controller\CommonController::_arraySort() should be compatible with Common\Controller\CommonBaseController::_arraySort($arr, $keys, $type = 'asc') D:\www\online_team\www.taodianke.com\Application\Admin\Controller\CommonController.class.php 第 11 行.
NOTIC: [8] Undefined index:  D:\www\online_team\www.taodianke.com\Application\Admin\Controller\CommonController.class.php 第 38 行.
INFO: [ app_end ] --START--
INFO: Run Behavior\ShowPageTraceBehavior [ RunTime:0.001611s ]
INFO: [ app_end ] --END-- [ RunTime:0.001714s ]

[ 2018-04-11T11:41:17+08:00 ] 127.0.0.1 /Admin/TopLineArticle/test
INFO: [ app_init ] --START--
INFO: Run Behavior\BuildLiteBehavior [ RunTime:0.000023s ]
INFO: [ app_init ] --END-- [ RunTime:0.001032s ]
INFO: [ app_begin ] --START--
INFO: Run Behavior\ReadHtmlCacheBehavior [ RunTime:0.000586s ]
INFO: [ app_begin ] --END-- [ RunTime:0.000635s ]
NOTIC: [2048] Declaration of Admin\Controller\CommonController::_arraySort() should be compatible with Common\Controller\CommonBaseController::_arraySort($arr, $keys, $type = 'asc') D:\www\online_team\www.taodianke.com\Application\Admin\Controller\CommonController.class.php 第 11 行.
NOTIC: [8] Undefined index:  D:\www\online_team\www.taodianke.com\Application\Admin\Controller\CommonController.class.php 第 38 行.
INFO: [ app_end ] --START--
INFO: Run Behavior\ShowPageTraceBehavior [ RunTime:0.001707s ]
INFO: [ app_end ] --END-- [ RunTime:0.001813s ]

[ 2018-04-11T11:41:31+08:00 ] 127.0.0.1 /Admin/TopLineArticle/getIp
INFO: [ app_init ] --START--
INFO: Run Behavior\BuildLiteBehavior [ RunTime:0.000012s ]
INFO: [ app_init ] --END-- [ RunTime:0.000525s ]
INFO: [ app_begin ] --START--
INFO: Run Behavior\ReadHtmlCacheBehavior [ RunTime:0.000695s ]
INFO: [ app_begin ] --END-- [ RunTime:0.000750s ]
NOTIC: [2048] Declaration of Admin\Controller\CommonController::_arraySort() should be compatible with Common\Controller\CommonBaseController::_arraySort($arr, $keys, $type = 'asc') D:\www\online_team\www.taodianke.com\Application\Admin\Controller\CommonController.class.php 第 11 行.
NOTIC: [8] Undefined index:  D:\www\online_team\www.taodianke.com\Application\Admin\Controller\CommonController.class.php 第 38 行.
INFO: [ app_end ] --START--
INFO: Run Behavior\ShowPageTraceBehavior [ RunTime:0.001156s ]
INFO: [ app_end ] --END-- [ RunTime:0.001245s ]

[ 2018-04-11T11:41:36+08:00 ] 127.0.0.1 /Admin/TopLineArticle/getIp
INFO: [ app_init ] --START--
INFO: Run Behavior\BuildLiteBehavior [ RunTime:0.000012s ]
INFO: [ app_init ] --END-- [ RunTime:0.000513s ]
INFO: [ app_begin ] --START--
INFO: Run Behavior\ReadHtmlCacheBehavior [ RunTime:0.000702s ]
INFO: [ app_begin ] --END-- [ RunTime:0.000761s ]
NOTIC: [2048] Declaration of Admin\Controller\CommonController::_arraySort() should be compatible with Common\Controller\CommonBaseController::_arraySort($arr, $keys, $type = 'asc') D:\www\online_team\www.taodianke.com\Application\Admin\Controller\CommonController.class.php 第 11 行.
NOTIC: [8] Undefined index:  D:\www\online_team\www.taodianke.com\Application\Admin\Controller\CommonController.class.php 第 38 行.
INFO: [ app_end ] --START--
INFO: Run Behavior\ShowPageTraceBehavior [ RunTime:0.000671s ]
INFO: [ app_end ] --END-- [ RunTime:0.000718s ]

[ 2018-04-11T11:41:37+08:00 ] 127.0.0.1 /Admin/TopLineArticle/getIp
INFO: [ app_init ] --START--
INFO: Run Behavior\BuildLiteBehavior [ RunTime:0.000012s ]
INFO: [ app_init ] --END-- [ RunTime:0.000548s ]
INFO: [ app_begin ] --START--
INFO: Run Behavior\ReadHtmlCacheBehavior [ RunTime:0.001024s ]
INFO: [ app_begin ] --END-- [ RunTime:0.001103s ]
NOTIC: [2048] Declaration of Admin\Controller\CommonController::_arraySort() should be compatible with Common\Controller\CommonBaseController::_arraySort($arr, $keys, $type = 'asc') D:\www\online_team\www.taodianke.com\Application\Admin\Controller\CommonController.class.php 第 11 行.
NOTIC: [8] Undefined index:  D:\www\online_team\www.taodianke.com\Application\Admin\Controller\CommonController.class.php 第 38 行.
INFO: [ app_end ] --START--
INFO: Run Behavior\ShowPageTraceBehavior [ RunTime:0.001117s ]
INFO: [ app_end ] --END-- [ RunTime:0.001205s ]

[ 2018-04-11T11:41:37+08:00 ] 127.0.0.1 /Admin/TopLineArticle/getIp
INFO: [ app_init ] --START--
INFO: Run Behavior\BuildLiteBehavior [ RunTime:0.000013s ]
INFO: [ app_init ] --END-- [ RunTime:0.000529s ]
INFO: [ app_begin ] --START--
INFO: Run Behavior\ReadHtmlCacheBehavior [ RunTime:0.000741s ]
INFO: [ app_begin ] --END-- [ RunTime:0.000805s ]
NOTIC: [2048] Declaration of Admin\Controller\CommonController::_arraySort() should be compatible with Common\Controller\CommonBaseController::_arraySort($arr, $keys, $type = 'asc') D:\www\online_team\www.taodianke.com\Application\Admin\Controller\CommonController.class.php 第 11 行.
NOTIC: [8] Undefined index:  D:\www\online_team\www.taodianke.com\Application\Admin\Controller\CommonController.class.php 第 38 行.
INFO: [ app_end ] --START--
INFO: Run Behavior\ShowPageTraceBehavior [ RunTime:0.000691s ]
INFO: [ app_end ] --END-- [ RunTime:0.000751s ]

[ 2018-04-11T11:41:38+08:00 ] 127.0.0.1 /Admin/TopLineArticle/getIp
INFO: [ app_init ] --START--
INFO: Run Behavior\BuildLiteBehavior [ RunTime:0.000014s ]
INFO: [ app_init ] --END-- [ RunTime:0.000588s ]
INFO: [ app_begin ] --START--
INFO: Run Behavior\ReadHtmlCacheBehavior [ RunTime:0.000603s ]
INFO: [ app_begin ] --END-- [ RunTime:0.000655s ]
NOTIC: [2048] Declaration of Admin\Controller\CommonController::_arraySort() should be compatible with Common\Controller\CommonBaseController::_arraySort($arr, $keys, $type = 'asc') D:\www\online_team\www.taodianke.com\Application\Admin\Controller\CommonController.class.php 第 11 行.
NOTIC: [8] Undefined index:  D:\www\online_team\www.taodianke.com\Application\Admin\Controller\CommonController.class.php 第 38 行.
INFO: [ app_end ] --START--
INFO: Run Behavior\ShowPageTraceBehavior [ RunTime:0.001089s ]
INFO: [ app_end ] --END-- [ RunTime:0.001156s ]

[ 2018-04-11T11:41:39+08:00 ] 127.0.0.1 /Admin/TopLineArticle/getIp
INFO: [ app_init ] --START--
INFO: Run Behavior\BuildLiteBehavior [ RunTime:0.000017s ]
INFO: [ app_init ] --END-- [ RunTime:0.000735s ]
INFO: [ app_begin ] --START--
INFO: Run Behavior\ReadHtmlCacheBehavior [ RunTime:0.000960s ]
INFO: [ app_begin ] --END-- [ RunTime:0.001033s ]
NOTIC: [2048] Declaration of Admin\Controller\CommonController::_arraySort() should be compatible with Common\Controller\CommonBaseController::_arraySort($arr, $keys, $type = 'asc') D:\www\online_team\www.taodianke.com\Application\Admin\Controller\CommonController.class.php 第 11 行.
NOTIC: [8] Undefined index:  D:\www\online_team\www.taodianke.com\Application\Admin\Controller\CommonController.class.php 第 38 行.
INFO: [ app_end ] --START--
INFO: Run Behavior\ShowPageTraceBehavior [ RunTime:0.000772s ]
INFO: [ app_end ] --END-- [ RunTime:0.000822s ]

[ 2018-04-11T11:41:39+08:00 ] 127.0.0.1 /Admin/TopLineArticle/getIp
INFO: [ app_init ] --START--
INFO: Run Behavior\BuildLiteBehavior [ RunTime:0.000016s ]
INFO: [ app_init ] --END-- [ RunTime:0.000799s ]
INFO: [ app_begin ] --START--
INFO: Run Behavior\ReadHtmlCacheBehavior [ RunTime:0.000628s ]
INFO: [ app_begin ] --END-- [ RunTime:0.000681s ]
NOTIC: [2048] Declaration of Admin\Controller\CommonController::_arraySort() should be compatible with Common\Controller\CommonBaseController::_arraySort($arr, $keys, $type = 'asc') D:\www\online_team\www.taodianke.com\Application\Admin\Controller\CommonController.class.php 第 11 行.
NOTIC: [8] Undefined index:  D:\www\online_team\www.taodianke.com\Application\Admin\Controller\CommonController.class.php 第 38 行.
INFO: [ app_end ] --START--
INFO: Run Behavior\ShowPageTraceBehavior [ RunTime:0.000773s ]
INFO: [ app_end ] --END-- [ RunTime:0.000824s ]

[ 2018-04-11T11:41:40+08:00 ] 127.0.0.1 /Admin/TopLineArticle/getIp
INFO: [ app_init ] --START--
INFO: Run Behavior\BuildLiteBehavior [ RunTime:0.000018s ]
INFO: [ app_init ] --END-- [ RunTime:0.000581s ]
INFO: [ app_begin ] --START--
INFO: Run Behavior\ReadHtmlCacheBehavior [ RunTime:0.001301s ]
INFO: [ app_begin ] --END-- [ RunTime:0.001379s ]
NOTIC: [2048] Declaration of Admin\Controller\CommonController::_arraySort() should be compatible with Common\Controller\CommonBaseController::_arraySort($arr, $keys, $type = 'asc') D:\www\online_team\www.taodianke.com\Application\Admin\Controller\CommonController.class.php 第 11 行.
NOTIC: [8] Undefined index:  D:\www\online_team\www.taodianke.com\Application\Admin\Controller\CommonController.class.php 第 38 行.
INFO: [ app_end ] --START--
INFO: Run Behavior\ShowPageTraceBehavior [ RunTime:0.000753s ]
INFO: [ app_end ] --END-- [ RunTime:0.000813s ]

[ 2018-04-11T11:41:40+08:00 ] 127.0.0.1 /Admin/TopLineArticle/getIp
INFO: [ app_init ] --START--
INFO: Run Behavior\BuildLiteBehavior [ RunTime:0.000019s ]
INFO: [ app_init ] --END-- [ RunTime:0.000606s ]
INFO: [ app_begin ] --START--
INFO: Run Behavior\ReadHtmlCacheBehavior [ RunTime:0.000968s ]
INFO: [ app_begin ] --END-- [ RunTime:0.001052s ]
NOTIC: [2048] Declaration of Admin\Controller\CommonController::_arraySort() should be compatible with Common\Controller\CommonBaseController::_arraySort($arr, $keys, $type = 'asc') D:\www\online_team\www.taodianke.com\Application\Admin\Controller\CommonController.class.php 第 11 行.
NOTIC: [8] Undefined index:  D:\www\online_team\www.taodianke.com\Application\Admin\Controller\CommonController.class.php 第 38 行.
INFO: [ app_end ] --START--
INFO: Run Behavior\ShowPageTraceBehavior [ RunTime:0.000827s ]
INFO: [ app_end ] --END-- [ RunTime:0.000882s ]

[ 2018-04-11T11:41:47+08:00 ] 127.0.0.1 /Admin/TopLineArticle/test
INFO: [ app_init ] --START--
INFO: Run Behavior\BuildLiteBehavior [ RunTime:0.000024s ]
INFO: [ app_init ] --END-- [ RunTime:0.000942s ]
INFO: [ app_begin ] --START--
INFO: Run Behavior\ReadHtmlCacheBehavior [ RunTime:0.000618s ]
INFO: [ app_begin ] --END-- [ RunTime:0.000681s ]
NOTIC: [2048] Declaration of Admin\Controller\CommonController::_arraySort() should be compatible with Common\Controller\CommonBaseController::_arraySort($arr, $keys, $type = 'asc') D:\www\online_team\www.taodianke.com\Application\Admin\Controller\CommonController.class.php 第 11 行.
NOTIC: [8] Undefined index:  D:\www\online_team\www.taodianke.com\Application\Admin\Controller\CommonController.class.php 第 38 行.
INFO: [ app_end ] --START--
INFO: Run Behavior\ShowPageTraceBehavior [ RunTime:0.001442s ]
INFO: [ app_end ] --END-- [ RunTime:0.001535s ]

[ 2018-04-11T11:41:49+08:00 ] 127.0.0.1 /Admin/TopLineArticle/test
INFO: [ app_init ] --START--
INFO: Run Behavior\BuildLiteBehavior [ RunTime:0.000013s ]
INFO: [ app_init ] --END-- [ RunTime:0.000590s ]
INFO: [ app_begin ] --START--
INFO: Run Behavior\ReadHtmlCacheBehavior [ RunTime:0.000642s ]
INFO: [ app_begin ] --END-- [ RunTime:0.000706s ]
NOTIC: [2048] Declaration of Admin\Controller\CommonController::_arraySort() should be compatible with Common\Controller\CommonBaseController::_arraySort($arr, $keys, $type = 'asc') D:\www\online_team\www.taodianke.com\Application\Admin\Controller\CommonController.class.php 第 11 行.
NOTIC: [8] Undefined index:  D:\www\online_team\www.taodianke.com\Application\Admin\Controller\CommonController.class.php 第 38 行.
INFO: [ app_end ] --START--
INFO: Run Behavior\ShowPageTraceBehavior [ RunTime:0.001657s ]
INFO: [ app_end ] --END-- [ RunTime:0.001761s ]

[ 2018-04-11T11:41:51+08:00 ] 127.0.0.1 /Admin/TopLineArticle/test
INFO: [ app_init ] --START--
INFO: Run Behavior\BuildLiteBehavior [ RunTime:0.000017s ]
INFO: [ app_init ] --END-- [ RunTime:0.000722s ]
INFO: [ app_begin ] --START--
INFO: Run Behavior\ReadHtmlCacheBehavior [ RunTime:0.000628s ]
INFO: [ app_begin ] --END-- [ RunTime:0.000679s ]
NOTIC: [2048] Declaration of Admin\Controller\CommonController::_arraySort() should be compatible with Common\Controller\CommonBaseController::_arraySort($arr, $keys, $type = 'asc') D:\www\online_team\www.taodianke.com\Application\Admin\Controller\CommonController.class.php 第 11 行.
NOTIC: [8] Undefined index:  D:\www\online_team\www.taodianke.com\Application\Admin\Controller\CommonController.class.php 第 38 行.
INFO: [ app_end ] --START--
INFO: Run Behavior\ShowPageTraceBehavior [ RunTime:0.003760s ]
INFO: [ app_end ] --END-- [ RunTime:0.004001s ]

[ 2018-04-11T11:41:51+08:00 ] 127.0.0.1 /Admin/TopLineArticle/test
INFO: [ app_init ] --START--
INFO: Run Behavior\BuildLiteBehavior [ RunTime:0.000024s ]
INFO: [ app_init ] --END-- [ RunTime:0.000877s ]
INFO: [ app_begin ] --START--
INFO: Run Behavior\ReadHtmlCacheBehavior [ RunTime:0.000606s ]
INFO: [ app_begin ] --END-- [ RunTime:0.000668s ]
NOTIC: [2048] Declaration of Admin\Controller\CommonController::_arraySort() should be compatible with Common\Controller\CommonBaseController::_arraySort($arr, $keys, $type = 'asc') D:\www\online_team\www.taodianke.com\Application\Admin\Controller\CommonController.class.php 第 11 行.
NOTIC: [8] Undefined index:  D:\www\online_team\www.taodianke.com\Application\Admin\Controller\CommonController.class.php 第 38 行.
INFO: [ app_end ] --START--
INFO: Run Behavior\ShowPageTraceBehavior [ RunTime:0.002484s ]
INFO: [ app_end ] --END-- [ RunTime:0.002649s ]

[ 2018-04-11T11:41:53+08:00 ] 127.0.0.1 /Admin/TopLineArticle/test
INFO: [ app_init ] --START--
INFO: Run Behavior\BuildLiteBehavior [ RunTime:0.000014s ]
INFO: [ app_init ] --END-- [ RunTime:0.000617s ]
INFO: [ app_begin ] --START--
INFO: Run Behavior\ReadHtmlCacheBehavior [ RunTime:0.000628s ]
INFO: [ app_begin ] --END-- [ RunTime:0.000680s ]
NOTIC: [2048] Declaration of Admin\Controller\CommonController::_arraySort() should be compatible with Common\Controller\CommonBaseController::_arraySort($arr, $keys, $type = 'asc') D:\www\online_team\www.taodianke.com\Application\Admin\Controller\CommonController.class.php 第 11 行.
NOTIC: [8] Undefined index:  D:\www\online_team\www.taodianke.com\Application\Admin\Controller\CommonController.class.php 第 38 行.
INFO: [ app_end ] --START--
INFO: Run Behavior\ShowPageTraceBehavior [ RunTime:0.002052s ]
INFO: [ app_end ] --END-- [ RunTime:0.002182s ]

[ 2018-04-11T11:41:53+08:00 ] 127.0.0.1 /Admin/TopLineArticle/test
INFO: [ app_init ] --START--
INFO: Run Behavior\BuildLiteBehavior [ RunTime:0.000014s ]
INFO: [ app_init ] --END-- [ RunTime:0.000851s ]
INFO: [ app_begin ] --START--
INFO: Run Behavior\ReadHtmlCacheBehavior [ RunTime:0.000928s ]
INFO: [ app_begin ] --END-- [ RunTime:0.001006s ]
NOTIC: [2048] Declaration of Admin\Controller\CommonController::_arraySort() should be compatible with Common\Controller\CommonBaseController::_arraySort($arr, $keys, $type = 'asc') D:\www\online_team\www.taodianke.com\Application\Admin\Controller\CommonController.class.php 第 11 行.
NOTIC: [8] Undefined index:  D:\www\online_team\www.taodianke.com\Application\Admin\Controller\CommonController.class.php 第 38 行.
INFO: [ app_end ] --START--
INFO: Run Behavior\ShowPageTraceBehavior [ RunTime:0.002373s ]
INFO: [ app_end ] --END-- [ RunTime:0.002551s ]

[ 2018-04-11T11:41:54+08:00 ] 127.0.0.1 /Admin/TopLineArticle/test
INFO: [ app_init ] --START--
INFO: Run Behavior\BuildLiteBehavior [ RunTime:0.000018s ]
INFO: [ app_init ] --END-- [ RunTime:0.000683s ]
INFO: [ app_begin ] --START--
INFO: Run Behavior\ReadHtmlCacheBehavior [ RunTime:0.000660s ]
INFO: [ app_begin ] --END-- [ RunTime:0.000710s ]
NOTIC: [2048] Declaration of Admin\Controller\CommonController::_arraySort() should be compatible with Common\Controller\CommonBaseController::_arraySort($arr, $keys, $type = 'asc') D:\www\online_team\www.taodianke.com\Application\Admin\Controller\CommonController.class.php 第 11 行.
NOTIC: [8] Undefined index:  D:\www\online_team\www.taodianke.com\Application\Admin\Controller\CommonController.class.php 第 38 行.
INFO: [ app_end ] --START--
INFO: Run Behavior\ShowPageTraceBehavior [ RunTime:0.003259s ]
INFO: [ app_end ] --END-- [ RunTime:0.003515s ]

[ 2018-04-11T11:46:04+08:00 ] 127.0.0.1 /Admin/TopLineArticle/test
INFO: [ app_init ] --START--
INFO: Run Behavior\BuildLiteBehavior [ RunTime:0.000013s ]
INFO: [ app_init ] --END-- [ RunTime:0.000579s ]
INFO: [ app_begin ] --START--
INFO: Run Behavior\ReadHtmlCacheBehavior [ RunTime:0.001269s ]
INFO: [ app_begin ] --END-- [ RunTime:0.001388s ]
NOTIC: [2048] Declaration of Admin\Controller\CommonController::_arraySort() should be compatible with Common\Controller\CommonBaseController::_arraySort($arr, $keys, $type = 'asc') D:\www\online_team\www.taodianke.com\Application\Admin\Controller\CommonController.class.php 第 11 行.
NOTIC: [8] Undefined index:  D:\www\online_team\www.taodianke.com\Application\Admin\Controller\CommonController.class.php 第 38 行.
INFO: [ app_end ] --START--
INFO: Run Behavior\ShowPageTraceBehavior [ RunTime:0.002032s ]
INFO: [ app_end ] --END-- [ RunTime:0.002151s ]

[ 2018-04-11T11:46:05+08:00 ] 127.0.0.1 /Admin/TopLineArticle/test
INFO: [ app_init ] --START--
INFO: Run Behavior\BuildLiteBehavior [ RunTime:0.000019s ]
INFO: [ app_init ] --END-- [ RunTime:0.000927s ]
INFO: [ app_begin ] --START--
INFO: Run Behavior\ReadHtmlCacheBehavior [ RunTime:0.000716s ]
INFO: [ app_begin ] --END-- [ RunTime:0.000769s ]
NOTIC: [2048] Declaration of Admin\Controller\CommonController::_arraySort() should be compatible with Common\Controller\CommonBaseController::_arraySort($arr, $keys, $type = 'asc') D:\www\online_team\www.taodianke.com\Application\Admin\Controller\CommonController.class.php 第 11 行.
NOTIC: [8] Undefined index:  D:\www\online_team\www.taodianke.com\Application\Admin\Controller\CommonController.class.php 第 38 行.
INFO: [ app_end ] --START--
INFO: Run Behavior\ShowPageTraceBehavior [ RunTime:0.002304s ]
INFO: [ app_end ] --END-- [ RunTime:0.002454s ]

[ 2018-04-11T11:46:06+08:00 ] 127.0.0.1 /Admin/TopLineArticle/test
INFO: [ app_init ] --START--
INFO: Run Behavior\BuildLiteBehavior [ RunTime:0.000017s ]
INFO: [ app_init ] --END-- [ RunTime:0.000728s ]
INFO: [ app_begin ] --START--
INFO: Run Behavior\ReadHtmlCacheBehavior [ RunTime:0.000941s ]
INFO: [ app_begin ] --END-- [ RunTime:0.001023s ]
NOTIC: [2048] Declaration of Admin\Controller\CommonController::_arraySort() should be compatible with Common\Controller\CommonBaseController::_arraySort($arr, $keys, $type = 'asc') D:\www\online_team\www.taodianke.com\Application\Admin\Controller\CommonController.class.php 第 11 行.
NOTIC: [8] Undefined index:  D:\www\online_team\www.taodianke.com\Application\Admin\Controller\CommonController.class.php 第 38 行.
INFO: [ app_end ] --START--
INFO: Run Behavior\ShowPageTraceBehavior [ RunTime:0.002391s ]
INFO: [ app_end ] --END-- [ RunTime:0.002541s ]

[ 2018-04-11T12:01:19+08:00 ] 127.0.0.1 /Admin/TopLineArticle/test
INFO: [ app_init ] --START--
INFO: Run Behavior\BuildLiteBehavior [ RunTime:0.000022s ]
INFO: [ app_init ] --END-- [ RunTime:0.000911s ]
INFO: [ app_begin ] --START--
INFO: Run Behavior\ReadHtmlCacheBehavior [ RunTime:0.000766s ]
INFO: [ app_begin ] --END-- [ RunTime:0.000824s ]
NOTIC: [2048] Declaration of Admin\Controller\CommonController::_arraySort() should be compatible with Common\Controller\CommonBaseController::_arraySort($arr, $keys, $type = 'asc') D:\www\online_team\www.taodianke.com\Application\Admin\Controller\CommonController.class.php 第 11 行.
NOTIC: [8] Undefined index:  D:\www\online_team\www.taodianke.com\Application\Admin\Controller\CommonController.class.php 第 38 行.
INFO: [ app_end ] --START--
INFO: Run Behavior\ShowPageTraceBehavior [ RunTime:0.001114s ]
INFO: [ app_end ] --END-- [ RunTime:0.001189s ]

[ 2018-04-11T12:01:22+08:00 ] 127.0.0.1 /Admin/TopLineArticle/test
INFO: [ app_init ] --START--
INFO: Run Behavior\BuildLiteBehavior [ RunTime:0.000015s ]
INFO: [ app_init ] --END-- [ RunTime:0.000567s ]
INFO: [ app_begin ] --START--
INFO: Run Behavior\ReadHtmlCacheBehavior [ RunTime:0.000614s ]
INFO: [ app_begin ] --END-- [ RunTime:0.000666s ]
NOTIC: [2048] Declaration of Admin\Controller\CommonController::_arraySort() should be compatible with Common\Controller\CommonBaseController::_arraySort($arr, $keys, $type = 'asc') D:\www\online_team\www.taodianke.com\Application\Admin\Controller\CommonController.class.php 第 11 行.
NOTIC: [8] Undefined index:  D:\www\online_team\www.taodianke.com\Application\Admin\Controller\CommonController.class.php 第 38 行.
INFO: [ app_end ] --START--
INFO: Run Behavior\ShowPageTraceBehavior [ RunTime:0.000831s ]
INFO: [ app_end ] --END-- [ RunTime:0.000898s ]

[ 2018-04-11T12:01:24+08:00 ] 127.0.0.1 /Admin/TopLineArticle/test
INFO: [ app_init ] --START--
INFO: Run Behavior\BuildLiteBehavior [ RunTime:0.000013s ]
INFO: [ app_init ] --END-- [ RunTime:0.000622s ]
INFO: [ app_begin ] --START--
INFO: Run Behavior\ReadHtmlCacheBehavior [ RunTime:0.000785s ]
INFO: [ app_begin ] --END-- [ RunTime:0.000854s ]
NOTIC: [2048] Declaration of Admin\Controller\CommonController::_arraySort() should be compatible with Common\Controller\CommonBaseController::_arraySort($arr, $keys, $type = 'asc') D:\www\online_team\www.taodianke.com\Application\Admin\Controller\CommonController.class.php 第 11 行.
NOTIC: [8] Undefined index:  D:\www\online_team\www.taodianke.com\Application\Admin\Controller\CommonController.class.php 第 38 行.
INFO: [ app_end ] --START--
INFO: Run Behavior\ShowPageTraceBehavior [ RunTime:0.001170s ]
INFO: [ app_end ] --END-- [ RunTime:0.001258s ]

[ 2018-04-11T12:02:55+08:00 ] 127.0.0.1 /Admin/TopLineArticle/test
INFO: [ app_init ] --START--
INFO: Run Behavior\BuildLiteBehavior [ RunTime:0.000015s ]
INFO: [ app_init ] --END-- [ RunTime:0.000555s ]
INFO: [ app_begin ] --START--
INFO: Run Behavior\ReadHtmlCacheBehavior [ RunTime:0.000621s ]
INFO: [ app_begin ] --END-- [ RunTime:0.000673s ]
NOTIC: [2048] Declaration of Admin\Controller\CommonController::_arraySort() should be compatible with Common\Controller\CommonBaseController::_arraySort($arr, $keys, $type = 'asc') D:\www\online_team\www.taodianke.com\Application\Admin\Controller\CommonController.class.php 第 11 行.
NOTIC: [8] Undefined index:  D:\www\online_team\www.taodianke.com\Application\Admin\Controller\CommonController.class.php 第 38 行.
INFO: [ app_end ] --START--
INFO: Run Behavior\ShowPageTraceBehavior [ RunTime:0.002875s ]
INFO: [ app_end ] --END-- [ RunTime:0.002967s ]

[ 2018-04-11T12:02:57+08:00 ] 127.0.0.1 /Admin/TopLineArticle/test
INFO: [ app_init ] --START--
INFO: Run Behavior\BuildLiteBehavior [ RunTime:0.000017s ]
INFO: [ app_init ] --END-- [ RunTime:0.000840s ]
INFO: [ app_begin ] --START--
INFO: Run Behavior\ReadHtmlCacheBehavior [ RunTime:0.000654s ]
INFO: [ app_begin ] --END-- [ RunTime:0.000715s ]
NOTIC: [2048] Declaration of Admin\Controller\CommonController::_arraySort() should be compatible with Common\Controller\CommonBaseController::_arraySort($arr, $keys, $type = 'asc') D:\www\online_team\www.taodianke.com\Application\Admin\Controller\CommonController.class.php 第 11 行.
NOTIC: [8] Undefined index:  D:\www\online_team\www.taodianke.com\Application\Admin\Controller\CommonController.class.php 第 38 行.

[ 2018-04-11T12:02:58+08:00 ] 127.0.0.1 /Admin/TopLineArticle/test
INFO: [ app_init ] --START--
INFO: Run Behavior\BuildLiteBehavior [ RunTime:0.000013s ]
INFO: [ app_init ] --END-- [ RunTime:0.000663s ]
INFO: [ app_begin ] --START--
INFO: Run Behavior\ReadHtmlCacheBehavior [ RunTime:0.001157s ]
INFO: [ app_begin ] --END-- [ RunTime:0.001242s ]
NOTIC: [2048] Declaration of Admin\Controller\CommonController::_arraySort() should be compatible with Common\Controller\CommonBaseController::_arraySort($arr, $keys, $type = 'asc') D:\www\online_team\www.taodianke.com\Application\Admin\Controller\CommonController.class.php 第 11 行.
NOTIC: [8] Undefined index:  D:\www\online_team\www.taodianke.com\Application\Admin\Controller\CommonController.class.php 第 38 行.
INFO: [ app_end ] --START--
INFO: Run Behavior\ShowPageTraceBehavior [ RunTime:0.001205s ]
INFO: [ app_end ] --END-- [ RunTime:0.001295s ]

[ 2018-04-11T12:03:04+08:00 ] 127.0.0.1 /Admin/TopLineArticle/test
INFO: [ app_init ] --START--
INFO: Run Behavior\BuildLiteBehavior [ RunTime:0.000020s ]
INFO: [ app_init ] --END-- [ RunTime:0.000750s ]
INFO: [ app_begin ] --START--
INFO: Run Behavior\ReadHtmlCacheBehavior [ RunTime:0.000710s ]
INFO: [ app_begin ] --END-- [ RunTime:0.000779s ]
NOTIC: [2048] Declaration of Admin\Controller\CommonController::_arraySort() should be compatible with Common\Controller\CommonBaseController::_arraySort($arr, $keys, $type = 'asc') D:\www\online_team\www.taodianke.com\Application\Admin\Controller\CommonController.class.php 第 11 行.
NOTIC: [8] Undefined index:  D:\www\online_team\www.taodianke.com\Application\Admin\Controller\CommonController.class.php 第 38 行.

[ 2018-04-11T12:03:05+08:00 ] 127.0.0.1 /Admin/TopLineArticle/test
INFO: [ app_init ] --START--
INFO: Run Behavior\BuildLiteBehavior [ RunTime:0.000013s ]
INFO: [ app_init ] --END-- [ RunTime:0.000544s ]
INFO: [ app_begin ] --START--
INFO: Run Behavior\ReadHtmlCacheBehavior [ RunTime:0.000660s ]
INFO: [ app_begin ] --END-- [ RunTime:0.000724s ]
NOTIC: [2048] Declaration of Admin\Controller\CommonController::_arraySort() should be compatible with Common\Controller\CommonBaseController::_arraySort($arr, $keys, $type = 'asc') D:\www\online_team\www.taodianke.com\Application\Admin\Controller\CommonController.class.php 第 11 行.
NOTIC: [8] Undefined index:  D:\www\online_team\www.taodianke.com\Application\Admin\Controller\CommonController.class.php 第 38 行.

[ 2018-04-11T12:03:06+08:00 ] 127.0.0.1 /Admin/TopLineArticle/test
INFO: [ app_init ] --START--
INFO: Run Behavior\BuildLiteBehavior [ RunTime:0.000013s ]
INFO: [ app_init ] --END-- [ RunTime:0.000602s ]
INFO: [ app_begin ] --START--
INFO: Run Behavior\ReadHtmlCacheBehavior [ RunTime:0.000771s ]
INFO: [ app_begin ] --END-- [ RunTime:0.000831s ]
NOTIC: [2048] Declaration of Admin\Controller\CommonController::_arraySort() should be compatible with Common\Controller\CommonBaseController::_arraySort($arr, $keys, $type = 'asc') D:\www\online_team\www.taodianke.com\Application\Admin\Controller\CommonController.class.php 第 11 行.
NOTIC: [8] Undefined index:  D:\www\online_team\www.taodianke.com\Application\Admin\Controller\CommonController.class.php 第 38 行.
INFO: [ app_end ] --START--
INFO: Run Behavior\ShowPageTraceBehavior [ RunTime:0.001024s ]
INFO: [ app_end ] --END-- [ RunTime:0.001102s ]

[ 2018-04-11T13:59:42+08:00 ] 127.0.0.1 /Admin/TopLineArticle/test
INFO: [ app_init ] --START--
INFO: Run Behavior\BuildLiteBehavior [ RunTime:0.000013s ]
INFO: [ app_init ] --END-- [ RunTime:0.000590s ]
INFO: [ app_begin ] --START--
INFO: Run Behavior\ReadHtmlCacheBehavior [ RunTime:0.000852s ]
INFO: [ app_begin ] --END-- [ RunTime:0.000914s ]
NOTIC: [2048] Declaration of Admin\Controller\CommonController::_arraySort() should be compatible with Common\Controller\CommonBaseController::_arraySort($arr, $keys, $type = 'asc') D:\www\online_team\www.taodianke.com\Application\Admin\Controller\CommonController.class.php 第 11 行.
NOTIC: [8] Undefined index:  D:\www\online_team\www.taodianke.com\Application\Admin\Controller\CommonController.class.php 第 38 行.
INFO: [ app_end ] --START--
INFO: Run Behavior\ShowPageTraceBehavior [ RunTime:0.001500s ]
INFO: [ app_end ] --END-- [ RunTime:0.001584s ]

[ 2018-04-11T15:16:24+08:00 ] 127.0.0.1 /Admin/TopLineArticle/test
INFO: [ app_init ] --START--
INFO: Run Behavior\BuildLiteBehavior [ RunTime:0.000010s ]
INFO: [ app_init ] --END-- [ RunTime:0.000370s ]
INFO: [ app_begin ] --START--
INFO: Run Behavior\ReadHtmlCacheBehavior [ RunTime:0.000544s ]
INFO: [ app_begin ] --END-- [ RunTime:0.000618s ]
NOTIC: [2048] Declaration of Admin\Controller\CommonController::_arraySort() should be compatible with Common\Controller\CommonBaseController::_arraySort($arr, $keys, $type = 'asc') D:\www\online_team\www.taodianke.com\Application\Admin\Controller\CommonController.class.php 第 11 行.
NOTIC: [8] Undefined index:  D:\www\online_team\www.taodianke.com\Application\Admin\Controller\CommonController.class.php 第 38 行.
INFO: [ app_end ] --START--
INFO: Run Behavior\ShowPageTraceBehavior [ RunTime:0.001652s ]
INFO: [ app_end ] --END-- [ RunTime:0.001812s ]

[ 2018-04-11T15:16:25+08:00 ] 127.0.0.1 /Admin/TopLineArticle/test
INFO: [ app_init ] --START--
INFO: Run Behavior\BuildLiteBehavior [ RunTime:0.000016s ]
INFO: [ app_init ] --END-- [ RunTime:0.000531s ]
INFO: [ app_begin ] --START--
INFO: Run Behavior\ReadHtmlCacheBehavior [ RunTime:0.000559s ]
INFO: [ app_begin ] --END-- [ RunTime:0.000624s ]
NOTIC: [2048] Declaration of Admin\Controller\CommonController::_arraySort() should be compatible with Common\Controller\CommonBaseController::_arraySort($arr, $keys, $type = 'asc') D:\www\online_team\www.taodianke.com\Application\Admin\Controller\CommonController.class.php 第 11 行.
NOTIC: [8] Undefined index:  D:\www\online_team\www.taodianke.com\Application\Admin\Controller\CommonController.class.php 第 38 行.
INFO: [ app_end ] --START--
INFO: Run Behavior\ShowPageTraceBehavior [ RunTime:0.001385s ]
INFO: [ app_end ] --END-- [ RunTime:0.001504s ]

[ 2018-04-11T15:16:26+08:00 ] 127.0.0.1 /Admin/TopLineArticle/test
INFO: [ app_init ] --START--
INFO: Run Behavior\BuildLiteBehavior [ RunTime:0.000020s ]
INFO: [ app_init ] --END-- [ RunTime:0.000554s ]
INFO: [ app_begin ] --START--
INFO: Run Behavior\ReadHtmlCacheBehavior [ RunTime:0.000571s ]
INFO: [ app_begin ] --END-- [ RunTime:0.000637s ]
NOTIC: [2048] Declaration of Admin\Controller\CommonController::_arraySort() should be compatible with Common\Controller\CommonBaseController::_arraySort($arr, $keys, $type = 'asc') D:\www\online_team\www.taodianke.com\Application\Admin\Controller\CommonController.class.php 第 11 行.
NOTIC: [8] Undefined index:  D:\www\online_team\www.taodianke.com\Application\Admin\Controller\CommonController.class.php 第 38 行.
INFO: [ app_end ] --START--
INFO: Run Behavior\ShowPageTraceBehavior [ RunTime:0.001256s ]
INFO: [ app_end ] --END-- [ RunTime:0.001370s ]

[ 2018-04-11T15:16:27+08:00 ] 127.0.0.1 /Admin/TopLineArticle/test
INFO: [ app_init ] --START--
INFO: Run Behavior\BuildLiteBehavior [ RunTime:0.000015s ]
INFO: [ app_init ] --END-- [ RunTime:0.000393s ]
INFO: [ app_begin ] --START--
INFO: Run Behavior\ReadHtmlCacheBehavior [ RunTime:0.000411s ]
INFO: [ app_begin ] --END-- [ RunTime:0.000459s ]
NOTIC: [2048] Declaration of Admin\Controller\CommonController::_arraySort() should be compatible with Common\Controller\CommonBaseController::_arraySort($arr, $keys, $type = 'asc') D:\www\online_team\www.taodianke.com\Application\Admin\Controller\CommonController.class.php 第 11 行.
NOTIC: [8] Undefined index:  D:\www\online_team\www.taodianke.com\Application\Admin\Controller\CommonController.class.php 第 38 行.
INFO: [ app_end ] --START--
INFO: Run Behavior\ShowPageTraceBehavior [ RunTime:0.002580s ]
INFO: [ app_end ] --END-- [ RunTime:0.002817s ]

[ 2018-04-11T15:16:28+08:00 ] 127.0.0.1 /Admin/TopLineArticle/test
INFO: [ app_init ] --START--
INFO: Run Behavior\BuildLiteBehavior [ RunTime:0.000013s ]
INFO: [ app_init ] --END-- [ RunTime:0.000358s ]
INFO: [ app_begin ] --START--
INFO: Run Behavior\ReadHtmlCacheBehavior [ RunTime:0.000893s ]
INFO: [ app_begin ] --END-- [ RunTime:0.000988s ]
NOTIC: [2048] Declaration of Admin\Controller\CommonController::_arraySort() should be compatible with Common\Controller\CommonBaseController::_arraySort($arr, $keys, $type = 'asc') D:\www\online_team\www.taodianke.com\Application\Admin\Controller\CommonController.class.php 第 11 行.
NOTIC: [8] Undefined index:  D:\www\online_team\www.taodianke.com\Application\Admin\Controller\CommonController.class.php 第 38 行.
INFO: [ app_end ] --START--
INFO: Run Behavior\ShowPageTraceBehavior [ RunTime:0.000884s ]
INFO: [ app_end ] --END-- [ RunTime:0.000975s ]

