[ 2018-04-28T11:18:38+08:00 ] 127.0.0.1 /Admin/Public/login.html
INFO: [ app_init ] --START--
INFO: Run Behavior\BuildLiteBehavior [ RunTime:0.000026s ]
INFO: [ app_init ] --END-- [ RunTime:0.002947s ]
INFO: [ app_begin ] --START--
INFO: Run Behavior\ReadHtmlCacheBehavior [ RunTime:0.002045s ]
INFO: [ app_begin ] --END-- [ RunTime:0.002148s ]
NOTIC: [2048] Declaration of Admin\Controller\CommonController::_arraySort() should be compatible with Common\Controller\CommonBaseController::_arraySort($arr, $keys, $type = 'asc') D:\www\online_team\www.taodianke.com\Application\Admin\Controller\CommonController.class.php 第 11 行.
NOTIC: [2048] Declaration of Admin\Controller\PublicController::logout() should be compatible with Admin\Controller\CommonController::logOut($result) D:\www\online_team\www.taodianke.com\Application\Admin\Controller\PublicController.class.php 第 8 行.
NOTIC: [8] Undefined index:  D:\www\online_team\www.taodianke.com\Application\Admin\Controller\CommonController.class.php 第 38 行.
INFO: [ view_parse ] --START--
INFO: [ template_filter ] --START--
INFO: Run Behavior\ContentReplaceBehavior [ RunTime:0.001930s ]
INFO: [ template_filter ] --END-- [ RunTime:0.002024s ]
NOTIC: [8] Undefined variable: error D:\www\online_team\www.taodianke.com\Application\Runtime\Cache\Admin\f49cdd4d12a292a7a26acfc7109ea2ab.php 第 44 行.
NOTIC: [8] Undefined variable: success D:\www\online_team\www.taodianke.com\Application\Runtime\Cache\Admin\f49cdd4d12a292a7a26acfc7109ea2ab.php 第 48 行.
INFO: Run Behavior\ParseTemplateBehavior [ RunTime:0.037290s ]
INFO: [ view_parse ] --END-- [ RunTime:0.037359s ]
INFO: [ view_filter ] --START--
INFO: Run Behavior\WriteHtmlCacheBehavior [ RunTime:0.001429s ]
INFO: [ view_filter ] --END-- [ RunTime:0.001497s ]
INFO: [ app_end ] --START--
INFO: Run Behavior\ShowPageTraceBehavior [ RunTime:0.001945s ]
INFO: [ app_end ] --END-- [ RunTime:0.002042s ]

[ 2018-04-28T11:18:47+08:00 ] 127.0.0.1 /Admin/Public/login.html
INFO: [ app_init ] --START--
INFO: Run Behavior\BuildLiteBehavior [ RunTime:0.000019s ]
INFO: [ app_init ] --END-- [ RunTime:0.000803s ]
INFO: [ app_begin ] --START--
INFO: Run Behavior\ReadHtmlCacheBehavior [ RunTime:0.000690s ]
INFO: [ app_begin ] --END-- [ RunTime:0.000747s ]
NOTIC: [2048] Declaration of Admin\Controller\CommonController::_arraySort() should be compatible with Common\Controller\CommonBaseController::_arraySort($arr, $keys, $type = 'asc') D:\www\online_team\www.taodianke.com\Application\Admin\Controller\CommonController.class.php 第 11 行.
NOTIC: [2048] Declaration of Admin\Controller\PublicController::logout() should be compatible with Admin\Controller\CommonController::logOut($result) D:\www\online_team\www.taodianke.com\Application\Admin\Controller\PublicController.class.php 第 8 行.
NOTIC: [8] Undefined index:  D:\www\online_team\www.taodianke.com\Application\Admin\Controller\CommonController.class.php 第 38 行.
NOTIC: [2] file_put_contents(/tmp/temai.log): failed to open stream: No such file or directory D:\www\online_team\www.taodianke.com\Application\Admin\Controller\PublicController.class.php 第 34 行.
SQL: SHOW COLUMNS FROM `ytt_tmuser` [ RunTime:0.0860s ]
SQL: SELECT `id`,`name`,`pid`,`sale_account_ids`,`top_line_account_ids`,`group_id` FROM `ytt_tmuser` WHERE `name` = 'daipingshan' AND `password` = 'a0df1932fb37930fb0ca5d9b82e7f58b' LIMIT 1   [ RunTime:0.0873s ]

[ 2018-04-28T11:18:47+08:00 ] 127.0.0.1 /Admin/Index/index.html
INFO: [ app_init ] --START--
INFO: Run Behavior\BuildLiteBehavior [ RunTime:0.000022s ]
INFO: [ app_init ] --END-- [ RunTime:0.000908s ]
INFO: [ app_begin ] --START--
INFO: Run Behavior\ReadHtmlCacheBehavior [ RunTime:0.000689s ]
INFO: [ app_begin ] --END-- [ RunTime:0.000741s ]
NOTIC: [2048] Declaration of Admin\Controller\CommonController::_arraySort() should be compatible with Common\Controller\CommonBaseController::_arraySort($arr, $keys, $type = 'asc') D:\www\online_team\www.taodianke.com\Application\Admin\Controller\CommonController.class.php 第 11 行.
SQL: SHOW COLUMNS FROM `ytt_illegal_article` [ RunTime:0.1508s ]
SQL: SELECT COUNT(*) AS tp_count FROM `ytt_illegal_article` LIMIT 1   [ RunTime:0.0863s ]
SQL: SELECT * FROM `ytt_illegal_article` ORDER BY id desc LIMIT 0,50   [ RunTime:0.0900s ]
INFO: [ view_parse ] --START--
INFO: [ template_filter ] --START--
INFO: Run Behavior\ContentReplaceBehavior [ RunTime:0.000193s ]
INFO: [ template_filter ] --END-- [ RunTime:0.000275s ]
NOTIC: [8] Undefined variable: user D:\www\online_team\www.taodianke.com\Application\Runtime\Cache\Admin\09262a5e25a9c944119ad09ddf7fbe92.php 第 52 行.
NOTIC: [8] Undefined variable: user D:\www\online_team\www.taodianke.com\Application\Runtime\Cache\Admin\09262a5e25a9c944119ad09ddf7fbe92.php 第 53 行.
NOTIC: [8] Undefined index: son_menu D:\www\online_team\www.taodianke.com\Application\Runtime\Cache\Admin\09262a5e25a9c944119ad09ddf7fbe92.php 第 87 行.
NOTIC: [8] Undefined index: son_menu D:\www\online_team\www.taodianke.com\Application\Runtime\Cache\Admin\09262a5e25a9c944119ad09ddf7fbe92.php 第 87 行.
INFO: Run Behavior\ParseTemplateBehavior [ RunTime:0.029661s ]
INFO: [ view_parse ] --END-- [ RunTime:0.029813s ]
INFO: [ view_filter ] --START--
INFO: Run Behavior\WriteHtmlCacheBehavior [ RunTime:0.001113s ]
INFO: [ view_filter ] --END-- [ RunTime:0.001206s ]
INFO: [ app_end ] --START--
INFO: Run Behavior\ShowPageTraceBehavior [ RunTime:0.001241s ]
INFO: [ app_end ] --END-- [ RunTime:0.001325s ]

[ 2018-04-28T11:18:58+08:00 ] 127.0.0.1 /Admin/SaleArticle/index.html
INFO: [ app_init ] --START--
INFO: Run Behavior\BuildLiteBehavior [ RunTime:0.000014s ]
INFO: [ app_init ] --END-- [ RunTime:0.000619s ]
INFO: [ app_begin ] --START--
INFO: Run Behavior\ReadHtmlCacheBehavior [ RunTime:0.000819s ]
INFO: [ app_begin ] --END-- [ RunTime:0.000886s ]
NOTIC: [2048] Declaration of Admin\Controller\CommonController::_arraySort() should be compatible with Common\Controller\CommonBaseController::_arraySort($arr, $keys, $type = 'asc') D:\www\online_team\www.taodianke.com\Application\Admin\Controller\CommonController.class.php 第 11 行.
SQL: SHOW COLUMNS FROM `ytt_temai_article` [ RunTime:0.0934s ]
SQL: SELECT COUNT(id) AS tp_count FROM `ytt_temai_article` LIMIT 1   [ RunTime:0.1457s ]
SQL: SELECT * FROM `ytt_temai_article` ORDER BY behot_time desc LIMIT 0,20   [ RunTime:0.0937s ]
INFO: [ view_parse ] --START--
INFO: [ template_filter ] --START--
INFO: Run Behavior\ContentReplaceBehavior [ RunTime:0.000204s ]
INFO: [ template_filter ] --END-- [ RunTime:0.000274s ]
NOTIC: [8] Undefined variable: user D:\www\online_team\www.taodianke.com\Application\Runtime\Cache\Admin\b26b0dfab037b097ebda3979e3187e2a.php 第 52 行.
NOTIC: [8] Undefined variable: user D:\www\online_team\www.taodianke.com\Application\Runtime\Cache\Admin\b26b0dfab037b097ebda3979e3187e2a.php 第 53 行.
NOTIC: [8] Undefined index: son_menu D:\www\online_team\www.taodianke.com\Application\Runtime\Cache\Admin\b26b0dfab037b097ebda3979e3187e2a.php 第 87 行.
NOTIC: [8] Undefined index: son_menu D:\www\online_team\www.taodianke.com\Application\Runtime\Cache\Admin\b26b0dfab037b097ebda3979e3187e2a.php 第 87 行.
INFO: Run Behavior\ParseTemplateBehavior [ RunTime:0.024865s ]
INFO: [ view_parse ] --END-- [ RunTime:0.024942s ]
INFO: [ view_filter ] --START--
INFO: Run Behavior\WriteHtmlCacheBehavior [ RunTime:0.001016s ]
INFO: [ view_filter ] --END-- [ RunTime:0.001077s ]
INFO: [ app_end ] --START--
INFO: Run Behavior\ShowPageTraceBehavior [ RunTime:0.001159s ]
INFO: [ app_end ] --END-- [ RunTime:0.001228s ]

[ 2018-04-28T11:21:23+08:00 ] 127.0.0.1 /Admin/SaleArticle/index.html
INFO: [ app_init ] --START--
INFO: Run Behavior\BuildLiteBehavior [ RunTime:0.000013s ]
INFO: [ app_init ] --END-- [ RunTime:0.000575s ]
INFO: [ app_begin ] --START--
INFO: Run Behavior\ReadHtmlCacheBehavior [ RunTime:0.000954s ]
INFO: [ app_begin ] --END-- [ RunTime:0.001029s ]
NOTIC: [2048] Declaration of Admin\Controller\CommonController::_arraySort() should be compatible with Common\Controller\CommonBaseController::_arraySort($arr, $keys, $type = 'asc') D:\www\online_team\www.taodianke.com\Application\Admin\Controller\CommonController.class.php 第 11 行.
SQL: SHOW COLUMNS FROM `ytt_temai_article` [ RunTime:0.0942s ]
SQL: SELECT COUNT(id) AS tp_count FROM `ytt_temai_article` LIMIT 1   [ RunTime:0.1497s ]
SQL: SELECT * FROM `ytt_temai_article` ORDER BY behot_time desc LIMIT 0,20   [ RunTime:0.0975s ]
INFO: [ view_parse ] --START--
INFO: [ template_filter ] --START--
INFO: Run Behavior\ContentReplaceBehavior [ RunTime:0.000292s ]
INFO: [ template_filter ] --END-- [ RunTime:0.000394s ]
NOTIC: [8] Undefined variable: user D:\www\online_team\www.taodianke.com\Application\Runtime\Cache\Admin\b26b0dfab037b097ebda3979e3187e2a.php 第 52 行.
NOTIC: [8] Undefined variable: user D:\www\online_team\www.taodianke.com\Application\Runtime\Cache\Admin\b26b0dfab037b097ebda3979e3187e2a.php 第 53 行.
NOTIC: [8] Undefined index: son_menu D:\www\online_team\www.taodianke.com\Application\Runtime\Cache\Admin\b26b0dfab037b097ebda3979e3187e2a.php 第 87 行.
NOTIC: [8] Undefined index: son_menu D:\www\online_team\www.taodianke.com\Application\Runtime\Cache\Admin\b26b0dfab037b097ebda3979e3187e2a.php 第 87 行.
INFO: Run Behavior\ParseTemplateBehavior [ RunTime:0.062254s ]
INFO: [ view_parse ] --END-- [ RunTime:0.062378s ]
INFO: [ view_filter ] --START--
INFO: Run Behavior\WriteHtmlCacheBehavior [ RunTime:0.001378s ]
INFO: [ view_filter ] --END-- [ RunTime:0.001463s ]
INFO: [ app_end ] --START--
INFO: Run Behavior\ShowPageTraceBehavior [ RunTime:0.001747s ]
INFO: [ app_end ] --END-- [ RunTime:0.001844s ]

[ 2018-04-28T11:22:16+08:00 ] 127.0.0.1 /Admin/SaleArticle/index.html
INFO: [ app_init ] --START--
INFO: Run Behavior\BuildLiteBehavior [ RunTime:0.000020s ]
INFO: [ app_init ] --END-- [ RunTime:0.000781s ]
INFO: [ app_begin ] --START--
INFO: Run Behavior\ReadHtmlCacheBehavior [ RunTime:0.000899s ]
INFO: [ app_begin ] --END-- [ RunTime:0.000975s ]
NOTIC: [2048] Declaration of Admin\Controller\CommonController::_arraySort() should be compatible with Common\Controller\CommonBaseController::_arraySort($arr, $keys, $type = 'asc') D:\www\online_team\www.taodianke.com\Application\Admin\Controller\CommonController.class.php 第 11 行.
SQL: SHOW COLUMNS FROM `ytt_temai_article` [ RunTime:0.0876s ]
SQL: SELECT COUNT(id) AS tp_count FROM `ytt_temai_article` LIMIT 1   [ RunTime:0.1446s ]
SQL: SELECT * FROM `ytt_temai_article` ORDER BY behot_time desc LIMIT 0,20   [ RunTime:0.0975s ]
INFO: [ view_parse ] --START--
INFO: [ template_filter ] --START--
INFO: Run Behavior\ContentReplaceBehavior [ RunTime:0.000284s ]
INFO: [ template_filter ] --END-- [ RunTime:0.000384s ]
NOTIC: [8] Undefined variable: user D:\www\online_team\www.taodianke.com\Application\Runtime\Cache\Admin\b26b0dfab037b097ebda3979e3187e2a.php 第 52 行.
NOTIC: [8] Undefined variable: user D:\www\online_team\www.taodianke.com\Application\Runtime\Cache\Admin\b26b0dfab037b097ebda3979e3187e2a.php 第 53 行.
NOTIC: [8] Undefined index: son_menu D:\www\online_team\www.taodianke.com\Application\Runtime\Cache\Admin\b26b0dfab037b097ebda3979e3187e2a.php 第 87 行.
NOTIC: [8] Undefined index: son_menu D:\www\online_team\www.taodianke.com\Application\Runtime\Cache\Admin\b26b0dfab037b097ebda3979e3187e2a.php 第 87 行.
INFO: Run Behavior\ParseTemplateBehavior [ RunTime:0.037511s ]
INFO: [ view_parse ] --END-- [ RunTime:0.037595s ]
INFO: [ view_filter ] --START--
INFO: Run Behavior\WriteHtmlCacheBehavior [ RunTime:0.000893s ]
INFO: [ view_filter ] --END-- [ RunTime:0.000952s ]
INFO: [ app_end ] --START--
INFO: Run Behavior\ShowPageTraceBehavior [ RunTime:0.001261s ]
INFO: [ app_end ] --END-- [ RunTime:0.001375s ]

[ 2018-04-28T11:23:38+08:00 ] 127.0.0.1 /Admin/SaleArticle/index.html
INFO: [ app_init ] --START--
INFO: Run Behavior\BuildLiteBehavior [ RunTime:0.000014s ]
INFO: [ app_init ] --END-- [ RunTime:0.000672s ]
INFO: [ app_begin ] --START--
INFO: Run Behavior\ReadHtmlCacheBehavior [ RunTime:0.000662s ]
INFO: [ app_begin ] --END-- [ RunTime:0.000710s ]
NOTIC: [2048] Declaration of Admin\Controller\CommonController::_arraySort() should be compatible with Common\Controller\CommonBaseController::_arraySort($arr, $keys, $type = 'asc') D:\www\online_team\www.taodianke.com\Application\Admin\Controller\CommonController.class.php 第 11 行.
SQL: SHOW COLUMNS FROM `ytt_temai_article` [ RunTime:0.0862s ]
SQL: SELECT COUNT(id) AS tp_count FROM `ytt_temai_article` LIMIT 1   [ RunTime:0.1453s ]
SQL: SELECT * FROM `ytt_temai_article` ORDER BY behot_time desc LIMIT 0,20   [ RunTime:0.1012s ]
INFO: [ view_parse ] --START--
INFO: [ template_filter ] --START--
INFO: Run Behavior\ContentReplaceBehavior [ RunTime:0.000315s ]
INFO: [ template_filter ] --END-- [ RunTime:0.000403s ]
NOTIC: [8] Undefined variable: user D:\www\online_team\www.taodianke.com\Application\Runtime\Cache\Admin\b26b0dfab037b097ebda3979e3187e2a.php 第 52 行.
NOTIC: [8] Undefined variable: user D:\www\online_team\www.taodianke.com\Application\Runtime\Cache\Admin\b26b0dfab037b097ebda3979e3187e2a.php 第 53 行.
NOTIC: [8] Undefined index: son_menu D:\www\online_team\www.taodianke.com\Application\Runtime\Cache\Admin\b26b0dfab037b097ebda3979e3187e2a.php 第 87 行.
NOTIC: [8] Undefined index: son_menu D:\www\online_team\www.taodianke.com\Application\Runtime\Cache\Admin\b26b0dfab037b097ebda3979e3187e2a.php 第 87 行.
INFO: Run Behavior\ParseTemplateBehavior [ RunTime:0.034677s ]
INFO: [ view_parse ] --END-- [ RunTime:0.034772s ]
INFO: [ view_filter ] --START--
INFO: Run Behavior\WriteHtmlCacheBehavior [ RunTime:0.000868s ]
INFO: [ view_filter ] --END-- [ RunTime:0.000918s ]
INFO: [ app_end ] --START--
INFO: Run Behavior\ShowPageTraceBehavior [ RunTime:0.001361s ]
INFO: [ app_end ] --END-- [ RunTime:0.001450s ]

[ 2018-04-28T11:23:40+08:00 ] 127.0.0.1 /Admin/SaleArticle/index.html
INFO: [ app_init ] --START--
INFO: Run Behavior\BuildLiteBehavior [ RunTime:0.000014s ]
INFO: [ app_init ] --END-- [ RunTime:0.000532s ]
INFO: [ app_begin ] --START--
INFO: Run Behavior\ReadHtmlCacheBehavior [ RunTime:0.000874s ]
INFO: [ app_begin ] --END-- [ RunTime:0.000945s ]
NOTIC: [2048] Declaration of Admin\Controller\CommonController::_arraySort() should be compatible with Common\Controller\CommonBaseController::_arraySort($arr, $keys, $type = 'asc') D:\www\online_team\www.taodianke.com\Application\Admin\Controller\CommonController.class.php 第 11 行.
SQL: SHOW COLUMNS FROM `ytt_temai_article` [ RunTime:0.0879s ]
SQL: SELECT COUNT(id) AS tp_count FROM `ytt_temai_article` LIMIT 1   [ RunTime:0.1447s ]
SQL: SELECT * FROM `ytt_temai_article` ORDER BY behot_time desc LIMIT 0,20   [ RunTime:0.0911s ]
INFO: [ view_parse ] --START--
INFO: [ template_filter ] --START--
INFO: Run Behavior\ContentReplaceBehavior [ RunTime:0.000245s ]
INFO: [ template_filter ] --END-- [ RunTime:0.000334s ]
NOTIC: [8] Undefined variable: user D:\www\online_team\www.taodianke.com\Application\Runtime\Cache\Admin\b26b0dfab037b097ebda3979e3187e2a.php 第 52 行.
NOTIC: [8] Undefined variable: user D:\www\online_team\www.taodianke.com\Application\Runtime\Cache\Admin\b26b0dfab037b097ebda3979e3187e2a.php 第 53 行.
NOTIC: [8] Undefined index: son_menu D:\www\online_team\www.taodianke.com\Application\Runtime\Cache\Admin\b26b0dfab037b097ebda3979e3187e2a.php 第 87 行.
NOTIC: [8] Undefined index: son_menu D:\www\online_team\www.taodianke.com\Application\Runtime\Cache\Admin\b26b0dfab037b097ebda3979e3187e2a.php 第 87 行.
INFO: Run Behavior\ParseTemplateBehavior [ RunTime:0.059354s ]
INFO: [ view_parse ] --END-- [ RunTime:0.059535s ]
INFO: [ view_filter ] --START--
INFO: Run Behavior\WriteHtmlCacheBehavior [ RunTime:0.001126s ]
INFO: [ view_filter ] --END-- [ RunTime:0.001222s ]
INFO: [ app_end ] --START--
INFO: Run Behavior\ShowPageTraceBehavior [ RunTime:0.001455s ]
INFO: [ app_end ] --END-- [ RunTime:0.001548s ]

[ 2018-04-28T11:24:38+08:00 ] 127.0.0.1 /Admin/SaleArticle/index.html
INFO: [ app_init ] --START--
INFO: Run Behavior\BuildLiteBehavior [ RunTime:0.000013s ]
INFO: [ app_init ] --END-- [ RunTime:0.000522s ]
INFO: [ app_begin ] --START--
INFO: Run Behavior\ReadHtmlCacheBehavior [ RunTime:0.000651s ]
INFO: [ app_begin ] --END-- [ RunTime:0.000709s ]
NOTIC: [2048] Declaration of Admin\Controller\CommonController::_arraySort() should be compatible with Common\Controller\CommonBaseController::_arraySort($arr, $keys, $type = 'asc') D:\www\online_team\www.taodianke.com\Application\Admin\Controller\CommonController.class.php 第 11 行.
SQL: SHOW COLUMNS FROM `ytt_temai_article` [ RunTime:0.0861s ]
SQL: SELECT COUNT(id) AS tp_count FROM `ytt_temai_article` LIMIT 1   [ RunTime:0.1495s ]
SQL: SELECT * FROM `ytt_temai_article` ORDER BY behot_time desc LIMIT 0,20   [ RunTime:0.0922s ]
INFO: [ view_parse ] --START--
INFO: [ template_filter ] --START--
INFO: Run Behavior\ContentReplaceBehavior [ RunTime:0.000365s ]
INFO: [ template_filter ] --END-- [ RunTime:0.000478s ]
NOTIC: [8] Undefined variable: user D:\www\online_team\www.taodianke.com\Application\Runtime\Cache\Admin\b26b0dfab037b097ebda3979e3187e2a.php 第 52 行.
NOTIC: [8] Undefined variable: user D:\www\online_team\www.taodianke.com\Application\Runtime\Cache\Admin\b26b0dfab037b097ebda3979e3187e2a.php 第 53 行.
NOTIC: [8] Undefined index: son_menu D:\www\online_team\www.taodianke.com\Application\Runtime\Cache\Admin\b26b0dfab037b097ebda3979e3187e2a.php 第 87 行.
NOTIC: [8] Undefined index: son_menu D:\www\online_team\www.taodianke.com\Application\Runtime\Cache\Admin\b26b0dfab037b097ebda3979e3187e2a.php 第 87 行.
INFO: Run Behavior\ParseTemplateBehavior [ RunTime:0.043666s ]
INFO: [ view_parse ] --END-- [ RunTime:0.043786s ]
INFO: [ view_filter ] --START--
INFO: Run Behavior\WriteHtmlCacheBehavior [ RunTime:0.000930s ]
INFO: [ view_filter ] --END-- [ RunTime:0.000996s ]
INFO: [ app_end ] --START--
INFO: Run Behavior\ShowPageTraceBehavior [ RunTime:0.001242s ]
INFO: [ app_end ] --END-- [ RunTime:0.001319s ]

[ 2018-04-28T11:26:56+08:00 ] 127.0.0.1 /Admin/SaleArticle/index.html
INFO: [ app_init ] --START--
INFO: Run Behavior\BuildLiteBehavior [ RunTime:0.000024s ]
INFO: [ app_init ] --END-- [ RunTime:0.001071s ]
INFO: [ app_begin ] --START--
INFO: Run Behavior\ReadHtmlCacheBehavior [ RunTime:0.000804s ]
INFO: [ app_begin ] --END-- [ RunTime:0.000862s ]
NOTIC: [2048] Declaration of Admin\Controller\CommonController::_arraySort() should be compatible with Common\Controller\CommonBaseController::_arraySort($arr, $keys, $type = 'asc') D:\www\online_team\www.taodianke.com\Application\Admin\Controller\CommonController.class.php 第 11 行.
SQL: SHOW COLUMNS FROM `ytt_temai_article` [ RunTime:0.0860s ]
SQL: SELECT COUNT(id) AS tp_count FROM `ytt_temai_article` LIMIT 1   [ RunTime:0.1446s ]
SQL: SELECT * FROM `ytt_temai_article` ORDER BY behot_time desc LIMIT 0,20   [ RunTime:0.0878s ]
INFO: [ view_parse ] --START--
INFO: [ template_filter ] --START--
INFO: Run Behavior\ContentReplaceBehavior [ RunTime:0.000196s ]
INFO: [ template_filter ] --END-- [ RunTime:0.000266s ]
NOTIC: [8] Undefined variable: user D:\www\online_team\www.taodianke.com\Application\Runtime\Cache\Admin\b26b0dfab037b097ebda3979e3187e2a.php 第 52 行.
NOTIC: [8] Undefined variable: user D:\www\online_team\www.taodianke.com\Application\Runtime\Cache\Admin\b26b0dfab037b097ebda3979e3187e2a.php 第 53 行.
NOTIC: [8] Undefined index: son_menu D:\www\online_team\www.taodianke.com\Application\Runtime\Cache\Admin\b26b0dfab037b097ebda3979e3187e2a.php 第 87 行.
NOTIC: [8] Undefined index: son_menu D:\www\online_team\www.taodianke.com\Application\Runtime\Cache\Admin\b26b0dfab037b097ebda3979e3187e2a.php 第 87 行.
INFO: Run Behavior\ParseTemplateBehavior [ RunTime:0.035625s ]
INFO: [ view_parse ] --END-- [ RunTime:0.035709s ]
INFO: [ view_filter ] --START--
INFO: Run Behavior\WriteHtmlCacheBehavior [ RunTime:0.001138s ]
INFO: [ view_filter ] --END-- [ RunTime:0.001192s ]
INFO: [ app_end ] --START--
INFO: Run Behavior\ShowPageTraceBehavior [ RunTime:0.001388s ]
INFO: [ app_end ] --END-- [ RunTime:0.001477s ]

[ 2018-04-28T11:27:37+08:00 ] 127.0.0.1 /Admin/SaleArticle/index.html
INFO: [ app_init ] --START--
INFO: Run Behavior\BuildLiteBehavior [ RunTime:0.000014s ]
INFO: [ app_init ] --END-- [ RunTime:0.000571s ]
INFO: [ app_begin ] --START--
INFO: Run Behavior\ReadHtmlCacheBehavior [ RunTime:0.000652s ]
INFO: [ app_begin ] --END-- [ RunTime:0.000702s ]
NOTIC: [2048] Declaration of Admin\Controller\CommonController::_arraySort() should be compatible with Common\Controller\CommonBaseController::_arraySort($arr, $keys, $type = 'asc') D:\www\online_team\www.taodianke.com\Application\Admin\Controller\CommonController.class.php 第 11 行.
SQL: SHOW COLUMNS FROM `ytt_temai_article` [ RunTime:0.0904s ]
SQL: SELECT COUNT(id) AS tp_count FROM `ytt_temai_article` LIMIT 1   [ RunTime:0.1482s ]
SQL: SELECT * FROM `ytt_temai_article` ORDER BY behot_time desc LIMIT 0,20   [ RunTime:0.0931s ]
INFO: [ view_parse ] --START--
INFO: [ template_filter ] --START--
INFO: Run Behavior\ContentReplaceBehavior [ RunTime:0.000228s ]
INFO: [ template_filter ] --END-- [ RunTime:0.000304s ]
NOTIC: [8] Undefined variable: user D:\www\online_team\www.taodianke.com\Application\Runtime\Cache\Admin\b26b0dfab037b097ebda3979e3187e2a.php 第 52 行.
NOTIC: [8] Undefined variable: user D:\www\online_team\www.taodianke.com\Application\Runtime\Cache\Admin\b26b0dfab037b097ebda3979e3187e2a.php 第 53 行.
NOTIC: [8] Undefined index: son_menu D:\www\online_team\www.taodianke.com\Application\Runtime\Cache\Admin\b26b0dfab037b097ebda3979e3187e2a.php 第 87 行.
NOTIC: [8] Undefined index: son_menu D:\www\online_team\www.taodianke.com\Application\Runtime\Cache\Admin\b26b0dfab037b097ebda3979e3187e2a.php 第 87 行.
INFO: Run Behavior\ParseTemplateBehavior [ RunTime:0.052675s ]
INFO: [ view_parse ] --END-- [ RunTime:0.052792s ]
INFO: [ view_filter ] --START--
INFO: Run Behavior\WriteHtmlCacheBehavior [ RunTime:0.000960s ]
INFO: [ view_filter ] --END-- [ RunTime:0.001020s ]
INFO: [ app_end ] --START--
INFO: Run Behavior\ShowPageTraceBehavior [ RunTime:0.001108s ]
INFO: [ app_end ] --END-- [ RunTime:0.001189s ]

[ 2018-04-28T11:28:00+08:00 ] 127.0.0.1 /Admin/SaleArticle/index.html
INFO: [ app_init ] --START--
INFO: Run Behavior\BuildLiteBehavior [ RunTime:0.000032s ]
INFO: [ app_init ] --END-- [ RunTime:0.001170s ]
INFO: [ app_begin ] --START--
INFO: Run Behavior\ReadHtmlCacheBehavior [ RunTime:0.000924s ]
INFO: [ app_begin ] --END-- [ RunTime:0.001003s ]
NOTIC: [2048] Declaration of Admin\Controller\CommonController::_arraySort() should be compatible with Common\Controller\CommonBaseController::_arraySort($arr, $keys, $type = 'asc') D:\www\online_team\www.taodianke.com\Application\Admin\Controller\CommonController.class.php 第 11 行.
SQL: SHOW COLUMNS FROM `ytt_temai_article` [ RunTime:0.1018s ]
SQL: SELECT COUNT(id) AS tp_count FROM `ytt_temai_article` LIMIT 1   [ RunTime:0.1489s ]
SQL: SELECT * FROM `ytt_temai_article` ORDER BY behot_time desc LIMIT 0,20   [ RunTime:0.0933s ]
INFO: [ view_parse ] --START--
INFO: [ template_filter ] --START--
INFO: Run Behavior\ContentReplaceBehavior [ RunTime:0.000133s ]
INFO: [ template_filter ] --END-- [ RunTime:0.000183s ]
NOTIC: [8] Undefined variable: user D:\www\online_team\www.taodianke.com\Application\Runtime\Cache\Admin\b26b0dfab037b097ebda3979e3187e2a.php 第 52 行.
NOTIC: [8] Undefined variable: user D:\www\online_team\www.taodianke.com\Application\Runtime\Cache\Admin\b26b0dfab037b097ebda3979e3187e2a.php 第 53 行.
NOTIC: [8] Undefined index: son_menu D:\www\online_team\www.taodianke.com\Application\Runtime\Cache\Admin\b26b0dfab037b097ebda3979e3187e2a.php 第 87 行.
NOTIC: [8] Undefined index: son_menu D:\www\online_team\www.taodianke.com\Application\Runtime\Cache\Admin\b26b0dfab037b097ebda3979e3187e2a.php 第 87 行.
INFO: Run Behavior\ParseTemplateBehavior [ RunTime:0.016215s ]
INFO: [ view_parse ] --END-- [ RunTime:0.016269s ]
INFO: [ view_filter ] --START--
INFO: Run Behavior\WriteHtmlCacheBehavior [ RunTime:0.000497s ]
INFO: [ view_filter ] --END-- [ RunTime:0.000531s ]
INFO: [ app_end ] --START--
INFO: Run Behavior\ShowPageTraceBehavior [ RunTime:0.000632s ]
INFO: [ app_end ] --END-- [ RunTime:0.000673s ]

[ 2018-04-28T11:33:02+08:00 ] 127.0.0.1 /Admin/SaleArticle/index.html
INFO: [ app_init ] --START--
INFO: Run Behavior\BuildLiteBehavior [ RunTime:0.000019s ]
INFO: [ app_init ] --END-- [ RunTime:0.001171s ]
INFO: [ app_begin ] --START--
INFO: Run Behavior\ReadHtmlCacheBehavior [ RunTime:0.000703s ]
INFO: [ app_begin ] --END-- [ RunTime:0.000756s ]
NOTIC: [2048] Declaration of Admin\Controller\CommonController::_arraySort() should be compatible with Common\Controller\CommonBaseController::_arraySort($arr, $keys, $type = 'asc') D:\www\online_team\www.taodianke.com\Application\Admin\Controller\CommonController.class.php 第 11 行.
SQL: SHOW COLUMNS FROM `ytt_temai_article` [ RunTime:0.0867s ]
SQL: SELECT COUNT(id) AS tp_count FROM `ytt_temai_article` LIMIT 1   [ RunTime:0.1516s ]
SQL: SELECT * FROM `ytt_temai_article` ORDER BY behot_time desc LIMIT 0,20   [ RunTime:0.0893s ]
INFO: [ view_parse ] --START--
INFO: [ template_filter ] --START--
INFO: Run Behavior\ContentReplaceBehavior [ RunTime:0.000234s ]
INFO: [ template_filter ] --END-- [ RunTime:0.000317s ]
NOTIC: [8] Undefined variable: user D:\www\online_team\www.taodianke.com\Application\Runtime\Cache\Admin\b26b0dfab037b097ebda3979e3187e2a.php 第 52 行.
NOTIC: [8] Undefined variable: user D:\www\online_team\www.taodianke.com\Application\Runtime\Cache\Admin\b26b0dfab037b097ebda3979e3187e2a.php 第 53 行.
NOTIC: [8] Undefined index: son_menu D:\www\online_team\www.taodianke.com\Application\Runtime\Cache\Admin\b26b0dfab037b097ebda3979e3187e2a.php 第 87 行.
NOTIC: [8] Undefined index: son_menu D:\www\online_team\www.taodianke.com\Application\Runtime\Cache\Admin\b26b0dfab037b097ebda3979e3187e2a.php 第 87 行.
INFO: Run Behavior\ParseTemplateBehavior [ RunTime:0.042286s ]
INFO: [ view_parse ] --END-- [ RunTime:0.042398s ]
INFO: [ view_filter ] --START--
INFO: Run Behavior\WriteHtmlCacheBehavior [ RunTime:0.001289s ]
INFO: [ view_filter ] --END-- [ RunTime:0.001363s ]
INFO: [ app_end ] --START--
INFO: Run Behavior\ShowPageTraceBehavior [ RunTime:0.001436s ]
INFO: [ app_end ] --END-- [ RunTime:0.001516s ]

[ 2018-04-28T11:33:12+08:00 ] 127.0.0.1 /Admin/SaleArticle/index.html
INFO: [ app_init ] --START--
INFO: Run Behavior\BuildLiteBehavior [ RunTime:0.000015s ]
INFO: [ app_init ] --END-- [ RunTime:0.000847s ]
INFO: [ app_begin ] --START--
INFO: Run Behavior\ReadHtmlCacheBehavior [ RunTime:0.000741s ]
INFO: [ app_begin ] --END-- [ RunTime:0.000805s ]
NOTIC: [2048] Declaration of Admin\Controller\CommonController::_arraySort() should be compatible with Common\Controller\CommonBaseController::_arraySort($arr, $keys, $type = 'asc') D:\www\online_team\www.taodianke.com\Application\Admin\Controller\CommonController.class.php 第 11 行.
SQL: SHOW COLUMNS FROM `ytt_temai_article` [ RunTime:0.0933s ]
SQL: SELECT COUNT(id) AS tp_count FROM `ytt_temai_article` LIMIT 1   [ RunTime:0.1515s ]
SQL: SELECT * FROM `ytt_temai_article` ORDER BY behot_time desc LIMIT 0,20   [ RunTime:0.0927s ]
INFO: [ view_parse ] --START--
INFO: [ template_filter ] --START--
INFO: Run Behavior\ContentReplaceBehavior [ RunTime:0.000295s ]
INFO: [ template_filter ] --END-- [ RunTime:0.000394s ]
NOTIC: [8] Undefined variable: user D:\www\online_team\www.taodianke.com\Application\Runtime\Cache\Admin\b26b0dfab037b097ebda3979e3187e2a.php 第 52 行.
NOTIC: [8] Undefined variable: user D:\www\online_team\www.taodianke.com\Application\Runtime\Cache\Admin\b26b0dfab037b097ebda3979e3187e2a.php 第 53 行.
NOTIC: [8] Undefined index: son_menu D:\www\online_team\www.taodianke.com\Application\Runtime\Cache\Admin\b26b0dfab037b097ebda3979e3187e2a.php 第 87 行.
NOTIC: [8] Undefined index: son_menu D:\www\online_team\www.taodianke.com\Application\Runtime\Cache\Admin\b26b0dfab037b097ebda3979e3187e2a.php 第 87 行.
INFO: Run Behavior\ParseTemplateBehavior [ RunTime:0.042486s ]
INFO: [ view_parse ] --END-- [ RunTime:0.042584s ]
INFO: [ view_filter ] --START--
INFO: Run Behavior\WriteHtmlCacheBehavior [ RunTime:0.000717s ]
INFO: [ view_filter ] --END-- [ RunTime:0.000757s ]
INFO: [ app_end ] --START--
INFO: Run Behavior\ShowPageTraceBehavior [ RunTime:0.001096s ]
INFO: [ app_end ] --END-- [ RunTime:0.001171s ]

[ 2018-04-28T11:41:29+08:00 ] 127.0.0.1 /Admin/SaleArticle/index.html
INFO: [ app_init ] --START--
INFO: Run Behavior\BuildLiteBehavior [ RunTime:0.000040s ]
INFO: [ app_init ] --END-- [ RunTime:0.001848s ]
INFO: [ app_begin ] --START--
INFO: Run Behavior\ReadHtmlCacheBehavior [ RunTime:0.000688s ]
INFO: [ app_begin ] --END-- [ RunTime:0.000742s ]
NOTIC: [2048] Declaration of Admin\Controller\CommonController::_arraySort() should be compatible with Common\Controller\CommonBaseController::_arraySort($arr, $keys, $type = 'asc') D:\www\online_team\www.taodianke.com\Application\Admin\Controller\CommonController.class.php 第 11 行.
SQL: SHOW COLUMNS FROM `ytt_temai_article` [ RunTime:0.0903s ]
SQL: SELECT COUNT(id) AS tp_count FROM `ytt_temai_article` LIMIT 1   [ RunTime:0.1436s ]
SQL: SELECT * FROM `ytt_temai_article` ORDER BY behot_time desc LIMIT 0,20   [ RunTime:0.0926s ]
INFO: [ view_parse ] --START--
INFO: [ template_filter ] --START--
INFO: Run Behavior\ContentReplaceBehavior [ RunTime:0.000289s ]
INFO: [ template_filter ] --END-- [ RunTime:0.000390s ]
NOTIC: [8] Undefined variable: user D:\www\online_team\www.taodianke.com\Application\Runtime\Cache\Admin\b26b0dfab037b097ebda3979e3187e2a.php 第 52 行.
NOTIC: [8] Undefined variable: user D:\www\online_team\www.taodianke.com\Application\Runtime\Cache\Admin\b26b0dfab037b097ebda3979e3187e2a.php 第 53 行.
NOTIC: [8] Undefined index: son_menu D:\www\online_team\www.taodianke.com\Application\Runtime\Cache\Admin\b26b0dfab037b097ebda3979e3187e2a.php 第 87 行.
NOTIC: [8] Undefined index: son_menu D:\www\online_team\www.taodianke.com\Application\Runtime\Cache\Admin\b26b0dfab037b097ebda3979e3187e2a.php 第 87 行.
INFO: Run Behavior\ParseTemplateBehavior [ RunTime:0.061962s ]
INFO: [ view_parse ] --END-- [ RunTime:0.062223s ]
INFO: [ view_filter ] --START--
INFO: Run Behavior\WriteHtmlCacheBehavior [ RunTime:0.001589s ]
INFO: [ view_filter ] --END-- [ RunTime:0.001695s ]
INFO: [ app_end ] --START--
INFO: Run Behavior\ShowPageTraceBehavior [ RunTime:0.001789s ]
INFO: [ app_end ] --END-- [ RunTime:0.001888s ]

[ 2018-04-28T11:41:45+08:00 ] 127.0.0.1 /Admin/SaleArticle/index.html
INFO: [ app_init ] --START--
INFO: Run Behavior\BuildLiteBehavior [ RunTime:0.000015s ]
INFO: [ app_init ] --END-- [ RunTime:0.000610s ]
INFO: [ app_begin ] --START--
INFO: Run Behavior\ReadHtmlCacheBehavior [ RunTime:0.000832s ]
INFO: [ app_begin ] --END-- [ RunTime:0.000913s ]
NOTIC: [2048] Declaration of Admin\Controller\CommonController::_arraySort() should be compatible with Common\Controller\CommonBaseController::_arraySort($arr, $keys, $type = 'asc') D:\www\online_team\www.taodianke.com\Application\Admin\Controller\CommonController.class.php 第 11 行.
SQL: SHOW COLUMNS FROM `ytt_temai_article` [ RunTime:0.0948s ]
SQL: SELECT COUNT(id) AS tp_count FROM `ytt_temai_article` LIMIT 1   [ RunTime:0.1484s ]
SQL: SELECT * FROM `ytt_temai_article` ORDER BY behot_time desc LIMIT 0,20   [ RunTime:0.1113s ]
INFO: [ view_parse ] --START--
INFO: [ template_filter ] --START--
INFO: Run Behavior\ContentReplaceBehavior [ RunTime:0.000146s ]
INFO: [ template_filter ] --END-- [ RunTime:0.000196s ]
NOTIC: [8] Undefined variable: user D:\www\online_team\www.taodianke.com\Application\Runtime\Cache\Admin\b26b0dfab037b097ebda3979e3187e2a.php 第 52 行.
NOTIC: [8] Undefined variable: user D:\www\online_team\www.taodianke.com\Application\Runtime\Cache\Admin\b26b0dfab037b097ebda3979e3187e2a.php 第 53 行.
NOTIC: [8] Undefined index: son_menu D:\www\online_team\www.taodianke.com\Application\Runtime\Cache\Admin\b26b0dfab037b097ebda3979e3187e2a.php 第 87 行.
NOTIC: [8] Undefined index: son_menu D:\www\online_team\www.taodianke.com\Application\Runtime\Cache\Admin\b26b0dfab037b097ebda3979e3187e2a.php 第 87 行.
INFO: Run Behavior\ParseTemplateBehavior [ RunTime:0.018027s ]
INFO: [ view_parse ] --END-- [ RunTime:0.018077s ]
INFO: [ view_filter ] --START--
INFO: Run Behavior\WriteHtmlCacheBehavior [ RunTime:0.000938s ]
INFO: [ view_filter ] --END-- [ RunTime:0.001005s ]
INFO: [ app_end ] --START--
INFO: Run Behavior\ShowPageTraceBehavior [ RunTime:0.001217s ]
INFO: [ app_end ] --END-- [ RunTime:0.001288s ]

[ 2018-04-28T11:42:49+08:00 ] 127.0.0.1 /Admin/SaleArticle/index.html
INFO: [ app_init ] --START--
INFO: Run Behavior\BuildLiteBehavior [ RunTime:0.000014s ]
INFO: [ app_init ] --END-- [ RunTime:0.000606s ]
INFO: [ app_begin ] --START--
INFO: Run Behavior\ReadHtmlCacheBehavior [ RunTime:0.000705s ]
INFO: [ app_begin ] --END-- [ RunTime:0.000773s ]
NOTIC: [2048] Declaration of Admin\Controller\CommonController::_arraySort() should be compatible with Common\Controller\CommonBaseController::_arraySort($arr, $keys, $type = 'asc') D:\www\online_team\www.taodianke.com\Application\Admin\Controller\CommonController.class.php 第 11 行.
SQL: SHOW COLUMNS FROM `ytt_temai_article` [ RunTime:0.0935s ]
SQL: SELECT COUNT(id) AS tp_count FROM `ytt_temai_article` LIMIT 1   [ RunTime:0.1466s ]
SQL: SELECT * FROM `ytt_temai_article` ORDER BY behot_time desc LIMIT 0,20   [ RunTime:0.1017s ]
INFO: [ view_parse ] --START--
INFO: [ template_filter ] --START--
INFO: Run Behavior\ContentReplaceBehavior [ RunTime:0.000161s ]
INFO: [ template_filter ] --END-- [ RunTime:0.000231s ]
NOTIC: [8] Undefined variable: user D:\www\online_team\www.taodianke.com\Application\Runtime\Cache\Admin\b26b0dfab037b097ebda3979e3187e2a.php 第 52 行.
NOTIC: [8] Undefined variable: user D:\www\online_team\www.taodianke.com\Application\Runtime\Cache\Admin\b26b0dfab037b097ebda3979e3187e2a.php 第 53 行.
NOTIC: [8] Undefined index: son_menu D:\www\online_team\www.taodianke.com\Application\Runtime\Cache\Admin\b26b0dfab037b097ebda3979e3187e2a.php 第 87 行.
NOTIC: [8] Undefined index: son_menu D:\www\online_team\www.taodianke.com\Application\Runtime\Cache\Admin\b26b0dfab037b097ebda3979e3187e2a.php 第 87 行.
INFO: Run Behavior\ParseTemplateBehavior [ RunTime:0.035341s ]
INFO: [ view_parse ] --END-- [ RunTime:0.035455s ]
INFO: [ view_filter ] --START--
INFO: Run Behavior\WriteHtmlCacheBehavior [ RunTime:0.000753s ]
INFO: [ view_filter ] --END-- [ RunTime:0.000796s ]
INFO: [ app_end ] --START--
INFO: Run Behavior\ShowPageTraceBehavior [ RunTime:0.000935s ]
INFO: [ app_end ] --END-- [ RunTime:0.000987s ]

[ 2018-04-28T11:42:59+08:00 ] 127.0.0.1 /Admin/SaleArticle/index.html?title=&read_num=&time=2018-04-12+00%3A00+%7E+2018-05-22+23%3A59&sort=&media_id=
INFO: [ app_init ] --START--
INFO: Run Behavior\BuildLiteBehavior [ RunTime:0.000018s ]
INFO: [ app_init ] --END-- [ RunTime:0.001381s ]
INFO: [ app_begin ] --START--
INFO: Run Behavior\ReadHtmlCacheBehavior [ RunTime:0.000730s ]
INFO: [ app_begin ] --END-- [ RunTime:0.000784s ]
NOTIC: [2048] Declaration of Admin\Controller\CommonController::_arraySort() should be compatible with Common\Controller\CommonBaseController::_arraySort($arr, $keys, $type = 'asc') D:\www\online_team\www.taodianke.com\Application\Admin\Controller\CommonController.class.php 第 11 行.
NOTIC: [8] Undefined offset: 1 D:\www\online_team\www.taodianke.com\Application\Admin\Controller\SaleArticleController.class.php 第 47 行.
SQL: SHOW COLUMNS FROM `ytt_temai_article` [ RunTime:0.0906s ]
SQL: SELECT COUNT(id) AS tp_count FROM `ytt_temai_article` LIMIT 1   [ RunTime:0.1488s ]
SQL: SELECT * FROM `ytt_temai_article` ORDER BY behot_time desc LIMIT 0,20   [ RunTime:0.1112s ]
INFO: [ view_parse ] --START--
INFO: [ template_filter ] --START--
INFO: Run Behavior\ContentReplaceBehavior [ RunTime:0.000232s ]
INFO: [ template_filter ] --END-- [ RunTime:0.000308s ]
NOTIC: [8] Undefined variable: user D:\www\online_team\www.taodianke.com\Application\Runtime\Cache\Admin\b26b0dfab037b097ebda3979e3187e2a.php 第 52 行.
NOTIC: [8] Undefined variable: user D:\www\online_team\www.taodianke.com\Application\Runtime\Cache\Admin\b26b0dfab037b097ebda3979e3187e2a.php 第 53 行.
NOTIC: [8] Undefined index: son_menu D:\www\online_team\www.taodianke.com\Application\Runtime\Cache\Admin\b26b0dfab037b097ebda3979e3187e2a.php 第 87 行.
NOTIC: [8] Undefined index: son_menu D:\www\online_team\www.taodianke.com\Application\Runtime\Cache\Admin\b26b0dfab037b097ebda3979e3187e2a.php 第 87 行.
INFO: Run Behavior\ParseTemplateBehavior [ RunTime:0.044823s ]
INFO: [ view_parse ] --END-- [ RunTime:0.044942s ]
INFO: [ view_filter ] --START--
INFO: Run Behavior\WriteHtmlCacheBehavior [ RunTime:0.001044s ]
INFO: [ view_filter ] --END-- [ RunTime:0.001110s ]
INFO: [ app_end ] --START--
INFO: Run Behavior\ShowPageTraceBehavior [ RunTime:0.001423s ]
INFO: [ app_end ] --END-- [ RunTime:0.001505s ]

[ 2018-04-28T11:43:15+08:00 ] 127.0.0.1 /Admin/SaleArticle/index.html?title=&read_num=&time=2018-04-12+13%3A12+%7E+2018-05-22+21%3A58&sort=&media_id=
INFO: [ app_init ] --START--
INFO: Run Behavior\BuildLiteBehavior [ RunTime:0.000022s ]
INFO: [ app_init ] --END-- [ RunTime:0.000777s ]
INFO: [ app_begin ] --START--
INFO: Run Behavior\ReadHtmlCacheBehavior [ RunTime:0.000656s ]
INFO: [ app_begin ] --END-- [ RunTime:0.000709s ]
NOTIC: [2048] Declaration of Admin\Controller\CommonController::_arraySort() should be compatible with Common\Controller\CommonBaseController::_arraySort($arr, $keys, $type = 'asc') D:\www\online_team\www.taodianke.com\Application\Admin\Controller\CommonController.class.php 第 11 行.
NOTIC: [8] Undefined offset: 1 D:\www\online_team\www.taodianke.com\Application\Admin\Controller\SaleArticleController.class.php 第 47 行.
SQL: SHOW COLUMNS FROM `ytt_temai_article` [ RunTime:0.0898s ]
SQL: SELECT COUNT(id) AS tp_count FROM `ytt_temai_article` LIMIT 1   [ RunTime:0.1497s ]
SQL: SELECT * FROM `ytt_temai_article` ORDER BY behot_time desc LIMIT 0,20   [ RunTime:0.0922s ]
INFO: [ view_parse ] --START--
INFO: [ template_filter ] --START--
INFO: Run Behavior\ContentReplaceBehavior [ RunTime:0.000301s ]
INFO: [ template_filter ] --END-- [ RunTime:0.000460s ]
NOTIC: [8] Undefined variable: user D:\www\online_team\www.taodianke.com\Application\Runtime\Cache\Admin\b26b0dfab037b097ebda3979e3187e2a.php 第 52 行.
NOTIC: [8] Undefined variable: user D:\www\online_team\www.taodianke.com\Application\Runtime\Cache\Admin\b26b0dfab037b097ebda3979e3187e2a.php 第 53 行.
NOTIC: [8] Undefined index: son_menu D:\www\online_team\www.taodianke.com\Application\Runtime\Cache\Admin\b26b0dfab037b097ebda3979e3187e2a.php 第 87 行.
NOTIC: [8] Undefined index: son_menu D:\www\online_team\www.taodianke.com\Application\Runtime\Cache\Admin\b26b0dfab037b097ebda3979e3187e2a.php 第 87 行.
INFO: Run Behavior\ParseTemplateBehavior [ RunTime:0.050083s ]
INFO: [ view_parse ] --END-- [ RunTime:0.050320s ]
INFO: [ view_filter ] --START--
INFO: Run Behavior\WriteHtmlCacheBehavior [ RunTime:0.001455s ]
INFO: [ view_filter ] --END-- [ RunTime:0.001551s ]
INFO: [ app_end ] --START--
INFO: Run Behavior\ShowPageTraceBehavior [ RunTime:0.001309s ]
INFO: [ app_end ] --END-- [ RunTime:0.001386s ]

[ 2018-04-28T11:43:39+08:00 ] 127.0.0.1 /Admin/SaleArticle/index.html?title=&read_num=&time=2018-04-12+13%3A12+%7E+2018-05-22+21%3A58&sort=&media_id=
INFO: [ app_init ] --START--
INFO: Run Behavior\BuildLiteBehavior [ RunTime:0.000013s ]
INFO: [ app_init ] --END-- [ RunTime:0.000582s ]
INFO: [ app_begin ] --START--
INFO: Run Behavior\ReadHtmlCacheBehavior [ RunTime:0.000819s ]
INFO: [ app_begin ] --END-- [ RunTime:0.000886s ]
NOTIC: [2048] Declaration of Admin\Controller\CommonController::_arraySort() should be compatible with Common\Controller\CommonBaseController::_arraySort($arr, $keys, $type = 'asc') D:\www\online_team\www.taodianke.com\Application\Admin\Controller\CommonController.class.php 第 11 行.
NOTIC: [8] Undefined offset: 1 D:\www\online_team\www.taodianke.com\Application\Admin\Controller\SaleArticleController.class.php 第 47 行.
SQL: SHOW COLUMNS FROM `ytt_temai_article` [ RunTime:0.0881s ]
SQL: SELECT COUNT(id) AS tp_count FROM `ytt_temai_article` LIMIT 1   [ RunTime:0.1460s ]
SQL: SELECT * FROM `ytt_temai_article` ORDER BY behot_time desc LIMIT 0,20   [ RunTime:0.0894s ]
INFO: [ view_parse ] --START--
INFO: [ template_filter ] --START--
INFO: Run Behavior\ContentReplaceBehavior [ RunTime:0.000347s ]
INFO: [ template_filter ] --END-- [ RunTime:0.000475s ]
NOTIC: [8] Undefined variable: user D:\www\online_team\www.taodianke.com\Application\Runtime\Cache\Admin\b26b0dfab037b097ebda3979e3187e2a.php 第 52 行.
NOTIC: [8] Undefined variable: user D:\www\online_team\www.taodianke.com\Application\Runtime\Cache\Admin\b26b0dfab037b097ebda3979e3187e2a.php 第 53 行.
NOTIC: [8] Undefined index: son_menu D:\www\online_team\www.taodianke.com\Application\Runtime\Cache\Admin\b26b0dfab037b097ebda3979e3187e2a.php 第 87 行.
NOTIC: [8] Undefined index: son_menu D:\www\online_team\www.taodianke.com\Application\Runtime\Cache\Admin\b26b0dfab037b097ebda3979e3187e2a.php 第 87 行.
INFO: Run Behavior\ParseTemplateBehavior [ RunTime:0.036872s ]
INFO: [ view_parse ] --END-- [ RunTime:0.037022s ]
INFO: [ view_filter ] --START--
INFO: Run Behavior\WriteHtmlCacheBehavior [ RunTime:0.000706s ]
INFO: [ view_filter ] --END-- [ RunTime:0.000741s ]
INFO: [ app_end ] --START--
INFO: Run Behavior\ShowPageTraceBehavior [ RunTime:0.000821s ]
INFO: [ app_end ] --END-- [ RunTime:0.000865s ]

[ 2018-04-28T11:44:02+08:00 ] 127.0.0.1 /Admin/SaleArticle/index.html?title=&read_num=&time=2018-04-12+13%3A12+%7E+2018-05-22+21%3A58&sort=&media_id=
INFO: [ app_init ] --START--
INFO: Run Behavior\BuildLiteBehavior [ RunTime:0.000011s ]
INFO: [ app_init ] --END-- [ RunTime:0.000494s ]
INFO: [ app_begin ] --START--
INFO: Run Behavior\ReadHtmlCacheBehavior [ RunTime:0.000674s ]
INFO: [ app_begin ] --END-- [ RunTime:0.000734s ]
NOTIC: [2048] Declaration of Admin\Controller\CommonController::_arraySort() should be compatible with Common\Controller\CommonBaseController::_arraySort($arr, $keys, $type = 'asc') D:\www\online_team\www.taodianke.com\Application\Admin\Controller\CommonController.class.php 第 11 行.
NOTIC: [8] Undefined offset: 1 D:\www\online_team\www.taodianke.com\Application\Admin\Controller\SaleArticleController.class.php 第 47 行.
SQL: SHOW COLUMNS FROM `ytt_temai_article` [ RunTime:0.0863s ]
SQL: SELECT COUNT(id) AS tp_count FROM `ytt_temai_article` LIMIT 1   [ RunTime:0.1484s ]
SQL: SELECT * FROM `ytt_temai_article` ORDER BY behot_time desc LIMIT 0,20   [ RunTime:0.0937s ]
INFO: [ view_parse ] --START--
INFO: [ template_filter ] --START--
INFO: Run Behavior\ContentReplaceBehavior [ RunTime:0.000159s ]
INFO: [ template_filter ] --END-- [ RunTime:0.000216s ]
NOTIC: [8] Undefined variable: user D:\www\online_team\www.taodianke.com\Application\Runtime\Cache\Admin\b26b0dfab037b097ebda3979e3187e2a.php 第 52 行.
NOTIC: [8] Undefined variable: user D:\www\online_team\www.taodianke.com\Application\Runtime\Cache\Admin\b26b0dfab037b097ebda3979e3187e2a.php 第 53 行.
NOTIC: [8] Undefined index: son_menu D:\www\online_team\www.taodianke.com\Application\Runtime\Cache\Admin\b26b0dfab037b097ebda3979e3187e2a.php 第 87 行.
NOTIC: [8] Undefined index: son_menu D:\www\online_team\www.taodianke.com\Application\Runtime\Cache\Admin\b26b0dfab037b097ebda3979e3187e2a.php 第 87 行.
INFO: Run Behavior\ParseTemplateBehavior [ RunTime:0.023466s ]
INFO: [ view_parse ] --END-- [ RunTime:0.023518s ]
INFO: [ view_filter ] --START--
INFO: Run Behavior\WriteHtmlCacheBehavior [ RunTime:0.000633s ]
INFO: [ view_filter ] --END-- [ RunTime:0.000674s ]
INFO: [ app_end ] --START--
INFO: Run Behavior\ShowPageTraceBehavior [ RunTime:0.000970s ]
INFO: [ app_end ] --END-- [ RunTime:0.001031s ]

[ 2018-04-28T11:44:20+08:00 ] 127.0.0.1 /Admin/SaleArticle/index.html?title=&read_num=&time=2018-04-12+13%3A12+%7E+2018-05-22+21%3A58&sort=&media_id=
INFO: [ app_init ] --START--
INFO: Run Behavior\BuildLiteBehavior [ RunTime:0.000022s ]
INFO: [ app_init ] --END-- [ RunTime:0.000868s ]
INFO: [ app_begin ] --START--
INFO: Run Behavior\ReadHtmlCacheBehavior [ RunTime:0.000705s ]
INFO: [ app_begin ] --END-- [ RunTime:0.000757s ]
NOTIC: [2048] Declaration of Admin\Controller\CommonController::_arraySort() should be compatible with Common\Controller\CommonBaseController::_arraySort($arr, $keys, $type = 'asc') D:\www\online_team\www.taodianke.com\Application\Admin\Controller\CommonController.class.php 第 11 行.
NOTIC: [8] Undefined offset: 1 D:\www\online_team\www.taodianke.com\Application\Admin\Controller\SaleArticleController.class.php 第 47 行.
SQL: SHOW COLUMNS FROM `ytt_temai_article` [ RunTime:0.0870s ]
SQL: SELECT COUNT(id) AS tp_count FROM `ytt_temai_article` LIMIT 1   [ RunTime:0.1519s ]
SQL: SELECT * FROM `ytt_temai_article` ORDER BY behot_time desc LIMIT 0,20   [ RunTime:0.0933s ]
INFO: [ view_parse ] --START--
INFO: [ template_filter ] --START--
INFO: Run Behavior\ContentReplaceBehavior [ RunTime:0.000254s ]
INFO: [ template_filter ] --END-- [ RunTime:0.000342s ]
NOTIC: [8] Undefined variable: user D:\www\online_team\www.taodianke.com\Application\Runtime\Cache\Admin\b26b0dfab037b097ebda3979e3187e2a.php 第 52 行.
NOTIC: [8] Undefined variable: user D:\www\online_team\www.taodianke.com\Application\Runtime\Cache\Admin\b26b0dfab037b097ebda3979e3187e2a.php 第 53 行.
NOTIC: [8] Undefined index: son_menu D:\www\online_team\www.taodianke.com\Application\Runtime\Cache\Admin\b26b0dfab037b097ebda3979e3187e2a.php 第 87 行.
NOTIC: [8] Undefined index: son_menu D:\www\online_team\www.taodianke.com\Application\Runtime\Cache\Admin\b26b0dfab037b097ebda3979e3187e2a.php 第 87 行.
INFO: Run Behavior\ParseTemplateBehavior [ RunTime:0.046181s ]
INFO: [ view_parse ] --END-- [ RunTime:0.046347s ]
INFO: [ view_filter ] --START--
INFO: Run Behavior\WriteHtmlCacheBehavior [ RunTime:0.001125s ]
INFO: [ view_filter ] --END-- [ RunTime:0.001198s ]
INFO: [ app_end ] --START--
INFO: Run Behavior\ShowPageTraceBehavior [ RunTime:0.001614s ]
INFO: [ app_end ] --END-- [ RunTime:0.001736s ]

[ 2018-04-28T13:42:24+08:00 ] 127.0.0.1 /Admin
INFO: [ app_init ] --START--
INFO: Run Behavior\BuildLiteBehavior [ RunTime:0.000023s ]
INFO: [ app_init ] --END-- [ RunTime:0.000919s ]
INFO: [ app_begin ] --START--
INFO: Run Behavior\ReadHtmlCacheBehavior [ RunTime:0.001256s ]
INFO: [ app_begin ] --END-- [ RunTime:0.001344s ]
NOTIC: [2048] Declaration of Admin\Controller\CommonController::_arraySort() should be compatible with Common\Controller\CommonBaseController::_arraySort($arr, $keys, $type = 'asc') D:\www\online_team\www.taodianke.com\Application\Admin\Controller\CommonController.class.php 第 11 行.

[ 2018-04-28T13:42:24+08:00 ] 127.0.0.1 /Admin/Public/index.html
INFO: [ app_init ] --START--
INFO: Run Behavior\BuildLiteBehavior [ RunTime:0.000021s ]
INFO: [ app_init ] --END-- [ RunTime:0.000720s ]
INFO: [ app_begin ] --START--
INFO: Run Behavior\ReadHtmlCacheBehavior [ RunTime:0.001033s ]
INFO: [ app_begin ] --END-- [ RunTime:0.001101s ]
NOTIC: [2048] Declaration of Admin\Controller\CommonController::_arraySort() should be compatible with Common\Controller\CommonBaseController::_arraySort($arr, $keys, $type = 'asc') D:\www\online_team\www.taodianke.com\Application\Admin\Controller\CommonController.class.php 第 11 行.
NOTIC: [2048] Declaration of Admin\Controller\PublicController::logout() should be compatible with Admin\Controller\CommonController::logOut($result) D:\www\online_team\www.taodianke.com\Application\Admin\Controller\PublicController.class.php 第 8 行.
NOTIC: [8] Undefined index:  D:\www\online_team\www.taodianke.com\Application\Admin\Controller\CommonController.class.php 第 38 行.

[ 2018-04-28T13:42:24+08:00 ] 127.0.0.1 /Admin/Public/login.html
INFO: [ app_init ] --START--
INFO: Run Behavior\BuildLiteBehavior [ RunTime:0.000021s ]
INFO: [ app_init ] --END-- [ RunTime:0.003405s ]
INFO: [ app_begin ] --START--
INFO: Run Behavior\ReadHtmlCacheBehavior [ RunTime:0.004757s ]
INFO: [ app_begin ] --END-- [ RunTime:0.004850s ]
NOTIC: [2048] Declaration of Admin\Controller\CommonController::_arraySort() should be compatible with Common\Controller\CommonBaseController::_arraySort($arr, $keys, $type = 'asc') D:\www\online_team\www.taodianke.com\Application\Admin\Controller\CommonController.class.php 第 11 行.
NOTIC: [2048] Declaration of Admin\Controller\PublicController::logout() should be compatible with Admin\Controller\CommonController::logOut($result) D:\www\online_team\www.taodianke.com\Application\Admin\Controller\PublicController.class.php 第 8 行.
NOTIC: [8] Undefined index:  D:\www\online_team\www.taodianke.com\Application\Admin\Controller\CommonController.class.php 第 38 行.
INFO: [ view_parse ] --START--
INFO: [ template_filter ] --START--
INFO: Run Behavior\ContentReplaceBehavior [ RunTime:0.000135s ]
INFO: [ template_filter ] --END-- [ RunTime:0.000217s ]
NOTIC: [8] Undefined variable: error D:\www\online_team\www.taodianke.com\Application\Runtime\Cache\Admin\f49cdd4d12a292a7a26acfc7109ea2ab.php 第 44 行.
NOTIC: [8] Undefined variable: success D:\www\online_team\www.taodianke.com\Application\Runtime\Cache\Admin\f49cdd4d12a292a7a26acfc7109ea2ab.php 第 48 行.
INFO: Run Behavior\ParseTemplateBehavior [ RunTime:0.026084s ]
INFO: [ view_parse ] --END-- [ RunTime:0.026151s ]
INFO: [ view_filter ] --START--
INFO: Run Behavior\WriteHtmlCacheBehavior [ RunTime:0.000858s ]
INFO: [ view_filter ] --END-- [ RunTime:0.000922s ]
INFO: [ app_end ] --START--
INFO: Run Behavior\ShowPageTraceBehavior [ RunTime:0.001356s ]
INFO: [ app_end ] --END-- [ RunTime:0.001461s ]

[ 2018-04-28T13:42:28+08:00 ] 127.0.0.1 /Admin/Public/login.html
INFO: [ app_init ] --START--
INFO: Run Behavior\BuildLiteBehavior [ RunTime:0.000025s ]
INFO: [ app_init ] --END-- [ RunTime:0.000987s ]
INFO: [ app_begin ] --START--
INFO: Run Behavior\ReadHtmlCacheBehavior [ RunTime:0.001201s ]
INFO: [ app_begin ] --END-- [ RunTime:0.001293s ]
NOTIC: [2048] Declaration of Admin\Controller\CommonController::_arraySort() should be compatible with Common\Controller\CommonBaseController::_arraySort($arr, $keys, $type = 'asc') D:\www\online_team\www.taodianke.com\Application\Admin\Controller\CommonController.class.php 第 11 行.
NOTIC: [2048] Declaration of Admin\Controller\PublicController::logout() should be compatible with Admin\Controller\CommonController::logOut($result) D:\www\online_team\www.taodianke.com\Application\Admin\Controller\PublicController.class.php 第 8 行.
NOTIC: [8] Undefined index:  D:\www\online_team\www.taodianke.com\Application\Admin\Controller\CommonController.class.php 第 38 行.
NOTIC: [2] file_put_contents(/tmp/temai.log): failed to open stream: No such file or directory D:\www\online_team\www.taodianke.com\Application\Admin\Controller\PublicController.class.php 第 34 行.
SQL: SHOW COLUMNS FROM `ytt_tmuser` [ RunTime:0.0865s ]
SQL: SELECT `id`,`name`,`pid`,`sale_account_ids`,`top_line_account_ids`,`group_id` FROM `ytt_tmuser` WHERE `name` = 'daipingshan' AND `password` = 'a0df1932fb37930fb0ca5d9b82e7f58b' LIMIT 1   [ RunTime:0.0902s ]

[ 2018-04-28T13:42:29+08:00 ] 127.0.0.1 /Admin/Index/index.html
INFO: [ app_init ] --START--
INFO: Run Behavior\BuildLiteBehavior [ RunTime:0.000014s ]
INFO: [ app_init ] --END-- [ RunTime:0.000548s ]
INFO: [ app_begin ] --START--
INFO: Run Behavior\ReadHtmlCacheBehavior [ RunTime:0.000983s ]
INFO: [ app_begin ] --END-- [ RunTime:0.001045s ]
NOTIC: [2048] Declaration of Admin\Controller\CommonController::_arraySort() should be compatible with Common\Controller\CommonBaseController::_arraySort($arr, $keys, $type = 'asc') D:\www\online_team\www.taodianke.com\Application\Admin\Controller\CommonController.class.php 第 11 行.
SQL: SHOW COLUMNS FROM `ytt_illegal_article` [ RunTime:0.0887s ]
SQL: SELECT COUNT(*) AS tp_count FROM `ytt_illegal_article` LIMIT 1   [ RunTime:0.0893s ]
SQL: SELECT * FROM `ytt_illegal_article` ORDER BY id desc LIMIT 0,50   [ RunTime:0.0869s ]
INFO: [ view_parse ] --START--
INFO: [ template_filter ] --START--
INFO: Run Behavior\ContentReplaceBehavior [ RunTime:0.000273s ]
INFO: [ template_filter ] --END-- [ RunTime:0.000403s ]
NOTIC: [8] Undefined variable: user D:\www\online_team\www.taodianke.com\Application\Runtime\Cache\Admin\09262a5e25a9c944119ad09ddf7fbe92.php 第 52 行.
NOTIC: [8] Undefined variable: user D:\www\online_team\www.taodianke.com\Application\Runtime\Cache\Admin\09262a5e25a9c944119ad09ddf7fbe92.php 第 53 行.
NOTIC: [8] Undefined index: son_menu D:\www\online_team\www.taodianke.com\Application\Runtime\Cache\Admin\09262a5e25a9c944119ad09ddf7fbe92.php 第 87 行.
NOTIC: [8] Undefined index: son_menu D:\www\online_team\www.taodianke.com\Application\Runtime\Cache\Admin\09262a5e25a9c944119ad09ddf7fbe92.php 第 87 行.
INFO: Run Behavior\ParseTemplateBehavior [ RunTime:0.024948s ]
INFO: [ view_parse ] --END-- [ RunTime:0.025035s ]
INFO: [ view_filter ] --START--
INFO: Run Behavior\WriteHtmlCacheBehavior [ RunTime:0.001095s ]
INFO: [ view_filter ] --END-- [ RunTime:0.001169s ]
INFO: [ app_end ] --START--
INFO: Run Behavior\ShowPageTraceBehavior [ RunTime:0.001634s ]
INFO: [ app_end ] --END-- [ RunTime:0.001758s ]

[ 2018-04-28T13:42:31+08:00 ] 127.0.0.1 /Admin/SaleArticle/index.html
INFO: [ app_init ] --START--
INFO: Run Behavior\BuildLiteBehavior [ RunTime:0.000015s ]
INFO: [ app_init ] --END-- [ RunTime:0.000710s ]
INFO: [ app_begin ] --START--
INFO: Run Behavior\ReadHtmlCacheBehavior [ RunTime:0.000910s ]
INFO: [ app_begin ] --END-- [ RunTime:0.000978s ]
NOTIC: [2048] Declaration of Admin\Controller\CommonController::_arraySort() should be compatible with Common\Controller\CommonBaseController::_arraySort($arr, $keys, $type = 'asc') D:\www\online_team\www.taodianke.com\Application\Admin\Controller\CommonController.class.php 第 11 行.
SQL: SHOW COLUMNS FROM `ytt_temai_article` [ RunTime:0.0872s ]
SQL: SELECT COUNT(id) AS tp_count FROM `ytt_temai_article` LIMIT 1   [ RunTime:0.1582s ]
SQL: SELECT * FROM `ytt_temai_article` ORDER BY behot_time desc LIMIT 0,20   [ RunTime:0.0912s ]
INFO: [ view_parse ] --START--
INFO: [ template_filter ] --START--
INFO: Run Behavior\ContentReplaceBehavior [ RunTime:0.000275s ]
INFO: [ template_filter ] --END-- [ RunTime:0.000378s ]
NOTIC: [8] Undefined variable: user D:\www\online_team\www.taodianke.com\Application\Runtime\Cache\Admin\b26b0dfab037b097ebda3979e3187e2a.php 第 52 行.
NOTIC: [8] Undefined variable: user D:\www\online_team\www.taodianke.com\Application\Runtime\Cache\Admin\b26b0dfab037b097ebda3979e3187e2a.php 第 53 行.
NOTIC: [8] Undefined index: son_menu D:\www\online_team\www.taodianke.com\Application\Runtime\Cache\Admin\b26b0dfab037b097ebda3979e3187e2a.php 第 87 行.
NOTIC: [8] Undefined index: son_menu D:\www\online_team\www.taodianke.com\Application\Runtime\Cache\Admin\b26b0dfab037b097ebda3979e3187e2a.php 第 87 行.
INFO: Run Behavior\ParseTemplateBehavior [ RunTime:0.034852s ]
INFO: [ view_parse ] --END-- [ RunTime:0.034926s ]
INFO: [ view_filter ] --START--
INFO: Run Behavior\WriteHtmlCacheBehavior [ RunTime:0.000865s ]
INFO: [ view_filter ] --END-- [ RunTime:0.000920s ]
INFO: [ app_end ] --START--
INFO: Run Behavior\ShowPageTraceBehavior [ RunTime:0.001059s ]
INFO: [ app_end ] --END-- [ RunTime:0.001120s ]

[ 2018-04-28T13:42:42+08:00 ] 127.0.0.1 /Admin/SaleArticle/index.html?title=&read_num=&time=2018-04-27+00%3A00+%7E+2018-04-27+23%3A59&sort=&media_id=
INFO: [ app_init ] --START--
INFO: Run Behavior\BuildLiteBehavior [ RunTime:0.000018s ]
INFO: [ app_init ] --END-- [ RunTime:0.000664s ]
INFO: [ app_begin ] --START--
INFO: Run Behavior\ReadHtmlCacheBehavior [ RunTime:0.000987s ]
INFO: [ app_begin ] --END-- [ RunTime:0.001051s ]
NOTIC: [2048] Declaration of Admin\Controller\CommonController::_arraySort() should be compatible with Common\Controller\CommonBaseController::_arraySort($arr, $keys, $type = 'asc') D:\www\online_team\www.taodianke.com\Application\Admin\Controller\CommonController.class.php 第 11 行.
SQL: SHOW COLUMNS FROM `ytt_temai_article` [ RunTime:0.0856s ]
SQL: SELECT COUNT(id) AS tp_count FROM `ytt_temai_article` WHERE `behot_time` BETWEEN 1524758400 AND 1524931139 LIMIT 1   [ RunTime:0.0896s ]
SQL: SELECT * FROM `ytt_temai_article` WHERE `behot_time` BETWEEN 1524758400 AND 1524931139 ORDER BY behot_time desc LIMIT 0,20   [ RunTime:0.0905s ]
INFO: [ view_parse ] --START--
INFO: [ template_filter ] --START--
INFO: Run Behavior\ContentReplaceBehavior [ RunTime:0.000235s ]
INFO: [ template_filter ] --END-- [ RunTime:0.000311s ]
NOTIC: [8] Undefined variable: user D:\www\online_team\www.taodianke.com\Application\Runtime\Cache\Admin\b26b0dfab037b097ebda3979e3187e2a.php 第 52 行.
NOTIC: [8] Undefined variable: user D:\www\online_team\www.taodianke.com\Application\Runtime\Cache\Admin\b26b0dfab037b097ebda3979e3187e2a.php 第 53 行.
NOTIC: [8] Undefined index: son_menu D:\www\online_team\www.taodianke.com\Application\Runtime\Cache\Admin\b26b0dfab037b097ebda3979e3187e2a.php 第 87 行.
NOTIC: [8] Undefined index: son_menu D:\www\online_team\www.taodianke.com\Application\Runtime\Cache\Admin\b26b0dfab037b097ebda3979e3187e2a.php 第 87 行.
INFO: Run Behavior\ParseTemplateBehavior [ RunTime:0.049274s ]
INFO: [ view_parse ] --END-- [ RunTime:0.049443s ]
INFO: [ view_filter ] --START--
INFO: Run Behavior\WriteHtmlCacheBehavior [ RunTime:0.001160s ]
INFO: [ view_filter ] --END-- [ RunTime:0.001226s ]
INFO: [ app_end ] --START--
INFO: Run Behavior\ShowPageTraceBehavior [ RunTime:0.001329s ]
INFO: [ app_end ] --END-- [ RunTime:0.001403s ]

[ 2018-04-28T13:43:09+08:00 ] 127.0.0.1 /Admin/SaleArticle/index.html?title=&read_num=&time=2018-04-27+00%3A00+%7E+2018-04-27+23%3A59&sort=&media_id=
INFO: [ app_init ] --START--
INFO: Run Behavior\BuildLiteBehavior [ RunTime:0.000016s ]
INFO: [ app_init ] --END-- [ RunTime:0.000671s ]
INFO: [ app_begin ] --START--
INFO: Run Behavior\ReadHtmlCacheBehavior [ RunTime:0.000898s ]
INFO: [ app_begin ] --END-- [ RunTime:0.000953s ]
NOTIC: [2048] Declaration of Admin\Controller\CommonController::_arraySort() should be compatible with Common\Controller\CommonBaseController::_arraySort($arr, $keys, $type = 'asc') D:\www\online_team\www.taodianke.com\Application\Admin\Controller\CommonController.class.php 第 11 行.
SQL: SHOW COLUMNS FROM `ytt_temai_article` [ RunTime:0.0901s ]
SQL: SELECT COUNT(id) AS tp_count FROM `ytt_temai_article` WHERE `behot_time` BETWEEN 1524758400 AND 1524931139 LIMIT 1   [ RunTime:0.0961s ]
SQL: SELECT * FROM `ytt_temai_article` WHERE `behot_time` BETWEEN 1524758400 AND 1524931139 ORDER BY behot_time desc LIMIT 0,20   [ RunTime:0.0920s ]
INFO: [ view_parse ] --START--
INFO: [ template_filter ] --START--
INFO: Run Behavior\ContentReplaceBehavior [ RunTime:0.000127s ]
INFO: [ template_filter ] --END-- [ RunTime:0.000172s ]
NOTIC: [8] Undefined variable: user D:\www\online_team\www.taodianke.com\Application\Runtime\Cache\Admin\b26b0dfab037b097ebda3979e3187e2a.php 第 52 行.
NOTIC: [8] Undefined variable: user D:\www\online_team\www.taodianke.com\Application\Runtime\Cache\Admin\b26b0dfab037b097ebda3979e3187e2a.php 第 53 行.
NOTIC: [8] Undefined index: son_menu D:\www\online_team\www.taodianke.com\Application\Runtime\Cache\Admin\b26b0dfab037b097ebda3979e3187e2a.php 第 87 行.
NOTIC: [8] Undefined index: son_menu D:\www\online_team\www.taodianke.com\Application\Runtime\Cache\Admin\b26b0dfab037b097ebda3979e3187e2a.php 第 87 行.
INFO: Run Behavior\ParseTemplateBehavior [ RunTime:0.020648s ]
INFO: [ view_parse ] --END-- [ RunTime:0.020700s ]
INFO: [ view_filter ] --START--
INFO: Run Behavior\WriteHtmlCacheBehavior [ RunTime:0.000495s ]
INFO: [ view_filter ] --END-- [ RunTime:0.000529s ]
INFO: [ app_end ] --START--
INFO: Run Behavior\ShowPageTraceBehavior [ RunTime:0.000851s ]
INFO: [ app_end ] --END-- [ RunTime:0.000913s ]

[ 2018-04-28T13:43:11+08:00 ] 127.0.0.1 /Admin/SaleArticle/index.html?title=&read_num=&time=2018-04-27+00%3A00+%7E+2018-04-27+23%3A59&sort=&media_id=
INFO: [ app_init ] --START--
INFO: Run Behavior\BuildLiteBehavior [ RunTime:0.000016s ]
INFO: [ app_init ] --END-- [ RunTime:0.000651s ]
INFO: [ app_begin ] --START--
INFO: Run Behavior\ReadHtmlCacheBehavior [ RunTime:0.000974s ]
INFO: [ app_begin ] --END-- [ RunTime:0.001034s ]
NOTIC: [2048] Declaration of Admin\Controller\CommonController::_arraySort() should be compatible with Common\Controller\CommonBaseController::_arraySort($arr, $keys, $type = 'asc') D:\www\online_team\www.taodianke.com\Application\Admin\Controller\CommonController.class.php 第 11 行.
SQL: SHOW COLUMNS FROM `ytt_temai_article` [ RunTime:0.0974s ]
SQL: SELECT COUNT(id) AS tp_count FROM `ytt_temai_article` WHERE `behot_time` BETWEEN 1524758400 AND 1524931139 LIMIT 1   [ RunTime:0.0936s ]
SQL: SELECT * FROM `ytt_temai_article` WHERE `behot_time` BETWEEN 1524758400 AND 1524931139 ORDER BY behot_time desc LIMIT 0,20   [ RunTime:0.0917s ]
INFO: [ view_parse ] --START--
INFO: [ template_filter ] --START--
INFO: Run Behavior\ContentReplaceBehavior [ RunTime:0.000329s ]
INFO: [ template_filter ] --END-- [ RunTime:0.000465s ]
NOTIC: [8] Undefined variable: user D:\www\online_team\www.taodianke.com\Application\Runtime\Cache\Admin\b26b0dfab037b097ebda3979e3187e2a.php 第 52 行.
NOTIC: [8] Undefined variable: user D:\www\online_team\www.taodianke.com\Application\Runtime\Cache\Admin\b26b0dfab037b097ebda3979e3187e2a.php 第 53 行.
NOTIC: [8] Undefined index: son_menu D:\www\online_team\www.taodianke.com\Application\Runtime\Cache\Admin\b26b0dfab037b097ebda3979e3187e2a.php 第 87 行.
NOTIC: [8] Undefined index: son_menu D:\www\online_team\www.taodianke.com\Application\Runtime\Cache\Admin\b26b0dfab037b097ebda3979e3187e2a.php 第 87 行.
INFO: Run Behavior\ParseTemplateBehavior [ RunTime:0.040532s ]
INFO: [ view_parse ] --END-- [ RunTime:0.040624s ]
INFO: [ view_filter ] --START--
INFO: Run Behavior\WriteHtmlCacheBehavior [ RunTime:0.000896s ]
INFO: [ view_filter ] --END-- [ RunTime:0.000948s ]
INFO: [ app_end ] --START--
INFO: Run Behavior\ShowPageTraceBehavior [ RunTime:0.001157s ]
INFO: [ app_end ] --END-- [ RunTime:0.001227s ]

[ 2018-04-28T13:43:26+08:00 ] 127.0.0.1 /Admin/SaleArticle/index.html?title=&read_num=&time=2018-04-27+00%3A00+%7E+2018-04-27+23%3A59&sort=&media_id=
INFO: [ app_init ] --START--
INFO: Run Behavior\BuildLiteBehavior [ RunTime:0.000015s ]
INFO: [ app_init ] --END-- [ RunTime:0.000640s ]
INFO: [ app_begin ] --START--
INFO: Run Behavior\ReadHtmlCacheBehavior [ RunTime:0.000926s ]
INFO: [ app_begin ] --END-- [ RunTime:0.000985s ]
NOTIC: [2048] Declaration of Admin\Controller\CommonController::_arraySort() should be compatible with Common\Controller\CommonBaseController::_arraySort($arr, $keys, $type = 'asc') D:\www\online_team\www.taodianke.com\Application\Admin\Controller\CommonController.class.php 第 11 行.
SQL: SHOW COLUMNS FROM `ytt_temai_article` [ RunTime:0.0908s ]
SQL: SELECT COUNT(id) AS tp_count FROM `ytt_temai_article` WHERE `behot_time` BETWEEN 1524758400 AND 1524844740 LIMIT 1   [ RunTime:0.0960s ]
SQL: SELECT * FROM `ytt_temai_article` WHERE `behot_time` BETWEEN 1524758400 AND 1524844740 ORDER BY behot_time desc LIMIT 0,20   [ RunTime:0.0937s ]
INFO: [ view_parse ] --START--
INFO: [ template_filter ] --START--
INFO: Run Behavior\ContentReplaceBehavior [ RunTime:0.000291s ]
INFO: [ template_filter ] --END-- [ RunTime:0.000386s ]
NOTIC: [8] Undefined variable: user D:\www\online_team\www.taodianke.com\Application\Runtime\Cache\Admin\b26b0dfab037b097ebda3979e3187e2a.php 第 52 行.
NOTIC: [8] Undefined variable: user D:\www\online_team\www.taodianke.com\Application\Runtime\Cache\Admin\b26b0dfab037b097ebda3979e3187e2a.php 第 53 行.
NOTIC: [8] Undefined index: son_menu D:\www\online_team\www.taodianke.com\Application\Runtime\Cache\Admin\b26b0dfab037b097ebda3979e3187e2a.php 第 87 行.
NOTIC: [8] Undefined index: son_menu D:\www\online_team\www.taodianke.com\Application\Runtime\Cache\Admin\b26b0dfab037b097ebda3979e3187e2a.php 第 87 行.
INFO: Run Behavior\ParseTemplateBehavior [ RunTime:0.045746s ]
INFO: [ view_parse ] --END-- [ RunTime:0.045919s ]
INFO: [ view_filter ] --START--
INFO: Run Behavior\WriteHtmlCacheBehavior [ RunTime:0.001274s ]
INFO: [ view_filter ] --END-- [ RunTime:0.001350s ]
INFO: [ app_end ] --START--
INFO: Run Behavior\ShowPageTraceBehavior [ RunTime:0.000822s ]
INFO: [ app_end ] --END-- [ RunTime:0.000868s ]

[ 2018-04-28T13:43:28+08:00 ] 127.0.0.1 /Admin/SaleArticle/index.html?title=&read_num=&time=2018-04-27+00%3A00+%7E+2018-04-27+23%3A59&sort=&media_id=
INFO: [ app_init ] --START--
INFO: Run Behavior\BuildLiteBehavior [ RunTime:0.000016s ]
INFO: [ app_init ] --END-- [ RunTime:0.000752s ]
INFO: [ app_begin ] --START--
INFO: Run Behavior\ReadHtmlCacheBehavior [ RunTime:0.000835s ]
INFO: [ app_begin ] --END-- [ RunTime:0.000887s ]
NOTIC: [2048] Declaration of Admin\Controller\CommonController::_arraySort() should be compatible with Common\Controller\CommonBaseController::_arraySort($arr, $keys, $type = 'asc') D:\www\online_team\www.taodianke.com\Application\Admin\Controller\CommonController.class.php 第 11 行.
SQL: SHOW COLUMNS FROM `ytt_temai_article` [ RunTime:0.0922s ]
SQL: SELECT COUNT(id) AS tp_count FROM `ytt_temai_article` WHERE `behot_time` BETWEEN 1524758400 AND 1524844740 LIMIT 1   [ RunTime:0.0917s ]
SQL: SELECT * FROM `ytt_temai_article` WHERE `behot_time` BETWEEN 1524758400 AND 1524844740 ORDER BY behot_time desc LIMIT 0,20   [ RunTime:0.0894s ]
INFO: [ view_parse ] --START--
INFO: [ template_filter ] --START--
INFO: Run Behavior\ContentReplaceBehavior [ RunTime:0.000361s ]
INFO: [ template_filter ] --END-- [ RunTime:0.000504s ]
NOTIC: [8] Undefined variable: user D:\www\online_team\www.taodianke.com\Application\Runtime\Cache\Admin\b26b0dfab037b097ebda3979e3187e2a.php 第 52 行.
NOTIC: [8] Undefined variable: user D:\www\online_team\www.taodianke.com\Application\Runtime\Cache\Admin\b26b0dfab037b097ebda3979e3187e2a.php 第 53 行.
NOTIC: [8] Undefined index: son_menu D:\www\online_team\www.taodianke.com\Application\Runtime\Cache\Admin\b26b0dfab037b097ebda3979e3187e2a.php 第 87 行.
NOTIC: [8] Undefined index: son_menu D:\www\online_team\www.taodianke.com\Application\Runtime\Cache\Admin\b26b0dfab037b097ebda3979e3187e2a.php 第 87 行.
INFO: Run Behavior\ParseTemplateBehavior [ RunTime:0.043554s ]
INFO: [ view_parse ] --END-- [ RunTime:0.043643s ]
INFO: [ view_filter ] --START--
INFO: Run Behavior\WriteHtmlCacheBehavior [ RunTime:0.000970s ]
INFO: [ view_filter ] --END-- [ RunTime:0.001028s ]
INFO: [ app_end ] --START--
INFO: Run Behavior\ShowPageTraceBehavior [ RunTime:0.001311s ]
INFO: [ app_end ] --END-- [ RunTime:0.001385s ]

[ 2018-04-28T13:43:44+08:00 ] 127.0.0.1 /Admin/SaleArticle/index.html?title=&read_num=&time=2018-04-27+00%3A00+%7E+2018-04-27+23%3A59&sort=&media_id=
INFO: [ app_init ] --START--
INFO: Run Behavior\BuildLiteBehavior [ RunTime:0.000013s ]
INFO: [ app_init ] --END-- [ RunTime:0.000548s ]
INFO: [ app_begin ] --START--
INFO: Run Behavior\ReadHtmlCacheBehavior [ RunTime:0.001142s ]
INFO: [ app_begin ] --END-- [ RunTime:0.001209s ]
NOTIC: [2048] Declaration of Admin\Controller\CommonController::_arraySort() should be compatible with Common\Controller\CommonBaseController::_arraySort($arr, $keys, $type = 'asc') D:\www\online_team\www.taodianke.com\Application\Admin\Controller\CommonController.class.php 第 11 行.
SQL: SHOW COLUMNS FROM `ytt_temai_article` [ RunTime:0.3082s ]
SQL: SELECT COUNT(id) AS tp_count FROM `ytt_temai_article` WHERE `behot_time` BETWEEN 1524758400 AND 1524844740 LIMIT 1   [ RunTime:0.3075s ]
SQL: SELECT * FROM `ytt_temai_article` WHERE `behot_time` BETWEEN 1524758400 AND 1524844740 ORDER BY behot_time desc LIMIT 0,20   [ RunTime:0.3024s ]
INFO: [ view_parse ] --START--
INFO: [ template_filter ] --START--
INFO: Run Behavior\ContentReplaceBehavior [ RunTime:0.000222s ]
INFO: [ template_filter ] --END-- [ RunTime:0.000304s ]
NOTIC: [8] Undefined variable: user D:\www\online_team\www.taodianke.com\Application\Runtime\Cache\Admin\b26b0dfab037b097ebda3979e3187e2a.php 第 52 行.
NOTIC: [8] Undefined variable: user D:\www\online_team\www.taodianke.com\Application\Runtime\Cache\Admin\b26b0dfab037b097ebda3979e3187e2a.php 第 53 行.
NOTIC: [8] Undefined index: son_menu D:\www\online_team\www.taodianke.com\Application\Runtime\Cache\Admin\b26b0dfab037b097ebda3979e3187e2a.php 第 87 行.
NOTIC: [8] Undefined index: son_menu D:\www\online_team\www.taodianke.com\Application\Runtime\Cache\Admin\b26b0dfab037b097ebda3979e3187e2a.php 第 87 行.
INFO: Run Behavior\ParseTemplateBehavior [ RunTime:0.028339s ]
INFO: [ view_parse ] --END-- [ RunTime:0.028403s ]
INFO: [ view_filter ] --START--
INFO: Run Behavior\WriteHtmlCacheBehavior [ RunTime:0.000711s ]
INFO: [ view_filter ] --END-- [ RunTime:0.000750s ]
INFO: [ app_end ] --START--
INFO: Run Behavior\ShowPageTraceBehavior [ RunTime:0.000711s ]
INFO: [ app_end ] --END-- [ RunTime:0.000763s ]

[ 2018-04-28T13:43:52+08:00 ] 127.0.0.1 /Admin/SaleArticle/index.html?title=&read_num=&time=2018-04-27+00%3A00+%7E+2018-04-27+16%3A59&sort=&media_id=
INFO: [ app_init ] --START--
INFO: Run Behavior\BuildLiteBehavior [ RunTime:0.000013s ]
INFO: [ app_init ] --END-- [ RunTime:0.000641s ]
INFO: [ app_begin ] --START--
INFO: Run Behavior\ReadHtmlCacheBehavior [ RunTime:0.001107s ]
INFO: [ app_begin ] --END-- [ RunTime:0.001183s ]
NOTIC: [2048] Declaration of Admin\Controller\CommonController::_arraySort() should be compatible with Common\Controller\CommonBaseController::_arraySort($arr, $keys, $type = 'asc') D:\www\online_team\www.taodianke.com\Application\Admin\Controller\CommonController.class.php 第 11 行.
SQL: SHOW COLUMNS FROM `ytt_temai_article` [ RunTime:0.0877s ]
SQL: SELECT COUNT(id) AS tp_count FROM `ytt_temai_article` WHERE `behot_time` BETWEEN 1524758400 AND 1524819540 LIMIT 1   [ RunTime:0.0882s ]
SQL: SELECT * FROM `ytt_temai_article` WHERE `behot_time` BETWEEN 1524758400 AND 1524819540 ORDER BY behot_time desc LIMIT 0,20   [ RunTime:0.0881s ]
INFO: [ view_parse ] --START--
INFO: [ template_filter ] --START--
INFO: Run Behavior\ContentReplaceBehavior [ RunTime:0.000251s ]
INFO: [ template_filter ] --END-- [ RunTime:0.000349s ]
NOTIC: [8] Undefined variable: user D:\www\online_team\www.taodianke.com\Application\Runtime\Cache\Admin\b26b0dfab037b097ebda3979e3187e2a.php 第 52 行.
NOTIC: [8] Undefined variable: user D:\www\online_team\www.taodianke.com\Application\Runtime\Cache\Admin\b26b0dfab037b097ebda3979e3187e2a.php 第 53 行.
NOTIC: [8] Undefined index: son_menu D:\www\online_team\www.taodianke.com\Application\Runtime\Cache\Admin\b26b0dfab037b097ebda3979e3187e2a.php 第 87 行.
NOTIC: [8] Undefined index: son_menu D:\www\online_team\www.taodianke.com\Application\Runtime\Cache\Admin\b26b0dfab037b097ebda3979e3187e2a.php 第 87 行.
INFO: Run Behavior\ParseTemplateBehavior [ RunTime:0.057372s ]
INFO: [ view_parse ] --END-- [ RunTime:0.057515s ]
INFO: [ view_filter ] --START--
INFO: Run Behavior\WriteHtmlCacheBehavior [ RunTime:0.001275s ]
INFO: [ view_filter ] --END-- [ RunTime:0.001387s ]
INFO: [ app_end ] --START--
INFO: Run Behavior\ShowPageTraceBehavior [ RunTime:0.001419s ]
INFO: [ app_end ] --END-- [ RunTime:0.001514s ]

