[ 2018-04-19T15:43:01+08:00 ] 127.0.0.1 /Admin
INFO: [ app_init ] --START--
INFO: Run Behavior\BuildLiteBehavior [ RunTime:0.000023s ]
INFO: [ app_init ] --END-- [ RunTime:0.001451s ]
SQL: SHOW COLUMNS FROM `ytt_config` [ RunTime:0.0866s ]
SQL: SELECT `content` FROM `ytt_config` WHERE `id` = 1 LIMIT 1   [ RunTime:0.0866s ]
INFO: [ app_begin ] --START--
INFO: Run Behavior\ReadHtmlCacheBehavior [ RunTime:0.001866s ]
INFO: [ app_begin ] --END-- [ RunTime:0.001940s ]
NOTIC: [2048] Declaration of Admin\Controller\CommonController::_arraySort() should be compatible with Common\Controller\CommonBaseController::_arraySort($arr, $keys, $type = 'asc') D:\www\online_team\www.taodianke.com\Application\Admin\Controller\CommonController.class.php 第 11 行.

[ 2018-04-19T15:43:01+08:00 ] 127.0.0.1 /Admin/Public/index.html
INFO: [ app_init ] --START--
INFO: Run Behavior\BuildLiteBehavior [ RunTime:0.000018s ]
INFO: [ app_init ] --END-- [ RunTime:0.000995s ]
INFO: [ app_begin ] --START--
INFO: Run Behavior\ReadHtmlCacheBehavior [ RunTime:0.000964s ]
INFO: [ app_begin ] --END-- [ RunTime:0.001015s ]
NOTIC: [2048] Declaration of Admin\Controller\CommonController::_arraySort() should be compatible with Common\Controller\CommonBaseController::_arraySort($arr, $keys, $type = 'asc') D:\www\online_team\www.taodianke.com\Application\Admin\Controller\CommonController.class.php 第 11 行.
NOTIC: [2048] Declaration of Admin\Controller\PublicController::logout() should be compatible with Admin\Controller\CommonController::logOut($result) D:\www\online_team\www.taodianke.com\Application\Admin\Controller\PublicController.class.php 第 8 行.
NOTIC: [8] Undefined index:  D:\www\online_team\www.taodianke.com\Application\Admin\Controller\CommonController.class.php 第 38 行.

[ 2018-04-19T15:43:01+08:00 ] 127.0.0.1 /Admin/Public/login.html
INFO: [ app_init ] --START--
INFO: Run Behavior\BuildLiteBehavior [ RunTime:0.000011s ]
INFO: [ app_init ] --END-- [ RunTime:0.000580s ]
INFO: [ app_begin ] --START--
INFO: Run Behavior\ReadHtmlCacheBehavior [ RunTime:0.000894s ]
INFO: [ app_begin ] --END-- [ RunTime:0.000944s ]
NOTIC: [2048] Declaration of Admin\Controller\CommonController::_arraySort() should be compatible with Common\Controller\CommonBaseController::_arraySort($arr, $keys, $type = 'asc') D:\www\online_team\www.taodianke.com\Application\Admin\Controller\CommonController.class.php 第 11 行.
NOTIC: [2048] Declaration of Admin\Controller\PublicController::logout() should be compatible with Admin\Controller\CommonController::logOut($result) D:\www\online_team\www.taodianke.com\Application\Admin\Controller\PublicController.class.php 第 8 行.
NOTIC: [8] Undefined index:  D:\www\online_team\www.taodianke.com\Application\Admin\Controller\CommonController.class.php 第 38 行.
INFO: [ view_parse ] --START--
INFO: [ template_filter ] --START--
INFO: Run Behavior\ContentReplaceBehavior [ RunTime:0.000092s ]
INFO: [ template_filter ] --END-- [ RunTime:0.000160s ]
NOTIC: [8] Undefined variable: error D:\www\online_team\www.taodianke.com\Application\Runtime\Cache\Admin\f49cdd4d12a292a7a26acfc7109ea2ab.php 第 44 行.
NOTIC: [8] Undefined variable: success D:\www\online_team\www.taodianke.com\Application\Runtime\Cache\Admin\f49cdd4d12a292a7a26acfc7109ea2ab.php 第 48 行.
INFO: Run Behavior\ParseTemplateBehavior [ RunTime:0.016981s ]
INFO: [ view_parse ] --END-- [ RunTime:0.017023s ]
INFO: [ view_filter ] --START--
INFO: Run Behavior\WriteHtmlCacheBehavior [ RunTime:0.001396s ]
INFO: [ view_filter ] --END-- [ RunTime:0.001430s ]
INFO: [ app_end ] --START--
INFO: Run Behavior\ShowPageTraceBehavior [ RunTime:0.001508s ]
INFO: [ app_end ] --END-- [ RunTime:0.001557s ]

[ 2018-04-19T15:43:11+08:00 ] 127.0.0.1 /Admin/TopLineArticle/updateDayArticle
INFO: [ app_init ] --START--
INFO: Run Behavior\BuildLiteBehavior [ RunTime:0.000023s ]
INFO: [ app_init ] --END-- [ RunTime:0.001400s ]
INFO: [ app_begin ] --START--
INFO: Run Behavior\ReadHtmlCacheBehavior [ RunTime:0.002093s ]
INFO: [ app_begin ] --END-- [ RunTime:0.002190s ]
NOTIC: [2048] Declaration of Admin\Controller\CommonController::_arraySort() should be compatible with Common\Controller\CommonBaseController::_arraySort($arr, $keys, $type = 'asc') D:\www\online_team\www.taodianke.com\Application\Admin\Controller\CommonController.class.php 第 11 行.
NOTIC: [8] Undefined index:  D:\www\online_team\www.taodianke.com\Application\Admin\Controller\CommonController.class.php 第 38 行.

[ 2018-04-19T15:43:14+08:00 ] 127.0.0.1 /Admin/TopLineArticle/updateDayArticle
INFO: [ app_init ] --START--
INFO: Run Behavior\BuildLiteBehavior [ RunTime:0.000016s ]
INFO: [ app_init ] --END-- [ RunTime:0.000787s ]
INFO: [ app_begin ] --START--
INFO: Run Behavior\ReadHtmlCacheBehavior [ RunTime:0.000894s ]
INFO: [ app_begin ] --END-- [ RunTime:0.000943s ]
NOTIC: [2048] Declaration of Admin\Controller\CommonController::_arraySort() should be compatible with Common\Controller\CommonBaseController::_arraySort($arr, $keys, $type = 'asc') D:\www\online_team\www.taodianke.com\Application\Admin\Controller\CommonController.class.php 第 11 行.
NOTIC: [8] Undefined index:  D:\www\online_team\www.taodianke.com\Application\Admin\Controller\CommonController.class.php 第 38 行.

[ 2018-04-19T15:43:58+08:00 ] 127.0.0.1 /Admin/TopLineArticle/updateDayArticle
INFO: [ app_init ] --START--
INFO: Run Behavior\BuildLiteBehavior [ RunTime:0.000013s ]
INFO: [ app_init ] --END-- [ RunTime:0.000571s ]
INFO: [ app_begin ] --START--
INFO: Run Behavior\ReadHtmlCacheBehavior [ RunTime:0.001099s ]
INFO: [ app_begin ] --END-- [ RunTime:0.001153s ]
NOTIC: [2048] Declaration of Admin\Controller\CommonController::_arraySort() should be compatible with Common\Controller\CommonBaseController::_arraySort($arr, $keys, $type = 'asc') D:\www\online_team\www.taodianke.com\Application\Admin\Controller\CommonController.class.php 第 11 行.
NOTIC: [8] Undefined index:  D:\www\online_team\www.taodianke.com\Application\Admin\Controller\CommonController.class.php 第 38 行.

[ 2018-04-19T15:43:59+08:00 ] 127.0.0.1 /Admin/TopLineArticle/updateDayArticle
INFO: [ app_init ] --START--
INFO: Run Behavior\BuildLiteBehavior [ RunTime:0.000013s ]
INFO: [ app_init ] --END-- [ RunTime:0.000591s ]
INFO: [ app_begin ] --START--
INFO: Run Behavior\ReadHtmlCacheBehavior [ RunTime:0.000923s ]
INFO: [ app_begin ] --END-- [ RunTime:0.000976s ]
NOTIC: [2048] Declaration of Admin\Controller\CommonController::_arraySort() should be compatible with Common\Controller\CommonBaseController::_arraySort($arr, $keys, $type = 'asc') D:\www\online_team\www.taodianke.com\Application\Admin\Controller\CommonController.class.php 第 11 行.
NOTIC: [8] Undefined index:  D:\www\online_team\www.taodianke.com\Application\Admin\Controller\CommonController.class.php 第 38 行.

[ 2018-04-19T15:44:00+08:00 ] 127.0.0.1 /Admin/TopLineArticle/updateDayArticle
INFO: [ app_init ] --START--
INFO: Run Behavior\BuildLiteBehavior [ RunTime:0.000013s ]
INFO: [ app_init ] --END-- [ RunTime:0.000649s ]
INFO: [ app_begin ] --START--
INFO: Run Behavior\ReadHtmlCacheBehavior [ RunTime:0.000987s ]
INFO: [ app_begin ] --END-- [ RunTime:0.001051s ]
NOTIC: [2048] Declaration of Admin\Controller\CommonController::_arraySort() should be compatible with Common\Controller\CommonBaseController::_arraySort($arr, $keys, $type = 'asc') D:\www\online_team\www.taodianke.com\Application\Admin\Controller\CommonController.class.php 第 11 行.
NOTIC: [8] Undefined index:  D:\www\online_team\www.taodianke.com\Application\Admin\Controller\CommonController.class.php 第 38 行.

[ 2018-04-19T15:44:39+08:00 ] 127.0.0.1 /Admin/TopLineArticle/updateDayArticle/media_id/5500950648
INFO: [ app_init ] --START--
INFO: Run Behavior\BuildLiteBehavior [ RunTime:0.000014s ]
INFO: [ app_init ] --END-- [ RunTime:0.000701s ]
INFO: [ app_begin ] --START--
INFO: Run Behavior\ReadHtmlCacheBehavior [ RunTime:0.000903s ]
INFO: [ app_begin ] --END-- [ RunTime:0.000957s ]
NOTIC: [2048] Declaration of Admin\Controller\CommonController::_arraySort() should be compatible with Common\Controller\CommonBaseController::_arraySort($arr, $keys, $type = 'asc') D:\www\online_team\www.taodianke.com\Application\Admin\Controller\CommonController.class.php 第 11 行.
NOTIC: [8] Undefined index:  D:\www\online_team\www.taodianke.com\Application\Admin\Controller\CommonController.class.php 第 38 行.

[ 2018-04-19T15:44:59+08:00 ] 127.0.0.1 /Admin/TopLineArticle/updateDayArticle/media_id/5500950648
INFO: [ app_init ] --START--
INFO: Run Behavior\BuildLiteBehavior [ RunTime:0.000013s ]
INFO: [ app_init ] --END-- [ RunTime:0.000570s ]
INFO: [ app_begin ] --START--
INFO: Run Behavior\ReadHtmlCacheBehavior [ RunTime:0.000978s ]
INFO: [ app_begin ] --END-- [ RunTime:0.001035s ]
NOTIC: [2048] Declaration of Admin\Controller\CommonController::_arraySort() should be compatible with Common\Controller\CommonBaseController::_arraySort($arr, $keys, $type = 'asc') D:\www\online_team\www.taodianke.com\Application\Admin\Controller\CommonController.class.php 第 11 行.
NOTIC: [8] Undefined index:  D:\www\online_team\www.taodianke.com\Application\Admin\Controller\CommonController.class.php 第 38 行.

[ 2018-04-19T15:45:00+08:00 ] 127.0.0.1 /Admin/TopLineArticle/updateDayArticle/media_id/5500950648
INFO: [ app_init ] --START--
INFO: Run Behavior\BuildLiteBehavior [ RunTime:0.000020s ]
INFO: [ app_init ] --END-- [ RunTime:0.000658s ]
INFO: [ app_begin ] --START--
INFO: Run Behavior\ReadHtmlCacheBehavior [ RunTime:0.001193s ]
INFO: [ app_begin ] --END-- [ RunTime:0.001247s ]
NOTIC: [2048] Declaration of Admin\Controller\CommonController::_arraySort() should be compatible with Common\Controller\CommonBaseController::_arraySort($arr, $keys, $type = 'asc') D:\www\online_team\www.taodianke.com\Application\Admin\Controller\CommonController.class.php 第 11 行.
NOTIC: [8] Undefined index:  D:\www\online_team\www.taodianke.com\Application\Admin\Controller\CommonController.class.php 第 38 行.

[ 2018-04-19T15:45:14+08:00 ] 127.0.0.1 /Admin/TopLineArticle/updateDayArticle/media_id/5500950648
INFO: [ app_init ] --START--
INFO: Run Behavior\BuildLiteBehavior [ RunTime:0.000016s ]
INFO: [ app_init ] --END-- [ RunTime:0.000727s ]
INFO: [ app_begin ] --START--
INFO: Run Behavior\ReadHtmlCacheBehavior [ RunTime:0.000911s ]
INFO: [ app_begin ] --END-- [ RunTime:0.000964s ]
NOTIC: [2048] Declaration of Admin\Controller\CommonController::_arraySort() should be compatible with Common\Controller\CommonBaseController::_arraySort($arr, $keys, $type = 'asc') D:\www\online_team\www.taodianke.com\Application\Admin\Controller\CommonController.class.php 第 11 行.
NOTIC: [8] Undefined index:  D:\www\online_team\www.taodianke.com\Application\Admin\Controller\CommonController.class.php 第 38 行.

[ 2018-04-19T15:45:15+08:00 ] 127.0.0.1 /Admin/TopLineArticle/updateDayArticle/media_id/5500950648
INFO: [ app_init ] --START--
INFO: Run Behavior\BuildLiteBehavior [ RunTime:0.000013s ]
INFO: [ app_init ] --END-- [ RunTime:0.000565s ]
INFO: [ app_begin ] --START--
INFO: Run Behavior\ReadHtmlCacheBehavior [ RunTime:0.000890s ]
INFO: [ app_begin ] --END-- [ RunTime:0.000941s ]
NOTIC: [2048] Declaration of Admin\Controller\CommonController::_arraySort() should be compatible with Common\Controller\CommonBaseController::_arraySort($arr, $keys, $type = 'asc') D:\www\online_team\www.taodianke.com\Application\Admin\Controller\CommonController.class.php 第 11 行.
NOTIC: [8] Undefined index:  D:\www\online_team\www.taodianke.com\Application\Admin\Controller\CommonController.class.php 第 38 行.

[ 2018-04-19T15:46:18+08:00 ] 127.0.0.1 /Admin/TopLineArticle/updateDayArticle/media_id/5500950648
INFO: [ app_init ] --START--
INFO: Run Behavior\BuildLiteBehavior [ RunTime:0.000012s ]
INFO: [ app_init ] --END-- [ RunTime:0.000557s ]
INFO: [ app_begin ] --START--
INFO: Run Behavior\ReadHtmlCacheBehavior [ RunTime:0.001073s ]
INFO: [ app_begin ] --END-- [ RunTime:0.001143s ]
NOTIC: [2048] Declaration of Admin\Controller\CommonController::_arraySort() should be compatible with Common\Controller\CommonBaseController::_arraySort($arr, $keys, $type = 'asc') D:\www\online_team\www.taodianke.com\Application\Admin\Controller\CommonController.class.php 第 11 行.
NOTIC: [8] Undefined index:  D:\www\online_team\www.taodianke.com\Application\Admin\Controller\CommonController.class.php 第 38 行.

[ 2018-04-19T15:46:19+08:00 ] 127.0.0.1 /Admin/TopLineArticle/updateDayArticle/media_id/5500950648
INFO: [ app_init ] --START--
INFO: Run Behavior\BuildLiteBehavior [ RunTime:0.000013s ]
INFO: [ app_init ] --END-- [ RunTime:0.000612s ]
INFO: [ app_begin ] --START--
INFO: Run Behavior\ReadHtmlCacheBehavior [ RunTime:0.000886s ]
INFO: [ app_begin ] --END-- [ RunTime:0.000930s ]
NOTIC: [2048] Declaration of Admin\Controller\CommonController::_arraySort() should be compatible with Common\Controller\CommonBaseController::_arraySort($arr, $keys, $type = 'asc') D:\www\online_team\www.taodianke.com\Application\Admin\Controller\CommonController.class.php 第 11 行.
NOTIC: [8] Undefined index:  D:\www\online_team\www.taodianke.com\Application\Admin\Controller\CommonController.class.php 第 38 行.

[ 2018-04-19T15:46:19+08:00 ] 127.0.0.1 /Admin/TopLineArticle/updateDayArticle/media_id/5500950648
INFO: [ app_init ] --START--
INFO: Run Behavior\BuildLiteBehavior [ RunTime:0.000012s ]
INFO: [ app_init ] --END-- [ RunTime:0.000584s ]
INFO: [ app_begin ] --START--
INFO: Run Behavior\ReadHtmlCacheBehavior [ RunTime:0.000942s ]
INFO: [ app_begin ] --END-- [ RunTime:0.000996s ]
NOTIC: [2048] Declaration of Admin\Controller\CommonController::_arraySort() should be compatible with Common\Controller\CommonBaseController::_arraySort($arr, $keys, $type = 'asc') D:\www\online_team\www.taodianke.com\Application\Admin\Controller\CommonController.class.php 第 11 行.
NOTIC: [8] Undefined index:  D:\www\online_team\www.taodianke.com\Application\Admin\Controller\CommonController.class.php 第 38 行.

[ 2018-04-19T15:46:19+08:00 ] 127.0.0.1 /Admin/TopLineArticle/updateDayArticle/media_id/5500950648
INFO: [ app_init ] --START--
INFO: Run Behavior\BuildLiteBehavior [ RunTime:0.000021s ]
INFO: [ app_init ] --END-- [ RunTime:0.000877s ]
INFO: [ app_begin ] --START--
INFO: Run Behavior\ReadHtmlCacheBehavior [ RunTime:0.000936s ]
INFO: [ app_begin ] --END-- [ RunTime:0.000992s ]
NOTIC: [2048] Declaration of Admin\Controller\CommonController::_arraySort() should be compatible with Common\Controller\CommonBaseController::_arraySort($arr, $keys, $type = 'asc') D:\www\online_team\www.taodianke.com\Application\Admin\Controller\CommonController.class.php 第 11 行.
NOTIC: [8] Undefined index:  D:\www\online_team\www.taodianke.com\Application\Admin\Controller\CommonController.class.php 第 38 行.

[ 2018-04-19T15:46:20+08:00 ] 127.0.0.1 /Admin/TopLineArticle/updateDayArticle/media_id/5500950648
INFO: [ app_init ] --START--
INFO: Run Behavior\BuildLiteBehavior [ RunTime:0.000016s ]
INFO: [ app_init ] --END-- [ RunTime:0.000838s ]
INFO: [ app_begin ] --START--
INFO: Run Behavior\ReadHtmlCacheBehavior [ RunTime:0.000962s ]
INFO: [ app_begin ] --END-- [ RunTime:0.001014s ]
NOTIC: [2048] Declaration of Admin\Controller\CommonController::_arraySort() should be compatible with Common\Controller\CommonBaseController::_arraySort($arr, $keys, $type = 'asc') D:\www\online_team\www.taodianke.com\Application\Admin\Controller\CommonController.class.php 第 11 行.
NOTIC: [8] Undefined index:  D:\www\online_team\www.taodianke.com\Application\Admin\Controller\CommonController.class.php 第 38 行.

[ 2018-04-19T15:46:45+08:00 ] 127.0.0.1 /Admin/TopLineArticle/updateDayArticle/media_id/5500950648
INFO: [ app_init ] --START--
INFO: Run Behavior\BuildLiteBehavior [ RunTime:0.000012s ]
INFO: [ app_init ] --END-- [ RunTime:0.000564s ]
INFO: [ app_begin ] --START--
INFO: Run Behavior\ReadHtmlCacheBehavior [ RunTime:0.001456s ]
INFO: [ app_begin ] --END-- [ RunTime:0.001526s ]
NOTIC: [2048] Declaration of Admin\Controller\CommonController::_arraySort() should be compatible with Common\Controller\CommonBaseController::_arraySort($arr, $keys, $type = 'asc') D:\www\online_team\www.taodianke.com\Application\Admin\Controller\CommonController.class.php 第 11 行.
NOTIC: [8] Undefined index:  D:\www\online_team\www.taodianke.com\Application\Admin\Controller\CommonController.class.php 第 38 行.

[ 2018-04-19T15:46:46+08:00 ] 127.0.0.1 /Admin/TopLineArticle/updateDayArticle/media_id/5500950648
INFO: [ app_init ] --START--
INFO: Run Behavior\BuildLiteBehavior [ RunTime:0.000020s ]
INFO: [ app_init ] --END-- [ RunTime:0.000787s ]
INFO: [ app_begin ] --START--
INFO: Run Behavior\ReadHtmlCacheBehavior [ RunTime:0.000983s ]
INFO: [ app_begin ] --END-- [ RunTime:0.001036s ]
NOTIC: [2048] Declaration of Admin\Controller\CommonController::_arraySort() should be compatible with Common\Controller\CommonBaseController::_arraySort($arr, $keys, $type = 'asc') D:\www\online_team\www.taodianke.com\Application\Admin\Controller\CommonController.class.php 第 11 行.
NOTIC: [8] Undefined index:  D:\www\online_team\www.taodianke.com\Application\Admin\Controller\CommonController.class.php 第 38 行.

[ 2018-04-19T15:46:47+08:00 ] 127.0.0.1 /Admin/TopLineArticle/updateDayArticle/media_id/5500950648
INFO: [ app_init ] --START--
INFO: Run Behavior\BuildLiteBehavior [ RunTime:0.000013s ]
INFO: [ app_init ] --END-- [ RunTime:0.000655s ]
INFO: [ app_begin ] --START--
INFO: Run Behavior\ReadHtmlCacheBehavior [ RunTime:0.000969s ]
INFO: [ app_begin ] --END-- [ RunTime:0.001022s ]
NOTIC: [2048] Declaration of Admin\Controller\CommonController::_arraySort() should be compatible with Common\Controller\CommonBaseController::_arraySort($arr, $keys, $type = 'asc') D:\www\online_team\www.taodianke.com\Application\Admin\Controller\CommonController.class.php 第 11 行.
NOTIC: [8] Undefined index:  D:\www\online_team\www.taodianke.com\Application\Admin\Controller\CommonController.class.php 第 38 行.

[ 2018-04-19T15:47:40+08:00 ] 127.0.0.1 /Admin/TopLineArticle/updateDayArticle/media_id/5500950648
INFO: [ app_init ] --START--
INFO: Run Behavior\BuildLiteBehavior [ RunTime:0.000013s ]
INFO: [ app_init ] --END-- [ RunTime:0.000571s ]
INFO: [ app_begin ] --START--
INFO: Run Behavior\ReadHtmlCacheBehavior [ RunTime:0.000878s ]
INFO: [ app_begin ] --END-- [ RunTime:0.000925s ]
NOTIC: [2048] Declaration of Admin\Controller\CommonController::_arraySort() should be compatible with Common\Controller\CommonBaseController::_arraySort($arr, $keys, $type = 'asc') D:\www\online_team\www.taodianke.com\Application\Admin\Controller\CommonController.class.php 第 11 行.
NOTIC: [8] Undefined index:  D:\www\online_team\www.taodianke.com\Application\Admin\Controller\CommonController.class.php 第 38 行.

[ 2018-04-19T15:47:54+08:00 ] 127.0.0.1 /Admin/TopLineArticle/updateDayArticle/media_id/5500950648
INFO: [ app_init ] --START--
INFO: Run Behavior\BuildLiteBehavior [ RunTime:0.000013s ]
INFO: [ app_init ] --END-- [ RunTime:0.000589s ]
INFO: [ app_begin ] --START--
INFO: Run Behavior\ReadHtmlCacheBehavior [ RunTime:0.000936s ]
INFO: [ app_begin ] --END-- [ RunTime:0.000996s ]
NOTIC: [2048] Declaration of Admin\Controller\CommonController::_arraySort() should be compatible with Common\Controller\CommonBaseController::_arraySort($arr, $keys, $type = 'asc') D:\www\online_team\www.taodianke.com\Application\Admin\Controller\CommonController.class.php 第 11 行.
NOTIC: [8] Undefined index:  D:\www\online_team\www.taodianke.com\Application\Admin\Controller\CommonController.class.php 第 38 行.

[ 2018-04-19T15:47:55+08:00 ] 127.0.0.1 /Admin/TopLineArticle/updateDayArticle/media_id/5500950648
INFO: [ app_init ] --START--
INFO: Run Behavior\BuildLiteBehavior [ RunTime:0.000013s ]
INFO: [ app_init ] --END-- [ RunTime:0.000666s ]
INFO: [ app_begin ] --START--
INFO: Run Behavior\ReadHtmlCacheBehavior [ RunTime:0.000904s ]
INFO: [ app_begin ] --END-- [ RunTime:0.000954s ]
NOTIC: [2048] Declaration of Admin\Controller\CommonController::_arraySort() should be compatible with Common\Controller\CommonBaseController::_arraySort($arr, $keys, $type = 'asc') D:\www\online_team\www.taodianke.com\Application\Admin\Controller\CommonController.class.php 第 11 行.
NOTIC: [8] Undefined index:  D:\www\online_team\www.taodianke.com\Application\Admin\Controller\CommonController.class.php 第 38 行.

[ 2018-04-19T15:48:04+08:00 ] 127.0.0.1 /Admin/TopLineArticle/updateDayArticle/media_id/5500950648
INFO: [ app_init ] --START--
INFO: Run Behavior\BuildLiteBehavior [ RunTime:0.000013s ]
INFO: [ app_init ] --END-- [ RunTime:0.000573s ]
INFO: [ app_begin ] --START--
INFO: Run Behavior\ReadHtmlCacheBehavior [ RunTime:0.000887s ]
INFO: [ app_begin ] --END-- [ RunTime:0.000942s ]
NOTIC: [2048] Declaration of Admin\Controller\CommonController::_arraySort() should be compatible with Common\Controller\CommonBaseController::_arraySort($arr, $keys, $type = 'asc') D:\www\online_team\www.taodianke.com\Application\Admin\Controller\CommonController.class.php 第 11 行.
NOTIC: [8] Undefined index:  D:\www\online_team\www.taodianke.com\Application\Admin\Controller\CommonController.class.php 第 38 行.

[ 2018-04-19T15:48:06+08:00 ] 127.0.0.1 /Admin/TopLineArticle/updateDayArticle/media_id/5500950648
INFO: [ app_init ] --START--
INFO: Run Behavior\BuildLiteBehavior [ RunTime:0.000012s ]
INFO: [ app_init ] --END-- [ RunTime:0.000596s ]
INFO: [ app_begin ] --START--
INFO: Run Behavior\ReadHtmlCacheBehavior [ RunTime:0.000916s ]
INFO: [ app_begin ] --END-- [ RunTime:0.000968s ]
NOTIC: [2048] Declaration of Admin\Controller\CommonController::_arraySort() should be compatible with Common\Controller\CommonBaseController::_arraySort($arr, $keys, $type = 'asc') D:\www\online_team\www.taodianke.com\Application\Admin\Controller\CommonController.class.php 第 11 行.
NOTIC: [8] Undefined index:  D:\www\online_team\www.taodianke.com\Application\Admin\Controller\CommonController.class.php 第 38 行.

[ 2018-04-19T15:48:28+08:00 ] 127.0.0.1 /Admin/TopLineArticle/updateDayArticle/media_id/5500950648
INFO: [ app_init ] --START--
INFO: Run Behavior\BuildLiteBehavior [ RunTime:0.000015s ]
INFO: [ app_init ] --END-- [ RunTime:0.000769s ]
INFO: [ app_begin ] --START--
INFO: Run Behavior\ReadHtmlCacheBehavior [ RunTime:0.000880s ]
INFO: [ app_begin ] --END-- [ RunTime:0.000931s ]
NOTIC: [2048] Declaration of Admin\Controller\CommonController::_arraySort() should be compatible with Common\Controller\CommonBaseController::_arraySort($arr, $keys, $type = 'asc') D:\www\online_team\www.taodianke.com\Application\Admin\Controller\CommonController.class.php 第 11 行.
NOTIC: [8] Undefined index:  D:\www\online_team\www.taodianke.com\Application\Admin\Controller\CommonController.class.php 第 38 行.

[ 2018-04-19T15:48:29+08:00 ] 127.0.0.1 /Admin/TopLineArticle/updateDayArticle/media_id/5500950648
INFO: [ app_init ] --START--
INFO: Run Behavior\BuildLiteBehavior [ RunTime:0.000018s ]
INFO: [ app_init ] --END-- [ RunTime:0.001086s ]
INFO: [ app_begin ] --START--
INFO: Run Behavior\ReadHtmlCacheBehavior [ RunTime:0.003038s ]
INFO: [ app_begin ] --END-- [ RunTime:0.003118s ]
NOTIC: [2048] Declaration of Admin\Controller\CommonController::_arraySort() should be compatible with Common\Controller\CommonBaseController::_arraySort($arr, $keys, $type = 'asc') D:\www\online_team\www.taodianke.com\Application\Admin\Controller\CommonController.class.php 第 11 行.
NOTIC: [8] Undefined index:  D:\www\online_team\www.taodianke.com\Application\Admin\Controller\CommonController.class.php 第 38 行.

[ 2018-04-19T15:48:35+08:00 ] 127.0.0.1 /Admin/TopLineArticle/updateDayArticle/media_id/5500950648
INFO: [ app_init ] --START--
INFO: Run Behavior\BuildLiteBehavior [ RunTime:0.000013s ]
INFO: [ app_init ] --END-- [ RunTime:0.000607s ]
INFO: [ app_begin ] --START--
INFO: Run Behavior\ReadHtmlCacheBehavior [ RunTime:0.000989s ]
INFO: [ app_begin ] --END-- [ RunTime:0.001045s ]
NOTIC: [2048] Declaration of Admin\Controller\CommonController::_arraySort() should be compatible with Common\Controller\CommonBaseController::_arraySort($arr, $keys, $type = 'asc') D:\www\online_team\www.taodianke.com\Application\Admin\Controller\CommonController.class.php 第 11 行.
NOTIC: [8] Undefined index:  D:\www\online_team\www.taodianke.com\Application\Admin\Controller\CommonController.class.php 第 38 行.

[ 2018-04-19T15:49:03+08:00 ] 127.0.0.1 /Admin/TopLineArticle/updateDayArticle/media_id/5500950648
INFO: [ app_init ] --START--
INFO: Run Behavior\BuildLiteBehavior [ RunTime:0.000015s ]
INFO: [ app_init ] --END-- [ RunTime:0.000707s ]
INFO: [ app_begin ] --START--
INFO: Run Behavior\ReadHtmlCacheBehavior [ RunTime:0.000913s ]
INFO: [ app_begin ] --END-- [ RunTime:0.000963s ]
NOTIC: [2048] Declaration of Admin\Controller\CommonController::_arraySort() should be compatible with Common\Controller\CommonBaseController::_arraySort($arr, $keys, $type = 'asc') D:\www\online_team\www.taodianke.com\Application\Admin\Controller\CommonController.class.php 第 11 行.
NOTIC: [8] Undefined index:  D:\www\online_team\www.taodianke.com\Application\Admin\Controller\CommonController.class.php 第 38 行.

[ 2018-04-19T15:49:04+08:00 ] 127.0.0.1 /Admin/TopLineArticle/updateDayArticle/media_id/5500950648
INFO: [ app_init ] --START--
INFO: Run Behavior\BuildLiteBehavior [ RunTime:0.000012s ]
INFO: [ app_init ] --END-- [ RunTime:0.000580s ]
INFO: [ app_begin ] --START--
INFO: Run Behavior\ReadHtmlCacheBehavior [ RunTime:0.000910s ]
INFO: [ app_begin ] --END-- [ RunTime:0.000972s ]
NOTIC: [2048] Declaration of Admin\Controller\CommonController::_arraySort() should be compatible with Common\Controller\CommonBaseController::_arraySort($arr, $keys, $type = 'asc') D:\www\online_team\www.taodianke.com\Application\Admin\Controller\CommonController.class.php 第 11 行.
NOTIC: [8] Undefined index:  D:\www\online_team\www.taodianke.com\Application\Admin\Controller\CommonController.class.php 第 38 行.

[ 2018-04-19T15:49:35+08:00 ] 127.0.0.1 /Admin/TopLineArticle/updateDayArticle/media_id/5500950648
INFO: [ app_init ] --START--
INFO: Run Behavior\BuildLiteBehavior [ RunTime:0.000013s ]
INFO: [ app_init ] --END-- [ RunTime:0.000596s ]
INFO: [ app_begin ] --START--
INFO: Run Behavior\ReadHtmlCacheBehavior [ RunTime:0.000915s ]
INFO: [ app_begin ] --END-- [ RunTime:0.000966s ]
NOTIC: [2048] Declaration of Admin\Controller\CommonController::_arraySort() should be compatible with Common\Controller\CommonBaseController::_arraySort($arr, $keys, $type = 'asc') D:\www\online_team\www.taodianke.com\Application\Admin\Controller\CommonController.class.php 第 11 行.
NOTIC: [8] Undefined index:  D:\www\online_team\www.taodianke.com\Application\Admin\Controller\CommonController.class.php 第 38 行.

[ 2018-04-19T15:49:36+08:00 ] 127.0.0.1 /Admin/TopLineArticle/updateDayArticle/media_id/5500950648
INFO: [ app_init ] --START--
INFO: Run Behavior\BuildLiteBehavior [ RunTime:0.000012s ]
INFO: [ app_init ] --END-- [ RunTime:0.000606s ]
INFO: [ app_begin ] --START--
INFO: Run Behavior\ReadHtmlCacheBehavior [ RunTime:0.001050s ]
INFO: [ app_begin ] --END-- [ RunTime:0.001120s ]
NOTIC: [2048] Declaration of Admin\Controller\CommonController::_arraySort() should be compatible with Common\Controller\CommonBaseController::_arraySort($arr, $keys, $type = 'asc') D:\www\online_team\www.taodianke.com\Application\Admin\Controller\CommonController.class.php 第 11 行.
NOTIC: [8] Undefined index:  D:\www\online_team\www.taodianke.com\Application\Admin\Controller\CommonController.class.php 第 38 行.

[ 2018-04-19T15:49:37+08:00 ] 127.0.0.1 /Admin/TopLineArticle/updateDayArticle/media_id/5500950648
INFO: [ app_init ] --START--
INFO: Run Behavior\BuildLiteBehavior [ RunTime:0.000021s ]
INFO: [ app_init ] --END-- [ RunTime:0.001238s ]
INFO: [ app_begin ] --START--
INFO: Run Behavior\ReadHtmlCacheBehavior [ RunTime:0.001525s ]
INFO: [ app_begin ] --END-- [ RunTime:0.001604s ]
NOTIC: [2048] Declaration of Admin\Controller\CommonController::_arraySort() should be compatible with Common\Controller\CommonBaseController::_arraySort($arr, $keys, $type = 'asc') D:\www\online_team\www.taodianke.com\Application\Admin\Controller\CommonController.class.php 第 11 行.
NOTIC: [8] Undefined index:  D:\www\online_team\www.taodianke.com\Application\Admin\Controller\CommonController.class.php 第 38 行.

[ 2018-04-19T15:49:37+08:00 ] 127.0.0.1 /Admin/TopLineArticle/updateDayArticle/media_id/5500950648
INFO: [ app_init ] --START--
INFO: Run Behavior\BuildLiteBehavior [ RunTime:0.000013s ]
INFO: [ app_init ] --END-- [ RunTime:0.000700s ]
INFO: [ app_begin ] --START--
INFO: Run Behavior\ReadHtmlCacheBehavior [ RunTime:0.001176s ]
INFO: [ app_begin ] --END-- [ RunTime:0.001242s ]
NOTIC: [2048] Declaration of Admin\Controller\CommonController::_arraySort() should be compatible with Common\Controller\CommonBaseController::_arraySort($arr, $keys, $type = 'asc') D:\www\online_team\www.taodianke.com\Application\Admin\Controller\CommonController.class.php 第 11 行.
NOTIC: [8] Undefined index:  D:\www\online_team\www.taodianke.com\Application\Admin\Controller\CommonController.class.php 第 38 行.

[ 2018-04-19T15:49:38+08:00 ] 127.0.0.1 /Admin/TopLineArticle/updateDayArticle/media_id/5500950648
INFO: [ app_init ] --START--
INFO: Run Behavior\BuildLiteBehavior [ RunTime:0.000016s ]
INFO: [ app_init ] --END-- [ RunTime:0.000679s ]
INFO: [ app_begin ] --START--
INFO: Run Behavior\ReadHtmlCacheBehavior [ RunTime:0.000937s ]
INFO: [ app_begin ] --END-- [ RunTime:0.001005s ]
NOTIC: [2048] Declaration of Admin\Controller\CommonController::_arraySort() should be compatible with Common\Controller\CommonBaseController::_arraySort($arr, $keys, $type = 'asc') D:\www\online_team\www.taodianke.com\Application\Admin\Controller\CommonController.class.php 第 11 行.
NOTIC: [8] Undefined index:  D:\www\online_team\www.taodianke.com\Application\Admin\Controller\CommonController.class.php 第 38 行.

[ 2018-04-19T15:49:54+08:00 ] 127.0.0.1 /Admin/TopLineArticle/updateDayArticle/media_id/5500950648
INFO: [ app_init ] --START--
INFO: Run Behavior\BuildLiteBehavior [ RunTime:0.000014s ]
INFO: [ app_init ] --END-- [ RunTime:0.000625s ]
INFO: [ app_begin ] --START--
INFO: Run Behavior\ReadHtmlCacheBehavior [ RunTime:0.000955s ]
INFO: [ app_begin ] --END-- [ RunTime:0.001010s ]
NOTIC: [2048] Declaration of Admin\Controller\CommonController::_arraySort() should be compatible with Common\Controller\CommonBaseController::_arraySort($arr, $keys, $type = 'asc') D:\www\online_team\www.taodianke.com\Application\Admin\Controller\CommonController.class.php 第 11 行.
NOTIC: [8] Undefined index:  D:\www\online_team\www.taodianke.com\Application\Admin\Controller\CommonController.class.php 第 38 行.

[ 2018-04-19T15:49:55+08:00 ] 127.0.0.1 /Admin/TopLineArticle/updateDayArticle/media_id/5500950648
INFO: [ app_init ] --START--
INFO: Run Behavior\BuildLiteBehavior [ RunTime:0.000012s ]
INFO: [ app_init ] --END-- [ RunTime:0.000643s ]
INFO: [ app_begin ] --START--
INFO: Run Behavior\ReadHtmlCacheBehavior [ RunTime:0.000904s ]
INFO: [ app_begin ] --END-- [ RunTime:0.000955s ]
NOTIC: [2048] Declaration of Admin\Controller\CommonController::_arraySort() should be compatible with Common\Controller\CommonBaseController::_arraySort($arr, $keys, $type = 'asc') D:\www\online_team\www.taodianke.com\Application\Admin\Controller\CommonController.class.php 第 11 行.
NOTIC: [8] Undefined index:  D:\www\online_team\www.taodianke.com\Application\Admin\Controller\CommonController.class.php 第 38 行.

[ 2018-04-19T15:53:23+08:00 ] 127.0.0.1 /Admin/TopLineArticle/addArticle/media_id/5500950648
INFO: [ app_init ] --START--
INFO: Run Behavior\BuildLiteBehavior [ RunTime:0.000013s ]
INFO: [ app_init ] --END-- [ RunTime:0.000656s ]
INFO: [ app_begin ] --START--
INFO: Run Behavior\ReadHtmlCacheBehavior [ RunTime:0.001079s ]
INFO: [ app_begin ] --END-- [ RunTime:0.001146s ]
NOTIC: [2048] Declaration of Admin\Controller\CommonController::_arraySort() should be compatible with Common\Controller\CommonBaseController::_arraySort($arr, $keys, $type = 'asc') D:\www\online_team\www.taodianke.com\Application\Admin\Controller\CommonController.class.php 第 11 行.
NOTIC: [8] Undefined index:  D:\www\online_team\www.taodianke.com\Application\Admin\Controller\CommonController.class.php 第 38 行.

[ 2018-04-19T15:53:25+08:00 ] 127.0.0.1 /Admin/TopLineArticle/addArticle/media_id/5500950648
INFO: [ app_init ] --START--
INFO: Run Behavior\BuildLiteBehavior [ RunTime:0.000013s ]
INFO: [ app_init ] --END-- [ RunTime:0.000614s ]
INFO: [ app_begin ] --START--
INFO: Run Behavior\ReadHtmlCacheBehavior [ RunTime:0.000945s ]
INFO: [ app_begin ] --END-- [ RunTime:0.001001s ]
NOTIC: [2048] Declaration of Admin\Controller\CommonController::_arraySort() should be compatible with Common\Controller\CommonBaseController::_arraySort($arr, $keys, $type = 'asc') D:\www\online_team\www.taodianke.com\Application\Admin\Controller\CommonController.class.php 第 11 行.
NOTIC: [8] Undefined index:  D:\www\online_team\www.taodianke.com\Application\Admin\Controller\CommonController.class.php 第 38 行.

[ 2018-04-19T15:53:26+08:00 ] 127.0.0.1 /Admin/TopLineArticle/addArticle/media_id/5500950648
INFO: [ app_init ] --START--
INFO: Run Behavior\BuildLiteBehavior [ RunTime:0.000015s ]
INFO: [ app_init ] --END-- [ RunTime:0.000733s ]
INFO: [ app_begin ] --START--
INFO: Run Behavior\ReadHtmlCacheBehavior [ RunTime:0.001040s ]
INFO: [ app_begin ] --END-- [ RunTime:0.001106s ]
NOTIC: [2048] Declaration of Admin\Controller\CommonController::_arraySort() should be compatible with Common\Controller\CommonBaseController::_arraySort($arr, $keys, $type = 'asc') D:\www\online_team\www.taodianke.com\Application\Admin\Controller\CommonController.class.php 第 11 行.
NOTIC: [8] Undefined index:  D:\www\online_team\www.taodianke.com\Application\Admin\Controller\CommonController.class.php 第 38 行.

[ 2018-04-19T15:53:27+08:00 ] 127.0.0.1 /Admin/TopLineArticle/addArticle/media_id/5500950648
INFO: [ app_init ] --START--
INFO: Run Behavior\BuildLiteBehavior [ RunTime:0.000021s ]
INFO: [ app_init ] --END-- [ RunTime:0.000944s ]
INFO: [ app_begin ] --START--
INFO: Run Behavior\ReadHtmlCacheBehavior [ RunTime:0.000946s ]
INFO: [ app_begin ] --END-- [ RunTime:0.000998s ]
NOTIC: [2048] Declaration of Admin\Controller\CommonController::_arraySort() should be compatible with Common\Controller\CommonBaseController::_arraySort($arr, $keys, $type = 'asc') D:\www\online_team\www.taodianke.com\Application\Admin\Controller\CommonController.class.php 第 11 行.
NOTIC: [8] Undefined index:  D:\www\online_team\www.taodianke.com\Application\Admin\Controller\CommonController.class.php 第 38 行.

[ 2018-04-19T15:53:28+08:00 ] 127.0.0.1 /Admin/TopLineArticle/addArticle/media_id/5500950648
INFO: [ app_init ] --START--
INFO: Run Behavior\BuildLiteBehavior [ RunTime:0.000024s ]
INFO: [ app_init ] --END-- [ RunTime:0.000966s ]
INFO: [ app_begin ] --START--
INFO: Run Behavior\ReadHtmlCacheBehavior [ RunTime:0.001241s ]
INFO: [ app_begin ] --END-- [ RunTime:0.001297s ]
NOTIC: [2048] Declaration of Admin\Controller\CommonController::_arraySort() should be compatible with Common\Controller\CommonBaseController::_arraySort($arr, $keys, $type = 'asc') D:\www\online_team\www.taodianke.com\Application\Admin\Controller\CommonController.class.php 第 11 行.
NOTIC: [8] Undefined index:  D:\www\online_team\www.taodianke.com\Application\Admin\Controller\CommonController.class.php 第 38 行.

[ 2018-04-19T15:53:56+08:00 ] 127.0.0.1 /Admin/TopLineArticle/addArticle/media_id/5500950648
INFO: [ app_init ] --START--
INFO: Run Behavior\BuildLiteBehavior [ RunTime:0.000023s ]
INFO: [ app_init ] --END-- [ RunTime:0.000905s ]
INFO: [ app_begin ] --START--
INFO: Run Behavior\ReadHtmlCacheBehavior [ RunTime:0.000946s ]
INFO: [ app_begin ] --END-- [ RunTime:0.000992s ]
NOTIC: [2048] Declaration of Admin\Controller\CommonController::_arraySort() should be compatible with Common\Controller\CommonBaseController::_arraySort($arr, $keys, $type = 'asc') D:\www\online_team\www.taodianke.com\Application\Admin\Controller\CommonController.class.php 第 11 行.
NOTIC: [8] Undefined index:  D:\www\online_team\www.taodianke.com\Application\Admin\Controller\CommonController.class.php 第 38 行.

[ 2018-04-19T15:54:12+08:00 ] 127.0.0.1 /Admin/TopLineArticle/addArticle/media_id/5500950648
INFO: [ app_init ] --START--
INFO: Run Behavior\BuildLiteBehavior [ RunTime:0.000013s ]
INFO: [ app_init ] --END-- [ RunTime:0.000584s ]
INFO: [ app_begin ] --START--
INFO: Run Behavior\ReadHtmlCacheBehavior [ RunTime:0.001153s ]
INFO: [ app_begin ] --END-- [ RunTime:0.001221s ]
NOTIC: [2048] Declaration of Admin\Controller\CommonController::_arraySort() should be compatible with Common\Controller\CommonBaseController::_arraySort($arr, $keys, $type = 'asc') D:\www\online_team\www.taodianke.com\Application\Admin\Controller\CommonController.class.php 第 11 行.
NOTIC: [8] Undefined index:  D:\www\online_team\www.taodianke.com\Application\Admin\Controller\CommonController.class.php 第 38 行.

[ 2018-04-19T15:54:13+08:00 ] 127.0.0.1 /Admin/TopLineArticle/addArticle/media_id/5500950648
INFO: [ app_init ] --START--
INFO: Run Behavior\BuildLiteBehavior [ RunTime:0.000019s ]
INFO: [ app_init ] --END-- [ RunTime:0.000786s ]
INFO: [ app_begin ] --START--
INFO: Run Behavior\ReadHtmlCacheBehavior [ RunTime:0.001001s ]
INFO: [ app_begin ] --END-- [ RunTime:0.001060s ]
NOTIC: [2048] Declaration of Admin\Controller\CommonController::_arraySort() should be compatible with Common\Controller\CommonBaseController::_arraySort($arr, $keys, $type = 'asc') D:\www\online_team\www.taodianke.com\Application\Admin\Controller\CommonController.class.php 第 11 行.
NOTIC: [8] Undefined index:  D:\www\online_team\www.taodianke.com\Application\Admin\Controller\CommonController.class.php 第 38 行.

[ 2018-04-19T15:54:14+08:00 ] 127.0.0.1 /Admin/TopLineArticle/addArticle/media_id/5500950648
INFO: [ app_init ] --START--
INFO: Run Behavior\BuildLiteBehavior [ RunTime:0.000013s ]
INFO: [ app_init ] --END-- [ RunTime:0.000634s ]
INFO: [ app_begin ] --START--
INFO: Run Behavior\ReadHtmlCacheBehavior [ RunTime:0.000982s ]
INFO: [ app_begin ] --END-- [ RunTime:0.001051s ]
NOTIC: [2048] Declaration of Admin\Controller\CommonController::_arraySort() should be compatible with Common\Controller\CommonBaseController::_arraySort($arr, $keys, $type = 'asc') D:\www\online_team\www.taodianke.com\Application\Admin\Controller\CommonController.class.php 第 11 行.
NOTIC: [8] Undefined index:  D:\www\online_team\www.taodianke.com\Application\Admin\Controller\CommonController.class.php 第 38 行.

[ 2018-04-19T15:54:15+08:00 ] 127.0.0.1 /Admin/TopLineArticle/addArticle/media_id/5500950648
INFO: [ app_init ] --START--
INFO: Run Behavior\BuildLiteBehavior [ RunTime:0.000016s ]
INFO: [ app_init ] --END-- [ RunTime:0.000843s ]
INFO: [ app_begin ] --START--
INFO: Run Behavior\ReadHtmlCacheBehavior [ RunTime:0.000953s ]
INFO: [ app_begin ] --END-- [ RunTime:0.001006s ]
NOTIC: [2048] Declaration of Admin\Controller\CommonController::_arraySort() should be compatible with Common\Controller\CommonBaseController::_arraySort($arr, $keys, $type = 'asc') D:\www\online_team\www.taodianke.com\Application\Admin\Controller\CommonController.class.php 第 11 行.
NOTIC: [8] Undefined index:  D:\www\online_team\www.taodianke.com\Application\Admin\Controller\CommonController.class.php 第 38 行.

[ 2018-04-19T15:54:16+08:00 ] 127.0.0.1 /Admin/TopLineArticle/addArticle/media_id/5500950648
INFO: [ app_init ] --START--
INFO: Run Behavior\BuildLiteBehavior [ RunTime:0.000015s ]
INFO: [ app_init ] --END-- [ RunTime:0.000739s ]
INFO: [ app_begin ] --START--
INFO: Run Behavior\ReadHtmlCacheBehavior [ RunTime:0.001175s ]
INFO: [ app_begin ] --END-- [ RunTime:0.001252s ]
NOTIC: [2048] Declaration of Admin\Controller\CommonController::_arraySort() should be compatible with Common\Controller\CommonBaseController::_arraySort($arr, $keys, $type = 'asc') D:\www\online_team\www.taodianke.com\Application\Admin\Controller\CommonController.class.php 第 11 行.
NOTIC: [8] Undefined index:  D:\www\online_team\www.taodianke.com\Application\Admin\Controller\CommonController.class.php 第 38 行.

[ 2018-04-19T15:54:16+08:00 ] 127.0.0.1 /Admin/TopLineArticle/addArticle/media_id/5500950648
INFO: [ app_init ] --START--
INFO: Run Behavior\BuildLiteBehavior [ RunTime:0.000013s ]
INFO: [ app_init ] --END-- [ RunTime:0.000690s ]
INFO: [ app_begin ] --START--
INFO: Run Behavior\ReadHtmlCacheBehavior [ RunTime:0.001055s ]
INFO: [ app_begin ] --END-- [ RunTime:0.001113s ]
NOTIC: [2048] Declaration of Admin\Controller\CommonController::_arraySort() should be compatible with Common\Controller\CommonBaseController::_arraySort($arr, $keys, $type = 'asc') D:\www\online_team\www.taodianke.com\Application\Admin\Controller\CommonController.class.php 第 11 行.
NOTIC: [8] Undefined index:  D:\www\online_team\www.taodianke.com\Application\Admin\Controller\CommonController.class.php 第 38 行.

[ 2018-04-19T15:54:17+08:00 ] 127.0.0.1 /Admin/TopLineArticle/addArticle/media_id/5500950648
INFO: [ app_init ] --START--
INFO: Run Behavior\BuildLiteBehavior [ RunTime:0.000021s ]
INFO: [ app_init ] --END-- [ RunTime:0.000850s ]
INFO: [ app_begin ] --START--
INFO: Run Behavior\ReadHtmlCacheBehavior [ RunTime:0.001036s ]
INFO: [ app_begin ] --END-- [ RunTime:0.001104s ]
NOTIC: [2048] Declaration of Admin\Controller\CommonController::_arraySort() should be compatible with Common\Controller\CommonBaseController::_arraySort($arr, $keys, $type = 'asc') D:\www\online_team\www.taodianke.com\Application\Admin\Controller\CommonController.class.php 第 11 行.
NOTIC: [8] Undefined index:  D:\www\online_team\www.taodianke.com\Application\Admin\Controller\CommonController.class.php 第 38 行.

[ 2018-04-19T15:54:18+08:00 ] 127.0.0.1 /Admin/TopLineArticle/addArticle/media_id/5500950648
INFO: [ app_init ] --START--
INFO: Run Behavior\BuildLiteBehavior [ RunTime:0.000014s ]
INFO: [ app_init ] --END-- [ RunTime:0.000633s ]
INFO: [ app_begin ] --START--
INFO: Run Behavior\ReadHtmlCacheBehavior [ RunTime:0.001268s ]
INFO: [ app_begin ] --END-- [ RunTime:0.001340s ]
NOTIC: [2048] Declaration of Admin\Controller\CommonController::_arraySort() should be compatible with Common\Controller\CommonBaseController::_arraySort($arr, $keys, $type = 'asc') D:\www\online_team\www.taodianke.com\Application\Admin\Controller\CommonController.class.php 第 11 行.
NOTIC: [8] Undefined index:  D:\www\online_team\www.taodianke.com\Application\Admin\Controller\CommonController.class.php 第 38 行.

