[ 2018-05-03T10:43:20+08:00 ] 127.0.0.1 /Admin
INFO: [ app_init ] --START--
INFO: Run Behavior\BuildLiteBehavior [ RunTime:0.000014s ]
INFO: [ app_init ] --END-- [ RunTime:0.002843s ]
INFO: [ app_begin ] --START--
INFO: Run Behavior\ReadHtmlCacheBehavior [ RunTime:0.001742s ]
INFO: [ app_begin ] --END-- [ RunTime:0.001840s ]
NOTIC: [2048] Declaration of Admin\Controller\CommonController::_arraySort() should be compatible with Common\Controller\CommonBaseController::_arraySort($arr, $keys, $type = 'asc') D:\www\online_team\www.taodianke.com\Application\Admin\Controller\CommonController.class.php 第 11 行.

[ 2018-05-03T10:43:20+08:00 ] 127.0.0.1 /Admin/Public/index.html
INFO: [ app_init ] --START--
INFO: Run Behavior\BuildLiteBehavior [ RunTime:0.000020s ]
INFO: [ app_init ] --END-- [ RunTime:0.000752s ]
INFO: [ app_begin ] --START--
INFO: Run Behavior\ReadHtmlCacheBehavior [ RunTime:0.000866s ]
INFO: [ app_begin ] --END-- [ RunTime:0.000936s ]
NOTIC: [2048] Declaration of Admin\Controller\CommonController::_arraySort() should be compatible with Common\Controller\CommonBaseController::_arraySort($arr, $keys, $type = 'asc') D:\www\online_team\www.taodianke.com\Application\Admin\Controller\CommonController.class.php 第 11 行.
NOTIC: [2048] Declaration of Admin\Controller\PublicController::logout() should be compatible with Admin\Controller\CommonController::logOut($result) D:\www\online_team\www.taodianke.com\Application\Admin\Controller\PublicController.class.php 第 8 行.
NOTIC: [8] Undefined index:  D:\www\online_team\www.taodianke.com\Application\Admin\Controller\CommonController.class.php 第 38 行.

[ 2018-05-03T10:43:20+08:00 ] 127.0.0.1 /Admin/Public/login.html
INFO: [ app_init ] --START--
INFO: Run Behavior\BuildLiteBehavior [ RunTime:0.000013s ]
INFO: [ app_init ] --END-- [ RunTime:0.000513s ]
INFO: [ app_begin ] --START--
INFO: Run Behavior\ReadHtmlCacheBehavior [ RunTime:0.000682s ]
INFO: [ app_begin ] --END-- [ RunTime:0.000745s ]
NOTIC: [2048] Declaration of Admin\Controller\CommonController::_arraySort() should be compatible with Common\Controller\CommonBaseController::_arraySort($arr, $keys, $type = 'asc') D:\www\online_team\www.taodianke.com\Application\Admin\Controller\CommonController.class.php 第 11 行.
NOTIC: [2048] Declaration of Admin\Controller\PublicController::logout() should be compatible with Admin\Controller\CommonController::logOut($result) D:\www\online_team\www.taodianke.com\Application\Admin\Controller\PublicController.class.php 第 8 行.
NOTIC: [8] Undefined index:  D:\www\online_team\www.taodianke.com\Application\Admin\Controller\CommonController.class.php 第 38 行.
INFO: [ view_parse ] --START--
INFO: [ template_filter ] --START--
INFO: Run Behavior\ContentReplaceBehavior [ RunTime:0.002180s ]
INFO: [ template_filter ] --END-- [ RunTime:0.002276s ]
NOTIC: [8] Undefined variable: error D:\www\online_team\www.taodianke.com\Application\Runtime\Cache\Admin\f49cdd4d12a292a7a26acfc7109ea2ab.php 第 44 行.
NOTIC: [8] Undefined variable: success D:\www\online_team\www.taodianke.com\Application\Runtime\Cache\Admin\f49cdd4d12a292a7a26acfc7109ea2ab.php 第 48 行.
INFO: Run Behavior\ParseTemplateBehavior [ RunTime:0.037031s ]
INFO: [ view_parse ] --END-- [ RunTime:0.037111s ]
INFO: [ view_filter ] --START--
INFO: Run Behavior\WriteHtmlCacheBehavior [ RunTime:0.001513s ]
INFO: [ view_filter ] --END-- [ RunTime:0.001585s ]
INFO: [ app_end ] --START--
INFO: Run Behavior\ShowPageTraceBehavior [ RunTime:0.001542s ]
INFO: [ app_end ] --END-- [ RunTime:0.001610s ]

[ 2018-05-03T10:43:24+08:00 ] 127.0.0.1 /Admin/Public/login.html
INFO: [ app_init ] --START--
INFO: Run Behavior\BuildLiteBehavior [ RunTime:0.000014s ]
INFO: [ app_init ] --END-- [ RunTime:0.000643s ]
INFO: [ app_begin ] --START--
INFO: Run Behavior\ReadHtmlCacheBehavior [ RunTime:0.001038s ]
INFO: [ app_begin ] --END-- [ RunTime:0.001136s ]
NOTIC: [2048] Declaration of Admin\Controller\CommonController::_arraySort() should be compatible with Common\Controller\CommonBaseController::_arraySort($arr, $keys, $type = 'asc') D:\www\online_team\www.taodianke.com\Application\Admin\Controller\CommonController.class.php 第 11 行.
NOTIC: [2048] Declaration of Admin\Controller\PublicController::logout() should be compatible with Admin\Controller\CommonController::logOut($result) D:\www\online_team\www.taodianke.com\Application\Admin\Controller\PublicController.class.php 第 8 行.
NOTIC: [8] Undefined index:  D:\www\online_team\www.taodianke.com\Application\Admin\Controller\CommonController.class.php 第 38 行.
NOTIC: [2] file_put_contents(/tmp/temai.log): failed to open stream: No such file or directory D:\www\online_team\www.taodianke.com\Application\Admin\Controller\PublicController.class.php 第 34 行.
SQL: SHOW COLUMNS FROM `ytt_tmuser` [ RunTime:0.0980s ]
SQL: SELECT `id`,`name`,`pid`,`sale_account_ids`,`top_line_account_ids`,`group_id` FROM `ytt_tmuser` WHERE `name` = 'daipingshan' AND `password` = 'a0df1932fb37930fb0ca5d9b82e7f58b' LIMIT 1   [ RunTime:0.0909s ]

[ 2018-05-03T10:43:25+08:00 ] 127.0.0.1 /Admin/Index/index.html
INFO: [ app_init ] --START--
INFO: Run Behavior\BuildLiteBehavior [ RunTime:0.000014s ]
INFO: [ app_init ] --END-- [ RunTime:0.000537s ]
INFO: [ app_begin ] --START--
INFO: Run Behavior\ReadHtmlCacheBehavior [ RunTime:0.001064s ]
INFO: [ app_begin ] --END-- [ RunTime:0.001144s ]
NOTIC: [2048] Declaration of Admin\Controller\CommonController::_arraySort() should be compatible with Common\Controller\CommonBaseController::_arraySort($arr, $keys, $type = 'asc') D:\www\online_team\www.taodianke.com\Application\Admin\Controller\CommonController.class.php 第 11 行.
SQL: SHOW COLUMNS FROM `ytt_illegal_article` [ RunTime:0.1038s ]
SQL: SELECT COUNT(*) AS tp_count FROM `ytt_illegal_article` LIMIT 1   [ RunTime:0.0963s ]
SQL: SELECT * FROM `ytt_illegal_article` ORDER BY id desc LIMIT 0,50   [ RunTime:0.1437s ]
INFO: [ view_parse ] --START--
INFO: [ template_filter ] --START--
INFO: Run Behavior\ContentReplaceBehavior [ RunTime:0.000175s ]
INFO: [ template_filter ] --END-- [ RunTime:0.000255s ]
NOTIC: [8] Undefined variable: user D:\www\online_team\www.taodianke.com\Application\Runtime\Cache\Admin\09262a5e25a9c944119ad09ddf7fbe92.php 第 52 行.
NOTIC: [8] Undefined variable: user D:\www\online_team\www.taodianke.com\Application\Runtime\Cache\Admin\09262a5e25a9c944119ad09ddf7fbe92.php 第 53 行.
NOTIC: [8] Undefined index: son_menu D:\www\online_team\www.taodianke.com\Application\Runtime\Cache\Admin\09262a5e25a9c944119ad09ddf7fbe92.php 第 87 行.
NOTIC: [8] Undefined index: son_menu D:\www\online_team\www.taodianke.com\Application\Runtime\Cache\Admin\09262a5e25a9c944119ad09ddf7fbe92.php 第 87 行.
INFO: Run Behavior\ParseTemplateBehavior [ RunTime:0.033040s ]
INFO: [ view_parse ] --END-- [ RunTime:0.033116s ]
INFO: [ view_filter ] --START--
INFO: Run Behavior\WriteHtmlCacheBehavior [ RunTime:0.001062s ]
INFO: [ view_filter ] --END-- [ RunTime:0.001134s ]
INFO: [ app_end ] --START--
INFO: Run Behavior\ShowPageTraceBehavior [ RunTime:0.001867s ]
INFO: [ app_end ] --END-- [ RunTime:0.001967s ]

[ 2018-05-03T10:43:27+08:00 ] 127.0.0.1 /Admin/Public/logout.html
INFO: [ app_init ] --START--
INFO: Run Behavior\BuildLiteBehavior [ RunTime:0.000013s ]
INFO: [ app_init ] --END-- [ RunTime:0.000590s ]
INFO: [ app_begin ] --START--
INFO: Run Behavior\ReadHtmlCacheBehavior [ RunTime:0.000783s ]
INFO: [ app_begin ] --END-- [ RunTime:0.000844s ]
NOTIC: [2048] Declaration of Admin\Controller\CommonController::_arraySort() should be compatible with Common\Controller\CommonBaseController::_arraySort($arr, $keys, $type = 'asc') D:\www\online_team\www.taodianke.com\Application\Admin\Controller\CommonController.class.php 第 11 行.
NOTIC: [2048] Declaration of Admin\Controller\PublicController::logout() should be compatible with Admin\Controller\CommonController::logOut($result) D:\www\online_team\www.taodianke.com\Application\Admin\Controller\PublicController.class.php 第 8 行.
NOTIC: [8] Undefined index:  D:\www\online_team\www.taodianke.com\Application\Admin\Controller\CommonController.class.php 第 38 行.

[ 2018-05-03T10:43:27+08:00 ] 127.0.0.1 /Admin/Public/login.html
INFO: [ app_init ] --START--
INFO: Run Behavior\BuildLiteBehavior [ RunTime:0.000013s ]
INFO: [ app_init ] --END-- [ RunTime:0.000589s ]
INFO: [ app_begin ] --START--
INFO: Run Behavior\ReadHtmlCacheBehavior [ RunTime:0.000769s ]
INFO: [ app_begin ] --END-- [ RunTime:0.000836s ]
NOTIC: [2048] Declaration of Admin\Controller\CommonController::_arraySort() should be compatible with Common\Controller\CommonBaseController::_arraySort($arr, $keys, $type = 'asc') D:\www\online_team\www.taodianke.com\Application\Admin\Controller\CommonController.class.php 第 11 行.
NOTIC: [2048] Declaration of Admin\Controller\PublicController::logout() should be compatible with Admin\Controller\CommonController::logOut($result) D:\www\online_team\www.taodianke.com\Application\Admin\Controller\PublicController.class.php 第 8 行.
NOTIC: [8] Undefined index:  D:\www\online_team\www.taodianke.com\Application\Admin\Controller\CommonController.class.php 第 38 行.
INFO: [ view_parse ] --START--
INFO: [ template_filter ] --START--
INFO: Run Behavior\ContentReplaceBehavior [ RunTime:0.000072s ]
INFO: [ template_filter ] --END-- [ RunTime:0.000115s ]
NOTIC: [8] Undefined variable: error D:\www\online_team\www.taodianke.com\Application\Runtime\Cache\Admin\f49cdd4d12a292a7a26acfc7109ea2ab.php 第 44 行.
NOTIC: [8] Undefined variable: success D:\www\online_team\www.taodianke.com\Application\Runtime\Cache\Admin\f49cdd4d12a292a7a26acfc7109ea2ab.php 第 48 行.
INFO: Run Behavior\ParseTemplateBehavior [ RunTime:0.006764s ]
INFO: [ view_parse ] --END-- [ RunTime:0.006804s ]
INFO: [ view_filter ] --START--
INFO: Run Behavior\WriteHtmlCacheBehavior [ RunTime:0.000478s ]
INFO: [ view_filter ] --END-- [ RunTime:0.000556s ]
INFO: [ app_end ] --START--
INFO: Run Behavior\ShowPageTraceBehavior [ RunTime:0.000945s ]
INFO: [ app_end ] --END-- [ RunTime:0.000991s ]

[ 2018-05-03T10:43:44+08:00 ] 127.0.0.1 /Admin/Public/login.html
INFO: [ app_init ] --START--
INFO: Run Behavior\BuildLiteBehavior [ RunTime:0.000014s ]
INFO: [ app_init ] --END-- [ RunTime:0.000658s ]
INFO: [ app_begin ] --START--
INFO: Run Behavior\ReadHtmlCacheBehavior [ RunTime:0.000581s ]
INFO: [ app_begin ] --END-- [ RunTime:0.000634s ]
NOTIC: [2048] Declaration of Admin\Controller\CommonController::_arraySort() should be compatible with Common\Controller\CommonBaseController::_arraySort($arr, $keys, $type = 'asc') D:\www\online_team\www.taodianke.com\Application\Admin\Controller\CommonController.class.php 第 11 行.
NOTIC: [2048] Declaration of Admin\Controller\PublicController::logout() should be compatible with Admin\Controller\CommonController::logOut($result) D:\www\online_team\www.taodianke.com\Application\Admin\Controller\PublicController.class.php 第 8 行.
NOTIC: [8] Undefined index:  D:\www\online_team\www.taodianke.com\Application\Admin\Controller\CommonController.class.php 第 38 行.
SQL: SHOW COLUMNS FROM `ytt_tmuser` [ RunTime:0.0861s ]
SQL: SELECT `id`,`name`,`pid`,`sale_account_ids`,`top_line_account_ids`,`group_id` FROM `ytt_tmuser` WHERE `name` = 'admin' AND `password` = '863e4dd674868800c791c85391240439' LIMIT 1   [ RunTime:0.0855s ]

[ 2018-05-03T10:43:44+08:00 ] 127.0.0.1 /Admin/Index/index.html
INFO: [ app_init ] --START--
INFO: Run Behavior\BuildLiteBehavior [ RunTime:0.000014s ]
INFO: [ app_init ] --END-- [ RunTime:0.000619s ]
INFO: [ app_begin ] --START--
INFO: Run Behavior\ReadHtmlCacheBehavior [ RunTime:0.000725s ]
INFO: [ app_begin ] --END-- [ RunTime:0.000778s ]
NOTIC: [2048] Declaration of Admin\Controller\CommonController::_arraySort() should be compatible with Common\Controller\CommonBaseController::_arraySort($arr, $keys, $type = 'asc') D:\www\online_team\www.taodianke.com\Application\Admin\Controller\CommonController.class.php 第 11 行.
SQL: SHOW COLUMNS FROM `ytt_illegal_article` [ RunTime:0.0905s ]
SQL: SELECT COUNT(*) AS tp_count FROM `ytt_illegal_article` LIMIT 1   [ RunTime:0.0897s ]
SQL: SELECT * FROM `ytt_illegal_article` ORDER BY id desc LIMIT 0,50   [ RunTime:0.0920s ]
INFO: [ view_parse ] --START--
INFO: [ template_filter ] --START--
INFO: Run Behavior\ContentReplaceBehavior [ RunTime:0.000121s ]
INFO: [ template_filter ] --END-- [ RunTime:0.000180s ]
NOTIC: [8] Undefined variable: user D:\www\online_team\www.taodianke.com\Application\Runtime\Cache\Admin\09262a5e25a9c944119ad09ddf7fbe92.php 第 52 行.
NOTIC: [8] Undefined variable: user D:\www\online_team\www.taodianke.com\Application\Runtime\Cache\Admin\09262a5e25a9c944119ad09ddf7fbe92.php 第 53 行.
NOTIC: [8] Undefined index: son_menu D:\www\online_team\www.taodianke.com\Application\Runtime\Cache\Admin\09262a5e25a9c944119ad09ddf7fbe92.php 第 87 行.
NOTIC: [8] Undefined index: son_menu D:\www\online_team\www.taodianke.com\Application\Runtime\Cache\Admin\09262a5e25a9c944119ad09ddf7fbe92.php 第 87 行.
INFO: Run Behavior\ParseTemplateBehavior [ RunTime:0.031507s ]
INFO: [ view_parse ] --END-- [ RunTime:0.031656s ]
INFO: [ view_filter ] --START--
INFO: Run Behavior\WriteHtmlCacheBehavior [ RunTime:0.000801s ]
INFO: [ view_filter ] --END-- [ RunTime:0.000859s ]
INFO: [ app_end ] --START--
INFO: Run Behavior\ShowPageTraceBehavior [ RunTime:0.001040s ]
INFO: [ app_end ] --END-- [ RunTime:0.001091s ]

[ 2018-05-03T10:44:23+08:00 ] 127.0.0.1 /Admin/Index/addIllegalArticle.html
INFO: [ app_init ] --START--
INFO: Run Behavior\BuildLiteBehavior [ RunTime:0.000014s ]
INFO: [ app_init ] --END-- [ RunTime:0.000654s ]
INFO: [ app_begin ] --START--
INFO: Run Behavior\ReadHtmlCacheBehavior [ RunTime:0.000914s ]
INFO: [ app_begin ] --END-- [ RunTime:0.000990s ]
NOTIC: [2048] Declaration of Admin\Controller\CommonController::_arraySort() should be compatible with Common\Controller\CommonBaseController::_arraySort($arr, $keys, $type = 'asc') D:\www\online_team\www.taodianke.com\Application\Admin\Controller\CommonController.class.php 第 11 行.
NOTIC: [8] Undefined variable: options D:\www\online_team\www.taodianke.com\Application\Common\Org\PHPExcel\Settings.php 第 384 行.
NOTIC: [8] Undefined variable: options D:\www\online_team\www.taodianke.com\Application\Common\Org\PHPExcel\Settings.php 第 384 行.
NOTIC: [8] Undefined variable: options D:\www\online_team\www.taodianke.com\Application\Common\Org\PHPExcel\Settings.php 第 384 行.
NOTIC: [8] Undefined variable: options D:\www\online_team\www.taodianke.com\Application\Common\Org\PHPExcel\Settings.php 第 384 行.
NOTIC: [8] Undefined variable: options D:\www\online_team\www.taodianke.com\Application\Common\Org\PHPExcel\Settings.php 第 384 行.
NOTIC: [8] Undefined variable: options D:\www\online_team\www.taodianke.com\Application\Common\Org\PHPExcel\Settings.php 第 384 行.
NOTIC: [8] Undefined variable: options D:\www\online_team\www.taodianke.com\Application\Common\Org\PHPExcel\Settings.php 第 384 行.
NOTIC: [8] Undefined variable: options D:\www\online_team\www.taodianke.com\Application\Common\Org\PHPExcel\Settings.php 第 384 行.
NOTIC: [8] Undefined variable: options D:\www\online_team\www.taodianke.com\Application\Common\Org\PHPExcel\Settings.php 第 384 行.
NOTIC: [8] Undefined variable: options D:\www\online_team\www.taodianke.com\Application\Common\Org\PHPExcel\Settings.php 第 384 行.
NOTIC: [8] Undefined variable: options D:\www\online_team\www.taodianke.com\Application\Common\Org\PHPExcel\Settings.php 第 384 行.
NOTIC: [8] Undefined variable: options D:\www\online_team\www.taodianke.com\Application\Common\Org\PHPExcel\Settings.php 第 384 行.
NOTIC: [8] Undefined variable: options D:\www\online_team\www.taodianke.com\Application\Common\Org\PHPExcel\Settings.php 第 384 行.
NOTIC: [8] Undefined variable: options D:\www\online_team\www.taodianke.com\Application\Common\Org\PHPExcel\Settings.php 第 384 行.

[ 2018-05-03T10:45:02+08:00 ] 127.0.0.1 /Admin/Index/addIllegalArticle.html
INFO: [ app_init ] --START--
INFO: Run Behavior\BuildLiteBehavior [ RunTime:0.000014s ]
INFO: [ app_init ] --END-- [ RunTime:0.001047s ]
INFO: [ app_begin ] --START--
INFO: Run Behavior\ReadHtmlCacheBehavior [ RunTime:0.002582s ]
INFO: [ app_begin ] --END-- [ RunTime:0.002655s ]
NOTIC: [2048] Declaration of Admin\Controller\CommonController::_arraySort() should be compatible with Common\Controller\CommonBaseController::_arraySort($arr, $keys, $type = 'asc') D:\www\online_team\www.taodianke.com\Application\Admin\Controller\CommonController.class.php 第 11 行.
NOTIC: [8] Undefined variable: options D:\www\online_team\www.taodianke.com\Application\Common\Org\PHPExcel\Settings.php 第 384 行.
NOTIC: [8] Undefined variable: options D:\www\online_team\www.taodianke.com\Application\Common\Org\PHPExcel\Settings.php 第 384 行.
NOTIC: [8] Undefined variable: options D:\www\online_team\www.taodianke.com\Application\Common\Org\PHPExcel\Settings.php 第 384 行.
NOTIC: [8] Undefined variable: options D:\www\online_team\www.taodianke.com\Application\Common\Org\PHPExcel\Settings.php 第 384 行.
NOTIC: [8] Undefined variable: options D:\www\online_team\www.taodianke.com\Application\Common\Org\PHPExcel\Settings.php 第 384 行.
NOTIC: [8] Undefined variable: options D:\www\online_team\www.taodianke.com\Application\Common\Org\PHPExcel\Settings.php 第 384 行.
NOTIC: [8] Undefined variable: options D:\www\online_team\www.taodianke.com\Application\Common\Org\PHPExcel\Settings.php 第 384 行.
NOTIC: [8] Undefined variable: options D:\www\online_team\www.taodianke.com\Application\Common\Org\PHPExcel\Settings.php 第 384 行.
NOTIC: [8] Undefined variable: options D:\www\online_team\www.taodianke.com\Application\Common\Org\PHPExcel\Settings.php 第 384 行.
NOTIC: [8] Undefined variable: options D:\www\online_team\www.taodianke.com\Application\Common\Org\PHPExcel\Settings.php 第 384 行.
NOTIC: [8] Undefined variable: options D:\www\online_team\www.taodianke.com\Application\Common\Org\PHPExcel\Settings.php 第 384 行.
NOTIC: [8] Undefined variable: options D:\www\online_team\www.taodianke.com\Application\Common\Org\PHPExcel\Settings.php 第 384 行.
NOTIC: [8] Undefined variable: options D:\www\online_team\www.taodianke.com\Application\Common\Org\PHPExcel\Settings.php 第 384 行.
NOTIC: [8] Undefined variable: options D:\www\online_team\www.taodianke.com\Application\Common\Org\PHPExcel\Settings.php 第 384 行.

[ 2018-05-03T10:45:19+08:00 ] 127.0.0.1 /Admin/Index/addIllegalArticle.html
INFO: [ app_init ] --START--
INFO: Run Behavior\BuildLiteBehavior [ RunTime:0.000014s ]
INFO: [ app_init ] --END-- [ RunTime:0.001114s ]
INFO: [ app_begin ] --START--
INFO: Run Behavior\ReadHtmlCacheBehavior [ RunTime:0.001608s ]
INFO: [ app_begin ] --END-- [ RunTime:0.001666s ]
NOTIC: [2048] Declaration of Admin\Controller\CommonController::_arraySort() should be compatible with Common\Controller\CommonBaseController::_arraySort($arr, $keys, $type = 'asc') D:\www\online_team\www.taodianke.com\Application\Admin\Controller\CommonController.class.php 第 11 行.
NOTIC: [8] Undefined variable: options D:\www\online_team\www.taodianke.com\Application\Common\Org\PHPExcel\Settings.php 第 384 行.
NOTIC: [8] Undefined variable: options D:\www\online_team\www.taodianke.com\Application\Common\Org\PHPExcel\Settings.php 第 384 行.
NOTIC: [8] Undefined variable: options D:\www\online_team\www.taodianke.com\Application\Common\Org\PHPExcel\Settings.php 第 384 行.
NOTIC: [8] Undefined variable: options D:\www\online_team\www.taodianke.com\Application\Common\Org\PHPExcel\Settings.php 第 384 行.
NOTIC: [8] Undefined variable: options D:\www\online_team\www.taodianke.com\Application\Common\Org\PHPExcel\Settings.php 第 384 行.
NOTIC: [8] Undefined variable: options D:\www\online_team\www.taodianke.com\Application\Common\Org\PHPExcel\Settings.php 第 384 行.
NOTIC: [8] Undefined variable: options D:\www\online_team\www.taodianke.com\Application\Common\Org\PHPExcel\Settings.php 第 384 行.
NOTIC: [8] Undefined variable: options D:\www\online_team\www.taodianke.com\Application\Common\Org\PHPExcel\Settings.php 第 384 行.
NOTIC: [8] Undefined variable: options D:\www\online_team\www.taodianke.com\Application\Common\Org\PHPExcel\Settings.php 第 384 行.
NOTIC: [8] Undefined variable: options D:\www\online_team\www.taodianke.com\Application\Common\Org\PHPExcel\Settings.php 第 384 行.
NOTIC: [8] Undefined variable: options D:\www\online_team\www.taodianke.com\Application\Common\Org\PHPExcel\Settings.php 第 384 行.
NOTIC: [8] Undefined variable: options D:\www\online_team\www.taodianke.com\Application\Common\Org\PHPExcel\Settings.php 第 384 行.
NOTIC: [8] Undefined variable: options D:\www\online_team\www.taodianke.com\Application\Common\Org\PHPExcel\Settings.php 第 384 行.
NOTIC: [8] Undefined variable: options D:\www\online_team\www.taodianke.com\Application\Common\Org\PHPExcel\Settings.php 第 384 行.

[ 2018-05-03T10:45:33+08:00 ] 127.0.0.1 /Admin/Index/addIllegalArticle.html
INFO: [ app_init ] --START--
INFO: Run Behavior\BuildLiteBehavior [ RunTime:0.000017s ]
INFO: [ app_init ] --END-- [ RunTime:0.000885s ]
INFO: [ app_begin ] --START--
INFO: Run Behavior\ReadHtmlCacheBehavior [ RunTime:0.000979s ]
INFO: [ app_begin ] --END-- [ RunTime:0.001050s ]
NOTIC: [2048] Declaration of Admin\Controller\CommonController::_arraySort() should be compatible with Common\Controller\CommonBaseController::_arraySort($arr, $keys, $type = 'asc') D:\www\online_team\www.taodianke.com\Application\Admin\Controller\CommonController.class.php 第 11 行.
NOTIC: [8] Undefined variable: options D:\www\online_team\www.taodianke.com\Application\Common\Org\PHPExcel\Settings.php 第 384 行.
NOTIC: [8] Undefined variable: options D:\www\online_team\www.taodianke.com\Application\Common\Org\PHPExcel\Settings.php 第 384 行.
NOTIC: [8] Undefined variable: options D:\www\online_team\www.taodianke.com\Application\Common\Org\PHPExcel\Settings.php 第 384 行.
NOTIC: [8] Undefined variable: options D:\www\online_team\www.taodianke.com\Application\Common\Org\PHPExcel\Settings.php 第 384 行.
NOTIC: [8] Undefined variable: options D:\www\online_team\www.taodianke.com\Application\Common\Org\PHPExcel\Settings.php 第 384 行.
NOTIC: [8] Undefined variable: options D:\www\online_team\www.taodianke.com\Application\Common\Org\PHPExcel\Settings.php 第 384 行.
NOTIC: [8] Undefined variable: options D:\www\online_team\www.taodianke.com\Application\Common\Org\PHPExcel\Settings.php 第 384 行.
NOTIC: [8] Undefined variable: options D:\www\online_team\www.taodianke.com\Application\Common\Org\PHPExcel\Settings.php 第 384 行.
NOTIC: [8] Undefined variable: options D:\www\online_team\www.taodianke.com\Application\Common\Org\PHPExcel\Settings.php 第 384 行.
NOTIC: [8] Undefined variable: options D:\www\online_team\www.taodianke.com\Application\Common\Org\PHPExcel\Settings.php 第 384 行.
NOTIC: [8] Undefined variable: options D:\www\online_team\www.taodianke.com\Application\Common\Org\PHPExcel\Settings.php 第 384 行.
NOTIC: [8] Undefined variable: options D:\www\online_team\www.taodianke.com\Application\Common\Org\PHPExcel\Settings.php 第 384 行.
NOTIC: [8] Undefined variable: options D:\www\online_team\www.taodianke.com\Application\Common\Org\PHPExcel\Settings.php 第 384 行.
NOTIC: [8] Undefined variable: options D:\www\online_team\www.taodianke.com\Application\Common\Org\PHPExcel\Settings.php 第 384 行.

[ 2018-05-03T10:47:10+08:00 ] 127.0.0.1 /Admin/Index/addIllegalArticle.html
INFO: [ app_init ] --START--
INFO: Run Behavior\BuildLiteBehavior [ RunTime:0.000013s ]
INFO: [ app_init ] --END-- [ RunTime:0.000640s ]
INFO: [ app_begin ] --START--
INFO: Run Behavior\ReadHtmlCacheBehavior [ RunTime:0.000916s ]
INFO: [ app_begin ] --END-- [ RunTime:0.000984s ]
NOTIC: [2048] Declaration of Admin\Controller\CommonController::_arraySort() should be compatible with Common\Controller\CommonBaseController::_arraySort($arr, $keys, $type = 'asc') D:\www\online_team\www.taodianke.com\Application\Admin\Controller\CommonController.class.php 第 11 行.

[ 2018-05-03T11:47:42+08:00 ] 127.0.0.1 /Admin/TopLine/index.html
INFO: [ app_init ] --START--
INFO: Run Behavior\BuildLiteBehavior [ RunTime:0.000014s ]
INFO: [ app_init ] --END-- [ RunTime:0.000847s ]
INFO: [ app_begin ] --START--
INFO: Run Behavior\ReadHtmlCacheBehavior [ RunTime:0.001332s ]
INFO: [ app_begin ] --END-- [ RunTime:0.001451s ]
NOTIC: [2048] Declaration of Admin\Controller\CommonController::_arraySort() should be compatible with Common\Controller\CommonBaseController::_arraySort($arr, $keys, $type = 'asc') D:\www\online_team\www.taodianke.com\Application\Admin\Controller\CommonController.class.php 第 11 行.
SQL: SHOW COLUMNS FROM `ytt_top_line_account` [ RunTime:0.0911s ]
SQL: SELECT * FROM `ytt_top_line_account`  [ RunTime:0.0912s ]
INFO: [ view_parse ] --START--
INFO: [ template_filter ] --START--
INFO: Run Behavior\ContentReplaceBehavior [ RunTime:0.000176s ]
INFO: [ template_filter ] --END-- [ RunTime:0.000225s ]
NOTIC: [8] Undefined variable: user D:\www\online_team\www.taodianke.com\Application\Runtime\Cache\Admin\99b9e62c0ce4f9200a308a053412d1ce.php 第 52 行.
NOTIC: [8] Undefined variable: user D:\www\online_team\www.taodianke.com\Application\Runtime\Cache\Admin\99b9e62c0ce4f9200a308a053412d1ce.php 第 53 行.
NOTIC: [8] Undefined index: son_menu D:\www\online_team\www.taodianke.com\Application\Runtime\Cache\Admin\99b9e62c0ce4f9200a308a053412d1ce.php 第 87 行.
NOTIC: [8] Undefined index: son_menu D:\www\online_team\www.taodianke.com\Application\Runtime\Cache\Admin\99b9e62c0ce4f9200a308a053412d1ce.php 第 87 行.
NOTIC: [8] Undefined variable: error D:\www\online_team\www.taodianke.com\Application\Runtime\Cache\Admin\99b9e62c0ce4f9200a308a053412d1ce.php 第 109 行.
NOTIC: [8] Undefined variable: success D:\www\online_team\www.taodianke.com\Application\Runtime\Cache\Admin\99b9e62c0ce4f9200a308a053412d1ce.php 第 113 行.
INFO: Run Behavior\ParseTemplateBehavior [ RunTime:0.029580s ]
INFO: [ view_parse ] --END-- [ RunTime:0.029667s ]
INFO: [ view_filter ] --START--
INFO: Run Behavior\WriteHtmlCacheBehavior [ RunTime:0.000829s ]
INFO: [ view_filter ] --END-- [ RunTime:0.000870s ]
INFO: [ app_end ] --START--
INFO: Run Behavior\ShowPageTraceBehavior [ RunTime:0.001713s ]
INFO: [ app_end ] --END-- [ RunTime:0.001794s ]

[ 2018-05-03T11:47:46+08:00 ] 127.0.0.1 /Admin/Sale/index.html
INFO: [ app_init ] --START--
INFO: Run Behavior\BuildLiteBehavior [ RunTime:0.000027s ]
INFO: [ app_init ] --END-- [ RunTime:0.001917s ]
INFO: [ app_begin ] --START--
INFO: Run Behavior\ReadHtmlCacheBehavior [ RunTime:0.000953s ]
INFO: [ app_begin ] --END-- [ RunTime:0.001017s ]
NOTIC: [2048] Declaration of Admin\Controller\CommonController::_arraySort() should be compatible with Common\Controller\CommonBaseController::_arraySort($arr, $keys, $type = 'asc') D:\www\online_team\www.taodianke.com\Application\Admin\Controller\CommonController.class.php 第 11 行.
SQL: SHOW COLUMNS FROM `ytt_sale_account` [ RunTime:0.1631s ]
SQL: SELECT * FROM `ytt_sale_account`  [ RunTime:0.0907s ]
INFO: [ view_parse ] --START--
INFO: [ template_filter ] --START--
INFO: Run Behavior\ContentReplaceBehavior [ RunTime:0.000350s ]
INFO: [ template_filter ] --END-- [ RunTime:0.000457s ]
NOTIC: [8] Undefined variable: user D:\www\online_team\www.taodianke.com\Application\Runtime\Cache\Admin\965a390a989916e2be40332e2605dbde.php 第 52 行.
NOTIC: [8] Undefined variable: user D:\www\online_team\www.taodianke.com\Application\Runtime\Cache\Admin\965a390a989916e2be40332e2605dbde.php 第 53 行.
NOTIC: [8] Undefined index: son_menu D:\www\online_team\www.taodianke.com\Application\Runtime\Cache\Admin\965a390a989916e2be40332e2605dbde.php 第 87 行.
NOTIC: [8] Undefined index: son_menu D:\www\online_team\www.taodianke.com\Application\Runtime\Cache\Admin\965a390a989916e2be40332e2605dbde.php 第 87 行.
NOTIC: [8] Undefined variable: error D:\www\online_team\www.taodianke.com\Application\Runtime\Cache\Admin\965a390a989916e2be40332e2605dbde.php 第 109 行.
NOTIC: [8] Undefined variable: success D:\www\online_team\www.taodianke.com\Application\Runtime\Cache\Admin\965a390a989916e2be40332e2605dbde.php 第 113 行.
INFO: Run Behavior\ParseTemplateBehavior [ RunTime:0.047059s ]
INFO: [ view_parse ] --END-- [ RunTime:0.047156s ]
INFO: [ view_filter ] --START--
INFO: Run Behavior\WriteHtmlCacheBehavior [ RunTime:0.001056s ]
INFO: [ view_filter ] --END-- [ RunTime:0.001099s ]
INFO: [ app_end ] --START--
INFO: Run Behavior\ShowPageTraceBehavior [ RunTime:0.001189s ]
INFO: [ app_end ] --END-- [ RunTime:0.001247s ]

[ 2018-05-03T11:47:52+08:00 ] 127.0.0.1 /Admin/User/userList.html
INFO: [ app_init ] --START--
INFO: Run Behavior\BuildLiteBehavior [ RunTime:0.000021s ]
INFO: [ app_init ] --END-- [ RunTime:0.001273s ]
INFO: [ app_begin ] --START--
INFO: Run Behavior\ReadHtmlCacheBehavior [ RunTime:0.000803s ]
INFO: [ app_begin ] --END-- [ RunTime:0.000855s ]
NOTIC: [2048] Declaration of Admin\Controller\CommonController::_arraySort() should be compatible with Common\Controller\CommonBaseController::_arraySort($arr, $keys, $type = 'asc') D:\www\online_team\www.taodianke.com\Application\Admin\Controller\CommonController.class.php 第 11 行.
SQL: SHOW COLUMNS FROM `ytt_tmuser` [ RunTime:0.0888s ]
SQL: SELECT COUNT(*) AS tp_count FROM `ytt_tmuser` LIMIT 1   [ RunTime:0.0925s ]
SQL: SELECT * FROM `ytt_tmuser` ORDER BY id desc LIMIT 0,20   [ RunTime:0.0858s ]
SQL: SHOW COLUMNS FROM `ytt_sale_account` [ RunTime:0.0855s ]
SQL: SELECT * FROM `ytt_sale_account` WHERE `id` <> 1  [ RunTime:0.0888s ]
SQL: SHOW COLUMNS FROM `ytt_top_line_account` [ RunTime:0.0865s ]
SQL: SELECT * FROM `ytt_top_line_account` WHERE `id` <> 1  [ RunTime:0.0866s ]
INFO: [ view_parse ] --START--
INFO: [ template_filter ] --START--
INFO: Run Behavior\ContentReplaceBehavior [ RunTime:0.000388s ]
INFO: [ template_filter ] --END-- [ RunTime:0.000468s ]
NOTIC: [8] Undefined variable: user D:\www\online_team\www.taodianke.com\Application\Runtime\Cache\Admin\4a3a0d97b66de237a21e9fddf4e2936f.php 第 52 行.
NOTIC: [8] Undefined variable: user D:\www\online_team\www.taodianke.com\Application\Runtime\Cache\Admin\4a3a0d97b66de237a21e9fddf4e2936f.php 第 53 行.
NOTIC: [8] Undefined index: son_menu D:\www\online_team\www.taodianke.com\Application\Runtime\Cache\Admin\4a3a0d97b66de237a21e9fddf4e2936f.php 第 87 行.
NOTIC: [8] Undefined index: son_menu D:\www\online_team\www.taodianke.com\Application\Runtime\Cache\Admin\4a3a0d97b66de237a21e9fddf4e2936f.php 第 87 行.
NOTIC: [8] Undefined variable: error D:\www\online_team\www.taodianke.com\Application\Runtime\Cache\Admin\4a3a0d97b66de237a21e9fddf4e2936f.php 第 109 行.
NOTIC: [8] Undefined variable: success D:\www\online_team\www.taodianke.com\Application\Runtime\Cache\Admin\4a3a0d97b66de237a21e9fddf4e2936f.php 第 113 行.
INFO: Run Behavior\ParseTemplateBehavior [ RunTime:0.056412s ]
INFO: [ view_parse ] --END-- [ RunTime:0.056589s ]
INFO: [ view_filter ] --START--
INFO: Run Behavior\WriteHtmlCacheBehavior [ RunTime:0.001635s ]
INFO: [ view_filter ] --END-- [ RunTime:0.001747s ]
INFO: [ app_end ] --START--
INFO: Run Behavior\ShowPageTraceBehavior [ RunTime:0.000954s ]
INFO: [ app_end ] --END-- [ RunTime:0.001012s ]

[ 2018-05-03T11:49:12+08:00 ] 127.0.0.1 /Admin/User/userList.html?p=2
INFO: [ app_init ] --START--
INFO: Run Behavior\BuildLiteBehavior [ RunTime:0.000016s ]
INFO: [ app_init ] --END-- [ RunTime:0.000758s ]
INFO: [ app_begin ] --START--
INFO: Run Behavior\ReadHtmlCacheBehavior [ RunTime:0.000891s ]
INFO: [ app_begin ] --END-- [ RunTime:0.000955s ]
NOTIC: [2048] Declaration of Admin\Controller\CommonController::_arraySort() should be compatible with Common\Controller\CommonBaseController::_arraySort($arr, $keys, $type = 'asc') D:\www\online_team\www.taodianke.com\Application\Admin\Controller\CommonController.class.php 第 11 行.
SQL: SHOW COLUMNS FROM `ytt_tmuser` [ RunTime:0.0888s ]
SQL: SELECT COUNT(*) AS tp_count FROM `ytt_tmuser` LIMIT 1   [ RunTime:0.0897s ]
SQL: SELECT * FROM `ytt_tmuser` ORDER BY id desc LIMIT 20,20   [ RunTime:0.0862s ]
SQL: SHOW COLUMNS FROM `ytt_sale_account` [ RunTime:0.0862s ]
SQL: SELECT * FROM `ytt_sale_account` WHERE `id` <> 1  [ RunTime:0.0865s ]
SQL: SHOW COLUMNS FROM `ytt_top_line_account` [ RunTime:0.0895s ]
SQL: SELECT * FROM `ytt_top_line_account` WHERE `id` <> 1  [ RunTime:0.0881s ]
INFO: [ view_parse ] --START--
INFO: [ template_filter ] --START--
INFO: Run Behavior\ContentReplaceBehavior [ RunTime:0.000495s ]
INFO: [ template_filter ] --END-- [ RunTime:0.000612s ]
NOTIC: [8] Undefined variable: user D:\www\online_team\www.taodianke.com\Application\Runtime\Cache\Admin\4a3a0d97b66de237a21e9fddf4e2936f.php 第 52 行.
NOTIC: [8] Undefined variable: user D:\www\online_team\www.taodianke.com\Application\Runtime\Cache\Admin\4a3a0d97b66de237a21e9fddf4e2936f.php 第 53 行.
NOTIC: [8] Undefined index: son_menu D:\www\online_team\www.taodianke.com\Application\Runtime\Cache\Admin\4a3a0d97b66de237a21e9fddf4e2936f.php 第 87 行.
NOTIC: [8] Undefined index: son_menu D:\www\online_team\www.taodianke.com\Application\Runtime\Cache\Admin\4a3a0d97b66de237a21e9fddf4e2936f.php 第 87 行.
NOTIC: [8] Undefined variable: error D:\www\online_team\www.taodianke.com\Application\Runtime\Cache\Admin\4a3a0d97b66de237a21e9fddf4e2936f.php 第 109 行.
NOTIC: [8] Undefined variable: success D:\www\online_team\www.taodianke.com\Application\Runtime\Cache\Admin\4a3a0d97b66de237a21e9fddf4e2936f.php 第 113 行.
INFO: Run Behavior\ParseTemplateBehavior [ RunTime:0.055787s ]
INFO: [ view_parse ] --END-- [ RunTime:0.055945s ]
INFO: [ view_filter ] --START--
INFO: Run Behavior\WriteHtmlCacheBehavior [ RunTime:0.001418s ]
INFO: [ view_filter ] --END-- [ RunTime:0.001514s ]
INFO: [ app_end ] --START--
INFO: Run Behavior\ShowPageTraceBehavior [ RunTime:0.002379s ]
INFO: [ app_end ] --END-- [ RunTime:0.002511s ]

