[ 2018-04-07T09:37:06+08:00 ] 127.0.0.1 /admin/
INFO: [ app_init ] --START--
INFO: Run Behavior\BuildLiteBehavior [ RunTime:0.000013s ]
INFO: [ app_init ] --END-- [ RunTime:0.003504s ]
INFO: [ app_begin ] --START--
INFO: Run Behavior\ReadHtmlCacheBehavior [ RunTime:0.001367s ]
INFO: [ app_begin ] --END-- [ RunTime:0.001429s ]
NOTIC: [2048] Declaration of Admin\Controller\CommonController::_arraySort() should be compatible with Common\Controller\CommonBaseController::_arraySort($arr, $keys, $type = 'asc') D:\www\online_team\www.taodianke.com\Application\Admin\Controller\CommonController.class.php 第 11 行.

[ 2018-04-07T09:37:06+08:00 ] 127.0.0.1 /Admin/Public/index.html
INFO: [ app_init ] --START--
INFO: Run Behavior\BuildLiteBehavior [ RunTime:0.000016s ]
INFO: [ app_init ] --END-- [ RunTime:0.000735s ]
INFO: [ app_begin ] --START--
INFO: Run Behavior\ReadHtmlCacheBehavior [ RunTime:0.000614s ]
INFO: [ app_begin ] --END-- [ RunTime:0.000663s ]
NOTIC: [2048] Declaration of Admin\Controller\CommonController::_arraySort() should be compatible with Common\Controller\CommonBaseController::_arraySort($arr, $keys, $type = 'asc') D:\www\online_team\www.taodianke.com\Application\Admin\Controller\CommonController.class.php 第 11 行.
NOTIC: [2048] Declaration of Admin\Controller\PublicController::logout() should be compatible with Admin\Controller\CommonController::logOut($result) D:\www\online_team\www.taodianke.com\Application\Admin\Controller\PublicController.class.php 第 8 行.
NOTIC: [8] Undefined index:  D:\www\online_team\www.taodianke.com\Application\Admin\Controller\CommonController.class.php 第 38 行.

[ 2018-04-07T09:37:06+08:00 ] 127.0.0.1 /Admin/Public/login.html
INFO: [ app_init ] --START--
INFO: Run Behavior\BuildLiteBehavior [ RunTime:0.000012s ]
INFO: [ app_init ] --END-- [ RunTime:0.000527s ]
INFO: [ app_begin ] --START--
INFO: Run Behavior\ReadHtmlCacheBehavior [ RunTime:0.000720s ]
INFO: [ app_begin ] --END-- [ RunTime:0.000773s ]
NOTIC: [2048] Declaration of Admin\Controller\CommonController::_arraySort() should be compatible with Common\Controller\CommonBaseController::_arraySort($arr, $keys, $type = 'asc') D:\www\online_team\www.taodianke.com\Application\Admin\Controller\CommonController.class.php 第 11 行.
NOTIC: [2048] Declaration of Admin\Controller\PublicController::logout() should be compatible with Admin\Controller\CommonController::logOut($result) D:\www\online_team\www.taodianke.com\Application\Admin\Controller\PublicController.class.php 第 8 行.
NOTIC: [8] Undefined index:  D:\www\online_team\www.taodianke.com\Application\Admin\Controller\CommonController.class.php 第 38 行.
INFO: [ view_parse ] --START--
INFO: [ template_filter ] --START--
INFO: Run Behavior\ContentReplaceBehavior [ RunTime:0.001918s ]
INFO: [ template_filter ] --END-- [ RunTime:0.001973s ]
NOTIC: [8] Undefined variable: error D:\www\online_team\www.taodianke.com\Application\Runtime\Cache\Admin\f49cdd4d12a292a7a26acfc7109ea2ab.php 第 44 行.
NOTIC: [8] Undefined variable: success D:\www\online_team\www.taodianke.com\Application\Runtime\Cache\Admin\f49cdd4d12a292a7a26acfc7109ea2ab.php 第 48 行.
INFO: Run Behavior\ParseTemplateBehavior [ RunTime:0.028578s ]
INFO: [ view_parse ] --END-- [ RunTime:0.028620s ]
INFO: [ view_filter ] --START--
INFO: Run Behavior\WriteHtmlCacheBehavior [ RunTime:0.001095s ]
INFO: [ view_filter ] --END-- [ RunTime:0.001132s ]
INFO: [ app_end ] --START--
INFO: Run Behavior\ShowPageTraceBehavior [ RunTime:0.001261s ]
INFO: [ app_end ] --END-- [ RunTime:0.001299s ]

[ 2018-04-07T09:37:19+08:00 ] 127.0.0.1 /Admin/Public/login.html
INFO: [ app_init ] --START--
INFO: Run Behavior\BuildLiteBehavior [ RunTime:0.000014s ]
INFO: [ app_init ] --END-- [ RunTime:0.000541s ]
INFO: [ app_begin ] --START--
INFO: Run Behavior\ReadHtmlCacheBehavior [ RunTime:0.000648s ]
INFO: [ app_begin ] --END-- [ RunTime:0.000707s ]
NOTIC: [2048] Declaration of Admin\Controller\CommonController::_arraySort() should be compatible with Common\Controller\CommonBaseController::_arraySort($arr, $keys, $type = 'asc') D:\www\online_team\www.taodianke.com\Application\Admin\Controller\CommonController.class.php 第 11 行.
NOTIC: [2048] Declaration of Admin\Controller\PublicController::logout() should be compatible with Admin\Controller\CommonController::logOut($result) D:\www\online_team\www.taodianke.com\Application\Admin\Controller\PublicController.class.php 第 8 行.
NOTIC: [8] Undefined index:  D:\www\online_team\www.taodianke.com\Application\Admin\Controller\CommonController.class.php 第 38 行.
SQL: SHOW COLUMNS FROM `ytt_tmuser` [ RunTime:0.0870s ]
SQL: SELECT `id`,`name`,`pid`,`sale_account_ids`,`top_line_account_ids`,`group_id` FROM `ytt_tmuser` WHERE `name` = 'admin' AND `password` = '863e4dd674868800c791c85391240439' LIMIT 1   [ RunTime:0.0946s ]

[ 2018-04-07T09:37:20+08:00 ] 127.0.0.1 /Admin/Index/index.html
INFO: [ app_init ] --START--
INFO: Run Behavior\BuildLiteBehavior [ RunTime:0.000015s ]
INFO: [ app_init ] --END-- [ RunTime:0.000639s ]
INFO: [ app_begin ] --START--
INFO: Run Behavior\ReadHtmlCacheBehavior [ RunTime:0.000747s ]
INFO: [ app_begin ] --END-- [ RunTime:0.000807s ]
NOTIC: [2048] Declaration of Admin\Controller\CommonController::_arraySort() should be compatible with Common\Controller\CommonBaseController::_arraySort($arr, $keys, $type = 'asc') D:\www\online_team\www.taodianke.com\Application\Admin\Controller\CommonController.class.php 第 11 行.
INFO: [ view_parse ] --START--
INFO: [ template_filter ] --START--
INFO: Run Behavior\ContentReplaceBehavior [ RunTime:0.000298s ]
INFO: [ template_filter ] --END-- [ RunTime:0.000356s ]
NOTIC: [8] Undefined variable: user D:\www\online_team\www.taodianke.com\Application\Runtime\Cache\Admin\09262a5e25a9c944119ad09ddf7fbe92.php 第 52 行.
NOTIC: [8] Undefined variable: user D:\www\online_team\www.taodianke.com\Application\Runtime\Cache\Admin\09262a5e25a9c944119ad09ddf7fbe92.php 第 53 行.
INFO: Run Behavior\ParseTemplateBehavior [ RunTime:0.029700s ]
INFO: [ view_parse ] --END-- [ RunTime:0.029753s ]
INFO: [ view_filter ] --START--
INFO: Run Behavior\WriteHtmlCacheBehavior [ RunTime:0.000733s ]
INFO: [ view_filter ] --END-- [ RunTime:0.000779s ]
INFO: [ app_end ] --START--
INFO: Run Behavior\ShowPageTraceBehavior [ RunTime:0.000908s ]
INFO: [ app_end ] --END-- [ RunTime:0.000959s ]

[ 2018-04-07T09:38:01+08:00 ] 127.0.0.1 /Admin/OrderCount/order.html
INFO: [ app_init ] --START--
INFO: Run Behavior\BuildLiteBehavior [ RunTime:0.000011s ]
INFO: [ app_init ] --END-- [ RunTime:0.000471s ]
INFO: [ app_begin ] --START--
INFO: Run Behavior\ReadHtmlCacheBehavior [ RunTime:0.000598s ]
INFO: [ app_begin ] --END-- [ RunTime:0.000653s ]
NOTIC: [2048] Declaration of Admin\Controller\CommonController::_arraySort() should be compatible with Common\Controller\CommonBaseController::_arraySort($arr, $keys, $type = 'asc') D:\www\online_team\www.taodianke.com\Application\Admin\Controller\CommonController.class.php 第 11 行.
SQL: SHOW COLUMNS FROM `ytt_tmuser` [ RunTime:0.0960s ]
SQL: SELECT `id`,`name` FROM `ytt_tmuser` WHERE `group_id` = 2  [ RunTime:0.0890s ]
SQL: SHOW COLUMNS FROM `ytt_fxg` [ RunTime:0.0932s ]
SQL: SELECT left(pay_time,10) as time,count(id) as news_num,`name`,sum(income) as income,`order_source`,`article_title`,`id` FROM `ytt_fxg` WHERE UNIX_TIMESTAMP(pay_time) BETWEEN 1523030400 AND 1523065081 AND `order_status` IN ('订单完成','订单付款') GROUP BY time,article_title ORDER BY time desc,income desc,news_num desc  [ RunTime:0.1435s ]
INFO: [ view_parse ] --START--
INFO: [ template_filter ] --START--
INFO: Run Behavior\ContentReplaceBehavior [ RunTime:0.000284s ]
INFO: [ template_filter ] --END-- [ RunTime:0.000386s ]
NOTIC: [8] Undefined index: name D:\www\online_team\www.taodianke.com\Application\Runtime\Cache\Admin\f449a7560cd2b29d36d21c762c3b75b0.php 第 52 行.
NOTIC: [8] Undefined index: name D:\www\online_team\www.taodianke.com\Application\Runtime\Cache\Admin\f449a7560cd2b29d36d21c762c3b75b0.php 第 53 行.
NOTIC: [8] Undefined variable: error D:\www\online_team\www.taodianke.com\Application\Runtime\Cache\Admin\f449a7560cd2b29d36d21c762c3b75b0.php 第 109 行.
NOTIC: [8] Undefined variable: success D:\www\online_team\www.taodianke.com\Application\Runtime\Cache\Admin\f449a7560cd2b29d36d21c762c3b75b0.php 第 113 行.
INFO: Run Behavior\ParseTemplateBehavior [ RunTime:0.050509s ]
INFO: [ view_parse ] --END-- [ RunTime:0.050626s ]
INFO: [ view_filter ] --START--
INFO: Run Behavior\WriteHtmlCacheBehavior [ RunTime:0.000896s ]
INFO: [ view_filter ] --END-- [ RunTime:0.000955s ]
INFO: [ app_end ] --START--
INFO: Run Behavior\ShowPageTraceBehavior [ RunTime:0.001118s ]
INFO: [ app_end ] --END-- [ RunTime:0.001185s ]

[ 2018-04-07T09:38:07+08:00 ] 127.0.0.1 /Admin/Sale/goodsInfo/id/27106/time/2018-04-07+-+2018-04-07.html
INFO: [ app_init ] --START--
INFO: Run Behavior\BuildLiteBehavior [ RunTime:0.000015s ]
INFO: [ app_init ] --END-- [ RunTime:0.000730s ]
INFO: [ app_begin ] --START--
INFO: Run Behavior\ReadHtmlCacheBehavior [ RunTime:0.000906s ]
INFO: [ app_begin ] --END-- [ RunTime:0.000972s ]
NOTIC: [2048] Declaration of Admin\Controller\CommonController::_arraySort() should be compatible with Common\Controller\CommonBaseController::_arraySort($arr, $keys, $type = 'asc') D:\www\online_team\www.taodianke.com\Application\Admin\Controller\CommonController.class.php 第 11 行.
SQL: SHOW COLUMNS FROM `ytt_fxg` [ RunTime:0.0851s ]
SQL: SELECT `order_source`,`article_title` FROM `ytt_fxg` WHERE `id` = 27106 LIMIT 1   [ RunTime:0.0882s ]
SQL: SELECT count(id) as num,sum(income) as fee FROM `ytt_fxg` WHERE UNIX_TIMESTAMP(pay_time) BETWEEN 1523030400 AND 1523116799 AND `goods_id` = '6535840177623925000' AND `article_title` = '现在没人给车贴膜了，如今车主都用这种神器，遮阳凉快还保护隐私'  [ RunTime:0.1354s ]
SQL: SELECT count(id) as num,sum(income) as fee FROM `ytt_fxg` WHERE UNIX_TIMESTAMP(pay_time) BETWEEN 1523030400 AND 1523116799 AND `goods_id` = '6534851562173366542' AND `article_title` = '现在没人给车贴膜了，如今车主都用这种神器，遮阳凉快还保护隐私'  [ RunTime:0.1387s ]
SQL: SELECT count(id) as num,sum(income) as fee FROM `ytt_fxg` WHERE UNIX_TIMESTAMP(pay_time) BETWEEN 1523030400 AND 1523116799 AND `goods_id` = '6528175617412694280' AND `article_title` = '现在没人给车贴膜了，如今车主都用这种神器，遮阳凉快还保护隐私'  [ RunTime:0.1343s ]
SQL: SELECT count(id) as num,sum(income) as fee FROM `ytt_fxg` WHERE UNIX_TIMESTAMP(pay_time) BETWEEN 1523030400 AND 1523116799 AND `goods_id` = '6502237657072926989' AND `article_title` = '现在没人给车贴膜了，如今车主都用这种神器，遮阳凉快还保护隐私'  [ RunTime:0.1343s ]
SQL: SELECT count(id) as num,sum(income) as fee FROM `ytt_fxg` WHERE UNIX_TIMESTAMP(pay_time) BETWEEN 1523030400 AND 1523116799 AND `goods_id` = '6528764557626704136' AND `article_title` = '现在没人给车贴膜了，如今车主都用这种神器，遮阳凉快还保护隐私'  [ RunTime:0.1337s ]
SQL: SELECT count(id) as num,sum(income) as fee FROM `ytt_fxg` WHERE UNIX_TIMESTAMP(pay_time) BETWEEN 1523030400 AND 1523116799 AND `goods_id` = '6531173589767422216' AND `article_title` = '现在没人给车贴膜了，如今车主都用这种神器，遮阳凉快还保护隐私'  [ RunTime:0.1398s ]
SQL: SELECT count(id) as num,sum(income) as fee FROM `ytt_fxg` WHERE UNIX_TIMESTAMP(pay_time) BETWEEN 1523030400 AND 1523116799 AND `goods_id` = '6528240645402788100' AND `article_title` = '现在没人给车贴膜了，如今车主都用这种神器，遮阳凉快还保护隐私'  [ RunTime:0.1353s ]
SQL: SELECT count(id) as num,sum(income) as fee FROM `ytt_fxg` WHERE UNIX_TIMESTAMP(pay_time) BETWEEN 1523030400 AND 1523116799 AND `goods_id` = '6507805502641012995' AND `article_title` = '现在没人给车贴膜了，如今车主都用这种神器，遮阳凉快还保护隐私'  [ RunTime:0.1334s ]
INFO: [ view_parse ] --START--
INFO: [ template_filter ] --START--
INFO: Run Behavior\ContentReplaceBehavior [ RunTime:0.000612s ]
INFO: [ template_filter ] --END-- [ RunTime:0.000762s ]
NOTIC: [8] Undefined variable: user D:\www\online_team\www.taodianke.com\Application\Runtime\Cache\Admin\5031d97ddfc93e049588829e1d2a36c3.php 第 52 行.
NOTIC: [8] Undefined variable: user D:\www\online_team\www.taodianke.com\Application\Runtime\Cache\Admin\5031d97ddfc93e049588829e1d2a36c3.php 第 53 行.
NOTIC: [8] Undefined variable: error D:\www\online_team\www.taodianke.com\Application\Runtime\Cache\Admin\5031d97ddfc93e049588829e1d2a36c3.php 第 116 行.
NOTIC: [8] Undefined variable: success D:\www\online_team\www.taodianke.com\Application\Runtime\Cache\Admin\5031d97ddfc93e049588829e1d2a36c3.php 第 120 行.
INFO: Run Behavior\ParseTemplateBehavior [ RunTime:0.049344s ]
INFO: [ view_parse ] --END-- [ RunTime:0.049407s ]
INFO: [ view_filter ] --START--
INFO: Run Behavior\WriteHtmlCacheBehavior [ RunTime:0.000512s ]
INFO: [ view_filter ] --END-- [ RunTime:0.000548s ]
INFO: [ app_end ] --START--
INFO: Run Behavior\ShowPageTraceBehavior [ RunTime:0.001112s ]
INFO: [ app_end ] --END-- [ RunTime:0.001193s ]

[ 2018-04-07T09:38:29+08:00 ] 127.0.0.1 /Admin/OrderCount/order.html
INFO: [ app_init ] --START--
INFO: Run Behavior\BuildLiteBehavior [ RunTime:0.000018s ]
INFO: [ app_init ] --END-- [ RunTime:0.000884s ]
INFO: [ app_begin ] --START--
INFO: Run Behavior\ReadHtmlCacheBehavior [ RunTime:0.000715s ]
INFO: [ app_begin ] --END-- [ RunTime:0.000768s ]
NOTIC: [2048] Declaration of Admin\Controller\CommonController::_arraySort() should be compatible with Common\Controller\CommonBaseController::_arraySort($arr, $keys, $type = 'asc') D:\www\online_team\www.taodianke.com\Application\Admin\Controller\CommonController.class.php 第 11 行.
SQL: SHOW COLUMNS FROM `ytt_tmuser` [ RunTime:0.0939s ]
SQL: SELECT `id`,`name` FROM `ytt_tmuser` WHERE `group_id` = 2  [ RunTime:0.0931s ]
SQL: SHOW COLUMNS FROM `ytt_fxg` [ RunTime:0.0947s ]
SQL: SELECT left(pay_time,10) as time,count(id) as news_num,`name`,sum(income) as income,`order_source`,`article_title`,`id` FROM `ytt_fxg` WHERE UNIX_TIMESTAMP(pay_time) BETWEEN 1523030400 AND 1523065109 AND `order_status` IN ('订单完成','订单付款') GROUP BY time,article_title ORDER BY time desc,income desc,news_num desc  [ RunTime:0.1471s ]
INFO: [ view_parse ] --START--
INFO: [ template_filter ] --START--
INFO: Run Behavior\ContentReplaceBehavior [ RunTime:0.000228s ]
INFO: [ template_filter ] --END-- [ RunTime:0.000312s ]
NOTIC: [8] Undefined index: name D:\www\online_team\www.taodianke.com\Application\Runtime\Cache\Admin\f449a7560cd2b29d36d21c762c3b75b0.php 第 52 行.
NOTIC: [8] Undefined index: name D:\www\online_team\www.taodianke.com\Application\Runtime\Cache\Admin\f449a7560cd2b29d36d21c762c3b75b0.php 第 53 行.
NOTIC: [8] Undefined variable: error D:\www\online_team\www.taodianke.com\Application\Runtime\Cache\Admin\f449a7560cd2b29d36d21c762c3b75b0.php 第 109 行.
NOTIC: [8] Undefined variable: success D:\www\online_team\www.taodianke.com\Application\Runtime\Cache\Admin\f449a7560cd2b29d36d21c762c3b75b0.php 第 113 行.
INFO: Run Behavior\ParseTemplateBehavior [ RunTime:0.039069s ]
INFO: [ view_parse ] --END-- [ RunTime:0.039185s ]
INFO: [ view_filter ] --START--
INFO: Run Behavior\WriteHtmlCacheBehavior [ RunTime:0.001061s ]
INFO: [ view_filter ] --END-- [ RunTime:0.001135s ]
INFO: [ app_end ] --START--
INFO: Run Behavior\ShowPageTraceBehavior [ RunTime:0.001414s ]
INFO: [ app_end ] --END-- [ RunTime:0.001502s ]

[ 2018-04-07T09:38:43+08:00 ] 127.0.0.1 /Admin/Sale/goodsInfo/id/27106/time/2018-04-07+-+2018-04-07.html
INFO: [ app_init ] --START--
INFO: Run Behavior\BuildLiteBehavior [ RunTime:0.000013s ]
INFO: [ app_init ] --END-- [ RunTime:0.000583s ]
INFO: [ app_begin ] --START--
INFO: Run Behavior\ReadHtmlCacheBehavior [ RunTime:0.000883s ]
INFO: [ app_begin ] --END-- [ RunTime:0.000952s ]
NOTIC: [2048] Declaration of Admin\Controller\CommonController::_arraySort() should be compatible with Common\Controller\CommonBaseController::_arraySort($arr, $keys, $type = 'asc') D:\www\online_team\www.taodianke.com\Application\Admin\Controller\CommonController.class.php 第 11 行.
SQL: SHOW COLUMNS FROM `ytt_fxg` [ RunTime:0.1214s ]
SQL: SELECT `order_source`,`article_title` FROM `ytt_fxg` WHERE `id` = 27106 LIMIT 1   [ RunTime:0.0903s ]
SQL: SELECT count(id) as num,sum(income) as fee FROM `ytt_fxg` WHERE UNIX_TIMESTAMP(pay_time) BETWEEN 1523030400 AND 1523116799 AND `goods_id` = '6535840177623925000' AND `article_title` = '现在没人给车贴膜了，如今车主都用这种神器，遮阳凉快还保护隐私'  [ RunTime:0.1505s ]
SQL: SELECT count(id) as num,sum(income) as fee FROM `ytt_fxg` WHERE UNIX_TIMESTAMP(pay_time) BETWEEN 1523030400 AND 1523116799 AND `goods_id` = '6534851562173366542' AND `article_title` = '现在没人给车贴膜了，如今车主都用这种神器，遮阳凉快还保护隐私'  [ RunTime:0.1483s ]
SQL: SELECT count(id) as num,sum(income) as fee FROM `ytt_fxg` WHERE UNIX_TIMESTAMP(pay_time) BETWEEN 1523030400 AND 1523116799 AND `goods_id` = '6528175617412694280' AND `article_title` = '现在没人给车贴膜了，如今车主都用这种神器，遮阳凉快还保护隐私'  [ RunTime:0.1420s ]
SQL: SELECT count(id) as num,sum(income) as fee FROM `ytt_fxg` WHERE UNIX_TIMESTAMP(pay_time) BETWEEN 1523030400 AND 1523116799 AND `goods_id` = '6502237657072926989' AND `article_title` = '现在没人给车贴膜了，如今车主都用这种神器，遮阳凉快还保护隐私'  [ RunTime:0.1381s ]
SQL: SELECT count(id) as num,sum(income) as fee FROM `ytt_fxg` WHERE UNIX_TIMESTAMP(pay_time) BETWEEN 1523030400 AND 1523116799 AND `goods_id` = '6528764557626704136' AND `article_title` = '现在没人给车贴膜了，如今车主都用这种神器，遮阳凉快还保护隐私'  [ RunTime:0.1399s ]
SQL: SELECT count(id) as num,sum(income) as fee FROM `ytt_fxg` WHERE UNIX_TIMESTAMP(pay_time) BETWEEN 1523030400 AND 1523116799 AND `goods_id` = '6531173589767422216' AND `article_title` = '现在没人给车贴膜了，如今车主都用这种神器，遮阳凉快还保护隐私'  [ RunTime:0.1385s ]
SQL: SELECT count(id) as num,sum(income) as fee FROM `ytt_fxg` WHERE UNIX_TIMESTAMP(pay_time) BETWEEN 1523030400 AND 1523116799 AND `goods_id` = '6528240645402788100' AND `article_title` = '现在没人给车贴膜了，如今车主都用这种神器，遮阳凉快还保护隐私'  [ RunTime:0.1471s ]
SQL: SELECT count(id) as num,sum(income) as fee FROM `ytt_fxg` WHERE UNIX_TIMESTAMP(pay_time) BETWEEN 1523030400 AND 1523116799 AND `goods_id` = '6507805502641012995' AND `article_title` = '现在没人给车贴膜了，如今车主都用这种神器，遮阳凉快还保护隐私'  [ RunTime:0.1387s ]
INFO: [ view_parse ] --START--
INFO: [ template_filter ] --START--
INFO: Run Behavior\ContentReplaceBehavior [ RunTime:0.000652s ]
INFO: [ template_filter ] --END-- [ RunTime:0.000838s ]
NOTIC: [8] Undefined variable: user D:\www\online_team\www.taodianke.com\Application\Runtime\Cache\Admin\5031d97ddfc93e049588829e1d2a36c3.php 第 52 行.
NOTIC: [8] Undefined variable: user D:\www\online_team\www.taodianke.com\Application\Runtime\Cache\Admin\5031d97ddfc93e049588829e1d2a36c3.php 第 53 行.
NOTIC: [8] Undefined variable: error D:\www\online_team\www.taodianke.com\Application\Runtime\Cache\Admin\5031d97ddfc93e049588829e1d2a36c3.php 第 116 行.
NOTIC: [8] Undefined variable: success D:\www\online_team\www.taodianke.com\Application\Runtime\Cache\Admin\5031d97ddfc93e049588829e1d2a36c3.php 第 120 行.
INFO: Run Behavior\ParseTemplateBehavior [ RunTime:0.058637s ]
INFO: [ view_parse ] --END-- [ RunTime:0.058742s ]
INFO: [ view_filter ] --START--
INFO: Run Behavior\WriteHtmlCacheBehavior [ RunTime:0.000839s ]
INFO: [ view_filter ] --END-- [ RunTime:0.000900s ]
INFO: [ app_end ] --START--
INFO: Run Behavior\ShowPageTraceBehavior [ RunTime:0.001176s ]
INFO: [ app_end ] --END-- [ RunTime:0.001247s ]

[ 2018-04-07T09:58:36+08:00 ] 127.0.0.1 /Admin/Sale/itemsUrlList.html
INFO: [ app_init ] --START--
INFO: Run Behavior\BuildLiteBehavior [ RunTime:0.000013s ]
INFO: [ app_init ] --END-- [ RunTime:0.000624s ]
INFO: [ app_begin ] --START--
INFO: Run Behavior\ReadHtmlCacheBehavior [ RunTime:0.000682s ]
INFO: [ app_begin ] --END-- [ RunTime:0.000732s ]
NOTIC: [2048] Declaration of Admin\Controller\CommonController::_arraySort() should be compatible with Common\Controller\CommonBaseController::_arraySort($arr, $keys, $type = 'asc') D:\www\online_team\www.taodianke.com\Application\Admin\Controller\CommonController.class.php 第 11 行.
INFO: [ view_parse ] --START--
INFO: [ template_filter ] --START--
INFO: Run Behavior\ContentReplaceBehavior [ RunTime:0.000160s ]
INFO: [ template_filter ] --END-- [ RunTime:0.000211s ]
NOTIC: [8] Undefined variable: user D:\www\online_team\www.taodianke.com\Application\Runtime\Cache\Admin\a23b41282365f21d400c93cb3e8ff292.php 第 52 行.
NOTIC: [8] Undefined variable: user D:\www\online_team\www.taodianke.com\Application\Runtime\Cache\Admin\a23b41282365f21d400c93cb3e8ff292.php 第 53 行.
NOTIC: [8] Undefined variable: error D:\www\online_team\www.taodianke.com\Application\Runtime\Cache\Admin\a23b41282365f21d400c93cb3e8ff292.php 第 116 行.
NOTIC: [8] Undefined variable: success D:\www\online_team\www.taodianke.com\Application\Runtime\Cache\Admin\a23b41282365f21d400c93cb3e8ff292.php 第 120 行.
NOTIC: [8] Undefined variable: data D:\www\online_team\www.taodianke.com\Application\Runtime\Cache\Admin\a23b41282365f21d400c93cb3e8ff292.php 第 168 行.
INFO: Run Behavior\ParseTemplateBehavior [ RunTime:0.024937s ]
INFO: [ view_parse ] --END-- [ RunTime:0.024980s ]
INFO: [ view_filter ] --START--
INFO: Run Behavior\WriteHtmlCacheBehavior [ RunTime:0.000561s ]
INFO: [ view_filter ] --END-- [ RunTime:0.000596s ]
INFO: [ app_end ] --START--
INFO: Run Behavior\ShowPageTraceBehavior [ RunTime:0.000731s ]
INFO: [ app_end ] --END-- [ RunTime:0.000771s ]

[ 2018-04-07T09:58:41+08:00 ] 127.0.0.1 /Admin/Sale/itemsUrlList.html?url=https%3A%2F%2Ftemai.snssdk.com%2Farticle%2Ffeed%2Findex%3Fid%3D6097215
INFO: [ app_init ] --START--
INFO: Run Behavior\BuildLiteBehavior [ RunTime:0.000015s ]
INFO: [ app_init ] --END-- [ RunTime:0.000665s ]
INFO: [ app_begin ] --START--
INFO: Run Behavior\ReadHtmlCacheBehavior [ RunTime:0.001056s ]
INFO: [ app_begin ] --END-- [ RunTime:0.001149s ]
NOTIC: [2048] Declaration of Admin\Controller\CommonController::_arraySort() should be compatible with Common\Controller\CommonBaseController::_arraySort($arr, $keys, $type = 'asc') D:\www\online_team\www.taodianke.com\Application\Admin\Controller\CommonController.class.php 第 11 行.
INFO: [ view_parse ] --START--
INFO: [ template_filter ] --START--
INFO: Run Behavior\ContentReplaceBehavior [ RunTime:0.000325s ]
INFO: [ template_filter ] --END-- [ RunTime:0.000415s ]
NOTIC: [8] Undefined variable: user D:\www\online_team\www.taodianke.com\Application\Runtime\Cache\Admin\a23b41282365f21d400c93cb3e8ff292.php 第 52 行.
NOTIC: [8] Undefined variable: user D:\www\online_team\www.taodianke.com\Application\Runtime\Cache\Admin\a23b41282365f21d400c93cb3e8ff292.php 第 53 行.
NOTIC: [8] Undefined variable: error D:\www\online_team\www.taodianke.com\Application\Runtime\Cache\Admin\a23b41282365f21d400c93cb3e8ff292.php 第 116 行.
NOTIC: [8] Undefined variable: success D:\www\online_team\www.taodianke.com\Application\Runtime\Cache\Admin\a23b41282365f21d400c93cb3e8ff292.php 第 120 行.
INFO: Run Behavior\ParseTemplateBehavior [ RunTime:0.055973s ]
INFO: [ view_parse ] --END-- [ RunTime:0.056148s ]
INFO: [ view_filter ] --START--
INFO: Run Behavior\WriteHtmlCacheBehavior [ RunTime:0.000748s ]
INFO: [ view_filter ] --END-- [ RunTime:0.000797s ]
INFO: [ app_end ] --START--
INFO: Run Behavior\ShowPageTraceBehavior [ RunTime:0.000795s ]
INFO: [ app_end ] --END-- [ RunTime:0.000846s ]

[ 2018-04-07T09:58:53+08:00 ] 127.0.0.1 /Admin/Sale/addItemCache.html
INFO: [ app_init ] --START--
INFO: Run Behavior\BuildLiteBehavior [ RunTime:0.000014s ]
INFO: [ app_init ] --END-- [ RunTime:0.000625s ]
INFO: [ app_begin ] --START--
INFO: Run Behavior\ReadHtmlCacheBehavior [ RunTime:0.000616s ]
INFO: [ app_begin ] --END-- [ RunTime:0.000665s ]
NOTIC: [2048] Declaration of Admin\Controller\CommonController::_arraySort() should be compatible with Common\Controller\CommonBaseController::_arraySort($arr, $keys, $type = 'asc') D:\www\online_team\www.taodianke.com\Application\Admin\Controller\CommonController.class.php 第 11 行.
SQL: SHOW COLUMNS FROM `ytt_sale_account` [ RunTime:0.0861s ]
SQL: SELECT `cookie` FROM `ytt_sale_account` WHERE `id` = 1 LIMIT 1   [ RunTime:0.0880s ]
SQL: SHOW COLUMNS FROM `ytt_hao_huo_items` [ RunTime:0.0862s ]
SQL: UPDATE `ytt_hao_huo_items` SET `status`='0' WHERE `shop_goods_id` = '6442628143755821326' [ RunTime:0.0934s ]

[ 2018-04-07T10:02:48+08:00 ] 127.0.0.1 /Admin/Sale/addItemCache.html
INFO: [ app_init ] --START--
INFO: Run Behavior\BuildLiteBehavior [ RunTime:0.000014s ]
INFO: [ app_init ] --END-- [ RunTime:0.000586s ]
INFO: [ app_begin ] --START--
INFO: Run Behavior\ReadHtmlCacheBehavior [ RunTime:0.001130s ]
INFO: [ app_begin ] --END-- [ RunTime:0.001215s ]
NOTIC: [2048] Declaration of Admin\Controller\CommonController::_arraySort() should be compatible with Common\Controller\CommonBaseController::_arraySort($arr, $keys, $type = 'asc') D:\www\online_team\www.taodianke.com\Application\Admin\Controller\CommonController.class.php 第 11 行.
SQL: SHOW COLUMNS FROM `ytt_hao_huo_items` [ RunTime:0.0906s ]
SQL: UPDATE `ytt_hao_huo_items` SET `status`='0' WHERE `shop_goods_id` = '6442628143755821326' [ RunTime:0.0941s ]

[ 2018-04-07T10:03:56+08:00 ] 127.0.0.1 /Admin/Sale/addItemCache.html
INFO: [ app_init ] --START--
INFO: Run Behavior\BuildLiteBehavior [ RunTime:0.000018s ]
INFO: [ app_init ] --END-- [ RunTime:0.000752s ]
INFO: [ app_begin ] --START--
INFO: Run Behavior\ReadHtmlCacheBehavior [ RunTime:0.000662s ]
INFO: [ app_begin ] --END-- [ RunTime:0.000712s ]
NOTIC: [2048] Declaration of Admin\Controller\CommonController::_arraySort() should be compatible with Common\Controller\CommonBaseController::_arraySort($arr, $keys, $type = 'asc') D:\www\online_team\www.taodianke.com\Application\Admin\Controller\CommonController.class.php 第 11 行.

[ 2018-04-07T10:04:23+08:00 ] 127.0.0.1 /Admin/Sale/addItemCache.html
INFO: [ app_init ] --START--
INFO: Run Behavior\BuildLiteBehavior [ RunTime:0.000017s ]
INFO: [ app_init ] --END-- [ RunTime:0.000978s ]
INFO: [ app_begin ] --START--
INFO: Run Behavior\ReadHtmlCacheBehavior [ RunTime:0.000755s ]
INFO: [ app_begin ] --END-- [ RunTime:0.000818s ]
NOTIC: [2048] Declaration of Admin\Controller\CommonController::_arraySort() should be compatible with Common\Controller\CommonBaseController::_arraySort($arr, $keys, $type = 'asc') D:\www\online_team\www.taodianke.com\Application\Admin\Controller\CommonController.class.php 第 11 行.

[ 2018-04-07T10:06:21+08:00 ] 127.0.0.1 /Admin/Sale/addItemCache.html
INFO: [ app_init ] --START--
INFO: Run Behavior\BuildLiteBehavior [ RunTime:0.000013s ]
INFO: [ app_init ] --END-- [ RunTime:0.000719s ]
INFO: [ app_begin ] --START--
INFO: Run Behavior\ReadHtmlCacheBehavior [ RunTime:0.001245s ]
INFO: [ app_begin ] --END-- [ RunTime:0.001362s ]
NOTIC: [2048] Declaration of Admin\Controller\CommonController::_arraySort() should be compatible with Common\Controller\CommonBaseController::_arraySort($arr, $keys, $type = 'asc') D:\www\online_team\www.taodianke.com\Application\Admin\Controller\CommonController.class.php 第 11 行.

[ 2018-04-07T13:51:31+08:00 ] 127.0.0.1 /Admin
INFO: [ app_init ] --START--
INFO: Run Behavior\BuildLiteBehavior [ RunTime:0.000021s ]
INFO: [ app_init ] --END-- [ RunTime:0.001061s ]
INFO: [ app_begin ] --START--
INFO: Run Behavior\ReadHtmlCacheBehavior [ RunTime:0.000720s ]
INFO: [ app_begin ] --END-- [ RunTime:0.000818s ]
NOTIC: [2048] Declaration of Admin\Controller\CommonController::_arraySort() should be compatible with Common\Controller\CommonBaseController::_arraySort($arr, $keys, $type = 'asc') D:\www\online_team\www.taodianke.com\Application\Admin\Controller\CommonController.class.php 第 11 行.

[ 2018-04-07T13:51:31+08:00 ] 127.0.0.1 /Admin/Public/index.html
INFO: [ app_init ] --START--
INFO: Run Behavior\BuildLiteBehavior [ RunTime:0.000021s ]
INFO: [ app_init ] --END-- [ RunTime:0.000606s ]
INFO: [ app_begin ] --START--
INFO: Run Behavior\ReadHtmlCacheBehavior [ RunTime:0.000961s ]
INFO: [ app_begin ] --END-- [ RunTime:0.001037s ]
NOTIC: [2048] Declaration of Admin\Controller\CommonController::_arraySort() should be compatible with Common\Controller\CommonBaseController::_arraySort($arr, $keys, $type = 'asc') D:\www\online_team\www.taodianke.com\Application\Admin\Controller\CommonController.class.php 第 11 行.
NOTIC: [2048] Declaration of Admin\Controller\PublicController::logout() should be compatible with Admin\Controller\CommonController::logOut($result) D:\www\online_team\www.taodianke.com\Application\Admin\Controller\PublicController.class.php 第 8 行.
NOTIC: [8] Undefined index:  D:\www\online_team\www.taodianke.com\Application\Admin\Controller\CommonController.class.php 第 38 行.

[ 2018-04-07T13:51:31+08:00 ] 127.0.0.1 /Admin/Public/login.html
INFO: [ app_init ] --START--
INFO: Run Behavior\BuildLiteBehavior [ RunTime:0.000024s ]
INFO: [ app_init ] --END-- [ RunTime:0.000847s ]
INFO: [ app_begin ] --START--
INFO: Run Behavior\ReadHtmlCacheBehavior [ RunTime:0.001053s ]
INFO: [ app_begin ] --END-- [ RunTime:0.001146s ]
NOTIC: [2048] Declaration of Admin\Controller\CommonController::_arraySort() should be compatible with Common\Controller\CommonBaseController::_arraySort($arr, $keys, $type = 'asc') D:\www\online_team\www.taodianke.com\Application\Admin\Controller\CommonController.class.php 第 11 行.
NOTIC: [2048] Declaration of Admin\Controller\PublicController::logout() should be compatible with Admin\Controller\CommonController::logOut($result) D:\www\online_team\www.taodianke.com\Application\Admin\Controller\PublicController.class.php 第 8 行.
NOTIC: [8] Undefined index:  D:\www\online_team\www.taodianke.com\Application\Admin\Controller\CommonController.class.php 第 38 行.
INFO: [ view_parse ] --START--
INFO: [ template_filter ] --START--
INFO: Run Behavior\ContentReplaceBehavior [ RunTime:0.000144s ]
INFO: [ template_filter ] --END-- [ RunTime:0.000224s ]
NOTIC: [8] Undefined variable: error D:\www\online_team\www.taodianke.com\Application\Runtime\Cache\Admin\f49cdd4d12a292a7a26acfc7109ea2ab.php 第 44 行.
NOTIC: [8] Undefined variable: success D:\www\online_team\www.taodianke.com\Application\Runtime\Cache\Admin\f49cdd4d12a292a7a26acfc7109ea2ab.php 第 48 行.
INFO: Run Behavior\ParseTemplateBehavior [ RunTime:0.014057s ]
INFO: [ view_parse ] --END-- [ RunTime:0.014127s ]
INFO: [ view_filter ] --START--
INFO: Run Behavior\WriteHtmlCacheBehavior [ RunTime:0.000829s ]
INFO: [ view_filter ] --END-- [ RunTime:0.000885s ]
INFO: [ app_end ] --START--
INFO: Run Behavior\ShowPageTraceBehavior [ RunTime:0.001051s ]
INFO: [ app_end ] --END-- [ RunTime:0.001114s ]

